Log file open, 10/05/16 20:16:36
LogInit:Display: Running engine for game: Attic1
LogPlatformFile: Not using cached read wrapper
LogInit:Display: RandInit(1541461609) SRandInit(1541461609).
LogTaskGraph: Started task graph with 5 named threads and 8 total threads with 1 sets of task threads.
LogStats: Stats thread started at 0.095236
LogPluginManager: Loaded Plugin Paper2D, From C:/Program Files (x86)/Epic Games/4.13/Engine/Plugins/2D/Paper2D/Paper2D.uplugin
LogPluginManager: Loaded Plugin LightPropagationVolume, From C:/Program Files (x86)/Epic Games/4.13/Engine/Plugins/Blendables/LightPropagationVolume/LightPropagationVolume.uplugin
LogPluginManager: Loaded Plugin BlankPlugin, From C:/Program Files (x86)/Epic Games/4.13/Engine/Plugins/Developer/BlankPlugin/BlankPlugin.uplugin
LogPluginManager: Loaded Plugin CodeLiteSourceCodeAccess, From C:/Program Files (x86)/Epic Games/4.13/Engine/Plugins/Developer/CodeLiteSourceCodeAccess/CodeLiteSourceCodeAccess.uplugin
LogPluginManager: Loaded Plugin GitSourceControl, From C:/Program Files (x86)/Epic Games/4.13/Engine/Plugins/Developer/GitSourceControl/GitSourceControl.uplugin
LogPluginManager: Loaded Plugin KDevelopSourceCodeAccess, From C:/Program Files (x86)/Epic Games/4.13/Engine/Plugins/Developer/KDevelopSourceCodeAccess/KDevelopSourceCodeAccess.uplugin
LogPluginManager: Loaded Plugin NullSourceCodeAccess, From C:/Program Files (x86)/Epic Games/4.13/Engine/Plugins/Developer/NullSourceCodeAccess/NullSourceCodeAccess.uplugin
LogPluginManager: Loaded Plugin OneSkyLocalizationService, From C:/Program Files (x86)/Epic Games/4.13/Engine/Plugins/Developer/OneSkyLocalizationService/OneSkyLocalizationService.uplugin
LogPluginManager: Loaded Plugin PerforceSourceControl, From C:/Program Files (x86)/Epic Games/4.13/Engine/Plugins/Developer/PerforceSourceControl/PerforceSourceControl.uplugin
LogPluginManager: Loaded Plugin SubversionSourceControl, From C:/Program Files (x86)/Epic Games/4.13/Engine/Plugins/Developer/SubversionSourceControl/SubversionSourceControl.uplugin
LogPluginManager: Loaded Plugin UObjectPlugin, From C:/Program Files (x86)/Epic Games/4.13/Engine/Plugins/Developer/UObjectPlugin/UObjectPlugin.uplugin
LogPluginManager: Loaded Plugin VisualStudioSourceCodeAccess, From C:/Program Files (x86)/Epic Games/4.13/Engine/Plugins/Developer/VisualStudioSourceCodeAccess/VisualStudioSourceCodeAccess.uplugin
LogPluginManager: Loaded Plugin XCodeSourceCodeAccess, From C:/Program Files (x86)/Epic Games/4.13/Engine/Plugins/Developer/XCodeSourceCodeAccess/XCodeSourceCodeAccess.uplugin
LogPluginManager: Loaded Plugin EpicSurvey, From C:/Program Files (x86)/Epic Games/4.13/Engine/Plugins/Editor/EpicSurvey/EpicSurvey.uplugin
LogPluginManager: Loaded Plugin MacGraphicsSwitching, From C:/Program Files (x86)/Epic Games/4.13/Engine/Plugins/Editor/MacGraphicsSwitching/MacGraphicsSwitching.uplugin
LogPluginManager: Loaded Plugin MobileLauncherProfileWizard, From C:/Program Files (x86)/Epic Games/4.13/Engine/Plugins/Editor/MobileLauncherProfileWizard/MobileLauncherProfileWizard.uplugin
LogPluginManager: Loaded Plugin PluginBrowser, From C:/Program Files (x86)/Epic Games/4.13/Engine/Plugins/Editor/PluginBrowser/PluginBrowser.uplugin
LogPluginManager: Loaded Plugin SpeedTreeImporter, From C:/Program Files (x86)/Epic Games/4.13/Engine/Plugins/Editor/SpeedTreeImporter/SpeedTreeImporter.uplugin
LogPluginManager: Loaded Plugin SuperSearchEditor, From C:/Program Files (x86)/Epic Games/4.13/Engine/Plugins/Editor/SuperSearchEditor/SuperSearchEditor.uplugin
LogPluginManager: Loaded Plugin AlembicImporter, From C:/Program Files (x86)/Epic Games/4.13/Engine/Plugins/Experimental/AlembicImporter/AlembicImporter.uplugin
LogPluginManager: Loaded Plugin BlueprintStats, From C:/Program Files (x86)/Epic Games/4.13/Engine/Plugins/Experimental/BlueprintStats/BlueprintStats.uplugin
LogPluginManager: Loaded Plugin CharacterAI, From C:/Program Files (x86)/Epic Games/4.13/Engine/Plugins/Experimental/CharacterAI/CharacterAI.uplugin
LogPluginManager: Loaded Plugin CodeEditor, From C:/Program Files (x86)/Epic Games/4.13/Engine/Plugins/Experimental/CodeEditor/CodeEditor.uplugin
LogPluginManager: Loaded Plugin CodeView, From C:/Program Files (x86)/Epic Games/4.13/Engine/Plugins/Experimental/CodeView/CodeView.uplugin
LogPluginManager: Loaded Plugin HTML5Networking, From C:/Program Files (x86)/Epic Games/4.13/Engine/Plugins/Experimental/HTML5Networking/HTML5Networking.uplugin
LogPluginManager: Loaded Plugin LiveEditor, From C:/Program Files (x86)/Epic Games/4.13/Engine/Plugins/Experimental/LiveEditor/LiveEditor.uplugin
LogPluginManager: Loaded Plugin OSVR, From C:/Program Files (x86)/Epic Games/4.13/Engine/Plugins/Experimental/OSVR/OSVR.uplugin
LogPluginManager: Loaded Plugin Phya, From C:/Program Files (x86)/Epic Games/4.13/Engine/Plugins/Experimental/Phya/Phya.uplugin
LogPluginManager: Loaded Plugin SignificanceManager, From C:/Program Files (x86)/Epic Games/4.13/Engine/Plugins/Experimental/SignificanceManager/SignificanceManager.uplugin
LogPluginManager: Loaded Plugin SimpleHMD, From C:/Program Files (x86)/Epic Games/4.13/Engine/Plugins/Experimental/SimpleHMD/SimpleHMD.uplugin
LogPluginManager: Loaded Plugin StereoPanorama, From C:/Program Files (x86)/Epic Games/4.13/Engine/Plugins/Experimental/StereoPanorama/StereoPanorama.uplugin
LogPluginManager: Loaded Plugin StructBox, From C:/Program Files (x86)/Epic Games/4.13/Engine/Plugins/Experimental/StructBox/StructBox.uplugin
LogPluginManager: Loaded Plugin Substance, From C:/Program Files (x86)/Epic Games/4.13/Engine/Plugins/Marketplace/Substance/Substance.uplugin
LogPluginManager: Loaded Plugin AndroidMedia, From C:/Program Files (x86)/Epic Games/4.13/Engine/Plugins/Media/AndroidMedia/AndroidMedia.uplugin
LogPluginManager: Loaded Plugin AvfMedia, From C:/Program Files (x86)/Epic Games/4.13/Engine/Plugins/Media/AvfMedia/AvfMedia.uplugin
LogPluginManager: Loaded Plugin MediaPlayerEditor, From C:/Program Files (x86)/Epic Games/4.13/Engine/Plugins/Media/MediaPlayerEditor/MediaPlayerEditor.uplugin
LogPluginManager: Loaded Plugin WmfMedia, From C:/Program Files (x86)/Epic Games/4.13/Engine/Plugins/Media/WmfMedia/WmfMedia.uplugin
LogPluginManager: Loaded Plugin MessagingDebugger, From C:/Program Files (x86)/Epic Games/4.13/Engine/Plugins/Messaging/MessagingDebugger/MessagingDebugger.uplugin
LogPluginManager: Loaded Plugin TcpMessaging, From C:/Program Files (x86)/Epic Games/4.13/Engine/Plugins/Messaging/TcpMessaging/TcpMessaging.uplugin
LogPluginManager: Loaded Plugin UdpMessaging, From C:/Program Files (x86)/Epic Games/4.13/Engine/Plugins/Messaging/UdpMessaging/UdpMessaging.uplugin
LogPluginManager: Loaded Plugin LevelSequenceEditor, From C:/Program Files (x86)/Epic Games/4.13/Engine/Plugins/MovieScene/LevelSequenceEditor/LevelSequenceEditor.uplugin
LogPluginManager: Loaded Plugin MatineeToLevelSequence, From C:/Program Files (x86)/Epic Games/4.13/Engine/Plugins/MovieScene/MatineeToLevelSequence/MatineeToLevelSequence.uplugin
LogPluginManager: Loaded Plugin NetcodeUnitTest, From C:/Program Files (x86)/Epic Games/4.13/Engine/Plugins/NetcodeUnitTest/NetcodeUnitTest/NetcodeUnitTest.uplugin
LogPluginManager: Loaded Plugin NUTUnrealEngine4, From C:/Program Files (x86)/Epic Games/4.13/Engine/Plugins/NetcodeUnitTest/NUTUnrealEngine4/NUTUnrealEngine4.uplugin
LogPluginManager: Loaded Plugin OnlineSubsystemGooglePlay, From C:/Program Files (x86)/Epic Games/4.13/Engine/Plugins/Online/Android/OnlineSubsystemGooglePlay/OnlineSubsystemGooglePlay.uplugin
LogPluginManager: Loaded Plugin OnlineSubsystemIOS, From C:/Program Files (x86)/Epic Games/4.13/Engine/Plugins/Online/IOS/OnlineSubsystemIOS/OnlineSubsystemIOS.uplugin
LogPluginManager: Loaded Plugin OnlineFramework, From C:/Program Files (x86)/Epic Games/4.13/Engine/Plugins/Online/OnlineFramework/OnlineFramework.uplugin
LogPluginManager: Loaded Plugin OnlineSubsystem, From C:/Program Files (x86)/Epic Games/4.13/Engine/Plugins/Online/OnlineSubsystem/OnlineSubsystem.uplugin
LogPluginManager: Loaded Plugin OnlineSubsystemAmazon, From C:/Program Files (x86)/Epic Games/4.13/Engine/Plugins/Online/OnlineSubsystemAmazon/OnlineSubsystemAmazon.uplugin
LogPluginManager: Loaded Plugin OnlineSubsystemFacebook, From C:/Program Files (x86)/Epic Games/4.13/Engine/Plugins/Online/OnlineSubsystemFacebook/OnlineSubsystemFacebook.uplugin
LogPluginManager: Loaded Plugin OnlineSubsystemNull, From C:/Program Files (x86)/Epic Games/4.13/Engine/Plugins/Online/OnlineSubsystemNull/OnlineSubsystemNull.uplugin
LogPluginManager: Loaded Plugin OnlineSubsystemOculus, From C:/Program Files (x86)/Epic Games/4.13/Engine/Plugins/Online/OnlineSubsystemOculus/OnlineSubsystemOculus.uplugin
LogPluginManager: Loaded Plugin OnlineSubsystemSteam, From C:/Program Files (x86)/Epic Games/4.13/Engine/Plugins/Online/OnlineSubsystemSteam/OnlineSubsystemSteam.uplugin
LogPluginManager: Loaded Plugin OnlineSubsystemUtils, From C:/Program Files (x86)/Epic Games/4.13/Engine/Plugins/Online/OnlineSubsystemUtils/OnlineSubsystemUtils.uplugin
LogPluginManager: Loaded Plugin IOSTapJoy, From C:/Program Files (x86)/Epic Games/4.13/Engine/Plugins/Runtime/Advertising/IOSTapJoy/IOSTapJoy.uplugin
LogPluginManager: Loaded Plugin AnalyticsBlueprintLibrary, From C:/Program Files (x86)/Epic Games/4.13/Engine/Plugins/Runtime/Analytics/AnalyticsBlueprintLibrary/AnalyticsBlueprintLibrary.uplugin
LogPluginManager: Loaded Plugin AnalyticsMulticast, From C:/Program Files (x86)/Epic Games/4.13/Engine/Plugins/Runtime/Analytics/AnalyticsMulticast/AnalyticsMulticast.uplugin
LogPluginManager: Loaded Plugin Apsalar, From C:/Program Files (x86)/Epic Games/4.13/Engine/Plugins/Runtime/Analytics/Apsalar/Apsalar.uplugin
LogPluginManager: Loaded Plugin FileLogging, From C:/Program Files (x86)/Epic Games/4.13/Engine/Plugins/Runtime/Analytics/FileLogging/FileLogging.uplugin
LogPluginManager: Loaded Plugin Flurry, From C:/Program Files (x86)/Epic Games/4.13/Engine/Plugins/Runtime/Analytics/Flurry/Flurry.uplugin
LogPluginManager: Loaded Plugin AndroidDeviceProfileSelector, From C:/Program Files (x86)/Epic Games/4.13/Engine/Plugins/Runtime/AndroidDeviceProfileSelector/AndroidDeviceProfileSelector.uplugin
LogPluginManager: Loaded Plugin AndroidMoviePlayer, From C:/Program Files (x86)/Epic Games/4.13/Engine/Plugins/Runtime/AndroidMoviePlayer/AndroidMoviePlayer.uplugin
LogPluginManager: Loaded Plugin AppleMoviePlayer, From C:/Program Files (x86)/Epic Games/4.13/Engine/Plugins/Runtime/AppleMoviePlayer/AppleMoviePlayer.uplugin
LogPluginManager: Loaded Plugin ArchVisCharacter, From C:/Program Files (x86)/Epic Games/4.13/Engine/Plugins/Runtime/ArchVisCharacter/ArchVisCharacter.uplugin
LogPluginManager: Loaded Plugin CableComponent, From C:/Program Files (x86)/Epic Games/4.13/Engine/Plugins/Runtime/CableComponent/CableComponent.uplugin
LogPluginManager: Loaded Plugin CustomMeshComponent, From C:/Program Files (x86)/Epic Games/4.13/Engine/Plugins/Runtime/CustomMeshComponent/CustomMeshComponent.uplugin
LogPluginManager: Loaded Plugin ExampleDeviceProfileSelector, From C:/Program Files (x86)/Epic Games/4.13/Engine/Plugins/Runtime/ExampleDeviceProfileSelector/ExampleDeviceProfileSelector.uplugin
LogPluginManager: Loaded Plugin GearVR, From C:/Program Files (x86)/Epic Games/4.13/Engine/Plugins/Runtime/GearVR/GearVR.uplugin
LogPluginManager: Loaded Plugin GoogleVRController, From C:/Program Files (x86)/Epic Games/4.13/Engine/Plugins/Runtime/GoogleVR/GoogleVRController/GoogleVRController.uplugin
LogPluginManager: Loaded Plugin GoogleVRHMD, From C:/Program Files (x86)/Epic Games/4.13/Engine/Plugins/Runtime/GoogleVR/GoogleVRHMD/GoogleVRHMD.uplugin
LogPluginManager: Loaded Plugin IOSDeviceProfileSelector, From C:/Program Files (x86)/Epic Games/4.13/Engine/Plugins/Runtime/IOSDeviceProfileSelector/IOSDeviceProfileSelector.uplugin
LogPluginManager: Loaded Plugin LeapMotion, From C:/Program Files (x86)/Epic Games/4.13/Engine/Plugins/Runtime/LeapMotion/LeapMotion.uplugin
LogPluginManager: Loaded Plugin LinuxDeviceProfileSelector, From C:/Program Files (x86)/Epic Games/4.13/Engine/Plugins/Runtime/LinuxDeviceProfileSelector/LinuxDeviceProfileSelector.uplugin
LogPluginManager: Loaded Plugin LiveEditorListenServer, From C:/Program Files (x86)/Epic Games/4.13/Engine/Plugins/Runtime/LiveEditorListenServer/LiveEditorListenServer.uplugin
LogPluginManager: Loaded Plugin OculusAudio, From C:/Program Files (x86)/Epic Games/4.13/Engine/Plugins/Runtime/OculusAudio/OculusAudio.uplugin
LogPluginManager: Loaded Plugin OculusInput, From C:/Program Files (x86)/Epic Games/4.13/Engine/Plugins/Runtime/OculusInput/OculusInput.uplugin
LogPluginManager: Loaded Plugin OculusLibrary, From C:/Program Files (x86)/Epic Games/4.13/Engine/Plugins/Runtime/OculusLibrary/OculusLibrary.uplugin
LogPluginManager: Loaded Plugin OculusRift, From C:/Program Files (x86)/Epic Games/4.13/Engine/Plugins/Runtime/OculusRift/OculusRift.uplugin
LogPluginManager: Loaded Plugin Oodle, From C:/Program Files (x86)/Epic Games/4.13/Engine/Plugins/Runtime/PacketHandlers/CompressionComponents/Oodle/Oodle.uplugin
LogPluginManager: Loaded Plugin ProceduralMeshComponent, From C:/Program Files (x86)/Epic Games/4.13/Engine/Plugins/Runtime/ProceduralMeshComponent/ProceduralMeshComponent.uplugin
LogPluginManager: Loaded Plugin SoundMod, From C:/Program Files (x86)/Epic Games/4.13/Engine/Plugins/Runtime/SoundMod/SoundMod.uplugin
LogPluginManager: Loaded Plugin SoundVisualizations, From C:/Program Files (x86)/Epic Games/4.13/Engine/Plugins/Runtime/SoundVisualizations/SoundVisualizations.uplugin
LogPluginManager: Loaded Plugin SteamController, From C:/Program Files (x86)/Epic Games/4.13/Engine/Plugins/Runtime/Steam/SteamController/SteamController.uplugin
LogPluginManager: Loaded Plugin SteamVR, From C:/Program Files (x86)/Epic Games/4.13/Engine/Plugins/Runtime/Steam/SteamVR/SteamVR.uplugin
LogPluginManager: Loaded Plugin WebBrowserWidget, From C:/Program Files (x86)/Epic Games/4.13/Engine/Plugins/Runtime/WebBrowserWidget/WebBrowserWidget.uplugin
LogPluginManager: Loaded Plugin WindowsDeviceProfileSelector, From C:/Program Files (x86)/Epic Games/4.13/Engine/Plugins/Runtime/WindowsDeviceProfileSelector/WindowsDeviceProfileSelector.uplugin
LogPluginManager: Loaded Plugin WindowsMoviePlayer, From C:/Program Files (x86)/Epic Games/4.13/Engine/Plugins/Runtime/WindowsMoviePlayer/WindowsMoviePlayer.uplugin
LogPluginManager: Loaded Plugin ScriptPlugin, From C:/Program Files (x86)/Epic Games/4.13/Engine/Plugins/ScriptPlugin/ScriptPlugin.uplugin
LogPluginManager: Loaded Plugin SlateRemote, From C:/Program Files (x86)/Epic Games/4.13/Engine/Plugins/Slate/SlateRemote/SlateRemote.uplugin
LogInit: Using libcurl 7.47.1
LogInit:  - built for x86_64-pc-win32
LogInit:  - supports SSL with WinSSL
LogInit:  - other features:
LogInit:      CURL_VERSION_SSL
LogInit:      CURL_VERSION_IPV6
LogInit:      CURL_VERSION_ASYNCHDNS
LogInit:      CURL_VERSION_LARGEFILE
LogInit:      CURL_VERSION_IDN
LogInit:  CurlRequestOptions (configurable via config and command line):
LogInit:  - bVerifyPeer = false  - Libcurl will NOT verify peer certificate
LogInit:  - bUseHttpProxy = false  - Libcurl will NOT use HTTP proxy
LogInit:  - bDontReuseConnections = false  - Libcurl will reuse connections
LogInit:  - CertBundlePath = nullptr  - Libcurl will use whatever was configured at build time.
LogInit: Build: ++UE4+Release-4.13-CL-3142249
LogInit: Engine Version: 4.13.1-3142249+++UE4+Release-4.13
LogInit: Compatible Engine Version: 4.13.0-3106830+++UE4+Release-4.13
LogInit: Net CL: 3142249
LogDevObjectVersion: Number of dev versions registered: 13
LogDevObjectVersion:   Dev-Blueprints (B0D832E4-1F89-4F0D-ACCF-7EB736FD4AA2): 5
LogDevObjectVersion:   Dev-Build (E1C64328-A22C-4D53-A36C-8E866417BD8C): 0
LogDevObjectVersion:   Dev-Core (375EC13C-06E4-48FB-B500-84F0262A717E): 1
LogDevObjectVersion:   Dev-Editor (E4B068ED-F494-42E9-A231-DA0B2E46BB41): 6
LogDevObjectVersion:   Dev-Framework (CFFC743F-43B0-4480-9391-14DF171D2073): 12
LogDevObjectVersion:   Dev-Mobile (B02B49B5-BB20-44E9-A304-32B752E40360): 0
LogDevObjectVersion:   Dev-Networking (A4E4105C-59A1-49B5-A7C5-40C4547EDFEE): 0
LogDevObjectVersion:   Dev-Online (39C831C9-5AE6-47DC-9A44-9C173E1C8E7C): 0
LogDevObjectVersion:   Dev-Physics (78F01B33-EBEA-4F98-B9B4-84EACCB95AA2): 0
LogDevObjectVersion:   Dev-Platform (6631380F-2D4D-43E0-8009-CF276956A95A): 0
LogDevObjectVersion:   Dev-Rendering (12F88B9F-8875-4AFC-A67C-D90C383ABD29): 4
LogDevObjectVersion:   Dev-Sequencer (7B5AE74C-D270-4C10-A958-57980B212A5A): 0
LogDevObjectVersion:   Dev-VR (D7296918-1DD6-4BDD-9DE2-64A83CC13884): 0
LogInit: Compiled (64-bit): Sep 28 2016 02:12:12
LogInit: Compiled with Visual C++: 19.00.23026.00
LogInit: Build Configuration: Development
LogInit: Branch Name: ++UE4+Release-4.13
LogInit: Command line:  
LogInit: Base directory: C:/Program Files (x86)/Epic Games/4.13/Engine/Binaries/Win64/
LogInit: Installed Engine Build: 1
LogInit: Presizing for max 8388607 objects, including 0 objects not considered by GC, pre-allocating 0 bytes for permanent pool.
LogInit: Object subsystem initialized
[2016.10.06-02.16.36:824][  0]LogInit: Selected Device Profile: [Windows]
[2016.10.06-02.16.36:824][  0]LogInit: Applying CVar settings loaded from the selected device profile: [Windows]
[2016.10.06-02.16.36:834][  0]LogInit: Computer: DESKTOP-V42PEI8
[2016.10.06-02.16.36:834][  0]LogInit: User: Kamar
[2016.10.06-02.16.36:834][  0]LogInit: CPU Page size=65536, Cores=4
[2016.10.06-02.16.36:834][  0]LogInit: High frequency timer resolution =3.320337 MHz
[2016.10.06-02.16.36:835][  0]LogMemory: Memory total: Physical=7.9GB (8GB approx)
[2016.10.06-02.16.36:835][  0]LogMemory: Platform Memory Stats for Windows
[2016.10.06-02.16.36:835][  0]LogMemory: Process Physical Memory: 255.91 MB used, 255.91 MB peak
[2016.10.06-02.16.36:835][  0]LogMemory: Process Virtual Memory: 259.94 MB used, 259.94 MB peak
[2016.10.06-02.16.36:835][  0]LogMemory: Physical Memory: 2667.63 MB used, 8075.11 MB total
[2016.10.06-02.16.36:835][  0]LogMemory: Virtual Memory: 608.16 MB used, 134217728.00 MB total
[2016.10.06-02.16.36:858][  0]LogTextLocalizationManager: No specific translations for ('en-US') exist, so ('en') translations will be used.
[2016.10.06-02.16.37:372][  0]LogD3D11RHI: D3D11 adapters:
[2016.10.06-02.16.37:384][  0]LogD3D11RHI:    0. 'AMD Radeon HD 7900 Series' (Feature Level 11_0)
[2016.10.06-02.16.37:384][  0]LogD3D11RHI:       3053/0/4037 MB DedicatedVideo/DedicatedSystem/SharedSystem, Outputs:1, VendorId:0x1002
[2016.10.06-02.16.37:387][  0]LogD3D11RHI:    1. 'Intel(R) HD Graphics 4000' (Feature Level 11_0)
[2016.10.06-02.16.37:387][  0]LogD3D11RHI:       32/0/1760 MB DedicatedVideo/DedicatedSystem/SharedSystem, Outputs:0, VendorId:0x8086
[2016.10.06-02.16.37:388][  0]LogD3D11RHI:    2. 'Microsoft Basic Render Driver' (Feature Level 11_0)
[2016.10.06-02.16.37:388][  0]LogD3D11RHI:       0/0/4037 MB DedicatedVideo/DedicatedSystem/SharedSystem, Outputs:0, VendorId:0x1414
[2016.10.06-02.16.37:388][  0]LogD3D11RHI: Chosen D3D11 Adapter: 0
[2016.10.06-02.16.37:392][  0]LogD3D11RHI: Creating new Direct3DDevice
[2016.10.06-02.16.37:392][  0]LogD3D11RHI:     GPU DeviceId: 0x679a (for the marketing name, search the web for "GPU Device Id")
[2016.10.06-02.16.37:392][  0]LogWindows: EnumDisplayDevices:
[2016.10.06-02.16.37:392][  0]LogWindows:    0. 'AMD Radeon HD 7900 Series' (P:1 D:1)
[2016.10.06-02.16.37:393][  0]LogWindows:    1. 'AMD Radeon HD 7900 Series' (P:0 D:0)
[2016.10.06-02.16.37:393][  0]LogWindows:    2. 'AMD Radeon HD 7900 Series' (P:0 D:0)
[2016.10.06-02.16.37:393][  0]LogWindows:    3. 'AMD Radeon HD 7900 Series' (P:0 D:0)
[2016.10.06-02.16.37:394][  0]LogWindows:    4. 'AMD Radeon HD 7900 Series' (P:0 D:0)
[2016.10.06-02.16.37:394][  0]LogWindows:    5. 'AMD Radeon HD 7900 Series' (P:0 D:0)
[2016.10.06-02.16.37:394][  0]LogWindows:    6. 'Intel(R) HD Graphics 4000' (P:0 D:0)
[2016.10.06-02.16.37:394][  0]LogWindows:    7. 'Intel(R) HD Graphics 4000' (P:0 D:0)
[2016.10.06-02.16.37:395][  0]LogWindows:    8. 'Intel(R) HD Graphics 4000' (P:0 D:0)
[2016.10.06-02.16.37:395][  0]LogWindows: DebugString: PrimaryIsNotTheChoosenAdapter PrimaryIsNotTheChoosenAdapter PrimaryIsNotTheChoosenAdapter FoundDriverCount:6 
[2016.10.06-02.16.37:395][  0]LogD3D11RHI:     Adapter Name: AMD Radeon HD 7900 Series
[2016.10.06-02.16.37:395][  0]LogD3D11RHI:   Driver Version: Crimson 16.7.3 (internal:16.300.2311.0, unified:16.300.2311.0)
[2016.10.06-02.16.37:395][  0]LogD3D11RHI:      Driver Date: 7-18-2016
[2016.10.06-02.16.37:395][  0]LogRHI: Texture pool is 1361 MB (70% of 1945 MB)
[2016.10.06-02.16.37:402][  0]LogD3D11RHI: Async texture creation enabled
[2016.10.06-02.16.37:416][  0]LogD3D11RHI: GPU Timing Frequency: 27.000000 (Debug: 2 1)
[2016.10.06-02.16.37:417][  0]LogShaderCompilers: Guid format shader working directory is -11 characters bigger than the processId version (../../../../../../Users/Kamar/Documents/Spooksters/Attic1/Intermediate/Shaders/WorkingDirectory/8552/).
[2016.10.06-02.16.37:417][  0]LogShaderCompilers: Cleaned the shader compiler working directory 'C:/Users/Kamar/AppData/Local/Temp/UnrealShaderWorkingDir/0D677C004D84112A48EF9E8D2C18B881/'.
[2016.10.06-02.16.37:417][  0]LogShaderCompilers:Display: Using Local Shader Compiler.
[2016.10.06-02.16.38:335][  0]LogTemp:Display: Loaded TP AllDesktopTargetPlatform
[2016.10.06-02.16.38:343][  0]LogTemp:Display: Loaded TP WindowsClientTargetPlatform
[2016.10.06-02.16.38:351][  0]LogTemp:Display: Loaded TP WindowsNoEditorTargetPlatform
[2016.10.06-02.16.38:359][  0]LogTemp:Display: Loaded TP WindowsServerTargetPlatform
[2016.10.06-02.16.38:366][  0]LogTemp:Display: Loaded TP WindowsTargetPlatform
[2016.10.06-02.16.38:373][  0]LogTemp:Display: Loaded TP AndroidTargetPlatform
[2016.10.06-02.16.38:379][  0]LogTemp:Display: Loaded TP Android_ASTCTargetPlatform
[2016.10.06-02.16.38:386][  0]LogTemp:Display: Loaded TP Android_ATCTargetPlatform
[2016.10.06-02.16.38:392][  0]LogTemp:Display: Loaded TP Android_DXTTargetPlatform
[2016.10.06-02.16.38:398][  0]LogTemp:Display: Loaded TP Android_ETC1TargetPlatform
[2016.10.06-02.16.38:405][  0]LogTemp:Display: Loaded TP Android_ETC2TargetPlatform
[2016.10.06-02.16.38:417][  0]LogTemp:Display: Loaded TP Android_MultiTargetPlatform
[2016.10.06-02.16.38:417][  0]LogTemp:Display: Loaded TP Android_PVRTCTargetPlatform
[2016.10.06-02.16.38:418][  0]LogTemp:Display: Loaded TP HTML5TargetPlatform
[2016.10.06-02.16.38:437][  0]LogTemp:Display: Loaded TP IOSTargetPlatform
[2016.10.06-02.16.38:443][  0]LogTemp:Display: Loaded TP TVOSTargetPlatform
[2016.10.06-02.16.38:450][  0]LogTemp:Display: Loaded TP LinuxClientTargetPlatform
[2016.10.06-02.16.38:456][  0]LogTemp:Display: Loaded TP LinuxNoEditorTargetPlatform
[2016.10.06-02.16.38:462][  0]LogTemp:Display: Loaded TP LinuxServerTargetPlatform
[2016.10.06-02.16.38:469][  0]LogTemp:Display: Loaded TP LinuxTargetPlatform
[2016.10.06-02.16.38:469][  0]LogTargetPlatformManager:Display: Building Assets For Windows
[2016.10.06-02.16.38:540][  0]LogDerivedDataCache:Display: Max Cache Size: 512 MB
[2016.10.06-02.16.38:594][  0]LogDerivedDataCache: Loaded boot cache 0.05s 63MB C:/Users/Kamar/AppData/Local/UnrealEngine/4.13/DerivedDataCache/Boot.ddc.
[2016.10.06-02.16.38:594][  0]LogDerivedDataCache:Display: Loaded Boot cache: C:/Users/Kamar/AppData/Local/UnrealEngine/4.13/DerivedDataCache/Boot.ddc
[2016.10.06-02.16.38:594][  0]LogDerivedDataCache: FDerivedDataBackendGraph:  Pak pak cache file ../../../../../../Users/Kamar/Documents/Spooksters/Attic1/DerivedDataCache/DDC.ddp not found, will not use a pak cache.
[2016.10.06-02.16.38:594][  0]LogDerivedDataCache: Unable to find inner node Pak for hierarchical cache Hierarchy.
[2016.10.06-02.16.38:594][  0]LogDerivedDataCache: FDerivedDataBackendGraph:  CompressedPak pak cache file ../../../../../../Users/Kamar/Documents/Spooksters/Attic1/DerivedDataCache/Compressed.ddp not found, will not use a pak cache.
[2016.10.06-02.16.38:594][  0]LogDerivedDataCache: Unable to find inner node CompressedPak for hierarchical cache Hierarchy.
[2016.10.06-02.16.38:610][  0]LogDerivedDataCache:Display: Pak cache opened for reading ../../../Engine/DerivedDataCache/Compressed.ddp.
[2016.10.06-02.16.38:622][  0]LogDerivedDataCache: Using Local data cache path C:/Users/Kamar/AppData/Local/UnrealEngine/Common/DerivedDataCache: Writable
[2016.10.06-02.16.38:830][  0]LogInit: Selected Device Profile: [Windows]
[2016.10.06-02.16.38:833][  0]LogContentStreaming: Texture pool size is 0.00 MB
[2016.10.06-02.16.38:922][  0]LogMeshUtilities: No automatic mesh reduction module available
[2016.10.06-02.16.38:922][  0]LogMeshUtilities: No automatic mesh merging module available
[2016.10.06-02.16.38:922][  0]LogMeshUtilities: No distributed automatic mesh merging module available
[2016.10.06-02.16.38:988][  0]LogMaterial: Uniform references updated for custom material expression Custom.
[2016.10.06-02.16.39:269][  0]LogNetVersion: GetLocalNetworkVersion: CL: 3106830, ProjectName: attic1, ProjectVersion: , EngineNetworkVersion: 1, GameNetworkVersion: 0, NetworkChecksum: 2143280593
[2016.10.06-02.16.39:305][  0]LogAssetRegistry: FAssetRegistry took 0.0217 seconds to start up
[2016.10.06-02.16.39:328][  0]LogPackageLocalizationCache: Processed 3 localized package path(s) for 2 prioritized culture(s) in 0.019931 seconds
[2016.10.06-02.16.39:333][  0]LogUObjectArray: 29778 objects as part of root set at end of initial load.
[2016.10.06-02.16.39:333][  0]LogUObjectAllocator: 6125456 out of 0 bytes used by permanent object pool.
[2016.10.06-02.16.39:333][  0]LogUObjectArray: CloseDisregardForGC: 0/0 objects in disregard for GC pool
[2016.10.06-02.16.39:339][  0]LogInit: WinSock: version 1.1 (2.2), MaxSocks=32767, MaxUdp=65467
[2016.10.06-02.16.39:538][  0]LogSlate: SlateFontCache - WITH_FREETYPE: 1, WITH_HARFBUZZ: 1
[2016.10.06-02.16.39:538][  0]LogSlate: SlateFontCache - WITH_FREETYPE: 1, WITH_HARFBUZZ: 1
[2016.10.06-02.16.40:128][  0]LogSubstanceCoreModule: Substance CPU Engine Loaded, Max Texture Size 2048
[2016.10.06-02.16.40:137][  0]LogTcpMessaging: Initializing TcpMessaging bridge
[2016.10.06-02.16.40:158][  0]LogUdpMessaging: Initializing bridge on interface 0.0.0.0:0 to multicast group 230.0.0.1:6666.
[2016.10.06-02.16.40:382][  0]SourceControl: Info Source control is disabled
[2016.10.06-02.16.40:448][  0]SourceControl: Info Source control is disabled
[2016.10.06-02.16.40:458][  0]SourceControl: Info Source control is disabled
[2016.10.06-02.16.40:467][  0]SourceControl: Info Source control is disabled
[2016.10.06-02.16.40:761][  0]LogEngine: Initializing Engine...
[2016.10.06-02.16.40:762][  0]LogHMD: Failed to initialize OpenVR with code 110
[2016.10.06-02.16.40:893][  0]LogAIModule: Creating AISystem for world Untitled
[2016.10.06-02.16.40:916][  0]LogInit: XAudio2 using 'Headphones (High Definition Audio Device)' : 2 channels at 44.1 kHz using 16 bits per sample (channel mask 0x3)
[2016.10.06-02.16.40:929][  0]LogInit: FAudioDevice initialized.
[2016.10.06-02.16.40:958][  0]LogDerivedDataCache: Saved boot cache 0.03s 62MB C:/Users/Kamar/AppData/Local/UnrealEngine/4.13/DerivedDataCache/Boot.ddc.
[2016.10.06-02.16.40:964][  0]LogInit: Texture streaming: Enabled
[2016.10.06-02.16.40:987][  0]LogWindowsTextInputMethodSystem:Display: IME system now deactivated.
[2016.10.06-02.16.41:022][  0]LogInit: Transaction tracking system initialized
[2016.10.06-02.16.41:049][  0]BlueprintLog: New page: Editor Load
[2016.10.06-02.16.41:117][  0]LocalizationService: Info Localization service is disabled
[2016.10.06-02.16.41:188][  0]LogConsoleResponse:Display: 
[2016.10.06-02.16.41:295][  0]LogCook:Display: Max memory allowance for cook 16384mb min free memory 0mb
[2016.10.06-02.16.41:295][  0]LogCook:Display: Mobile HDR setting 1
[2016.10.06-02.16.41:453][  0]LogFileCache: Scanning file cache for directory 'C:/Users/Kamar/Documents/Spooksters/Attic1/Content/' took 0.02s
[2016.10.06-02.16.41:454][  0]SourceControl: Info Source control is disabled
[2016.10.06-02.16.41:454][  0]Cmd: MAP LOAD FILE="../../../../../../Users/Kamar/Documents/Spooksters/Attic1/Content/StarterContent/Maps/Minimal_Default.umap" TEMPLATE=0 SHOWPROGRESS=1 FEATURELEVEL=3
[2016.10.06-02.16.41:454][  0]LightingResults: New page: Lighting Build
[2016.10.06-02.16.41:456][  0]MapCheck: New page: Map Check
[2016.10.06-02.16.41:456][  0]LightingResults: New page: Lighting Build
[2016.10.06-02.16.42:475][  0]LogAIModule: Creating AISystem for world Minimal_Default
[2016.10.06-02.16.42:490][  0]LogEditorServer: Finished looking for orphan Actors (0.000 secs)
[2016.10.06-02.16.42:490][  0]Cmd: MAP CHECKDEP NOCLEARLOG
[2016.10.06-02.16.42:571][  0]MapCheck: Info Map check complete: 0 Error(s), 0 Warning(s), took 81.008ms to complete.
[2016.10.06-02.16.42:571][  0]LogFileHelpers: Loading map 'Minimal_Default' took 1.118
[2016.10.06-02.16.42:697][  0]LogCollectionManager: Loaded 0 collections in 0.001833 seconds
[2016.10.06-02.16.42:736][  0]LogFileCache: Scanning file cache for directory 'C:/Users/Kamar/Documents/Spooksters/Attic1/Saved/Collections/' took 0.01s
[2016.10.06-02.16.42:736][  0]LogFileCache: Scanning file cache for directory 'C:/Users/Kamar/Documents/Spooksters/Attic1/Content/Developers/Kamar/Collections/' took 0.01s
[2016.10.06-02.16.42:736][  0]LogFileCache: Scanning file cache for directory 'C:/Users/Kamar/Documents/Spooksters/Attic1/Content/Collections/' took 0.01s
[2016.10.06-02.16.42:736][  0]LogCollectionManager: Rebuilt the GUID cache for 0 collections in 0.000003 seconds
[2016.10.06-02.16.42:745][  0]LogContentBrowser: Native class hierarchy populated in 0.0088 seconds. Added 2156 classes and 421 folders.
[2016.10.06-02.16.42:748][  0]LogStats: UGameplayTagsManager::ConstructGameplayTagTree: Construct from data asset -  0.000 s
[2016.10.06-02.16.42:748][  0]LogStats: UGameplayTagsManager::ConstructGameplayTagTree: GameplayTagTreeChangedEvent.Broadcast -  0.000 s
[2016.10.06-02.16.42:749][  0]LogContentBrowser: Native class hierarchy updated for 'GameplayTags' in 0.0005 seconds. Added 12 classes and 0 folders.
[2016.10.06-02.16.42:753][  0]LogContentBrowser: Native class hierarchy updated for 'WidgetCarousel' in 0.0004 seconds. Added 0 classes and 0 folders.
[2016.10.06-02.16.42:797][  0]LogContentBrowser: Native class hierarchy updated for 'AddContentDialog' in 0.0005 seconds. Added 0 classes and 0 folders.
[2016.10.06-02.16.42:801][  0]LogContentBrowser: Native class hierarchy updated for 'SceneOutliner' in 0.0005 seconds. Added 1 classes and 2 folders.
[2016.10.06-02.16.42:822][  0]LogCrashTracker: Crashtracker disabled due to settings.
[2016.10.06-02.16.42:827][  0]LogUObjectGlobals:Warning: Failed to find object 'Class None.'
[2016.10.06-02.16.42:853][  0]LogContentBrowser: Native class hierarchy updated for 'HierarchicalLODOutliner' in 0.0005 seconds. Added 1 classes and 2 folders.
[2016.10.06-02.16.42:853][  0]LogLoad: (Engine Initialization) Total time: 6.92 seconds
[2016.10.06-02.16.42:853][  0]LogLoad: (Engine Initialization) Total Blueprint compile time: 0.07 seconds
[2016.10.06-02.16.42:853][  0]LogExternalProfiler: Found external profiler: VSPerf
[2016.10.06-02.16.42:853][  0]LogExternalProfiler: Using external profiler: VSPerf
[2016.10.06-02.16.42:862][  0]LogOcInput: OculusInput pre-init called
[2016.10.06-02.16.42:893][  0]LogContentStreaming: Texture pool size now 1000 MB
[2016.10.06-02.16.43:054][  0]LogRenderer: Reallocating scene render targets to support 1208x600 (Frame:2).
[2016.10.06-02.16.43:457][  1]LogFileCache: Retrieving MD5 hashes for directory 'C:/Users/Kamar/Documents/Spooksters/Attic1/Content/' took 0.58s
[2016.10.06-02.16.43:473][  1]LogAssetRegistry: Asset discovery search completed in 4.1889 seconds
[2016.10.06-02.16.43:473][  1]LogCollectionManager: Rebuilt the object cache for 0 collections in 0.000001 seconds (found 0 objects)
[2016.10.06-02.16.43:473][  1]LogCollectionManager: Fixed up redirectors for 0 collections in 0.000027 seconds (updated 0 objects)
[2016.10.06-02.17.22:820][537]LogContentBrowser: Native class hierarchy updated for 'MovieSceneCapture' in 0.0005 seconds. Added 11 classes and 0 folders.
[2016.10.06-02.17.22:821][537]LogLinker: Can't find file '/Engine/Transient'
[2016.10.06-02.17.31:383][358]LogBlueprintUserMessages: Early PlayInEditor Detection: Level '/Game/StarterContent/Maps/Minimal_Default.Minimal_Default:PersistentLevel' has LevelScriptBlueprint '/Game/StarterContent/Maps/Minimal_Default.Minimal_Default:PersistentLevel.Minimal_Default' with GeneratedClass '/Game/StarterContent/Maps/Minimal_Default.Minimal_Default_C' with ClassGeneratedBy '/Game/StarterContent/Maps/Minimal_Default.Minimal_Default:PersistentLevel.Minimal_Default'
[2016.10.06-02.17.31:384][358]LogPlayLevel: PlayLevel: No blueprints needed recompiling
[2016.10.06-02.17.31:385][358]PIE: New page: PIE session: Minimal_Default (Oct 5, 2016, 1:17:31 PM)
[2016.10.06-02.17.31:385][358]LogPlayLevel: Creating play world package: /Game/StarterContent/Maps/UEDPIE_0_Minimal_Default
[2016.10.06-02.17.31:398][358]LogPlayLevel: PIE: StaticDuplicateObject took: (0.013048s)
[2016.10.06-02.17.31:398][358]LogAIModule: Creating AISystem for world Minimal_Default
[2016.10.06-02.17.31:399][358]LogPlayLevel: PIE: World Init took: (0.000750s)
[2016.10.06-02.17.31:399][358]LogPlayLevel: PIE: Created PIE world by copying editor world from /Game/StarterContent/Maps/Minimal_Default.Minimal_Default to /Game/StarterContent/Maps/UEDPIE_0_Minimal_Default.Minimal_Default (0.014036s)
[2016.10.06-02.17.31:427][358]LogInit: XAudio2 using 'Headphones (High Definition Audio Device)' : 2 channels at 44.1 kHz using 16 bits per sample (channel mask 0x3)
[2016.10.06-02.17.31:435][358]LogInit: FAudioDevice initialized.
[2016.10.06-02.17.31:522][358]LogWorld: Game class is 'GameMode'
[2016.10.06-02.17.31:537][358]LogWorld: Bringing World /Game/StarterContent/Maps/UEDPIE_0_Minimal_Default.Minimal_Default up for play (max tick rate 0) at 2016.10.05-20.17.31
[2016.10.06-02.17.31:538][358]LogWorld: Bringing up level for play took: 0.014062
[2016.10.06-02.17.31:538][358]LogGameMode: Warning - PATHS NOT DEFINED or NO PLAYERSTART with positive rating
[2016.10.06-02.17.31:539][358]LogGameMode:Display: Match State Changed from EnteringMap to WaitingToStart
[2016.10.06-02.17.31:539][358]LogGameState: Match State Changed from EnteringMap to WaitingToStart
[2016.10.06-02.17.31:539][358]LogGameMode:Display: Match State Changed from WaitingToStart to InProgress
[2016.10.06-02.17.31:540][358]LogGameState: Match State Changed from WaitingToStart to InProgress
[2016.10.06-02.17.31:547][358]PIE: Info Play in editor start time for /Game/StarterContent/Maps/UEDPIE_0_Minimal_Default 0.508
[2016.10.06-02.17.31:556][358]LogBlueprintUserMessages: Late PlayInEditor Detection: Level '/Game/StarterContent/Maps/Minimal_Default.Minimal_Default:PersistentLevel' has LevelScriptBlueprint '/Game/StarterContent/Maps/Minimal_Default.Minimal_Default:PersistentLevel.Minimal_Default' with GeneratedClass '/Game/StarterContent/Maps/Minimal_Default.Minimal_Default_C' with ClassGeneratedBy '/Game/StarterContent/Maps/Minimal_Default.Minimal_Default:PersistentLevel.Minimal_Default'
[2016.10.06-02.17.31:610][358]LogRenderer: Reallocating scene r