Log file open, 10/05/16 01:14:28
LogInit:Display: Running engine for game: Attic1
LogPlatformFile: Not using cached read wrapper
LogInit:Display: RandInit(-219526024) SRandInit(-219526021).
LogTaskGraph: Started task graph with 4 named threads and 7 total threads with 1 sets of task threads.
LogStats: Stats thread started at 0.080492
LogInit: Version: 4.12.5-3039270+++UE4+Release-4.12
LogInit: API Version: 2992821
LogInit: Net Version: 3039270
LogDevObjectVersion: Number of dev versions registered: 13
LogDevObjectVersion:   Dev-Blueprints (B0D832E4-1F89-4F0D-ACCF-7EB736FD4AA2): 3
LogDevObjectVersion:   Dev-Build (E1C64328-A22C-4D53-A36C-8E866417BD8C): 0
LogDevObjectVersion:   Dev-Core (375EC13C-06E4-48FB-B500-84F0262A717E): 1
LogDevObjectVersion:   Dev-Editor (E4B068ED-F494-42E9-A231-DA0B2E46BB41): 2
LogDevObjectVersion:   Dev-Framework (CFFC743F-43B0-4480-9391-14DF171D2073): 6
LogDevObjectVersion:   Dev-Mobile (B02B49B5-BB20-44E9-A304-32B752E40360): 0
LogDevObjectVersion:   Dev-Networking (A4E4105C-59A1-49B5-A7C5-40C4547EDFEE): 0
LogDevObjectVersion:   Dev-Online (39C831C9-5AE6-47DC-9A44-9C173E1C8E7C): 0
LogDevObjectVersion:   Dev-Physics (78F01B33-EBEA-4F98-B9B4-84EACCB95AA2): 0
LogDevObjectVersion:   Dev-Platform (6631380F-2D4D-43E0-8009-CF276956A95A): 0
LogDevObjectVersion:   Dev-Rendering (12F88B9F-8875-4AFC-A67C-D90C383ABD29): 2
LogDevObjectVersion:   Dev-Sequencer (7B5AE74C-D270-4C10-A958-57980B212A5A): 0
LogDevObjectVersion:   Dev-VR (D7296918-1DD6-4BDD-9DE2-64A83CC13884): 0
LogInit: Compiled (64-bit): Jul  6 2016 09:09:46
LogInit: Compiled with Visual C++: 19.00.23026.00
LogInit: Build Configuration: Development
LogInit: Branch Name: ++UE4+Release-4.12
LogInit: Command line: -EpicPortal 
LogInit: Base directory: F:/Epic Games/4.12/Engine/Binaries/Win64/
LogInit: Installed Engine Build: 1
LogInit: Using libcurl 7.41.0
LogInit:  - built for x86_64-pc-win32
LogInit:  - supports SSL with WinSSL
LogInit:  - other features:
LogInit:      CURL_VERSION_SSL
LogInit:      CURL_VERSION_IPV6
LogInit:      CURL_VERSION_ASYNCHDNS
LogInit:      CURL_VERSION_LARGEFILE
LogInit:      CURL_VERSION_IDN
LogInit:  CurlRequestOptions (configurable via config and command line):
LogInit:  - bVerifyPeer = true  - Libcurl will verify peer certificate
LogInit:  - bUseHttpProxy = false  - Libcurl will NOT use HTTP proxy
LogInit:  - bDontReuseConnections = false  - Libcurl will reuse connections
LogInit:  - CertBundlePath = nullptr  - Libcurl will use whatever was configured at build time.
LogInit: Presizing for max 8388607 objects, including 0 objects not considered by GC, pre-allocating 0 bytes for permanent pool.
LogInit: Object subsystem initialized
[2016.10.05-07.14.28:291][  0]LogInit: Selected Device Profile: [Windows]
[2016.10.05-07.14.28:291][  0]LogInit: Applying CVar settings loaded from the selected device profile: [Windows]
[2016.10.05-07.14.28:340][  0]LogInit: Computer: ZRES
[2016.10.05-07.14.28:340][  0]LogInit: User: KhiemLe
[2016.10.05-07.14.28:340][  0]LogInit: CPU Page size=65536, Cores=4
[2016.10.05-07.14.28:340][  0]LogInit: High frequency timer resolution =3.429479 MHz
[2016.10.05-07.14.28:340][  0]LogMemory: Memory total: Physical=31.9GB (32GB approx)
[2016.10.05-07.14.28:340][  0]LogMemory: Platform Memory Stats for Windows
[2016.10.05-07.14.28:340][  0]LogMemory: Process Physical Memory: 190.16 MB used, 190.16 MB peak
[2016.10.05-07.14.28:340][  0]LogMemory: Process Virtual Memory: 195.37 MB used, 195.37 MB peak
[2016.10.05-07.14.28:340][  0]LogMemory: Physical Memory: 11957.13 MB used, 32667.48 MB total
[2016.10.05-07.14.28:340][  0]LogMemory: Virtual Memory: 553.59 MB used, 134217728.00 MB total
[2016.10.05-07.14.28:367][  0]LogTextLocalizationManager: No specific translations for ('en-US') exist, so ('en') translations will be used.
[2016.10.05-07.14.28:922][  0]LogD3D11RHI: D3D11 adapters:
[2016.10.05-07.14.28:964][  0]LogD3D11RHI:    0. 'Radeon (TM) RX 480 Graphics' (Feature Level 11_0)
[2016.10.05-07.14.28:964][  0]LogD3D11RHI:       8144/0/16333 MB DedicatedVideo/DedicatedSystem/SharedSystem, Outputs:2, VendorId:0x1002
[2016.10.05-07.14.28:967][  0]LogD3D11RHI:    1. 'Microsoft Basic Render Driver' (Feature Level 11_0)
[2016.10.05-07.14.28:967][  0]LogD3D11RHI:       0/0/16333 MB DedicatedVideo/DedicatedSystem/SharedSystem, Outputs:0, VendorId:0x1414
[2016.10.05-07.14.28:967][  0]LogD3D11RHI: Chosen D3D11 Adapter: 0
[2016.10.05-07.14.28:976][  0]LogD3D11RHI: Creating new Direct3DDevice
[2016.10.05-07.14.28:976][  0]LogD3D11RHI:     GPU DeviceId: 0x67df (for the marketing name, search the web for "GPU Device Id")
[2016.10.05-07.14.28:976][  0]LogWindows: EnumDisplayDevices:
[2016.10.05-07.14.28:976][  0]LogWindows:    0. 'Radeon (TM) RX 480 Graphics' (P:1 D:1)
[2016.10.05-07.14.28:977][  0]LogWindows:    1. 'Radeon (TM) RX 480 Graphics' (P:0 D:1)
[2016.10.05-07.14.28:977][  0]LogWindows:    2. 'Radeon (TM) RX 480 Graphics' (P:0 D:0)
[2016.10.05-07.14.28:977][  0]LogWindows:    3. 'Radeon (TM) RX 480 Graphics' (P:0 D:0)
[2016.10.05-07.14.28:978][  0]LogWindows:    4. 'Radeon (TM) RX 480 Graphics' (P:0 D:0)
[2016.10.05-07.14.28:978][  0]LogWindows:    5. 'Radeon (TM) RX 480 Graphics' (P:0 D:0)
[2016.10.05-07.14.28:978][  0]LogWindows: DebugString: FoundDriverCount:6 
[2016.10.05-07.14.28:978][  0]LogD3D11RHI:     Adapter Name: Radeon (TM) RX 480 Graphics
[2016.10.05-07.14.28:978][  0]LogD3D11RHI:   Driver Version: Crimson 16.9.2 (internal:21.19.137.1, unified:21.19.137.1)
[2016.10.05-07.14.28:978][  0]LogD3D11RHI:      Driver Date: 9-16-2016
[2016.10.05-07.14.28:978][  0]LogRHI: Texture pool is 1361 MB (70% of 1945 MB)
[2016.10.05-07.14.29:006][  0]LogD3D11RHI: Async texture creation disabled: no driver support
[2016.10.05-07.14.29:019][  0]LogD3D11RHI: GPU Timing Frequency: 25.000000 (Debug: 2 1)
[2016.10.05-07.14.29:020][  0]LogShaderCompilers: Guid format shader working directory is 16 characters bigger than the processId version (../../../../../Spooksters/Attic1/Intermediate/Shaders/WorkingDirectory/13516/).
[2016.10.05-07.14.29:020][  0]LogShaderCompilers: Cleaned the shader compiler working directory 'C:/Users/KHIEML~1/AppData/Local/Temp/UnrealShaderWorkingDir/079A24DD4F6C9547159BDA84F2F014E3/'.
[2016.10.05-07.14.29:020][  0]LogShaderCompilers:Display: Using Local Shader Compiler.
[2016.10.05-07.14.30:353][  0]LogTemp:Display: Loaded TP AllDesktopTargetPlatform
[2016.10.05-07.14.30:364][  0]LogTemp:Display: Loaded TP WindowsClientTargetPlatform
[2016.10.05-07.14.30:376][  0]LogTemp:Display: Loaded TP WindowsNoEditorTargetPlatform
[2016.10.05-07.14.30:388][  0]LogTemp:Display: Loaded TP WindowsServerTargetPlatform
[2016.10.05-07.14.30:400][  0]LogTemp:Display: Loaded TP WindowsTargetPlatform
[2016.10.05-07.14.30:412][  0]LogTemp:Display: Loaded TP AndroidTargetPlatform
[2016.10.05-07.14.30:422][  0]LogTemp:Display: Loaded TP Android_ASTCTargetPlatform
[2016.10.05-07.14.30:433][  0]LogTemp:Display: Loaded TP Android_ATCTargetPlatform
[2016.10.05-07.14.30:446][  0]LogTemp:Display: Loaded TP Android_DXTTargetPlatform
[2016.10.05-07.14.30:457][  0]LogTemp:Display: Loaded TP Android_ETC1TargetPlatform
[2016.10.05-07.14.30:468][  0]LogTemp:Display: Loaded TP Android_ETC2TargetPlatform
[2016.10.05-07.14.30:490][  0]LogTemp:Display: Loaded TP Android_MultiTargetPlatform
[2016.10.05-07.14.30:490][  0]LogTemp:Display: Loaded TP Android_PVRTCTargetPlatform
[2016.10.05-07.14.30:491][  0]LogTemp:Display: Loaded TP HTML5TargetPlatform
[2016.10.05-07.14.30:515][  0]LogTemp:Display: Loaded TP IOSTargetPlatform
[2016.10.05-07.14.30:526][  0]LogTemp:Display: Loaded TP TVOSTargetPlatform
[2016.10.05-07.14.30:536][  0]LogTemp:Display: Loaded TP LinuxNoEditorTargetPlatform
[2016.10.05-07.14.30:547][  0]LogTemp:Display: Loaded TP LinuxServerTargetPlatform
[2016.10.05-07.14.30:558][  0]LogTemp:Display: Loaded TP LinuxTargetPlatform
[2016.10.05-07.14.30:558][  0]LogTargetPlatformManager:Display: Building Assets For Windows
[2016.10.05-07.14.30:642][  0]LogDerivedDataCache:Display: Max Cache Size: 512 MB
[2016.10.05-07.14.30:731][  0]LogDerivedDataCache: Loaded boot cache 0.09s 48MB C:/Users/Khiem Le/AppData/Local/UnrealEngine/4.12/DerivedDataCache/Boot.ddc.
[2016.10.05-07.14.30:732][  0]LogDerivedDataCache:Display: Loaded Boot cache: C:/Users/Khiem Le/AppData/Local/UnrealEngine/4.12/DerivedDataCache/Boot.ddc
[2016.10.05-07.14.30:732][  0]LogDerivedDataCache: FDerivedDataBackendGraph:  Pak pak cache file ../../../../../Spooksters/Attic1/DerivedDataCache/DDC.ddp not found, will not use a pak cache.
[2016.10.05-07.14.30:732][  0]LogDerivedDataCache: Unable to find inner node Pak for hierarchical cache Hierarchy.
[2016.10.05-07.14.30:732][  0]LogDerivedDataCache: FDerivedDataBackendGraph:  CompressedPak pak cache file ../../../../../Spooksters/Attic1/DerivedDataCache/Compressed.ddp not found, will not use a pak cache.
[2016.10.05-07.14.30:732][  0]LogDerivedDataCache: Unable to find inner node CompressedPak for hierarchical cache Hierarchy.
[2016.10.05-07.14.30:756][  0]LogDerivedDataCache:Display: Pak cache opened for reading ../../../Engine/DerivedDataCache/Compressed.ddp.
[2016.10.05-07.14.30:768][  0]LogDerivedDataCache: Using Local data cache path C:/Users/Khiem Le/AppData/Local/UnrealEngine/Common/DerivedDataCache: Writable
[2016.10.05-07.14.31:025][  0]LogInit: Selected Device Profile: [Windows]
[2016.10.05-07.14.31:025][  0]LogContentStreaming: Texture pool size is 0.00 MB
[2016.10.05-07.14.31:224][  0]LogMeshUtilities: No automatic mesh reduction module available
[2016.10.05-07.14.31:224][  0]LogMeshUtilities: No automatic mesh merging module available
[2016.10.05-07.14.31:224][  0]LogMeshUtilities: No distributed automatic mesh merging module available
[2016.10.05-07.14.31:608][  0]LogAssetRegistry: FAssetRegistry took 0.0216 seconds to start up
[2016.10.05-07.14.31:639][  0]LogPackageLocalizationCache: Processed 3 localized package path(s) for 2 prioritized culture(s) in 0.028090 seconds
[2016.10.05-07.14.31:647][  0]LogUObjectArray: 28739 objects as part of root set at end of initial load.
[2016.10.05-07.14.31:647][  0]LogUObjectAllocator: 5855632 out of 0 bytes used by permanent object pool.
[2016.10.05-07.14.31:647][  0]LogUObjectArray: CloseDisregardForGC: 0/0 objects in disregard for GC pool
[2016.10.05-07.14.31:655][  0]LogInit: WinSock: version 1.1 (2.2), MaxSocks=32767, MaxUdp=65467
[2016.10.05-07.14.31:847][  0]LogSlate: SlateFontCache - WITH_FREETYPE: 1, WITH_HARFBUZZ: 1
[2016.10.05-07.14.31:847][  0]LogSlate: SlateFontCache - WITH_FREETYPE: 1, WITH_HARFBUZZ: 1
[2016.10.05-07.14.32:702][  0]LogSubstanceCoreModule: Substance CPU Engine Loaded, Max Texture Size 2048
[2016.10.05-07.14.32:712][  0]LogUdpMessaging: Initializing bridge on interface 0.0.0.0:0 to multicast group 230.0.0.1:6666.
[2016.10.05-07.14.32:713][  0]FUdpSocketBuilder: Failed to bind UdpMessageMulticastSocket to 0.0.0.0:6666
[2016.10.05-07.14.32:713][  0]FUdpSocketBuilder: Failed to configure multicast for UdpMessageMulticastSocket (loopback: 1, ttl: 1)
[2016.10.05-07.14.32:713][  0]FUdpSocketBuilder: Failed to create and initialize socket UdpMessageMulticastSocket (last error: 0)
[2016.10.05-07.14.32:713][  0]LogUdpMessaging:Warning: StartTransport failed to create multicast socket on 0.0.0.0:0, joined to 230.0.0.1:6666 with TTL 1
[2016.10.05-07.14.32:941][  0]SourceControl: Info Source control is disabled
[2016.10.05-07.14.32:942][  0]SourceControl: Info Source control is disabled
[2016.10.05-07.14.32:950][  0]SourceControl: Info Source control is disabled
[2016.10.05-07.14.32:959][  0]SourceControl: Info Source control is disabled
[2016.10.05-07.14.33:196][  0]LogEngine: Initializing Engine...
[2016.10.05-07.14.33:197][  0]LogHMD: SteamVR failed to initialize.  Err: 110
[2016.10.05-07.14.33:198][  0]LogHMD: SteamVR failed to initialize.  Err: 110
[2016.10.05-07.14.33:389][  0]LogAIModule: Creating AISystem for world NewWorld
[2016.10.05-07.14.33:430][  0]LogInit: XAudio2 using 'Realtek HD Audio 2nd output (Realtek High Definition Audio)' : 2 channels at 48 kHz using 32 bits per sample (channel mask 0x3)
[2016.10.05-07.14.33:449][  0]LogInit: FAudioDevice initialized.
[2016.10.05-07.14.33:501][  0]LogDerivedDataCache: Saved boot cache 0.05s 48MB C:/Users/Khiem Le/AppData/Local/UnrealEngine/4.12/DerivedDataCache/Boot.ddc.
[2016.10.05-07.14.33:515][  0]LogInit: Texture streaming: Enabled
[2016.10.05-07.14.33:546][  0]LogInit: Transaction tracking system initialized
[2016.10.05-07.14.33:570][  0]BlueprintLog: New page: Editor Load
[2016.10.05-07.14.33:640][  0]LocalizationService: Info Localization service is disabled
[2016.10.05-07.14.33:705][  0]LogConsoleResponse:Display: 
[2016.10.05-07.14.33:829][  0]LogCook:Display: Max memory allowance for cook 8192mb
[2016.10.05-07.14.33:829][  0]LogCook:Display: Mobile HDR setting 1
[2016.10.05-07.14.33:936][  0]LogFileCache: Scanning file cache for directory 'F:/Spooksters/Attic1/Content/' took 0.02s
[2016.10.05-07.14.33:936][  0]SourceControl: Info Source control is disabled
[2016.10.05-07.14.33:936][  0]Cmd: MAP LOAD FILE="../../../../../Spooksters/Attic1/Content/StarterContent/Maps/Minimal_Default.umap" TEMPLATE=0 SHOWPROGRESS=1 FEATURELEVEL=3
[2016.10.05-07.14.34:022][  0]LogWindowsTextInputMethodSystem:Display: IME system now deactivated.
[2016.10.05-07.14.34:023][  0]LogWindowsTextInputMethodSystem:Display: IME system now deactivated.
[2016.10.05-07.14.44:762][  0]LogWindowsTextInputMethodSystem:Display: IME system now deactivated.
[2016.10.05-07.14.44:762][  0]LogWindowsTextInputMethodSystem:Display: IME system now deactivated.
[2016.10.05-07.14.44:766][  0]LogWindowsTextInputMethodSystem:Display: IME system now deactivated.
[2016.10.05-07.14.44:766][  0]LogWindowsTextInputMethodSystem:Display: IME system now deactivated.
[2016.10.05-07.14.44:772][  0]LightingResults: New page: Lighting Build
[2016.10.05-07.14.44:774][  0]MapCheck: New page: Map Check
[2016.10.05-07.14.44:774][  0]LightingResults: New page: Lighting Build
[2016.10.05-07.14.44:796][  0]LogAIModule: Creating AISystem for world NewWorld
[2016.10.05-07.14.44:798][  0]LoadErrors: New page: New Map
[2016.10.05-07.14.44:995][  0]LogCollectionManager: Loaded 0 collections in 0.001311 seconds
[2016.10.05-07.14.45:058][  0]LogFileCache: Scanning file cache for directory 'F:/Spooksters/Attic1/Saved/Collections/' took 0.01s
[2016.10.05-07.14.45:058][  0]LogFileCache: Scanning file cache for directory 'F:/Spooksters/Attic1/Content/Developers/KhiemLe/Collections/' took 0.01s
[2016.10.05-07.14.45:058][  0]LogFileCache: Scanning file cache for directory 'F:/Spooksters/Attic1/Content/Collections/' took 0.01s
[2016.10.05-07.14.45:058][  0]LogCollectionManager: Rebuilt the GUID cache for 0 collections in 0.000005 seconds
[2016.10.05-07.14.45:072][  0]LogContentBrowser: Native class hierarchy populated in 0.0144 seconds. Added 2062 classes and 375 folders.
[2016.10.05-07.14.45:076][  0]LogStats: UGameplayTagsManager::ConstructGameplayTagTree: Construct from data asset -  0.000 s
[2016.10.05-07.14.45:076][  0]LogStats: UGameplayTagsManager::ConstructGameplayTagTree: GameplayTagTreeChangedEvent.Broadcast -  0.000 s
[2016.10.05-07.14.45:077][  0]LogContentBrowser: Native class hierarchy updated for 'GameplayTags' in 0.0007 seconds. Added 12 classes and 0 folders.
[2016.10.05-07.14.45:081][  0]LogContentBrowser: Native class hierarchy updated for 'WidgetCarousel' in 0.0005 seconds. Added 0 classes and 0 folders.
[2016.10.05-07.14.45:132][  0]LogContentBrowser: Native class hierarchy updated for 'AddContentDialog' in 0.0005 seconds. Added 0 classes and 0 folders.
[2016.10.05-07.14.45:136][  0]LogContentBrowser: Native class hierarchy updated for 'SceneOutliner' in 0.0006 seconds. Added 1 classes and 2 folders.
[2016.10.05-07.14.45:152][  0]LogCrashTracker: Crashtracker disabled due to settings.
[2016.10.05-07.14.45:160][  0]LogUObjectGlobals:Warning: Failed to find object 'Class None.'
[2016.10.05-07.14.45:187][  0]LogContentBrowser: Native class hierarchy updated for 'HierarchicalLODOutliner' in 0.0005 seconds. Added 1 classes and 2 folders.
[2016.10.05-07.14.45:187][  0]LogLoad: Full Startup: 17.83 seconds (BP compile: 0.00 seconds)
[2016.10.05-07.14.45:187][  0]LogExternalProfiler: Found external profiler: VSPerf
[2016.10.05-07.14.45:187][  0]LogExternalProfiler: Using external profiler: VSPerf
[2016.10.05-07.14.45:529][  0]LogOcInput: OculusInput pre-init called
[2016.10.05-07.14.45:565][  0]LogContentStreaming: Texture pool size now 1000 MB
[2016.10.05-07.14.45:771][  0]LogRenderer: Reallocating scene render targets to support 1616x836 (Frame:2).
[2016.10.05-07.14.46:021][  1]LogFileCache: Retrieving MD5 hashes for directory 'F:/Spooksters/Attic1/Content/' took 0.48s
[2016.10.05-07.14.46:334][  2]LogAssetRegistry: Asset discovery search completed in 14.7482 seconds
[2016.10.05-07.14.46:335][  2]LogCollectionManager: Rebuilt the object cache for 0 collections in 0.000001 seconds (found 0 objects)
[2016.10.05-07.14.46:335][  2]LogCollectionManager: Fixed up redirectors for 0 collections in 0.000034 seconds (updated 0 objects)
[2016.10.05-07.15.56:614][667]LogTexture:Display: Building textures: T_Robo_N (BC5)
[2016.10.05-07.16.06:027][ 21]LogTexture:Display: Building textures: T_Robo_D (AutoDXT)
[2016.10.05-07.16.30:736][490]LogAssetTools:Warning: Failed to import 'C:\Users\Khiem Le\Documents\Unreal Projects\MyProject3\Content\Boyandtexture\Bodytexture.uasset'. Unknown extension 'uasset'.
[2016.10.05-07.16.47:494][733]LogWindowsTextInputMethodSystem:Display: IME system now deactivated.
[2016.10.05-07.16.47:494][733]LogWindowsTextInputMethodSystem:Display: IME system now deactivated.
[2016.10.05-07.16.47:696][734]Cmd: QUIT_EDITOR
[2016.10.05-07.16.47:772][734]LogExit: Preparing to exit.
[2016.10.05-07.16.48:864][734]LogActorComponent: UnregisterComponent: (None.None) Not registered. Aborting.
[2016.10.05-07.16.48:864][734]LogActorComponent: UnregisterComponent: (None.None) Not registered. Aborting.
[2016.10.05-07.16.48:864][734]LogActorComponent: UnregisterComponent: (None.None) Not registered. Aborting.
[2016.10.05-07.16.48:885][734]LogExit: Editor shut down
[2016.10.05-07.16.48:886][734]LogExit: Transaction tracking system shut down
[2016.10.05-07.16.49:034][734]LogObj: Freed 0b from 0 cluster array pools.
[2016.10.05-07.16.49:034][734]LogExit: Object subsystem successfully closed.
[2016.10.05-07.16.49:054][734]LogD3D11RHI: Shutdown
[2016.10.05-07.16.49:054][734]LogD3D11RHI: CleanupD3DDevice
[2016.10.05-07.16.49:170][734]LogD3D11RHI: ~FD3D11DynamicRHI
[2016.10.05-07.16.49:185][734]LogModuleManager: Shutting down and abandoning module HierarchicalLODOutliner (215)
[2016.10.05-07.16.49:185][734]LogModuleManager: Shutting down and abandoning module CrashTracker (214)
[2016.10.05-07.16.49:185][734]LogModuleManager: Shutting down and abandoning module SceneOutliner (213)
[2016.10.05-07.16.49:185][734]LogModuleManager: Shutting down and abandoning module WidgetCarousel (212)
[2016.10.05-07.16.49:185][734]LogModuleManager: Shutting down and abandoning module AddContentDialog (211)
[2016.10.05-07.16.49:186][734]LogModuleManager: Shutting down and abandoning module GameplayTags (210)
[2016.10.05-07.16.49:186][734]LogModuleManager: Shutting down and abandoning module EditorWidgets (209)
[2016.10.05-07.16.49:186][734]LogModuleManager: Shutting down and abandoning module CollectionManager (208)
[2016.10.05-07.16.49:186][734]LogModuleManager: Shutting down and abandoning module StatsViewer (207)
[2016.10.05-07.16.49:186][734]LogModuleManager: Shutting down and abandoning module FoliageEdit (206)
[2016.10.05-07.16.49:186][734]LogModuleManager: Shutting down and abandoning module LandscapeEditor (205)
[2016.10.05-07.16.49:187][734]LogModuleManager: Shutting down and abandoning module SceneDepthPickerMode (204)
[2016.10.05-07.16.49:187][734]LogModuleManager: Shutting down and abandoning module ActorPickerMode (203)
[2016.10.05-07.16.49:187][734]LogModuleManager: Shutting down and abandoning module GeometryMode (202)
[2016.10.05-07.16.49:187][734]LogModuleManager: Shutting down and abandoning module TextureAlignMode (201)
[2016.10.05-07.16.49:187][734]LogModuleManager: Shutting down and abandoning module BspMode (200)
[2016.10.05-07.16.49:187][734]LogModuleManager: Shutting down and abandoning module HardwareSurvey (199)
[2016.10.05-07.16.49:187][734]LogModuleManager: Shutting down and abandoning module SequenceRecorderSections (198)
[2016.10.05-07.16.49:187][734]LogModuleManager: Shutting down and abandoning module SequenceRecorder (197)
[2016.10.05-07.16.49:187][734]LogModuleManager: Shutting down and abandoning module AutomationWorker (196)
[2016.10.05-07.16.49:187][734]LogModuleManager: Shutting down and abandoning module MatineeToLevelSequence (195)
[2016.10.05-07.16.49:187][734]LogModuleManager: Shutting down and abandoning module PlacementMode (194)
[2016.10.05-07.16.49:187][734]LogModuleManager: Shutting down and abandoning module LevelSequenceEditor (193)
[2016.10.05-07.16.49:187][734]LogModuleManager: Shutting down and abandoning module CharacterAI (192)
[2016.10.05-07.16.49:187][734]LogModuleManager: Shutting down and abandoning module SmartSnapping (191)
[2016.10.05-07.16.49:187][734]LogModuleManager: Shutting down and abandoning module SessionServices (190)
[2016.10.05-07.16.49:187][734]LogModuleManager: Shutting down and abandoning module ViewportSnapping (189)
[2016.10.05-07.16.49:187][734]LogModuleManager: Shutting down and abandoning module LogVisualizer (188)
[2016.10.05-07.16.49:187][734]LogModuleManager: Shutting down and abandoning module GameProjectGeneration (187)
[2016.10.05-07.16.49:187][734]LogModuleManager: Shutting down and abandoning module IntroTutorials (186)
[2016.10.05-07.16.49:187][734]LogModuleManager: Shutting down and abandoning module EditorLiveStreaming (185)
[2016.10.05-07.16.49:187][734]LogModuleManager: Shutting down and abandoning module IOSPlatformEditor (184)
[2016.10.05-07.16.49:187][734]LogModuleManager: Shutting down and abandoning module HTML5PlatformEditor (183)
[2016.10.05-07.16.49:187][734]LogModuleManager: Shutting down and abandoning module AndroidDeviceDetection (182)
[2016.10.05-07.16.49:729][734]LogModuleManager: Shutting down and abandoning module AndroidPlatformEditor (181)
[2016.10.05-07.16.49:729][734]LogModuleManager: Shutting down and abandoning module IOSRuntimeSettings (180)
[2016.10.05-07.16.49:729][734]LogModuleManager: Shutting down and abandoning module AndroidRuntimeSettings (179)
[2016.10.05-07.16.49:729][734]LogModuleManager: Shutting down and abandoning module MergeActors (178)
[2016.10.05-07.16.49:729][734]LogModuleManager: Shutting down and abandoning module SizeMap (177)
[2016.10.05-07.16.49:729][734]LogModuleManager: Shutting down and abandoning module TreeMap (176)
[2016.10.05-07.16.49:729][734]LogModuleManager: Shutting down and abandoning module ReferenceViewer (175)
[2016.10.05-07.16.49:729][734]LogModuleManager: Shutting down and abandoning module LocalizationService (174)
[2016.10.05-07.16.49:729][734]LogModuleManager: Shutting down and abandoning module LocalizationDashboard (173)
[2016.10.05-07.16.49:729][734]LogModuleManager: Shutting down and abandoning module HardwareTargeting (172)
[2016.10.05-07.16.49:729][734]LogModuleManager: Shutting down and abandoning module DeviceProfileEditor (171)
[2016.10.05-07.16.49:729][734]LogModuleManager: Shutting down and abandoning module UndoHistory (170)
[2016.10.05-07.16.49:729][734]LogModuleManager: Shutting down and abandoning module UserFeedback (169)
[2016.10.05-07.16.49:729][734]LogModuleManager: Shutting down and abandoning module XmlParser (168)
[2016.10.05-07.16.49:729][734]LogModuleManager: Shutting down and abandoning module Blutility (167)
[2016.10.05-07.16.49:729][734]LogModuleManager: Shutting down and abandoning module ProjectTargetPlatformEditor (166)
[2016.10.05-07.16.49:729][734]LogModuleManager: Shutting down and abandoning module ProjectSettingsViewer (165)
[2016.10.05-07.16.49:729][734]LogModuleManager: Shutting down and abandoning module InputBindingEditor (164)
[2016.10.05-07.16.49:730][734]LogModuleManager: Shutting down and abandoning module EditorSettingsViewer (163)
[2016.10.05-07.16.49:730][734]LogModuleManager: Shutting down and abandoning module SettingsEditor (162)
[2016.10.05-07.16.49:730][734]LogModuleManager: Shutting down and abandoning module ProjectLauncher (161)
[2016.10.05-07.16.49:730][734]LogModuleManager: Shutting down and abandoning module SessionFrontend (160)
[2016.10.05-07.16.49:730][734]LogModuleManager: Shutting down and abandoning module ProfilerClient (159)
[2016.10.05-07.16.49:730][734]LogModuleManager: Shutting down and abandoning module TargetDeviceServices (158)
[2016.10.05-07.16.49:730][734]LogModuleManager: Shutting down and abandoning module DeviceManager (157)
[2016.10.05-07.16.49:772][734]LogModuleManager: Shutting down and abandoning module AutomationController (156)
[2016.10.05-07.16.49:772][734]LogModuleManager: Shutting down and abandoning module AutomationWindow (155)
[2016.10.05-07.16.49:772][734]LogModuleManager: Shutting down and abandoning module Layers (154)
[2016.10.05-07.16.49:772][734]LogModuleManager: Shutting down and abandoning module ComponentVisualizers (153)
[2016.10.05-07.16.49:772][734]LogModuleManager: Shutting down and abandoning module DetailCustomizations (152)
[2016.10.05-07.16.49:772][734]LogModuleManager: Shutting down and abandoning module PackagesDialog (151)
[2016.10.05-07.16.49:772][734]LogModuleManager: Shutting down and abandoning module Persona (150)
[2016.10.05-07.16.49:772][734]LogModuleManager: Shutting down and abandoning module Kismet (149)
[2016.10.05-07.16.49:772][734]LogModuleManager: Shutting down and abandoning module GraphEditor (148)
[2016.10.05-07.16.49:772][734]LogModuleManager: Shutting down and abandoning module ClassViewer (147)
[2016.10.05-07.16.49:772][734]LogModuleManager: Shutting down and abandoning module Toolbox (146)
[2016.10.05-07.16.49:772][734]LogModuleManager: Shutting down and abandoning module ModuleUI (145)
[2016.10.05-07.16.49:772][734]LogModuleManager: Shutting down and abandoning module MovieSceneTools (144)
[2016.10.05-07.16.49:773][734]LogModuleManager: Shutting down and abandoning module OutputLog (143)
[2016.10.05-07.16.49:773][734]LogModuleManager: Shutting down and abandoning module GammaUI (142)
[2016.10.05-07.16.49:773][734]LogModuleManager: Shutting down and abandoning module Documentation (141)
[2016.10.05-07.16.49:773][734]LogModuleManager: Shutting down and abandoning module StreamingPauseRendering (140)
[2016.10.05-07.16.49:773][734]LogModuleManager: Shutting down and abandoning module AnalyticsET (139)
[2016.10.05-07.16.49:773][734]LogModuleManager: Shutting down and abandoning module Analytics (138)
[2016.10.05-07.16.49:773][734]LogModuleManager: Shutting down and abandoning module PortalServices (137)
[2016.10.05-07.16.49:773][734]LogModuleManager: Shutting down and abandoning module PortalRpc (136)
[2016.10.05-07.16.49:773][734]LogModuleManager: Shutting down and abandoning module MessagingRpc (135)
[2016.10.05-07.16.49:773][734]LogModuleManager: Shutting down and abandoning module GameplayDebugger (134)
[2016.10.05-07.16.49:773][734]LogModuleManager: Shutting down and abandoning module AITestSuite (133)
[2016.10.05-07.16.49:773][734]LogModuleManager: Shutting down and abandoning module AIModule (132)
[2016.10.05-07.16.49:773][734]LogModuleManager: Shutting down and abandoning module ProfilerService (131)
[2016.10.05-07.16.49:815][734]LogModuleManager: Shutting down and abandoning module TaskGraph (130)
[2016.10.05-07.16.49:815][734]LogModuleManager: Shutting down and abandoning module SubstanceEditor (129)
[2016.10.05-07.16.49:815][734]LogModuleManager: Shutting down and abandoning module SlateRemote (128)
[2016.10.05-07.16.49:815][734]LogModuleManager: Shutting down and abandoning module SteamVRController (127)
[2016.10.05-07.16.49:815][734]LogModuleManager: Shutting down and abandoning module SteamVR (126)
[2016.10.05-07.16.49:815][734]LogModuleManager: Shutting down and abandoning module ProceduralMeshComponent (125)
[2016.10.05-07.16.49:815][734]LogModuleManager: Shutting down and abandoning module OculusLibrary (124)
[2016.10.05-07.16.49:815][734]LogModuleManager: Shutting down and abandoning module OculusInput (123)
[2016.10.05-07.16.49:815][734]LogModuleManager: Shutting down and abandoning module CustomMeshComponent (122)
[2016.10.05-07.16.49:815][734]LogModuleManager: Shutting down and abandoning module CableComponent (121)
[2016.10.05-07.16.49:815][734]LogModuleManager: Shutting down and abandoning module ArchVisCharacter (120)
[2016.10.05-07.16.49:815][734]LogModuleManager: Shutting down and abandoning module MediaPlayerEditor (119)
[2016.10.05-07.16.49:816][734]LogModuleManager: Shutting down and abandoning module HTML5Networking (118)
[2016.10.05-07.16.49:816][734]LogModuleManager: Shutting down and abandoning module SuperSearch (117)
[2016.10.05-07.16.49:816][734]LogModuleManager: Shutting down and abandoning module SuperSearchEditor (116)
[2016.10.05-07.16.49:816][734]LogModuleManager: Shutting down and abandoning module SpeedTreeImporter (115)
[2016.10.05-07.16.49:816][734]LogModuleManager: Shutting down and abandoning module PluginBrowser (114)
[2016.10.05-07.16.49:816][734]LogModuleManager: Shutting down and abandoning module EpicSurvey (113)
[2016.10.05-07.16.49:816][734]LogModuleManager: Shutting down and abandoning module DesktopPlatform (112)
[2016.10.05-07.16.49:816][734]LogModuleManager: Shutting down and abandoning module VisualStudioSourceCodeAccess (111)
[2016.10.05-07.16.49:816][734]LogModuleManager: Shutting down and abandoning module UObjectPlugin (110)
[2016.10.05-07.16.49:816][734]LogModuleManager: Shutting down and abandoning module SubversionSourceControl (109)
[2016.10.05-07.16.49:816][734]LogModuleManager: Shutting down and abandoning module PerforceSourceControl (108)
[2016.10.05-07.16.49:816][734]LogModuleManager: Shutting down and abandoning module SourceControl (107)
[2016.10.05-07.16.49:816][734]LogModuleManager: Shutting down and abandoning module GitSourceControl (106)
[2016.10.05-07.16.49:816][734]LogModuleManager: Shutting down and abandoning module LightPropagationVolumeEditor (105)
[2016.10.05-07.16.49:816][734]LogModuleManager: Shutting down and abandoning module PaperTiledImporter (104)
[2016.10.05-07.16.49:816][734]LogModuleManager: Shutting down and abandoning module PaperSpriteSheetImporter (103)
[2016.10.05-07.16.49:816][734]LogModuleManager: Shutting down and abandoning module MeshPaint (102)
[2016.10.05-07.16.49:816][734]LogModuleManager: Shutting down and abandoning module PixelInspectorModule (101)
[2016.10.05-07.16.49:816][734]LogModuleManager: Shutting down and abandoning module HotReload (100)
[2016.10.05-07.16.49:816][734]LogModuleManager: Shutting down and abandoning module MainFrame (99)
[2016.10.05-07.16.49:816][734]LogModuleManager: Shutting down and abandoning module LevelEditor (98)
[2016.10.05-07.16.49:817][734]LogModuleManager: Shutting down and abandoning module ContentBrowser (97)
[2016.10.05-07.16.49:818][734]LogModuleManager: Shutting down and abandoning module Paper2DEditor (96)
[2016.10.05-07.16.49:818][734]LogModuleManager: Shutting down and abandoning module UdpMessaging (95)
[2016.10.05-07.16.49:919][734]LogModuleManager: Shutting down and abandoning module SubstanceCore (94)
[2016.10.05-07.16.49:919][734]LogModuleManager: Shutting down and abandoning module LightPropagationVolumeRuntime (93)
[2016.10.05-07.16.49:919][734]LogModuleManager: Shutting down and abandoning module Paper2D (92)
[2016.10.05-07.16.49:919][734]LogModuleManager: Shutting down and abandoning module WindowsMoviePlayer (91)
[2016.10.05-07.16.49:919][734]LogModuleManager: Shutting down and abandoning module Media (90)
[2016.10.05-07.16.49:919][734]LogModuleManager: Shutting down and abandoning module WmfMedia (89)
[2016.10.05-07.16.49:919][734]LogModuleManager: Shutting down and abandoning module MediaAssets (88)
[2016.10.05-07.16.49:919][734]LogModuleManager: Shutting down and abandoning module GameLiveStreaming (87)
[2016.10.05-07.16.49:919][734]LogModuleManager: Shutting down and abandoning module GameplayTagsEditor (86)
[2016.10.05-07.16.49:919][734]LogModuleManager: Shutting down and abandoning module OnlineBlueprintSupport (85)
[2016.10.05-07.16.49:919][734]LogModuleManager: Shutting down and abandoning module VREditor (84)
[2016.10.05-07.16.49:919][734]LogModuleManager: Shutting down and abandoning module GameplayTasksEditor (83)
[2016.10.05-07.16.49:919][734]LogModuleManager: Shutting down and abandoning module PropertyEditor (82)
[2016.10.05-07.16.49:919][734]LogModuleManager: Shutting down and abandoning module BehaviorTreeEditor (81)
[2016.10.05-07.16.49:919][734]LogModuleManager: Shutting down and abandoning module FunctionalTesting (80)
[2016.10.05-07.16.49:919][734]LogModuleManager: Shutting down and abandoning module CollisionAnalyzer (79)
[2016.10.05-07.16.49:919][734]LogModuleManager: Shutting down and abandoning module Sequencer (78)
[2016.10.05-07.16.49:919][734]LogModuleManager: Shutting down and abandoning module WorkspaceMenuStructure (77)
[2016.10.05-07.16.49:919][734]LogModuleManager: Shutting down and abandoning module MessageLog (76)
[2016.10.05-07.16.49:919][734]LogModuleManager: Shutting down and abandoning module AssetTools (75)
[2016.10.05-07.16.49:919][734]LogModuleManager: Shutting down and abandoning module UMGEditor (74)
[2016.10.05-07.16.49:919][734]LogModuleManager: Shutting down and abandoning module UMG (73)
[2016.10.05-07.16.49:919][734]LogModuleManager: Shutting down and abandoning module SlateReflector (72)
[2016.10.05-07.16.49:919][734]LogModuleManager: Shutting down and abandoning module Slate (71)
[2016.10.05-07.16.49:920][734]LogModuleManager: Shutting down and abandoning module EditorStyle (70)
[2016.10.05-07.16.49:922][734]LogModuleManager: Shutting down and abandoning module SourceCodeAccess (69)
[2016.10.05-07.16.49:922][734]LogModuleManager: Shutting down and abandoning module HeadMountedDisplay (68)
[2016.10.05-07.16.49:922][734]LogModuleManager: Shutting down and abandoning module XAudio2 (67)
[2016.10.05-07.16.49:922][734]LogModuleManager: Shutting down and abandoning module Networking (65)
[2016.10.05-07.16.49:922][734]LogModuleManager: Shutting down and abandoning module Core (64)
[2016.10.05-07.16.49:922][734]LogModuleManager: Shutting down and abandoning module DirectoryWatcher (63)
[2016.10.05-07.16.49:923][734]LogModuleManager: Shutting down and abandoning module AssetRegistry (62)
[2016.10.05-07.16.50:089][734]LogModuleManager: Shutting down and abandoning module KismetCompiler (61)
[2016.10.05-07.16.50:089][734]LogModuleManager: Shutting down and abandoning module PhysXFormats (60)
[2016.10.05-07.16.50:089][734]LogModuleManager: Shutting down and abandoning module MeshUtilities (59)
[2016.10.05-07.16.50:089][734]LogModuleManager: Shutting down and abandoning module DerivedDataCache (58)
[2016.10.05-07.16.50:112][734]LogDerivedDataCache: Shutdown
[2016.10.05-07.16.50:112][734]LogModuleManager: Shutting down and abandoning module VulkanShaderFormat (57)
[2016.10.05-07.16.50:112][734]LogModuleManager: Shutting down and abandoning module ShaderFormatOpenGL (56)
[2016.10.05-07.16.50:112][734]LogModuleManager: Shutting down and abandoning module ShaderFormatD3D (55)
[2016.10.05-07.16.50:112][734]LogModuleManager: Shutting down and abandoning module MetalShaderFormat (54)
[2016.10.05-07.16.50:112][734]LogModuleManager: Shutting down and abandoning module TextureFormatUncompressed (53)
[2016.10.05-07.16.50:112][734]LogModuleManager: Shutting down and abandoning module TextureFormatPVR (52)
[2016.10.05-07.16.50:112][734]LogModuleManager: Shutting down and abandoning module TextureFormatIntelISPCTexComp (51)
[2016.10.05-07.16.50:112][734]LogModuleManager: Shutting down and abandoning module TextureFormatDXT (50)
[2016.10.05-07.16.50:112][734]LogModuleManager: Shutting down and abandoning module ImageWrapper (49)
[2016.10.05-07.16.50:112][734]LogModuleManager: Shutting down and abandoning module TextureFormatASTC (48)
[2016.10.05-07.16.50:112][734]LogModuleManager: Shutting down and abandoning module TextureFormatAndroid (47)
[2016.10.05-07.16.50:112][734]LogModuleManager: Shutting down and abandoning module AudioFormatOpus (46)
[2016.10.05-07.16.50:112][734]LogModuleManager: Shutting down and abandoning module AudioFormatOgg (45)
[2016.10.05-07.16.50:112][734]LogModuleManager: Shutting down and abandoning module AudioFormatADPCM (44)
[2016.10.05-07.16.50:112][734]LogModuleManager: Shutting down and abandoning module LinuxTargetPlatform (43)
[2016.10.05-07.16.50:112][734]LogModuleManager: Shutting down and abandoning module LinuxServerTargetPlatform (42)
[2016.10.05-07.16.50:112][734]LogModuleManager: Shutting down and abandoning module LinuxNoEditorTargetPlatform (41)
[2016.10.05-07.16.50:112][734]LogModuleManager: Shutting down and abandoning module TVOSTargetPlatform (40)
[2016.10.05-07.16.50:112][734]LogModuleManager: Shutting down and abandoning module Messaging (39)
[2016.10.05-07.16.50:112][734]LogModuleManager: Shutting down and abandoning module IOSTargetPlatform (38)
[2016.10.05-07.16.50:112][734]LogModuleManager: Shutting down and abandoning module HTML5TargetPlatform (37)
[2016.10.05-07.16.50:112][734]LogModuleManager: Shutting down and abandoning module Android_PVRTCTargetPlatform (36)
[2016.10.05-07.16.50:112][734]LogModuleManager: Shutting down and abandoning module Android_MultiTargetPlatform (35)
[2016.10.05-07.16.50:112][734]LogModuleManager: Shutting down and abandoning module Android_ETC2TargetPlatform (34)
[2016.10.05-07.16.50:112][734]LogModuleManager: Shutting down and abandoning module Android_ETC1TargetPlatform (33)
[2016.10.05-07.16.50:112][734]LogModuleManager: Shutting down and abandoning module Android_DXTTargetPlatform (32)
[2016.10.05-07.16.50:112][734]LogModuleManager: Shutting down and abandoning module Android_ATCTargetPlatform (31)
[2016.10.05-07.16.50:112][734]LogModuleManager: Shutting down and abandoning module Android_ASTCTargetPlatform (30)
[2016.10.05-07.16.50:112][734]LogModuleManager: Shutting down and abandoning module AndroidTargetPlatform (29)
[2016.10.05-07.16.50:112][734]LogModuleManager: Shutting down and abandoning module WindowsTargetPlatform (28)
[2016.10.05-07.16.50:112][734]LogModuleManager: Shutting down and abandoning module WindowsServerTargetPlatform (27)
[2016.10.05-07.16.50:112][734]LogModuleManager: Shutting down and abandoning module WindowsNoEditorTargetPlatform (26)
[2016.10.05-07.16.50:112][734]LogModuleManager: Shutting down and abandoning module WindowsClientTargetPlatform (25)
[2016.10.05-07.16.50:112][734]LogModuleManager: Shutting down and abandoning module AllDesktopTargetPlatform (24)
[2016.10.05-07.16.50:112][734]LogModuleManager: Shutting down and abandoning module TargetPlatform (23)
[2016.10.05-07.16.50:113][734]LogModuleManager: Shutting down and abandoning module InputCore (22)
[2016.10.05-07.16.50:113][734]LogModuleManager: Shutting down and abandoning module Settings (21)
[2016.10.05-07.16.50:113][734]LogModuleManager: Shutting down and abandoning module OnlineSubsystem (19)
[2016.10.05-07.16.50:113][734]LogModuleManager: Shutting down and abandoning module HTTP (18)
[2016.10.05-07.16.54:622][734]LogModuleManager: Shutting down and abandoning module XMPP (17)
[2016.10.05-07.16.54:622][734]LogModuleManager: Shutting down and abandoning module OculusRift (16)
[2016.10.05-07.16.54:622][734]LogModuleManager: Shutting down and abandoning module ExampleDeviceProfileSelector (15)
[2016.10.05-07.16.54:622][734]LogModuleManager: Shutting down and abandoning module TextureCompressor (14)
[2016.10.05-07.16.54:622][734]LogModuleManager: Shutting down and abandoning module ShaderCore (13)
[2016.10.05-07.16.54:622][734]LogModuleManager: Shutting down and abandoning module Landscape (12)
[2016.10.05-07.16.54:622][734]LogModuleManager: Shutting down and abandoning module SlateRHIRenderer (11)
[2016.10.05-07.16.54:624][734]LogModuleManager: Shutting down and abandoning module OpenGLDrv (10)
[2016.10.05-07.16.54:624][734]LogModuleManager: Shutting down and abandoning module D3D11RHI (9)
[2016.10.05-07.16.54:624][734]LogModuleManager: Shutting down and abandoning module AnimGraphRuntime (8)
[2016.10.05-07.16.54:624][734]LogModuleManager: Shutting down and abandoning module Renderer (7)
[2016.10.05-07.16.54:624][734]LogModuleManager: Shutting down and abandoning module Engine (6)
[2016.10.05-07.16.54:624][734]LogModuleManager: Shutting down and abandoning module CoreUObject (5)
[2016.10.05-07.16.54:624][734]LogModuleManager: Shutting down and abandoning module NetworkFile (4)
[2016.10.05-07.16.54:624][734]LogModuleManager: Shutting down and abandoning module StreamingFile (3)
[2016.10.05-07.16.54:624][734]LogModuleManager: Shutting down and abandoning module SandboxFile (2)
[2016.10.05-07.16.54:624][734]LogModuleManager: Shutting down and abandoning module PakFile (1)
[2016.10.05-07.16.54:626][734]LogExit: Exiting.
[2016.10.05-07.16.54:647][734]Log file closed, 10/05/16 01:16:54
