Log file open, 09/27/16 20:02:45
LogInit:Display: Running engine for game: Attic1
LogPlatformFile: Not using cached read wrapper
LogInit:Display: RandInit(1694202055) SRandInit(1694202055).
LogTaskGraph: Started task graph with 5 named threads and 8 total threads with 1 sets of task threads.
LogStats: Stats thread started at 0.086048
LogPluginManager: Loaded Plugin Paper2D, From C:/Program Files (x86)/Epic Games/4.13/Engine/Plugins/2D/Paper2D/Paper2D.uplugin
LogPluginManager: Loaded Plugin LightPropagationVolume, From C:/Program Files (x86)/Epic Games/4.13/Engine/Plugins/Blendables/LightPropagationVolume/LightPropagationVolume.uplugin
LogPluginManager: Loaded Plugin BlankPlugin, From C:/Program Files (x86)/Epic Games/4.13/Engine/Plugins/Developer/BlankPlugin/BlankPlugin.uplugin
LogPluginManager: Loaded Plugin CodeLiteSourceCodeAccess, From C:/Program Files (x86)/Epic Games/4.13/Engine/Plugins/Developer/CodeLiteSourceCodeAccess/CodeLiteSourceCodeAccess.uplugin
LogPluginManager: Loaded Plugin GitSourceControl, From C:/Program Files (x86)/Epic Games/4.13/Engine/Plugins/Developer/GitSourceControl/GitSourceControl.uplugin
LogPluginManager: Loaded Plugin KDevelopSourceCodeAccess, From C:/Program Files (x86)/Epic Games/4.13/Engine/Plugins/Developer/KDevelopSourceCodeAccess/KDevelopSourceCodeAccess.uplugin
LogPluginManager: Loaded Plugin NullSourceCodeAccess, From C:/Program Files (x86)/Epic Games/4.13/Engine/Plugins/Developer/NullSourceCodeAccess/NullSourceCodeAccess.uplugin
LogPluginManager: Loaded Plugin OneSkyLocalizationService, From C:/Program Files (x86)/Epic Games/4.13/Engine/Plugins/Developer/OneSkyLocalizationService/OneSkyLocalizationService.uplugin
LogPluginManager: Loaded Plugin PerforceSourceControl, From C:/Program Files (x86)/Epic Games/4.13/Engine/Plugins/Developer/PerforceSourceControl/PerforceSourceControl.uplugin
LogPluginManager: Loaded Plugin SubversionSourceControl, From C:/Program Files (x86)/Epic Games/4.13/Engine/Plugins/Developer/SubversionSourceControl/SubversionSourceControl.uplugin
LogPluginManager: Loaded Plugin UObjectPlugin, From C:/Program Files (x86)/Epic Games/4.13/Engine/Plugins/Developer/UObjectPlugin/UObjectPlugin.uplugin
LogPluginManager: Loaded Plugin VisualStudioSourceCodeAccess, From C:/Program Files (x86)/Epic Games/4.13/Engine/Plugins/Developer/VisualStudioSourceCodeAccess/VisualStudioSourceCodeAccess.uplugin
LogPluginManager: Loaded Plugin XCodeSourceCodeAccess, From C:/Program Files (x86)/Epic Games/4.13/Engine/Plugins/Developer/XCodeSourceCodeAccess/XCodeSourceCodeAccess.uplugin
LogPluginManager: Loaded Plugin EpicSurvey, From C:/Program Files (x86)/Epic Games/4.13/Engine/Plugins/Editor/EpicSurvey/EpicSurvey.uplugin
LogPluginManager: Loaded Plugin MacGraphicsSwitching, From C:/Program Files (x86)/Epic Games/4.13/Engine/Plugins/Editor/MacGraphicsSwitching/MacGraphicsSwitching.uplugin
LogPluginManager: Loaded Plugin MobileLauncherProfileWizard, From C:/Program Files (x86)/Epic Games/4.13/Engine/Plugins/Editor/MobileLauncherProfileWizard/MobileLauncherProfileWizard.uplugin
LogPluginManager: Loaded Plugin PluginBrowser, From C:/Program Files (x86)/Epic Games/4.13/Engine/Plugins/Editor/PluginBrowser/PluginBrowser.uplugin
LogPluginManager: Loaded Plugin SpeedTreeImporter, From C:/Program Files (x86)/Epic Games/4.13/Engine/Plugins/Editor/SpeedTreeImporter/SpeedTreeImporter.uplugin
LogPluginManager: Loaded Plugin SuperSearchEditor, From C:/Program Files (x86)/Epic Games/4.13/Engine/Plugins/Editor/SuperSearchEditor/SuperSearchEditor.uplugin
LogPluginManager: Loaded Plugin AlembicImporter, From C:/Program Files (x86)/Epic Games/4.13/Engine/Plugins/Experimental/AlembicImporter/AlembicImporter.uplugin
LogPluginManager: Loaded Plugin BlueprintStats, From C:/Program Files (x86)/Epic Games/4.13/Engine/Plugins/Experimental/BlueprintStats/BlueprintStats.uplugin
LogPluginManager: Loaded Plugin CharacterAI, From C:/Program Files (x86)/Epic Games/4.13/Engine/Plugins/Experimental/CharacterAI/CharacterAI.uplugin
LogPluginManager: Loaded Plugin CodeEditor, From C:/Program Files (x86)/Epic Games/4.13/Engine/Plugins/Experimental/CodeEditor/CodeEditor.uplugin
LogPluginManager: Loaded Plugin CodeView, From C:/Program Files (x86)/Epic Games/4.13/Engine/Plugins/Experimental/CodeView/CodeView.uplugin
LogPluginManager: Loaded Plugin HTML5Networking, From C:/Program Files (x86)/Epic Games/4.13/Engine/Plugins/Experimental/HTML5Networking/HTML5Networking.uplugin
LogPluginManager: Loaded Plugin LiveEditor, From C:/Program Files (x86)/Epic Games/4.13/Engine/Plugins/Experimental/LiveEditor/LiveEditor.uplugin
LogPluginManager: Loaded Plugin OSVR, From C:/Program Files (x86)/Epic Games/4.13/Engine/Plugins/Experimental/OSVR/OSVR.uplugin
LogPluginManager: Loaded Plugin Phya, From C:/Program Files (x86)/Epic Games/4.13/Engine/Plugins/Experimental/Phya/Phya.uplugin
LogPluginManager: Loaded Plugin SignificanceManager, From C:/Program Files (x86)/Epic Games/4.13/Engine/Plugins/Experimental/SignificanceManager/SignificanceManager.uplugin
LogPluginManager: Loaded Plugin SimpleHMD, From C:/Program Files (x86)/Epic Games/4.13/Engine/Plugins/Experimental/SimpleHMD/SimpleHMD.uplugin
LogPluginManager: Loaded Plugin StereoPanorama, From C:/Program Files (x86)/Epic Games/4.13/Engine/Plugins/Experimental/StereoPanorama/StereoPanorama.uplugin
LogPluginManager: Loaded Plugin StructBox, From C:/Program Files (x86)/Epic Games/4.13/Engine/Plugins/Experimental/StructBox/StructBox.uplugin
LogPluginManager: Loaded Plugin AndroidMedia, From C:/Program Files (x86)/Epic Games/4.13/Engine/Plugins/Media/AndroidMedia/AndroidMedia.uplugin
LogPluginManager: Loaded Plugin AvfMedia, From C:/Program Files (x86)/Epic Games/4.13/Engine/Plugins/Media/AvfMedia/AvfMedia.uplugin
LogPluginManager: Loaded Plugin MediaPlayerEditor, From C:/Program Files (x86)/Epic Games/4.13/Engine/Plugins/Media/MediaPlayerEditor/MediaPlayerEditor.uplugin
LogPluginManager: Loaded Plugin WmfMedia, From C:/Program Files (x86)/Epic Games/4.13/Engine/Plugins/Media/WmfMedia/WmfMedia.uplugin
LogPluginManager: Loaded Plugin MessagingDebugger, From C:/Program Files (x86)/Epic Games/4.13/Engine/Plugins/Messaging/MessagingDebugger/MessagingDebugger.uplugin
LogPluginManager: Loaded Plugin TcpMessaging, From C:/Program Files (x86)/Epic Games/4.13/Engine/Plugins/Messaging/TcpMessaging/TcpMessaging.uplugin
LogPluginManager: Loaded Plugin UdpMessaging, From C:/Program Files (x86)/Epic Games/4.13/Engine/Plugins/Messaging/UdpMessaging/UdpMessaging.uplugin
LogPluginManager: Loaded Plugin LevelSequenceEditor, From C:/Program Files (x86)/Epic Games/4.13/Engine/Plugins/MovieScene/LevelSequenceEditor/LevelSequenceEditor.uplugin
LogPluginManager: Loaded Plugin MatineeToLevelSequence, From C:/Program Files (x86)/Epic Games/4.13/Engine/Plugins/MovieScene/MatineeToLevelSequence/MatineeToLevelSequence.uplugin
LogPluginManager: Loaded Plugin NetcodeUnitTest, From C:/Program Files (x86)/Epic Games/4.13/Engine/Plugins/NetcodeUnitTest/NetcodeUnitTest/NetcodeUnitTest.uplugin
LogPluginManager: Loaded Plugin NUTUnrealEngine4, From C:/Program Files (x86)/Epic Games/4.13/Engine/Plugins/NetcodeUnitTest/NUTUnrealEngine4/NUTUnrealEngine4.uplugin
LogPluginManager: Loaded Plugin OnlineSubsystemGooglePlay, From C:/Program Files (x86)/Epic Games/4.13/Engine/Plugins/Online/Android/OnlineSubsystemGooglePlay/OnlineSubsystemGooglePlay.uplugin
LogPluginManager: Loaded Plugin OnlineSubsystemIOS, From C:/Program Files (x86)/Epic Games/4.13/Engine/Plugins/Online/IOS/OnlineSubsystemIOS/OnlineSubsystemIOS.uplugin
LogPluginManager: Loaded Plugin OnlineFramework, From C:/Program Files (x86)/Epic Games/4.13/Engine/Plugins/Online/OnlineFramework/OnlineFramework.uplugin
LogPluginManager: Loaded Plugin OnlineSubsystem, From C:/Program Files (x86)/Epic Games/4.13/Engine/Plugins/Online/OnlineSubsystem/OnlineSubsystem.uplugin
LogPluginManager: Loaded Plugin OnlineSubsystemAmazon, From C:/Program Files (x86)/Epic Games/4.13/Engine/Plugins/Online/OnlineSubsystemAmazon/OnlineSubsystemAmazon.uplugin
LogPluginManager: Loaded Plugin OnlineSubsystemFacebook, From C:/Program Files (x86)/Epic Games/4.13/Engine/Plugins/Online/OnlineSubsystemFacebook/OnlineSubsystemFacebook.uplugin
LogPluginManager: Loaded Plugin OnlineSubsystemNull, From C:/Program Files (x86)/Epic Games/4.13/Engine/Plugins/Online/OnlineSubsystemNull/OnlineSubsystemNull.uplugin
LogPluginManager: Loaded Plugin OnlineSubsystemOculus, From C:/Program Files (x86)/Epic Games/4.13/Engine/Plugins/Online/OnlineSubsystemOculus/OnlineSubsystemOculus.uplugin
LogPluginManager: Loaded Plugin OnlineSubsystemSteam, From C:/Program Files (x86)/Epic Games/4.13/Engine/Plugins/Online/OnlineSubsystemSteam/OnlineSubsystemSteam.uplugin
LogPluginManager: Loaded Plugin OnlineSubsystemUtils, From C:/Program Files (x86)/Epic Games/4.13/Engine/Plugins/Online/OnlineSubsystemUtils/OnlineSubsystemUtils.uplugin
LogPluginManager: Loaded Plugin IOSTapJoy, From C:/Program Files (x86)/Epic Games/4.13/Engine/Plugins/Runtime/Advertising/IOSTapJoy/IOSTapJoy.uplugin
LogPluginManager: Loaded Plugin AnalyticsBlueprintLibrary, From C:/Program Files (x86)/Epic Games/4.13/Engine/Plugins/Runtime/Analytics/AnalyticsBlueprintLibrary/AnalyticsBlueprintLibrary.uplugin
LogPluginManager: Loaded Plugin AnalyticsMulticast, From C:/Program Files (x86)/Epic Games/4.13/Engine/Plugins/Runtime/Analytics/AnalyticsMulticast/AnalyticsMulticast.uplugin
LogPluginManager: Loaded Plugin Apsalar, From C:/Program Files (x86)/Epic Games/4.13/Engine/Plugins/Runtime/Analytics/Apsalar/Apsalar.uplugin
LogPluginManager: Loaded Plugin FileLogging, From C:/Program Files (x86)/Epic Games/4.13/Engine/Plugins/Runtime/Analytics/FileLogging/FileLogging.uplugin
LogPluginManager: Loaded Plugin Flurry, From C:/Program Files (x86)/Epic Games/4.13/Engine/Plugins/Runtime/Analytics/Flurry/Flurry.uplugin
LogPluginManager: Loaded Plugin AndroidDeviceProfileSelector, From C:/Program Files (x86)/Epic Games/4.13/Engine/Plugins/Runtime/AndroidDeviceProfileSelector/AndroidDeviceProfileSelector.uplugin
LogPluginManager: Loaded Plugin AndroidMoviePlayer, From C:/Program Files (x86)/Epic Games/4.13/Engine/Plugins/Runtime/AndroidMoviePlayer/AndroidMoviePlayer.uplugin
LogPluginManager: Loaded Plugin AppleMoviePlayer, From C:/Program Files (x86)/Epic Games/4.13/Engine/Plugins/Runtime/AppleMoviePlayer/AppleMoviePlayer.uplugin
LogPluginManager: Loaded Plugin ArchVisCharacter, From C:/Program Files (x86)/Epic Games/4.13/Engine/Plugins/Runtime/ArchVisCharacter/ArchVisCharacter.uplugin
LogPluginManager: Loaded Plugin CableComponent, From C:/Program Files (x86)/Epic Games/4.13/Engine/Plugins/Runtime/CableComponent/CableComponent.uplugin
LogPluginManager: Loaded Plugin CustomMeshComponent, From C:/Program Files (x86)/Epic Games/4.13/Engine/Plugins/Runtime/CustomMeshComponent/CustomMeshComponent.uplugin
LogPluginManager: Loaded Plugin ExampleDeviceProfileSelector, From C:/Program Files (x86)/Epic Games/4.13/Engine/Plugins/Runtime/ExampleDeviceProfileSelector/ExampleDeviceProfileSelector.uplugin
LogPluginManager: Loaded Plugin GearVR, From C:/Program Files (x86)/Epic Games/4.13/Engine/Plugins/Runtime/GearVR/GearVR.uplugin
LogPluginManager: Loaded Plugin GoogleVRController, From C:/Program Files (x86)/Epic Games/4.13/Engine/Plugins/Runtime/GoogleVR/GoogleVRController/GoogleVRController.uplugin
LogPluginManager: Loaded Plugin GoogleVRHMD, From C:/Program Files (x86)/Epic Games/4.13/Engine/Plugins/Runtime/GoogleVR/GoogleVRHMD/GoogleVRHMD.uplugin
LogPluginManager: Loaded Plugin IOSDeviceProfileSelector, From C:/Program Files (x86)/Epic Games/4.13/Engine/Plugins/Runtime/IOSDeviceProfileSelector/IOSDeviceProfileSelector.uplugin
LogPluginManager: Loaded Plugin LeapMotion, From C:/Program Files (x86)/Epic Games/4.13/Engine/Plugins/Runtime/LeapMotion/LeapMotion.uplugin
LogPluginManager: Loaded Plugin LinuxDeviceProfileSelector, From C:/Program Files (x86)/Epic Games/4.13/Engine/Plugins/Runtime/LinuxDeviceProfileSelector/LinuxDeviceProfileSelector.uplugin
LogPluginManager: Loaded Plugin LiveEditorListenServer, From C:/Program Files (x86)/Epic Games/4.13/Engine/Plugins/Runtime/LiveEditorListenServer/LiveEditorListenServer.uplugin
LogPluginManager: Loaded Plugin OculusAudio, From C:/Program Files (x86)/Epic Games/4.13/Engine/Plugins/Runtime/OculusAudio/OculusAudio.uplugin
LogPluginManager: Loaded Plugin OculusInput, From C:/Program Files (x86)/Epic Games/4.13/Engine/Plugins/Runtime/OculusInput/OculusInput.uplugin
LogPluginManager: Loaded Plugin OculusLibrary, From C:/Program Files (x86)/Epic Games/4.13/Engine/Plugins/Runtime/OculusLibrary/OculusLibrary.uplugin
LogPluginManager: Loaded Plugin OculusRift, From C:/Program Files (x86)/Epic Games/4.13/Engine/Plugins/Runtime/OculusRift/OculusRift.uplugin
LogPluginManager: Loaded Plugin Oodle, From C:/Program Files (x86)/Epic Games/4.13/Engine/Plugins/Runtime/PacketHandlers/CompressionComponents/Oodle/Oodle.uplugin
LogPluginManager: Loaded Plugin ProceduralMeshComponent, From C:/Program Files (x86)/Epic Games/4.13/Engine/Plugins/Runtime/ProceduralMeshComponent/ProceduralMeshComponent.uplugin
LogPluginManager: Loaded Plugin SoundMod, From C:/Program Files (x86)/Epic Games/4.13/Engine/Plugins/Runtime/SoundMod/SoundMod.uplugin
LogPluginManager: Loaded Plugin SoundVisualizations, From C:/Program Files (x86)/Epic Games/4.13/Engine/Plugins/Runtime/SoundVisualizations/SoundVisualizations.uplugin
LogPluginManager: Loaded Plugin SteamController, From C:/Program Files (x86)/Epic Games/4.13/Engine/Plugins/Runtime/Steam/SteamController/SteamController.uplugin
LogPluginManager: Loaded Plugin SteamVR, From C:/Program Files (x86)/Epic Games/4.13/Engine/Plugins/Runtime/Steam/SteamVR/SteamVR.uplugin
LogPluginManager: Loaded Plugin WebBrowserWidget, From C:/Program Files (x86)/Epic Games/4.13/Engine/Plugins/Runtime/WebBrowserWidget/WebBrowserWidget.uplugin
LogPluginManager: Loaded Plugin WindowsDeviceProfileSelector, From C:/Program Files (x86)/Epic Games/4.13/Engine/Plugins/Runtime/WindowsDeviceProfileSelector/WindowsDeviceProfileSelector.uplugin
LogPluginManager: Loaded Plugin WindowsMoviePlayer, From C:/Program Files (x86)/Epic Games/4.13/Engine/Plugins/Runtime/WindowsMoviePlayer/WindowsMoviePlayer.uplugin
LogPluginManager: Loaded Plugin ScriptPlugin, From C:/Program Files (x86)/Epic Games/4.13/Engine/Plugins/ScriptPlugin/ScriptPlugin.uplugin
LogPluginManager: Loaded Plugin SlateRemote, From C:/Program Files (x86)/Epic Games/4.13/Engine/Plugins/Slate/SlateRemote/SlateRemote.uplugin
LogInit: Using libcurl 7.47.1
LogInit:  - built for x86_64-pc-win32
LogInit:  - supports SSL with WinSSL
LogInit:  - other features:
LogInit:      CURL_VERSION_SSL
LogInit:      CURL_VERSION_IPV6
LogInit:      CURL_VERSION_ASYNCHDNS
LogInit:      CURL_VERSION_LARGEFILE
LogInit:      CURL_VERSION_IDN
LogInit:  CurlRequestOptions (configurable via config and command line):
LogInit:  - bVerifyPeer = false  - Libcurl will NOT verify peer certificate
LogInit:  - bUseHttpProxy = false  - Libcurl will NOT use HTTP proxy
LogInit:  - bDontReuseConnections = false  - Libcurl will reuse connections
LogInit:  - CertBundlePath = nullptr  - Libcurl will use whatever was configured at build time.
LogInit: Build: ++UE4+Release-4.13-CL-3106830
LogInit: Engine Version: 4.13.0-3106830+++UE4+Release-4.13
LogInit: Compatible Engine Version: 4.13.0-3106830+++UE4+Release-4.13
LogInit: Net CL: 3106830
LogDevObjectVersion: Number of dev versions registered: 13
LogDevObjectVersion:   Dev-Blueprints (B0D832E4-1F89-4F0D-ACCF-7EB736FD4AA2): 5
LogDevObjectVersion:   Dev-Build (E1C64328-A22C-4D53-A36C-8E866417BD8C): 0
LogDevObjectVersion:   Dev-Core (375EC13C-06E4-48FB-B500-84F0262A717E): 1
LogDevObjectVersion:   Dev-Editor (E4B068ED-F494-42E9-A231-DA0B2E46BB41): 6
LogDevObjectVersion:   Dev-Framework (CFFC743F-43B0-4480-9391-14DF171D2073): 12
LogDevObjectVersion:   Dev-Mobile (B02B49B5-BB20-44E9-A304-32B752E40360): 0
LogDevObjectVersion:   Dev-Networking (A4E4105C-59A1-49B5-A7C5-40C4547EDFEE): 0
LogDevObjectVersion:   Dev-Online (39C831C9-5AE6-47DC-9A44-9C173E1C8E7C): 0
LogDevObjectVersion:   Dev-Physics (78F01B33-EBEA-4F98-B9B4-84EACCB95AA2): 0
LogDevObjectVersion:   Dev-Platform (6631380F-2D4D-43E0-8009-CF276956A95A): 0
LogDevObjectVersion:   Dev-Rendering (12F88B9F-8875-4AFC-A67C-D90C383ABD29): 4
LogDevObjectVersion:   Dev-Sequencer (7B5AE74C-D270-4C10-A958-57980B212A5A): 0
LogDevObjectVersion:   Dev-VR (D7296918-1DD6-4BDD-9DE2-64A83CC13884): 0
LogInit: Compiled (64-bit): Aug 30 2016 18:11:39
LogInit: Compiled with Visual C++: 19.00.23026.00
LogInit: Build Configuration: Development
LogInit: Branch Name: ++UE4+Release-4.13
LogInit: Command line:  
LogInit: Base directory: C:/Program Files (x86)/Epic Games/4.13/Engine/Binaries/Win64/
LogInit: Installed Engine Build: 1
LogInit: Presizing for max 8388607 objects, including 0 objects not considered by GC, pre-allocating 0 bytes for permanent pool.
LogInit: Object subsystem initialized
[2016.09.28-02.02.46:122][  0]LogInit: Selected Device Profile: [Windows]
[2016.09.28-02.02.46:122][  0]LogInit: Applying CVar settings loaded from the selected device profile: [Windows]
[2016.09.28-02.02.46:135][  0]LogInit: Computer: DESKTOP-RKJQGRG
[2016.09.28-02.02.46:135][  0]LogInit: User: Frey
[2016.09.28-02.02.46:135][  0]LogInit: CPU Page size=65536, Cores=4
[2016.09.28-02.02.46:135][  0]LogInit: High frequency timer resolution =3.919440 MHz
[2016.09.28-02.02.46:135][  0]LogMemory: Memory total: Physical=15.9GB (16GB approx)
[2016.09.28-02.02.46:135][  0]LogMemory: Platform Memory Stats for Windows
[2016.09.28-02.02.46:135][  0]LogMemory: Process Physical Memory: 256.14 MB used, 256.14 MB peak
[2016.09.28-02.02.46:135][  0]LogMemory: Process Virtual Memory: 259.94 MB used, 259.94 MB peak
[2016.09.28-02.02.46:135][  0]LogMemory: Physical Memory: 4342.23 MB used, 16284.34 MB total
[2016.09.28-02.02.46:135][  0]LogMemory: Virtual Memory: 622.89 MB used, 134217728.00 MB total
[2016.09.28-02.02.46:166][  0]LogTextLocalizationManager: No specific translations for ('en-US') exist, so ('en') translations will be used.
[2016.09.28-02.02.47:062][  0]LogD3D11RHI: D3D11 adapters:
[2016.09.28-02.02.47:101][  0]LogD3D11RHI:    0. 'NVIDIA GeForce GTX 1060 3GB' (Feature Level 11_0)
[2016.09.28-02.02.47:101][  0]LogD3D11RHI:       3035/0/8142 MB DedicatedVideo/DedicatedSystem/SharedSystem, Outputs:1, VendorId:0x10de
[2016.09.28-02.02.47:104][  0]LogD3D11RHI:    1. 'Microsoft Basic Render Driver' (Feature Level 11_0)
[2016.09.28-02.02.47:104][  0]LogD3D11RHI:       0/0/8142 MB DedicatedVideo/DedicatedSystem/SharedSystem, Outputs:0, VendorId:0x1414
[2016.09.28-02.02.47:104][  0]LogD3D11RHI: Chosen D3D11 Adapter: 0
[2016.09.28-02.02.47:111][  0]LogD3D11RHI: Creating new Direct3DDevice
[2016.09.28-02.02.47:111][  0]LogD3D11RHI:     GPU DeviceId: 0x1c02 (for the marketing name, search the web for "GPU Device Id")
[2016.09.28-02.02.47:111][  0]LogWindows: EnumDisplayDevices:
[2016.09.28-02.02.47:111][  0]LogWindows:    0. 'NVIDIA GeForce GTX 1060 3GB' (P:1 D:1)
[2016.09.28-02.02.47:111][  0]LogWindows:    1. 'NVIDIA GeForce GTX 1060 3GB' (P:0 D:0)
[2016.09.28-02.02.47:112][  0]LogWindows:    2. 'NVIDIA GeForce GTX 1060 3GB' (P:0 D:0)
[2016.09.28-02.02.47:112][  0]LogWindows:    3. 'NVIDIA GeForce GTX 1060 3GB' (P:0 D:0)
[2016.09.28-02.02.47:112][  0]LogWindows: DebugString: FoundDriverCount:4 
[2016.09.28-02.02.47:112][  0]LogD3D11RHI:     Adapter Name: NVIDIA GeForce GTX 1060 3GB
[2016.09.28-02.02.47:112][  0]LogD3D11RHI:   Driver Version: 372.54 (internal:21.21.13.7254, unified:372.54)
[2016.09.28-02.02.47:112][  0]LogD3D11RHI:      Driver Date: 8-11-2016
[2016.09.28-02.02.47:112][  0]LogRHI: Texture pool is 1361 MB (70% of 1945 MB)
[2016.09.28-02.02.47:135][  0]LogD3D11RHI: Async texture creation enabled
[2016.09.28-02.02.47:147][  0]LogD3D11RHI: GPU Timing Frequency: 1000.000000 (Debug: 2 1)
[2016.09.28-02.02.47:147][  0]LogShaderCompilers: Guid format shader working directory is -16 characters bigger than the processId version (../../../../../../Users/Frey/Documents/Unreal Projects/Attic1/Intermediate/Shaders/WorkingDirectory/1596/).
[2016.09.28-02.02.47:148][  0]LogShaderCompilers: Cleaned the shader compiler working directory 'C:/Users/Frey/AppData/Local/Temp/UnrealShaderWorkingDir/29703FE945743828D89644AADFABD75C/'.
[2016.09.28-02.02.47:148][  0]LogShaderCompilers:Display: Using Local Shader Compiler.
[2016.09.28-02.02.48:525][  0]LogTemp:Display: Loaded TP AllDesktopTargetPlatform
[2016.09.28-02.02.48:537][  0]LogTemp:Display: Loaded TP WindowsClientTargetPlatform
[2016.09.28-02.02.48:548][  0]LogTemp:Display: Loaded TP WindowsNoEditorTargetPlatform
[2016.09.28-02.02.48:560][  0]LogTemp:Display: Loaded TP WindowsServerTargetPlatform
[2016.09.28-02.02.48:570][  0]LogTemp:Display: Loaded TP WindowsTargetPlatform
[2016.09.28-02.02.48:580][  0]LogTemp:Display: Loaded TP AndroidTargetPlatform
[2016.09.28-02.02.48:589][  0]LogTemp:Display: Loaded TP Android_ASTCTargetPlatform
[2016.09.28-02.02.48:598][  0]LogTemp:Display: Loaded TP Android_ATCTargetPlatform
[2016.09.28-02.02.48:607][  0]LogTemp:Display: Loaded TP Android_DXTTargetPlatform
[2016.09.28-02.02.48:616][  0]LogTemp:Display: Loaded TP Android_ETC1TargetPlatform
[2016.09.28-02.02.48:625][  0]LogTemp:Display: Loaded TP Android_ETC2TargetPlatform
[2016.09.28-02.02.48:644][  0]LogTemp:Display: Loaded TP Android_MultiTargetPlatform
[2016.09.28-02.02.48:644][  0]LogTemp:Display: Loaded TP Android_PVRTCTargetPlatform
[2016.09.28-02.02.48:646][  0]LogTemp:Display: Loaded TP HTML5TargetPlatform
[2016.09.28-02.02.48:669][  0]LogTemp:Display: Loaded TP IOSTargetPlatform
[2016.09.28-02.02.48:679][  0]LogTemp:Display: Loaded TP TVOSTargetPlatform
[2016.09.28-02.02.48:688][  0]LogTemp:Display: Loaded TP LinuxClientTargetPlatform
[2016.09.28-02.02.48:697][  0]LogTemp:Display: Loaded TP LinuxNoEditorTargetPlatform
[2016.09.28-02.02.48:706][  0]LogTemp:Display: Loaded TP LinuxServerTargetPlatform
[2016.09.28-02.02.48:716][  0]LogTemp:Display: Loaded TP LinuxTargetPlatform
[2016.09.28-02.02.48:716][  0]LogTargetPlatformManager:Display: Building Assets For Windows
[2016.09.28-02.02.48:820][  0]LogDerivedDataCache:Display: Max Cache Size: 512 MB
[2016.09.28-02.02.48:938][  0]LogDerivedDataCache: Loaded boot cache 0.12s 62MB C:/Users/Frey/AppData/Local/UnrealEngine/4.13/DerivedDataCache/Boot.ddc.
[2016.09.28-02.02.48:938][  0]LogDerivedDataCache:Display: Loaded Boot cache: C:/Users/Frey/AppData/Local/UnrealEngine/4.13/DerivedDataCache/Boot.ddc
[2016.09.28-02.02.48:939][  0]LogDerivedDataCache: FDerivedDataBackendGraph:  Pak pak cache file ../../../../../../Users/Frey/Documents/Unreal Projects/Attic1/DerivedDataCache/DDC.ddp not found, will not use a pak cache.
[2016.09.28-02.02.48:939][  0]LogDerivedDataCache: Unable to find inner node Pak for hierarchical cache Hierarchy.
[2016.09.28-02.02.48:939][  0]LogDerivedDataCache: FDerivedDataBackendGraph:  CompressedPak pak cache file ../../../../../../Users/Frey/Documents/Unreal Projects/Attic1/DerivedDataCache/Compressed.ddp not found, will not use a pak cache.
[2016.09.28-02.02.48:939][  0]LogDerivedDataCache: Unable to find inner node CompressedPak for hierarchical cache Hierarchy.
[2016.09.28-02.02.48:959][  0]LogDerivedDataCache:Display: Pak cache opened for reading ../../../Engine/DerivedDataCache/Compressed.ddp.
[2016.09.28-02.02.48:972][  0]LogDerivedDataCache: Using Local data cache path C:/Users/Frey/AppData/Local/UnrealEngine/Common/DerivedDataCache: Writable
[2016.09.28-02.02.49:285][  0]LogInit: Selected Device Profile: [Windows]
[2016.09.28-02.02.49:288][  0]LogContentStreaming: Texture pool size is 0.00 MB
[2016.09.28-02.02.49:408][  0]LogMeshUtilities: No automatic mesh reduction module available
[2016.09.28-02.02.49:408][  0]LogMeshUtilities: No automatic mesh merging module available
[2016.09.28-02.02.49:408][  0]LogMeshUtilities: No distributed automatic mesh merging module available
[2016.09.28-02.02.49:501][  0]LogMaterial: Uniform references updated for custom material expression Custom.
[2016.09.28-02.02.49:942][  0]LogNetVersion: GetLocalNetworkVersion: CL: 3106830, ProjectName: attic1, ProjectVersion: , EngineNetworkVersion: 1, GameNetworkVersion: 0, NetworkChecksum: 306430604
[2016.09.28-02.02.49:983][  0]LogAssetRegistry: FAssetRegistry took 0.0213 seconds to start up
[2016.09.28-02.02.50:026][  0]LogPackageLocalizationCache: Processed 3 localized package path(s) for 2 prioritized culture(s) in 0.039675 seconds
[2016.09.28-02.02.50:035][  0]LogUObjectArray: 29777 objects as part of root set at end of initial load.
[2016.09.28-02.02.50:035][  0]LogUObjectAllocator: 6124704 out of 0 bytes used by permanent object pool.
[2016.09.28-02.02.50:035][  0]LogUObjectArray: CloseDisregardForGC: 0/0 objects in disregard for GC pool
[2016.09.28-02.02.50:045][  0]LogInit: WinSock: version 1.1 (2.2), MaxSocks=32767, MaxUdp=65467
[2016.09.28-02.02.50:333][  0]LogSlate: SlateFontCache - WITH_FREETYPE: 1, WITH_HARFBUZZ: 1
[2016.09.28-02.02.50:333][  0]LogSlate: SlateFontCache - WITH_FREETYPE: 1, WITH_HARFBUZZ: 1
[2016.09.28-02.02.51:560][  0]LogUdpMessaging: Initializing bridge on interface 0.0.0.0:0 to multicast group 230.0.0.1:6666.
[2016.09.28-02.02.51:865][  0]SourceControl: Info Source control is disabled
[2016.09.28-02.02.51:866][  0]SourceControl: Info Source control is disabled
[2016.09.28-02.02.51:879][  0]SourceControl: Info Source control is disabled
[2016.09.28-02.02.51:893][  0]SourceControl: Info Source control is disabled
[2016.09.28-02.02.52:305][  0]LogEngine: Initializing Engine...
[2016.09.28-02.02.52:306][  0]LogHMD: Failed to initialize OpenVR with code 110
[2016.09.28-02.02.52:480][  0]LogAIModule: Creating AISystem for world Untitled
[2016.09.28-02.02.52:506][  0]LogInit: XAudio2 using 'Speakers (High Definition Audio Device)' : 2 channels at 44.1 kHz using 16 bits per sample (channel mask 0x3)
[2016.09.28-02.02.52:523][  0]LogInit: FAudioDevice initialized.
[2016.09.28-02.02.52:582][  0]LogDerivedDataCache: Saved boot cache 0.06s 62MB C:/Users/Frey/AppData/Local/UnrealEngine/4.13/DerivedDataCache/Boot.ddc.
[2016.09.28-02.02.52:601][  0]LogInit: Texture streaming: Enabled
[2016.09.28-02.02.52:632][  0]LogInit: Transaction tracking system initialized
[2016.09.28-02.02.52:659][  0]BlueprintLog: New page: Editor Load
[2016.09.28-02.02.52:755][  0]LocalizationService: Info Localization service is disabled
[2016.09.28-02.02.52:856][  0]LogConsoleResponse:Display: 
[2016.09.28-02.02.52:992][  0]LogCook:Display: Max memory allowance for cook 16384mb min free memory 0mb
[2016.09.28-02.02.52:992][  0]LogCook:Display: Mobile HDR setting 1
[2016.09.28-02.02.53:235][  0]LogFileCache: Scanning file cache for directory 'C:/Users/Frey/Documents/Unreal Projects/Attic1/Content/' took 0.02s
[2016.09.28-02.02.53:235][  0]SourceControl: Info Source control is disabled
[2016.09.28-02.02.53:235][  0]Cmd: MAP LOAD FILE="../../../../../../Users/Frey/Documents/Unreal Projects/Attic1/Content/StarterContent/Maps/Minimal_Default.umap" TEMPLATE=0 SHOWPROGRESS=1 FEATURELEVEL=3
[2016.09.28-02.02.53:236][  0]LightingResults: New page: Lighting Build
[2016.09.28-02.02.53:239][  0]MapCheck: New page: Map Check
[2016.09.28-02.02.53:239][  0]LightingResults: New page: Lighting Build
[2016.09.28-02.02.53:559][  0]LogAIModule: Creating AISystem for world Minimal_Default
[2016.09.28-02.02.53:567][  0]LogEditorServer: Finished looking for orphan Actors (0.000 secs)
[2016.09.28-02.02.53:567][  0]Cmd: MAP CHECKDEP NOCLEARLOG
[2016.09.28-02.02.53:699][  0]MapCheck: Info Map check complete: 0 Error(s), 0 Warning(s), took 131.183ms to complete.
[2016.09.28-02.02.53:699][  0]LogFileHelpers: Loading map 'Minimal_Default' took 0.464
[2016.09.28-02.02.54:347][  0]LogCollectionManager: Loaded 0 collections in 0.002119 seconds
[2016.09.28-02.02.54:390][  0]LogFileCache: Scanning file cache for directory 'C:/Users/Frey/Documents/Unreal Projects/Attic1/Saved/Collections/' took 0.01s
[2016.09.28-02.02.54:391][  0]LogFileCache: Scanning file cache for directory 'C:/Users/Frey/Documents/Unreal Projects/Attic1/Content/Developers/Frey/Collections/' took 0.01s
[2016.09.28-02.02.54:391][  0]LogFileCache: Scanning file cache for directory 'C:/Users/Frey/Documents/Unreal Projects/Attic1/Content/Collections/' took 0.01s
[2016.09.28-02.02.54:391][  0]LogCollectionManager: Rebuilt the GUID cache for 0 collections in 0.000004 seconds
[2016.09.28-02.02.54:403][  0]LogContentBrowser: Native class hierarchy populated in 0.0125 seconds. Added 2141 classes and 415 folders.
[2016.09.28-02.02.54:408][  0]LogStats: UGameplayTagsManager::ConstructGameplayTagTree: Construct from data asset -  0.000 s
[2016.09.28-02.02.54:408][  0]LogStats: UGameplayTagsManager::ConstructGameplayTagTree: GameplayTagTreeChangedEvent.Broadcast -  0.000 s
[2016.09.28-02.02.54:408][  0]LogContentBrowser: Native class hierarchy updated for 'GameplayTags' in 0.0007 seconds. Added 12 classes and 0 folders.
[2016.09.28-02.02.54:414][  0]LogContentBrowser: Native class hierarchy updated for 'WidgetCarousel' in 0.0005 seconds. Added 0 classes and 0 folders.
[2016.09.28-02.02.54:495][  0]LogContentBrowser: Native class hierarchy updated for 'AddContentDialog' in 0.0006 seconds. Added 0 classes and 0 folders.
[2016.09.28-02.02.54:501][  0]LogContentBrowser: Native class hierarchy updated for 'SceneOutliner' in 0.0006 seconds. Added 1 classes and 2 folders.
[2016.09.28-02.02.54:518][  0]LogCrashTracker: Crashtracker disabled due to settings.
[2016.09.28-02.02.54:523][  0]LogUObjectGlobals:Warning: Failed to find object 'Class None.'
[2016.09.28-02.02.54:552][  0]LogContentBrowser: Native class hierarchy updated for 'HierarchicalLODOutliner' in 0.0006 seconds. Added 1 classes and 2 folders.
[2016.09.28-02.02.54:552][  0]LogLoad: (Engine Initialization) Total time: 9.76 seconds
[2016.09.28-02.02.54:552][  0]LogLoad: (Engine Initialization) Total Blueprint compile time: 0.06 seconds
[2016.09.28-02.02.54:552][  0]LogExternalProfiler: No external profilers were discovered.  External profiling features will not be available.
[2016.09.28-02.02.54:561][  0]LogWindowsTextInputMethodSystem:Display: IME system now deactivated.
[2016.09.28-02.02.54:561][  0]LogOcInput: OculusInput pre-init called
[2016.09.28-02.02.54:582][  0]LogContentStreaming: Texture pool size now 1000 MB
[2016.09.28-02.02.54:765][  0]LogRenderer: Reallocating scene render targets to support 1180x644 (Frame:2).
[2016.09.28-02.02.54:895][  2]LogAssetRegistry: Asset discovery search completed in 4.9335 seconds
[2016.09.28-02.02.54:895][  2]LogCollectionManager: Rebuilt the object cache for 0 collections in 0.000001 seconds (found 0 objects)
[2016.09.28-02.02.54:895][  2]LogCollectionManager: Fixed up redirectors for 0 collections in 0.000249 seconds (updated 0 objects)
[2016.09.28-02.06.31:717][125]LogMaterial: Missing cached shader map for material M_Shelving, compiling. 
[2016.09.28-02.06.32:129][163]LogActorFactory: Actor Factory created SM_Shelving
[2016.09.28-02.06.33:385][273]LogActorFactory: Actor Factory created SM_Shelving
[2016.09.28-02.06.50:872][286]Cmd: TRANSACTION UNDO
[2016.09.28-02.06.50:872][286]LogEditorTransaction: Undo Move Actors
[2016.09.28-02.06.57:147][  7]Cmd: TRANSACTION UNDO
[2016.09.28-02.06.57:147][  7]LogEditorTransaction: Undo Scale Actors
[2016.09.28-02.06.58:392][141]Cmd: TRANSACTION UNDO
[2016.09.28-02.06.58:392][141]LogEditorTransaction: Undo Scale Actors
[2016.09.28-02.07.18:718][525]Cmd: DELETE
[2016.09.28-02.07.18:718][525]Cmd: ACTOR DELETE
[2016.09.28-02.07.18:720][525]LogEditorActor: Deleted Actor: Brush
[2016.09.28-02.07.18:751][525]LogEditorActor: Deleted 1 Actors (0.032 secs)
[2016.09.28-02.08.08:848][302]LogMaterial: Missing cached shader map for material M_DeskLamp_Mat, compiling. 
[2016.09.28-02.08.08:872][302]LogMaterial: Missing cached shader map for material M_FloorLamp_Mat, compiling. 
[2016.09.28-02.08.08:910][302]LogActorFactory: Actor Factory created SM_DeskLamp
[2016.09.28-02.08.12:348][669]LogActorFactory: Actor Factory created SM_DeskLamp
[2016.09.28-02.08.41:102][ 20]MapCheck: New page: Map Check
[2016.09.28-02.08.41:115][ 20]Cmd: MAP REBUILD ALLVISIBLE
[2016.09.28-02.08.41:116][ 20]LogEditorServer: Rebuildmap Clear paths rebuilt
[2016.09.28-02.08.41:188][ 20]LogMaterial: Missing cached shader map for material FDebugViewModeMaterialProxy WorldGridMaterial, compiling. Is special engine material.
[2016.09.28-02.08.41:195][ 20]LogMaterial: Missing cached shader map for material FDebugViewModeMaterialProxy MaterialInstanceDynamic_1, compiling. 
[2016.09.28-02.08.41:202][ 20]LogMaterial: Missing cached shader map for material FDebugViewModeMaterialProxy M_Basic_Wall, compiling. 
[2016.09.28-02.08.41:211][ 20]LogMaterial: Missing cached shader map for material FDebugViewModeMaterialProxy M_Shelving_Inst, compiling. 
[2016.09.28-02.08.41:219][ 20]LogMaterial: Missing cached shader map for material FDebugViewModeMaterialProxy M_DeskLamp_Mat_Inst, compiling. 
[2016.09.28-02.08.41:227][ 20]LogMaterial: Missing cached shader map for material FDebugViewModeMaterialProxy M_FloorLamp_Mat_Inst, compiling. 
[2016.09.28-02.08.41:999][ 20]LogLevel:Display: Export Material TexCoord Scales took 0.025 seconds.
[2016.09.28-02.08.42:004][ 20]TextureStreamingBuild:Display: Build Texture Streaming took 0.005 seconds.
[2016.09.28-02.08.42:023][ 20]LightingResults: New page: Lighting Build - Sep 27, 2016, 1:08:42 PM
[2016.09.28-02.08.42:072][ 20]LogSwarmInterface: [OpenConnection] Registering TCP channel ...
[2016.09.28-02.08.42:305][ 20]LogSwarmInterface: [OpenConnection] Connecting to agent ...
[2016.09.28-02.08.42:366][ 20]LogSwarmInterface: [TryOpenConnection] Testing the Agent
[2016.09.28-02.08.42:998][ 20]LogSwarmInterface: [TryOpenConnection] Opening Connection to Agent
[2016.09.28-02.08.42:998][ 20]LogSwarmInterface: [TryOpenConnection] Local Process ID is 1596
[2016.09.28-02.08.45:377][ 20]LogStaticLightingSystem:Warning: No importance volume found, so the scene bounding box was used.  You can optimize your scene's quality and lighting build times by adding importance volumes.
[2016.09.28-02.08.45:377][ 20]LogStaticLightingSystem: Running Lightmass w/ ImmediateImport mode ENABLED
[2016.09.28-02.08.45:377][ 20]LogStaticLightingSystem: Running Lightmass w/ ImmediateProcess mode ENABLED
[2016.09.28-02.08.45:377][ 20]LogStaticLightingSystem: Running Lightmass w/ Sorting mode ENABLED
[2016.09.28-02.08.45:377][ 20]LogStaticLightingSystem: Running Lightmass w/ Mapping paddings ENABLED
[2016.09.28-02.08.45:377][ 20]LogStaticLightingSystem: Running Lightmass w/ Mapping debug paddings DISABLED
[2016.09.28-02.08.45:587][ 20]Cmd: MAP CHECK DONTDISPLAYDIALOG
[2016.09.28-02.08.45:587][ 20]MapCheck: New page: Minimal_Default - Sep 27, 2016, 1:08:45 PM
[2016.09.28-02.08.45:588][ 20]MapCheck:Error: Error WorldSettings_1 Maps need lighting rebuilt 
[2016.09.28-02.08.45:743][ 20]MapCheck: Info Map check complete: 1 Error(s), 0 Warning(s), took 155.807ms to complete.
[2016.09.28-02.08.45:765][ 20]LogEditorBuildUtils: Build time 0:04
[2016.09.28-02.08.45:833][ 21]LogMaterial: Missing cached shader map for material FLightmassMaterialRenderer M_Shelving_Inst, compiling. 
[2016.09.28-02.08.45:840][ 21]LogMaterial: Missing cached shader map for material FLightmassMaterialRenderer M_Shelving_Inst, compiling. 
[2016.09.28-02.08.45:882][ 22]LogMaterial: Missing cached shader map for material FLightmassMaterialRenderer M_DeskLamp_Mat_Inst, compiling. 
[2016.09.28-02.08.45:892][ 22]LogMaterial: Missing cached shader map for material FLightmassMaterialRenderer M_DeskLamp_Mat_Inst, compiling. 
[2016.09.28-02.08.45:932][ 23]LogMaterial: Missing cached shader map for material FLightmassMaterialRenderer M_FloorLamp_Mat_Inst, compiling. 
[2016.09.28-02.08.45:940][ 23]LogMaterial: Missing cached shader map for material FLightmassMaterialRenderer M_FloorLamp_Mat_Inst, compiling. 
[2016.09.28-02.08.49:003][154]Job is a success!
[2016.09.28-02.08.49:230][155]LogTexture:Display: Building textures: HQ_Lightmap0_1 (AutoDXT)
[2016.09.28-02.08.49:230][155]LogTexture:Display: Building textures: LQ_Lightmap_0_1 (DXT1)
[2016.09.28-02.08.49:230][155]LogTexture:Display: Building textures: HQ_Lightmap1_2 (AutoDXT)
[2016.09.28-02.08.49:230][155]LogTexture:Display: Building textures: LQ_Lightmap_1_2 (DXT1)
[2016.09.28-02.08.49:230][155]LogTexture:Display: Building textures: HQ_Lightmap0_3 (AutoDXT)
[2016.09.28-02.08.49:230][155]LogTexture:Display: Building textures: LQ_Lightmap_0_3 (DXT1)
[2016.09.28-02.08.49:230][155]LogTexture:Display: Building textures: ShadowMapTexture2D_0 (BGRA8)
[2016.09.28-02.08.49:230][155]LogTexture:Display: Building textures: ShadowMapTexture2D_1 (BGRA8)
[2016.09.28-02.08.49:230][155]LogTexture:Display: Building textures: ShadowMapTexture2D_2 (G8)
[2016.09.28-02.08.49:287][155]Lightmass on DESKTOP-RKJQGRG: 1.28 sec total, 111 ms importing, 18 ms setup, 277 ms photons, 701 ms processing, 0 ms extra exporting [72/72 mappings]. Threads: 4.74 sec total, 1.36 sec processing.
[2016.09.28-02.08.49:321][155]LogStaticLightingSystem: Illumination: 7.28 sec (78 ms encoding lightmaps, 69 ms encoding shadowmaps)
[2016.09.28-02.08.49:321][155]LogStaticLightingSystem: Lightmap texture memory:  0.6 MB (0.1 MB streaming, 0.5 MB non-streaming), 6 textures
[2016.09.28-02.08.49:321][155]LogStaticLightingSystem: Shadowmap texture memory: 0.8 MB (0.2 MB streaming, 0.7 MB non-streaming), 3 textures
[2016.09.28-02.08.49:394][156]Cmd: MAP CHECK NOTIFYRESULTS
[2016.09.28-02.08.49:394][156]MapCheck: New page: Minimal_Default - Sep 27, 2016, 1:08:49 PM
[2016.09.28-02.08.49:544][156]MapCheck: Info Map check complete: 0 Error(s), 0 Warning(s), took 150.201ms to complete.
[2016.09.28-02.09.58:021][215]Cmd: EDIT COPY
[2016.09.28-02.09.58:216][238]Cmd: EDIT PASTE
[2016.09.28-02.10.26:477][572]LogEditorViewport: Clicking on Actor (LMB): BP_Sky_Sphere_C (BP_Sky_Sphere)
[2016.09.28-02.11.18:220][583]LogMaterial: Missing cached shader map for material T_Wood_Mat, compiling. 
[2016.09.28-02.12.25:390][737]LogTexture:Display: Building textures: T_Wood_Floor_Walnut_N (BC5)
[2016.09.28-02.12.26:162][737]LogTexture:Display: Building textures: T_Wood_Floor_Walnut_D (AutoDXT)
[2016.09.28-02.12.29:095][737]LogTexture:Display: Building textures: T_Wood_Floor_Walnut_M (AutoDXT)
[2016.09.28-02.14.02:942][355]Cmd: EDIT CUT
[2016.09.28-02.14.02:946][355]LogEditorActor: Deleted Actor: Brush
[2016.09.28-02.14.02:973][355]LogEditorActor: Deleted 1 Actors (0.027 secs)
[2016.09.28-02.14.02:973][355]Cmd: TRANSACTION UNDO
[2016.09.28-02.14.02:973][355]LogEditorTransaction: Undo Cut
[2016.09.28-02.14.02:981][355]LogActorComponent: ~FComponentReregisterContext: (/Game/StarterContent/Maps/Minimal_Default.Minimal_Default:PersistentLevel.BoxBrush4.BrushComponent0) Component already registered.
[2016.09.28-02.14.02:984][355]LogActorComponent: ~FComponentReregisterContext: (/Game/StarterContent/Maps/Minimal_Default.Minimal_Default:PersistentLevel.BoxBrush16.BrushComponent0) Component already registered.
[2016.09.28-02.14.02:984][355]LogActorComponent: ~FComponentReregisterContext: (/Game/StarterContent/Maps/Minimal_Default.Minimal_Default:PersistentLevel.CylinderBrush.BrushComponent0) Component already registered.
[2016.09.28-02.14.04:075][456]Cmd: TRANSACTION UNDO
[2016.09.28-02.14.04:075][456]LogEditorTransaction: Undo Move Actors
[2016.09.28-02.14.04:082][456]LogActorComponent: ~FComponentReregisterContext: (/Game/StarterContent/Maps/Minimal_Default.Minimal_Default:PersistentLevel.BoxBrush5.BrushComponent0) Component already registered.
[2016.09.28-02.14.04:085][456]LogActorComponent: ~FComponentReregisterContext: (/Game/StarterContent/Maps/Minimal_Default.Minimal_Default:PersistentLevel.BoxBrush16.BrushComponent0) Component already registered.
[2016.09.28-02.14.04:641][512]Cmd: TRANSACTION UNDO
[2016.09.28-02.14.04:641][512]LogEditorTransaction: Undo Move Actors
[2016.09.28-02.14.04:649][512]LogActorComponent: ~FComponentReregisterContext: (/Game/StarterContent/Maps/Minimal_Default.Minimal_Default:PersistentLevel.BoxBrush5.BrushComponent0) Component already registered.
[2016.09.28-02.14.04:653][512]LogActorComponent: ~FComponentReregisterContext: (/Game/StarterContent/Maps/Minimal_Default.Minimal_Default:PersistentLevel.BoxBrush16.BrushComponent0) Component already registered.
[2016.09.28-02.15.12:366][484]LogSavePackage: Save=155.00ms
[2016.09.28-02.15.12:366][484]LogSavePackage: Moving '../../../../../../Users/Frey/Documents/Unreal Projects/Attic1/Saved/Minimal_Default_Auto10CE08D2A4EF0839CEAB10EAE334F90B9.tmp' to '../../../../../../Users/Frey/Documents/Unreal Projects/Attic1/Saved/Autosaves/Game/StarterContent/Maps/Minimal_Default_Auto1.umap'
[2016.09.28-02.15.12:369][484]LogSavePackage:Display: Finished SavePackage ../../../../../../Users/Frey/Documents/Unreal Projects/Attic1/Saved/Autosaves/Game/StarterContent/Maps/Minimal_Default_Auto1.umap
[2016.09.28-02.15.12:371][484]LogFileHelpers: Editor autosave (incl. sublevels) for '/Game/StarterContent/Maps/Minimal_Default' took 0.183
[2016.09.28-02.15.12:371][484]LogFileHelpers: Editor autosave (incl. sublevels) for all levels took 0.183
[2016.09.28-02.15.12:375][484]OBJ SavePackage: Generating thumbnails for [1] asset(s) in package [/Game/ArchVis/Textures/T_Wood_Mat] ([1] browsable assets)...
[2016.09.28-02.15.12:391][484]OBJ SavePackage:     Rendered thumbnail for [Material /Game/ArchVis/Textures/T_Wood_Mat.T_Wood_Mat]
[2016.09.28-02.15.12:391][484]OBJ SavePackage: Finished generating thumbnails for package [/Game/ArchVis/Textures/T_Wood_Mat]
[2016.09.28-02.15.12:407][484]LogSavePackage: Save=13.64ms
[2016.09.28-02.15.12:407][484]LogSavePackage: Moving '../../../../../../Users/Frey/Documents/Unreal Projects/Attic1/Saved/T_Wood_Mat_Auto1B4CB2D094A88DA62375042A4A718476C.tmp' to '../../../../../../Users/Frey/Documents/Unreal Projects/Attic1/Saved/Autosaves/Game/ArchVis/Textures/T_Wood_Mat_Auto1.uasset'
[2016.09.28-02.15.12:409][484]LogSavePackage:Display: Finished SavePackage ../../../../../../Users/Frey/Documents/Unreal Projects/Attic1/Saved/Autosaves/Game/ArchVis/Textures/T_Wood_Mat_Auto1.uasset
[2016.09.28-02.15.12:409][484]LogFileHelpers: Auto-saving content packages took 0.036
[2016.09.28-02.15.14:746][712]LogActorFactory: Actor Factory created SM_GlassWindow
[2016.09.28-02.15.17:849][ 42]LogActorFactory: Actor Factory created SM_GlassWindow
[2016.09.28-02.16.40:595][808]LogTexture:Display: Building textures: T_Shelf_N (BC5)
[2016.09.28-02.16.41:225][808]LogTexture:Display: Building textures: T_Shelf_M (DXT1)
[2016.09.28-02.16.41:860][808]LogActorFactory: Actor Factory created SM_Shelf
[2016.09.28-02.16.41:869][808]LogActorFactory: Actor Factory created SM_Shelf
[2016.09.28-02.16.46:614][332]Cmd: TRANSACTION UNDO
[2016.09.28-02.16.46:614][332]LogEditorTransaction: Undo Create Actors
[2016.09.28-02.18.45:521][519]LogEditorViewport: Clicking on Actor (LMB): StaticMeshActor (SM_GlassWindow)
[2016.09.28-02.19.33:201][602]Cmd: EDIT COPY
[2016.09.28-02.19.33:448][630]Cmd: EDIT PASTE
[2016.09.28-02.19.37:545][ 78]Cmd: TRANSACTION UNDO
[2016.09.28-02.19.37:545][ 78]LogEditorTransaction: Undo Select Brush Surface
[2016.09.28-02.19.55:474][ 93]Cmd: TRANSACTION UNDO
[2016.09.28-02.19.55:474][ 93]LogEditorTransaction: Undo Scale Actors
[2016.09.28-02.19.55:482][ 93]LogActorComponent: ~FComponentReregisterContext: (/Game/StarterContent/Maps/Minimal_Default.Minimal_Default:PersistentLevel.BoxBrush9.BrushComponent0) Component already registered.
[2016.09.28-02.19.55:484][ 93]LogActorComponent: ~FComponentReregisterContext: (/Game/StarterContent/Maps/Minimal_Default.Minimal_Default:PersistentLevel.BoxBrush2.BrushComponent0) Component already registered.
[2016.09.28-02.22.17:641][459]Cmd: EDIT COPY
[2016.09.28-02.22.17:843][482]Cmd: EDIT PASTE
[2016.09.28-02.22.46:805][699]LogSavePackage: Save=188.94ms
[2016.09.28-02.22.46:805][699]LogSavePackage: Moving '../../../../../../Users/Frey/Documents/Unreal Projects/Attic1/Saved/Minimal_Default15AA22C2447DF530662663AB94F64581.tmp' to '../../../../../../Users/Frey/Documents/Unreal Projects/Attic1/Content/StarterContent/Maps/Minimal_Default.umap'
[2016.09.28-02.22.46:809][699]LogSavePackage:Display: Finished SavePackage ../../../../../../Users/Frey/Documents/Unreal Projects/Attic1/Content/StarterContent/Maps/Minimal_Default.umap
[2016.09.28-02.22.46:856][699]LogFileHelpers: Saving map 'Minimal_Default' took 0.437
[2016.09.28-02.22.46:881][699]Cmd: OBJ SAVEPACKAGE PACKAGE="/Game/ArchVis/Textures/T_Wood_Mat" FILE="../../../../../../Users/Frey/Documents/Unreal Projects/Attic1/Content/ArchVis/Textures/T_Wood_Mat.uasset" SILENT=true
[2016.09.28-02.22.46:896][699]LogSavePackage: Save=13.44ms
[2016.09.28-02.22.46:896][699]LogSavePackage: Moving '../../../../../../Users/Frey/Documents/Unreal Projects/Attic1/Saved/T_Wood_Mat8A3A5C21490D388FBACEFEBCDC303A67.tmp' to '../../../../../../Users/Frey/Documents/Unreal Projects/Attic1/Content/ArchVis/Textures/T_Wood_Mat.uasset'
[2016.09.28-02.22.46:899][699]LogSavePackage:Display: Finished SavePackage ../../../../../../Users/Frey/Documents/Unreal Projects/Attic1/Content/ArchVis/Textures/T_Wood_Mat.uasset
[2016.09.28-02.46.23:329][165]LogEditorViewport: Clicking on Actor (LMB): BP_Sky_Sphere_C (BP_Sky_Sphere)
[2016.09.28-02.46.33:082][214]Cmd: EDIT COPY
[2016.09.28-02.46.34:862][415]Cmd: EDIT PASTE
[2016.09.28-02.46.59:759][171]Cmd: EDIT COPY
[2016.09.28-02.47.00:042][202]Cmd: EDIT PASTE
[2016.09.28-02.47.32:991][902]LogActorFactory: Actor Factory created Cube
[2016.09.28-02.47.33:397][942]LogActorFactory: Actor Factory created Cube
[2016.09.28-02.47.56:371][406]LogEditorViewport: Clicking on Actor (LMB): StaticMeshActor (Cube)
[2016.09.28-02.48.08:044][666]LogEditorViewport: Clicking on Actor (LMB): StaticMeshActor (Cube)
[2016.09.28-02.48.10:051][886]Cmd: DELETE
[2016.09.28-02.48.10:051][886]Cmd: ACTOR DELETE
[2016.09.28-02.48.10:052][886]LogEditorActor: Deleted Actor: StaticMeshActor
[2016.09.28-02.48.10:077][886]LogEditorActor: Deleted 1 Actors (0.026 secs)
[2016.09.28-02.48.19:052][862]Cmd: BRUSH ADD SELECTNEWBRUSH
[2016.09.28-02.49.51:405][928]LogEditorViewport: Clicking on Actor (LMB): BP_Sky_Sphere_C (BP_Sky_Sphere)
[2016.09.28-02.50.45:333][824]LogEditorViewport: Clicking on Actor (LMB): BP_Sky_Sphere_C (BP_Sky_Sphere)
[2016.09.28-02.51.01:461][568]LogEditorViewport: Clicking on Actor (LMB): BP_Sky_Sphere_C (BP_Sky_Sphere)
[2016.09.28-02.51.23:793][993]Cmd: TRANSACTION UNDO
[2016.09.28-02.51.23:793][993]LogEditorTransaction: Undo Move Actors
[2016.09.28-02.51.23:802][993]LogActorComponent: ~FComponentReregisterContext: (/Game/StarterContent/Maps/Minimal_Default.Minimal_Default:PersistentLevel.BoxBrush8.BrushComponent0) Component already registered.
[2016.09.28-02.51.23:803][993]LogActorComponent: ~FComponentReregisterContext: (/Game/StarterContent/Maps/Minimal_Default.Minimal_Default:PersistentLevel.BoxBrush10.BrushComponent0) Component already registered.
[2016.09.28-02.51.23:806][993]LogActorComponent: ~FComponentReregisterContext: (/Game/StarterContent/Maps/Minimal_Default.Minimal_Default:PersistentLevel.BoxBrush12.BrushComponent0) Component already registered.
[2016.09.28-02.51.23:806][993]LogActorComponent: ~FComponentReregisterContext: (/Game/StarterContent/Maps/Minimal_Default.Minimal_Default:PersistentLevel.BoxBrush15.BrushComponent0) Component already registered.
[2016.09.28-02.51.25:164][129]Cmd: TRANSACTION UNDO
[2016.09.28-02.51.25:164][129]LogEditorTransaction: Undo Move Actors
[2016.09.28-02.51.25:174][129]LogActorComponent: ~FComponentReregisterContext: (/Game/StarterContent/Maps/Minimal_Default.Minimal_Default:PersistentLevel.BoxBrush8.BrushComponent0) Component already registered.
[2016.09.28-02.51.25:174][129]LogActorComponent: ~FComponentReregisterContext: (/Game/StarterContent/Maps/Minimal_Default.Minimal_Default:PersistentLevel.BoxBrush10.BrushComponent0) Component already registered.
[2016.09.28-02.51.25:178][129]LogActorComponent: ~FComponentReregisterContext: (/Game/StarterContent/Maps/Minimal_Default.Minimal_Default:PersistentLevel.BoxBrush12.BrushComponent0) Component already registered.
[2016.09.28-02.51.25:178][129]LogActorComponent: ~FComponentReregisterContext: (/Game/StarterContent/Maps/Minimal_Default.Minimal_Default:PersistentLevel.BoxBrush15.BrushComponent0) Component already registered.
[2016.09.28-02.51.44:451][281]MapCheck: New page: Map Check
[2016.09.28-02.51.44:460][281]Cmd: MAP REBUILD ALLVISIBLE
[2016.09.28-02.51.44:467][281]LogEditorServer: Rebuildmap Clear paths rebuilt
[2016.09.28-02.51.44:495][281]LogEditorServer: Cleared 3 NULL BSP materials after rebuild.
[2016.09.28-02.51.44:520][281]LogMaterial: Missing cached shader map for material FDebugViewModeMaterialProxy WorldGridMaterial, compiling. Is special engine material.
[2016.09.28-02.51.44:526][281]LogMaterial: Missing cached shader map for material FDebugViewModeMaterialProxy MaterialInstanceDynamic_2, compiling. 
[2016.09.28-02.51.44:533][281]LogMaterial: Missing cached shader map for material FDebugViewModeMaterialProxy M_Basic_Wall, compiling. 
[2016.09.28-02.51.44:540][281]LogMaterial: Missing cached shader map for material FDebugViewModeMaterialProxy M_Wood_Floor_Walnut_Worn, compiling. 
[2016.09.28-02.51.44:549][281]LogMaterial: Missing cached shader map for material FDebugViewModeMaterialProxy M_Shelving_Inst, compiling. 
[2016.09.28-02.51.44:556][281]LogMaterial: Missing cached shader map for material FDebugViewModeMaterialProxy M_DeskLamp_Mat_Inst, compiling. 
[2016.09.28-02.51.44:563][281]LogMaterial: Missing cached shader map for material FDebugViewModeMaterialProxy M_FloorLamp_Mat_Inst, compiling. 
[2016.09.28-02.51.44:572][281]LogMaterial: Missing cached shader map for material FDebugViewModeMaterialProxy M_Glass, compiling. 
[2016.09.28-02.51.45:380][281]LogLevel:Display: Export Material TexCoord Scales took 0.011 seconds.
[2016.09.28-02.51.45:386][281]TextureStreamingBuild:Display: Build Texture Streaming took 0.005 seconds.
[2016.09.28-02.51.45:400][281]LightingResults: New page: Lighting Build - Sep 27, 2016, 1:51:45 PM
[2016.09.28-02.51.45:409][281]LogSwarmInterface: [OpenConnection] Registering TCP channel ...
[2016.09.28-02.51.45:412][281]LogSwarmInterface: [OpenConnection] Connecting to agent ...
[2016.09.28-02.51.45:412][281]LogSwarmInterface: [TryOpenConnection] Testing the Agent
[2016.09.28-02.51.45:413][281]LogSwarmInterface: [TryOpenConnection] Opening Connection to Agent
[2016.09.28-02.51.45:413][281]LogSwarmInterface: [TryOpenConnection] Local Process ID is 1596
[2016.09.28-02.51.49:932][281]LogStaticLightingSystem:Warning: No importance volume found, so the scene bounding box was used.  You can optimize your scene's quality and lighting build times by adding importance volumes.
[2016.09.28-02.51.49:932][281]LogStaticLightingSystem: Running Lightmass w/ ImmediateImport mode ENABLED
[2016.09.28-02.51.49:932][281]LogStaticLightingSystem: Running Lightmass w/ ImmediateProcess mode ENABLED
[2016.09.28-02.51.49:932][281]LogStaticLightingSystem: Running Lightmass w/ Sorting mode ENABLED
[2016.09.28-02.51.49:932][281]LogStaticLightingSystem: Running Lightmass w/ Mapping paddings ENABLED
[2016.09.28-02.51.49:932][281]LogStaticLightingSystem: Running Lightmass w/ Mapping debug paddings DISABLED
[2016.09.28-02.51.50:079][281]Cmd: MAP CHECK DONTDISPLAYDIALOG
[2016.09.28-02.51.50:079][281]MapCheck: New page: Minimal_Default - Sep 27, 2016, 1:51:50 PM
[2016.09.28-02.51.50:080][281]MapCheck:Error: Error WorldSettings_1 Maps need lighting rebuilt 
[2016.09.28-02.51.50:230][281]MapCheck: Info Map check complete: 1 Error(s), 0 Warning(s), took 150.616ms to complete.
[2016.09.28-02.51.50:252][281]LogEditorBuildUtils: Build time 0:05
[2016.09.28-02.51.50:279][281]LogMaterial: Missing cached shader map for material FLightmassMaterialRenderer M_Glass, compiling. 
[2016.09.28-02.51.50:286][281]LogMaterial: Missing cached shader map for material FLightmassMaterialRenderer M_Glass, compiling. 
[2016.09.28-02.51.50:331][282]LogMaterial: Missing cached shader map for material FLightmassMaterialRenderer M_Wood_Floor_Walnut_Worn, compiling. 
[2016.09.28-02.51.50:339][282]LogMaterial: Missing cached shader map for material FLightmassMaterialRenderer M_Wood_Floor_Walnut_Worn, compiling. 
[2016.09.28-02.51.52:589][390]Job is a success!
[2016.09.28-02.51.52:763][391]LogTexture:Display: Building textures: HQ_Lightmap1_1 (AutoDXT)
[2016.09.28-02.51.52:763][391]LogTexture:Display: Building textures: HQ_Lightmap0_2 (AutoDXT)
[2016.09.28-02.51.52:763][391]LogTexture:Display: Building textures: LQ_Lightmap_1_3 (DXT1)
[2016.09.28-02.51.52:763][391]LogTexture:Display: Building textures: LQ_Lightmap_1_1 (DXT1)
[2016.09.28-02.51.52:763][391]LogTexture:Display: Building textures: HQ_Lightmap1_3 (AutoDXT)
[2016.09.28-02.51.52:763][391]LogTexture:Display: Building textures: LQ_Lightmap_0_2 (DXT1)
[2016.09.28-02.51.52:763][391]LogTexture:Display: Building textures: ShadowMapTexture2D_3 (BGRA8)
[2016.09.28-02.51.52:763][391]LogTexture:Display: Building textures: ShadowMapTexture2D_4 (BGRA8)
[2016.09.28-02.51.52:763][391]LogTexture:Display: Building textures: ShadowMapTexture2D_5 (G8)
[2016.09.28-02.51.52:787][391]Lightmass on DESKTOP-RKJQGRG: 1.14 sec total, 109 ms importing, 19 ms setup, 300 ms photons, 703 ms processing, 0 ms extra exporting [97/97 mappings]. Threads: 4.76 sec total, 1.85 sec processing.
[2016.09.28-02.51.52:799][391]LogStaticLightingSystem: Illumination: 7.37 sec (76 ms encoding lightmaps, 24 ms encoding shadowmaps)
[2016.09.28-02.51.52:800][391]LogStaticLightingSystem: Lightmap texture memory:  0.3 MB (0.1 MB streaming, 0.1 MB non-streaming), 6 textures
[2016.09.28-02.51.52:800][391]LogStaticLightingSystem: Shadowmap texture memory: 0.3 MB (0.2 MB streaming, 0.2 MB non-streaming), 3 textures
[2016.09.28-02.51.52:952][392]Cmd: MAP CHECK NOTIFYRESULTS
[2016.09.28-02.51.52:952][392]MapCheck: New page: Minimal_Default - Sep 27, 2016, 1:51:52 PM
[2016.09.28-02.51.53:103][392]MapCheck: Info Map check complete: 0 Error(s), 0 Warning(s), took 150.861ms to complete.
[2016.09.28-02.52.03:208][442]LogSavePackage: Save=124.38ms
[2016.09.28-02.52.03:208][442]LogSavePackage: Moving '../../../../../../Users/Frey/Documents/Unreal Projects/Attic1/Saved/Minimal_DefaultB7EC4F0843860FC1812B78B496F4A1E7.tmp' to '../../../../../../Users/Frey/Documents/Unreal Projects/Attic1/Content/StarterContent/Maps/Minimal_Default.umap'
[2016.09.28-02.52.03:213][442]LogSavePackage:Display: Finished SavePackage ../../../../../../Users/Frey/Documents/Unreal Projects/Attic1/Content/StarterContent/Maps/Minimal_Default.umap
[2016.09.28-02.52.03:230][442]LogFileHelpers: Saving map 'Minimal_Default' took 0.314
[2016.09.28-02.53.02:580][182]LogTexture:Display: Building textures: T_Wood_Walnut_D (AutoDXT)
[2016.09.28-02.53.10:512][757]Cmd: TRANSACTION UNDO
[2016.09.28-02.53.10:512][757]LogEditorTransaction: Undo Create Actors
[2016.09.28-02.53.10:515][757]LogPhysics:Warning: FDerivedDataPhysXCooker::BuildTriMesh: Triangle data from '/Game/StarterContent/Maps/Minimal_Default.Minimal_Default:PersistentLevel.ModelComponent_762' invalid (880 verts, 0 indices).
[2016.09.28-02.53.28:692][680]LogSavePackage: Save=124.06ms
[2016.09.28-02.53.28:692][680]LogSavePackage: Moving '../../../../../../Users/Frey/Documents/Unreal Projects/Attic1/Saved/Minimal_Default64D9B8264D1430149A299087018C0700.tmp' to '../../../../../../Users/Frey/Documents/Unreal Projects/Attic1/Content/StarterContent/Maps/Minimal_Default.umap'
[2016.09.28-02.53.28:697][680]LogSavePackage:Display: Finished SavePackage ../../../../../../Users/Frey/Documents/Unreal Projects/Attic1/Content/StarterContent/Maps/Minimal_Default.umap
[2016.09.28-02.53.28:715][680]LogFileHelpers: Saving map 'Minimal_Default' took 0.313
[2016.09.28-03.04.26:087][792]LogSavePackage: Save=125.58ms
[2016.09.28-03.04.26:087][792]LogSavePackage: Moving '../../../../../../Users/Frey/Documents/Unreal Projects/Attic1/Saved/Minimal_Default_Auto2D60DB4FB47AB346D9F17E08C2E7A789F.tmp' to '../../../../../../Users/Frey/Documents/Unreal Projects/Attic1/Saved/Autosaves/Game/StarterContent/Maps/Minimal_Default_Auto2.umap'
[2016.09.28-03.04.26:090][792]LogSavePackage:Display: Finished SavePackage ../../../../../../Users/Frey/Documents/Unreal Projects/Attic1/Saved/Autosaves/Game/StarterContent/Maps/Minimal_Default_Auto2.umap
[2016.09.28-03.04.26:092][792]LogFileHelpers: Editor autosave (incl. sublevels) for '/Game/StarterContent/Maps/Minimal_Default' took 0.152
[2016.09.28-03.04.26:092][792]LogFileHelpers: Editor autosave (incl. sublevels) for all levels took 0.152
[2016.09.28-03.04.33:654][ 42]LogTexture:Display: Building textures: T_Water_M (AutoDXT)
[2016.09.28-03.04.55:521][373]Cmd: TRANSACTION UNDO
[2016.09.28-03.04.55:521][373]LogEditorTransaction: Undo Create Actors
[2016.09.28-03.04.55:523][373]LogPhysics:Warning: FDerivedDataPhysXCooker::BuildTriMesh: Triangle data from '/Game/StarterContent/Maps/Minimal_Default.Minimal_Default:PersistentLevel.ModelComponent_762' invalid (880 verts, 0 indices).
[2016.09.28-03.05.39:722][278]Cmd: TRANSACTION UNDO
[2016.09.28-03.05.39:722][278]LogEditorTransaction: Undo Create Actors
[2016.09.28-03.05.39:725][278]LogPhysics:Warning: FDerivedDataPhysXCooker::BuildTriMesh: Triangle data from '/Game/StarterContent/Maps/Minimal_Default.Minimal_Default:PersistentLevel.ModelComponent_762' invalid (880 verts, 0 indices).
[2016.09.28-03.06.34:860][137]Cmd: TRANSACTION UNDO
[2016.09.28-03.06.34:861][137]LogEditorTransaction: Undo Create Actors
[2016.09.28-03.06.34:863][137]LogPhysics:Warning: FDerivedDataPhysXCooker::BuildTriMesh: Triangle data from '/Game/StarterContent/Maps/Minimal_Default.Minimal_Default:PersistentLevel.ModelComponent_762' invalid (880 verts, 0 indices).
[2016.09.28-03.06.35:078][152]Cmd: TRANSACTION UNDO
[2016.09.28-03.06.35:078][152]LogEditorTransaction: Undo Create Actors
[2016.09.28-03.06.49:205][684]Cmd: TRANSACTION UNDO
[2016.09.28-03.06.49:205][684]LogEditorTransaction: Undo Move Actors
[2016.09.28-03.06.49:218][684]LogActorComponent: ~FComponentReregisterContext: (/Game/StarterContent/Maps/Minimal_Default.Minimal_Default:PersistentLevel.BoxBrush19.BrushComponent0) Component already registered.
[2016.09.28-03.06.49:998][756]Cmd: TRANSACTION UNDO
[2016.09.28-03.06.49:998][756]LogEditorTransaction: Undo Move Actors
[2016.09.28-03.06.50:012][756]LogActorComponent: ~FComponentReregisterContext: (/Game/StarterContent/Maps/Minimal_Default.Minimal_Default:PersistentLevel.BoxBrush19.BrushComponent0) Component already registered.
[2016.09.28-03.07.55:683][265]LogSavePackage: Save=126.73ms
[2016.09.28-03.07.55:683][265]LogSavePackage: Moving '../../../../../../Users/Frey/Documents/Unreal Projects/Attic1/Saved/Minimal_Default35A04A1148FF3019FB46D6ADB2F338A0.tmp' to '../../../../../../Users/Frey/Documents/Unreal Projects/Attic1/Content/StarterContent/Maps/Minimal_Default.umap'
[2016.09.28-03.07.55:687][265]LogSavePackage:Display: Finished SavePackage ../../../../../../Users/Frey/Documents/Unreal Projects/Attic1/Content/StarterContent/Maps/Minimal_Default.umap
[2016.09.28-03.07.55:709][265]LogFileHelpers: Saving map 'Minimal_Default' took 0.345
[2016.09.28-03.07.59:479][684]Cmd: ACTOR HIDE SELECTED
[2016.09.28-03.08.00:200][767]Cmd: ACTOR HIDE SELECTED
[2016.09.28-03.08.00:686][825]Cmd: ACTOR HIDE SELECTED
[2016.09.28-03.08.02:014][984]Cmd: ACTOR HIDE SELECTED
[2016.09.28-03.08.05:709][421]LogEditorViewport: Clicking on Actor (LMB): BP_Sky_Sphere_C (BP_Sky_Sphere)
[2016.09.28-03.08.06:106][462]Cmd: ACTOR HIDE SELECTED
[2016.09.28-03.08.06:806][546]Cmd: ACTOR HIDE SELECTED
[2016.09.28-03.08.27:903][ 85]MapCheck: New page: Map Check
[2016.09.28-03.08.27:917][ 85]Cmd: MAP REBUILD ALLVISIBLE
[2016.09.28-03.08.27:918][ 85]LogEditorServer: Rebuildmap Clear paths rebuilt
[2016.09.28-03.08.27:965][ 85]LogMaterial: Missing cached shader map for material FDebugViewModeMaterialProxy WorldGridMaterial, compiling. Is special engine material.
[2016.09.28-03.08.27:971][ 85]LogMaterial: Missing cached shader map for material FDebugViewModeMaterialProxy MaterialInstanceDynamic_3, compiling. 
[2016.09.28-03.08.27:978][ 85]LogMaterial: Missing cached shader map for material FDebugViewModeMaterialProxy M_Wood_Floor_Walnut_Worn, compiling. 
[2016.09.28-03.08.27:985][ 85]LogMaterial: Missing cached shader map for material FDebugViewModeMaterialProxy M_Basic_Wall, compiling. 
[2016.09.28-03.08.27:993][ 85]LogMaterial: Missing cached shader map for material FDebugViewModeMaterialProxy M_Wood_Floor_Walnut_Polished, compiling. 
[2016.09.28-03.08.28:000][ 85]LogMaterial: Missing cached shader map for material FDebugViewModeMaterialProxy M_Shelving_Inst, compiling. 
[2016.09.28-03.08.28:007][ 85]LogMaterial: Missing cached shader map for material FDebugViewModeMaterialProxy M_DeskLamp_Mat_Inst, compiling. 
[2016.09.28-03.08.28:013][ 85]LogMaterial: Missing cached shader map for material FDebugViewModeMaterialProxy M_FloorLamp_Mat_Inst, compiling. 
[2016.09.28-03.08.28:020][ 85]LogMaterial: Missing cached shader map for material FDebugViewModeMaterialProxy M_Wood_Walnut, compiling. 
[2016.09.28-03.08.28:027][ 85]LogMaterial: Missing cached shader map for material FDebugViewModeMaterialProxy M_Glass, compiling. 
[2016.09.28-03.08.29:212][ 85]LogLevel:Display: Export Material TexCoord Scales took 0.022 seconds.
[2016.09.28-03.08.29:219][ 85]TextureStreamingBuild:Display: Build Texture Streaming took 0.007 seconds.
[2016.09.28-03.08.29:233][ 85]LightingResults: New page: Lighting Build - Sep 27, 2016, 2:08:29 PM
[2016.09.28-03.08.29:244][ 85]LogSwarmInterface: [OpenConnection] Registering TCP channel ...
[2016.09.28-03.08.29:247][ 85]LogSwarmInterface: [OpenConnection] Connecting to agent ...
[2016.09.28-03.08.29:247][ 85]LogSwarmInterface: [TryOpenConnection] Testing the Agent
[2016.09.28-03.08.29:248][ 85]LogSwarmInterface: [TryOpenConnection] Opening Connection to Agent
[2016.09.28-03.08.29:248][ 85]LogSwarmInterface: [TryOpenConnection] Local Process ID is 1596
[2016.09.28-03.08.33:760][ 85]LogStaticLightingSystem:Warning: No importance volume found, so the scene bounding box was used.  You can optimize your scene's quality and lighting build times by adding importance volumes.
[2016.09.28-03.08.33:760][ 85]LogStaticLightingSystem: Running Lightmass w/ ImmediateImport mode ENABLED
[2016.09.28-03.08.33:760][ 85]LogStaticLightingSystem: Running Lightmass w/ ImmediateProcess mode ENABLED
[2016.09.28-03.08.33:760][ 85]LogStaticLightingSystem: Running Lightmass w/ Sorting mode ENABLED
[2016.09.28-03.08.33:760][ 85]LogStaticLightingSystem: Running Lightmass w/ Mapping paddings ENABLED
[2016.09.28-03.08.33:760][ 85]LogStaticLightingSystem: Running Lightmass w/ Mapping debug paddings DISABLED
[2016.09.28-03.08.33:905][ 85]Cmd: MAP CHECK DONTDISPLAYDIALOG
[2016.09.28-03.08.33:905][ 85]MapCheck: New page: Minimal_Default - Sep 27, 2016, 2:08:33 PM
[2016.09.28-03.08.34:054][ 85]MapCheck: Info Map check complete: 0 Error(s), 0 Warning(s), took 148.733ms to complete.
[2016.09.28-03.08.34:077][ 85]LogEditorBuildUtils: Build time 0:06
[2016.09.28-03.08.34:095][ 85]LogMaterial: Missing cached shader map for material FLightmassMaterialRenderer M_Wood_Floor_Walnut_Polished, compiling. 
[2016.09.28-03.08.34:102][ 85]LogMaterial: Missing cached shader map for material FLightmassMaterialRenderer M_Wood_Floor_Walnut_Polished, compiling. 
[2016.09.28-03.08.34:128][ 86]LogMaterial: Missing cached shader map for material FLightmassMaterialRenderer M_Wood_Walnut, compiling. 
[2016.09.28-03.08.34:136][ 86]LogMaterial: Missing cached shader map for material FLightmassMaterialRenderer M_Wood_Walnut, compiling. 
[2016.09.28-03.08.36:408][233]Job is a success!
[2016.09.28-03.08.36:586][234]LogTexture:Display: Building textures: HQ_Lightmap0_1 (AutoDXT)
[2016.09.28-03.08.36:586][234]LogTexture:Display: Building textures: LQ_Lightmap_0_1 (DXT1)
[2016.09.28-03.08.36:587][234]LogTexture:Display: Building textures: HQ_Lightmap0_2 (AutoDXT)
[2016.09.28-03.08.36:587][234]LogTexture:Display: Building textures: LQ_Lightmap_0_2 (DXT1)
[2016.09.28-03.08.36:587][234]LogTexture:Display: Building textures: HQ_Lightmap0_3 (AutoDXT)
[2016.09.28-03.08.36:587][234]LogTexture:Display: Building textures: LQ_Lightmap_0_3 (DXT1)
[2016.09.28-03.08.36:587][234]LogTexture:Display: Building textures: ShadowMapTexture2D_6 (BGRA8)
[2016.09.28-03.08.36:587][234]LogTexture:Display: Building textures: ShadowMapTexture2D_7 (BGRA8)
[2016.09.28-03.08.36:587][234]LogTexture:Display: Building textures: ShadowMapTexture2D_8 (G8)
[2016.09.28-03.08.36:614][234]Lightmass on DESKTOP-RKJQGRG: 1.19 sec total, 121 ms importing, 18 ms setup, 288 ms photons, 750 ms processing, 0 ms extra exporting [97/97 mappings]. Threads: 5.09 sec total, 1.95 sec processing.
[2016.09.28-03.08.36:626][234]LogStaticLightingSystem: Illumination: 7.37 sec (76 ms encoding lightmaps, 24 ms encoding shadowmaps)
[2016.09.28-03.08.36:626][234]LogStaticLightingSystem: Lightmap texture memory:  0.3 MB (0.1 MB streaming, 0.1 MB non-streaming), 6 textures
[2016.09.28-03.08.36:626][234]LogStaticLightingSystem: Shadowmap texture memory: 0.3 MB (0.2 MB streaming, 0.2 MB non-streaming), 3 textures
[2016.09.28-03.08.36:773][235]Cmd: MAP CHECK NOTIFYRESULTS
[2016.09.28-03.08.36:773][235]MapCheck: New page: Minimal_Default - Sep 27, 2016, 2:08:36 PM
[2016.09.28-03.08.36:918][235]MapCheck: Info Map check complete: 0 Error(s), 0 Warning(s), took 144.377ms to complete.
[2016.09.28-03.08.42:532][868]LogSavePackage: Save=125.68ms
[2016.09.28-03.08.42:532][868]LogSavePackage: Moving '../../../../../../Users/Frey/Documents/Unreal Projects/Attic1/Saved/Minimal_DefaultE69EC0C74EC116C6395AD18DCBDAB630.tmp' to '../../../../../../Users/Frey/Documents/Unreal Projects/Attic1/Content/StarterContent/Maps/Minimal_Default.umap'
[2016.09.28-03.08.42:536][868]LogSavePackage:Display: Finished SavePackage ../../../../../../Users/Frey/Documents/Unreal Projects/Attic1/Content/StarterContent/Maps/Minimal_Default.umap
[2016.09.28-03.08.42:553][868]LogFileHelpers: Saving map 'Minimal_Default' took 0.313
[2016.09.28-03.11.50:876][851]Cmd: QUIT_EDITOR
[2016.09.28-03.11.50:910][851]LogWindowsTextInputMethodSystem:Display: IME system now deactivated.
[2016.09.28-03.11.50:936][851]LogExit: Preparing to exit.
[2016.09.28-03.11.51:936][851]LogDirectoryWatcher: A directory notification for 'C:/Users/Frey/Documents/Unreal Projects/Attic1/Content/' was aborted.
[2016.09.28-03.11.51:959][851]LogExit: Editor shut down
[2016.09.28-03.11.51:960][851]LogExit: Transaction tracking system shut down
[2016.09.28-03.11.52:108][851]LogObj: Freed 0b from 0 cluster array pools.
[2016.09.28-03.11.52:108][851]LogExit: Object subsystem successfully closed.
[2016.09.28-03.11.52:127][851]LogD3D11RHI: Shutdown
[2016.09.28-03.11.52:127][851]LogD3D11RHI: CleanupD3DDevice
[2016.09.28-03.11.52:234][851]LogD3D11RHI: ~FD3D11DynamicRHI
[2016.09.28-03.11.52:269][851]LogModuleManager: Shutting down and abandoning module HierarchicalLODUtilities (234)
[2016.09.28-03.11.52:269][851]LogModuleManager: Shutting down and abandoning module HierarchicalLODOutliner (233)
[2016.09.28-03.11.52:269][851]LogModuleManager: Shutting down and abandoning module CrashTracker (232)
[2016.09.28-03.11.52:269][851]LogModuleManager: Shutting down and abandoning module SceneOutliner (231)
[2016.09.28-03.11.52:269][851]LogModuleManager: Shutting down and abandoning module WidgetCarousel (230)
[2016.09.28-03.11.52:269][851]LogModuleManager: Shutting down and abandoning module AddContentDialog (229)
[2016.09.28-03.11.52:269][851]LogDirectoryWatcher: A directory notification for 'C:/Program Files (x86)/Epic Games/4.13/FeaturePacks/' was aborted.
[2016.09.28-03.11.52:270][851]LogModuleManager: Shutting down and abandoning module GameplayTags (228)
[2016.09.28-03.11.52:270][851]LogModuleManager: Shutting down and abandoning module EditorWidgets (227)
[2016.09.28-03.11.52:270][851]LogModuleManager: Shutting down and abandoning module CollectionManager (226)
[2016.09.28-03.11.52:270][851]LogDirectoryWatcher: A directory notification for 'C:/Users/Frey/Documents/Unreal Projects/Attic1/Content/Collections/' was aborted.
[2016.09.28-03.11.52:270][851]LogDirectoryWatcher: A directory notification for 'C:/Users/Frey/Documents/Unreal Projects/Attic1/Content/Developers/Frey/Collections/' was aborted.
[2016.09.28-03.11.52:270][851]LogDirectoryWatcher: A directory notification for 'C:/Users/Frey/Documents/Unreal Projects/Attic1/Saved/Collections/' was aborted.
[2016.09.28-03.11.52:271][851]LogModuleManager: Shutting down and abandoning module StatsViewer (225)
[2016.09.28-03.11.52:271][851]LogModuleManager: Shutting down and abandoning module FoliageEdit (224)
[2016.09.28-03.11.52:271][851]LogModuleManager: Shutting down and abandoning module LandscapeEditor (223)
[2016.09.28-03.11.52:271][851]LogModuleManager: Shutting down and abandoning module SceneDepthPickerMode (222)
[2016.09.28-03.11.52:271][851]LogModuleManager: Shutting down and abandoning module ActorPickerMode (221)
[2016.09.28-03.11.52:271][851]LogModuleManager: Shutting down and abandoning module GeometryMode (220)
[2016.09.28-03.11.52:271][851]LogModuleManager: Shutting down and abandoning module TextureAlignMode (219)
[2016.09.28-03.11.52:271][851]LogModuleManager: Shutting down and abandoning module BspMode (218)
[2016.09.28-03.11.52:271][851]LogModuleManager: Shutting down and abandoning module HardwareSurvey (217)
[2016.09.28-03.11.52:271][851]LogModuleManager: Shutting down and abandoning module SequenceRecorderSections (216)
[2016.09.28-03.11.52:271][851]LogModuleManager: Shutting down and abandoning module SequenceRecorder (215)
[2016.09.28-03.11.52:271][851]LogModuleManager: Shutting down and abandoning module AutomationWorker (214)
[2016.09.28-03.11.52:271][851]LogModuleManager: Shutting down and abandoning module MatineeToLevelSequence (213)
[2016.09.28-03.11.52:271][851]LogModuleManager: Shutting down and abandoning module PlacementMode (212)
[2016.09.28-03.11.52:271][851]LogModuleManager: Shutting down and abandoning module LevelSequenceEditor (211)
[2016.09.28-03.11.52:271][851]LogModuleManager: Shutting down and abandoning module WmfMediaFactory (210)
[2016.09.28-03.11.52:271][851]LogModuleManager: Shutting down and abandoning module WmfMediaEditor (209)
[2016.09.28-03.11.52:271][851]LogModuleManager: Shutting down and abandoning module AvfMediaFactory (208)
[2016.09.28-03.11.52:271][851]LogModuleManager: Shutting down and abandoning module AvfMediaEditor (207)
[2016.09.28-03.11.52:271][851]LogModuleManager: Shutting down and abandoning module Media (206)
[2016.09.28-03.11.52:271][851]LogModuleManager: Shutting down and abandoning module AndroidMediaFactory (205)
[2016.09.28-03.11.52:271][851]LogModuleManager: Shutting down and abandoning module AndroidMediaEditor (204)
[2016.09.28-03.11.52:271][851]LogModuleManager: Shutting down and abandoning module CharacterAI (203)
[2016.09.28-03.11.52:271][851]LogModuleManager: Shutting down and abandoning module SmartSnapping (202)
[2016.09.28-03.11.52:271][851]LogModuleManager: Shutting down and abandoning module SessionServices (201)
[2016.09.28-03.11.52:271][851]LogModuleManager: Shutting down and abandoning module ViewportSnapping (200)
[2016.09.28-03.11.52:271][851]LogModuleManager: Shutting down and abandoning module ViewportInteraction (199)
[2016.09.28-03.11.52:271][851]LogModuleManager: Shutting down and abandoning module LogVisualizer (198)
[2016.09.28-03.11.52:271][851]LogModuleManager: Shutting down and abandoning module GameProjectGeneration (197)
[2016.09.28-03.11.52:271][851]LogModuleManager: Shutting down and abandoning module IntroTutorials (196)
[2016.09.28-03.11.52:272][851]LogModuleManager: Shutting down and abandoning module EditorLiveStreaming (195)
[2016.09.28-03.11.52:272][851]LogModuleManager: Shutting down and abandoning module IOSPlatformEditor (194)
[2016.09.28-03.11.52:272][851]LogModuleManager: Shutting down and abandoning module HTML5PlatformEditor (193)
[2016.09.28-03.11.52:272][851]LogModuleManager: Shutting down and abandoning module AndroidDeviceDetection (192)
[2016.09.28-03.11.53:225][851]LogModuleManager: Shutting down and abandoning module AndroidPlatformEditor (191)
[2016.09.28-03.11.53:225][851]LogModuleManager: Shutting down and abandoning module IOSRuntimeSettings (190)
[2016.09.28-03.11.53:225][851]LogModuleManager: Shutting down and abandoning module AndroidRuntimeSettings (189)
[2016.09.28-03.11.53:225][851]LogModuleManager: Shutting down and abandoning module NiagaraEditor (188)
[2016.09.28-03.11.53:226][851]LogModuleManager: Shutting down and abandoning module MergeActors (187)
[2016.09.28-03.11.53:226][851]LogModuleManager: Shutting down and abandoning module SizeMap (186)
[2016.09.28-03.11.53:226][851]LogModuleManager: Shutting down and abandoning module TreeMap (185)
[2016.09.28-03.11.53:226][851]LogModuleManager: Shutting down and abandoning module ReferenceViewer (184)
[2016.09.28-03.11.53:226][851]LogModuleManager: Shutting down and abandoning module LocalizationService (183)
[2016.09.28-03.11.53:226][851]LogModuleManager: Shutting down and abandoning module LocalizationDashboard (182)
[2016.09.28-03.11.53:226][851]LogModuleManager: Shutting down and abandoning module HardwareTargeting (181)
[2016.09.28-03.11.53:226][851]LogModuleManager: Shutting down and abandoning module DeviceProfileEditor (180)
[2016.09.28-03.11.53:226][851]LogModuleManager: Shutting down and abandoning module UndoHistory (179)
[2016.09.28-03.11.53:226][851]LogModuleManager: Shutting down and abandoning module UserFeedback (178)
[2016.09.28-03.11.53:226][851]LogModuleManager: Shutting down and abandoning module XmlParser (177)
[2016.09.28-03.11.53:226][851]LogModuleManager: Shutting down and abandoning module Blutility (176)
[2016.09.28-03.11.53:226][851]LogModuleManager: Shutting down and abandoning module ProjectTargetPlatformEditor (175)
[2016.09.28-03.11.53:226][851]LogModuleManager: Shutting down and abandoning module ProjectSettingsViewer (174)
[2016.09.28-03.11.53:226][851]LogModuleManager: Shutting down and abandoning module InputBindingEditor (173)
[2016.09.28-03.11.53:226][851]LogModuleManager: Shutting down and abandoning module EditorSettingsViewer (172)
[2016.09.28-03.11.53:226][851]LogModuleManager: Shutting down and abandoning module SettingsEditor (171)
[2016.09.28-03.11.53:226][851]LogModuleManager: Shutting down and abandoning module ProjectLauncher (170)
[2016.09.28-03.11.53:226][851]LogModuleManager: Shutting down and abandoning module SessionFrontend (169)
[2016.09.28-03.11.53:226][851]LogModuleManager: Shutting down and abandoning module ProfilerClient (168)
[2016.09.28-03.11.53:226][851]LogModuleManager: Shutting down and abandoning module TargetDeviceServices (167)
[2016.09.28-03.11.53:226][851]LogModuleManager: Shutting down and abandoning module DeviceManager (166)
[2016.09.28-03.11.53:280][851]LogModuleManager: Shutting down and abandoning module AutomationController (165)
[2016.09.28-03.11.53:280][851]LogModuleManager: Shutting down and abandoning module AutomationWindow (164)
[2016.09.28-03.11.53:280][851]LogModuleManager: Shutting down and abandoning module Layers (163)
[2016.09.28-03.11.53:280][851]LogModuleManager: Shutting down and abandoning module ComponentVisualizers (162)
[2016.09.28-03.11.53:280][851]LogModuleManager: Shutting down and abandoning module DetailCustomizations (161)
[2016.09.28-03.11.53:280][851]LogModuleManager: Shutting down and abandoning module PackagesDialog (160)
[2016.09.28-03.11.53:280][851]LogModuleManager: Shutting down and abandoning module AnimGraph (159)
[2016.09.28-03.11.53:280][851]LogModuleManager: Shutting down and abandoning module Persona (158)
[2016.09.28-03.11.53:280][851]LogModuleManager: Shutting down and abandoning module Kismet (157)
[2016.09.28-03.11.53:280][851]LogModuleManager: Shutting down and abandoning module GraphEditor (156)
[2016.09.28-03.11.53:281][851]LogModuleManager: Shutting down and abandoning module ClassViewer (155)
[2016.09.28-03.11.53:281][851]LogModuleManager: Shutting down and abandoning module Toolbox (154)
[2016.09.28-03.11.53:281][851]LogModuleManager: Shutting down and abandoning module ModuleUI (153)
[2016.09.28-03.11.53:281][851]LogModuleManager: Shutting down and abandoning module MovieSceneTools (152)
[2016.09.28-03.11.53:281][851]LogModuleManager: Shutting down and abandoning module OutputLog (151)
[2016.09.28-03.11.53:281][851]LogModuleManager: Shutting down and abandoning module GammaUI (150)
[2016.09.28-03.11.53:281][851]LogModuleManager: Shutting down and abandoning module Documentation (149)
[2016.09.28-03.11.53:281][851]LogModuleManager: Shutting down and abandoning module Niagara (148)
[2016.09.28-03.11.53:281][851]LogModuleManager: Shutting down and abandoning module StreamingPauseRendering (147)
[2016.09.28-03.11.53:281][851]LogModuleManager: Shutting down and abandoning module AnalyticsET (146)
[2016.09.28-03.11.53:281][851]LogModuleManager: Shutting down and abandoning module PortalServices (145)
[2016.09.28-03.11.53:281][851]LogModuleManager: Shutting down and abandoning module PortalRpc (144)
[2016.09.28-03.11.53:281][851]LogModuleManager: Shutting down and abandoning module MessagingRpc (143)
[2016.09.28-03.11.53:281][851]LogModuleManager: Shutting down and abandoning module GameplayDebugger (142)
[2016.09.28-03.11.53:281][851]LogModuleManager: Shutting down and abandoning module AITestSuite (141)
[2016.09.28-03.11.53:281][851]LogModuleManager: Shutting down and abandoning module AIModule (140)
[2016.09.28-03.11.53:281][851]LogModuleManager: Shutting down and abandoning module ProfilerService (139)
[2016.09.28-03.11.53:325][851]LogModuleManager: Shutting down and abandoning module TaskGraph (138)
[2016.09.28-03.11.53:325][851]LogModuleManager: Shutting down and abandoning module SlateRemote (137)
[2016.09.28-03.11.53:325][851]LogModuleManager: Shutting down and abandoning module SteamVRController (136)
[2016.09.28-03.11.53:325][851]LogModuleManager: Shutting down and abandoning module SteamVR (135)
[2016.09.28-03.11.53:325][851]LogModuleManager: Shutting down and abandoning module ProceduralMeshComponentEditor (134)
[2016.09.28-03.11.53:325][851]LogModuleManager: Shutting down and abandoning module ProceduralMeshComponent (133)
[2016.09.28-03.11.53:325][851]LogModuleManager: Shutting down and abandoning module OculusLibrary (132)
[2016.09.28-03.11.53:325][851]LogModuleManager: Shutting down and abandoning module OculusInput (131)
[2016.09.28-03.11.53:325][851]LogModuleManager: Shutting down and abandoning module CustomMeshComponent (130)
[2016.09.28-03.11.53:325][851]LogModuleManager: Shutting down and abandoning module CableComponent (129)
[2016.09.28-03.11.53:326][851]LogModuleManager: Shutting down and abandoning module ArchVisCharacter (128)
[2016.09.28-03.11.53:326][851]LogModuleManager: Shutting down and abandoning module MediaPlayerEditor (126)
[2016.09.28-03.11.53:326][851]LogModuleManager: Shutting down and abandoning module HTML5Networking (125)
[2016.09.28-03.11.53:326][851]LogModuleManager: Shutting down and abandoning module GeometryCacheEd (124)
[2016.09.28-03.11.53:326][851]LogModuleManager: Shutting down and abandoning module GeometryCache (123)
[2016.09.28-03.11.53:326][851]LogModuleManager: Shutting down and abandoning module AlembicLibrary (122)
[2016.09.28-03.11.53:326][851]LogModuleManager: Shutting down and abandoning module AlembicImporter (121)
[2016.09.28-03.11.53:326][851]LogModuleManager: Shutting down and abandoning module SuperSearch (120)
[2016.09.28-03.11.53:326][851]LogModuleManager: Shutting down and abandoning module SuperSearchEditor (119)
[2016.09.28-03.11.53:326][851]LogModuleManager: Shutting down and abandoning module SpeedTreeImporter (118)
[2016.09.28-03.11.53:326][851]LogModuleManager: Shutting down and abandoning module PluginBrowser (117)
[2016.09.28-03.11.53:326][851]LogModuleManager: Shutting down and abandoning module MobileLauncherProfileWizard (116)
[2016.09.28-03.11.53:326][851]LogModuleManager: Shutting down and abandoning module EpicSurvey (115)
[2016.09.28-03.11.53:326][851]LogModuleManager: Shutting down and abandoning module DesktopPlatform (114)
[2016.09.28-03.11.53:326][851]LogModuleManager: Shutting down and abandoning module VisualStudioSourceCodeAccess (113)
[2016.09.28-03.11.53:326][851]LogModuleManager: Shutting down and abandoning module UObjectPlugin (112)
[2016.09.28-03.11.53:326][851]LogModuleManager: Shutting down and abandoning module SubversionSourceControl (111)
[2016.09.28-03.11.53:326][851]LogModuleManager: Shutting down and abandoning module PerforceSourceControl (110)
[2016.09.28-03.11.53:326][851]LogModuleManager: Shutting down and abandoning module SourceControl (109)
[2016.09.28-03.11.53:326][851]LogModuleManager: Shutting down and abandoning module GitSourceControl (108)
[2016.09.28-03.11.53:326][851]LogModuleManager: Shutting down and abandoning module LightPropagationVolumeEditor (107)
[2016.09.28-03.11.53:326][851]LogModuleManager: Shutting down and abandoning module PaperTiledImporter (106)
[2016.09.28-03.11.53:326][851]LogModuleManager: Shutting down and abandoning module PaperSpriteSheetImporter (105)
[2016.09.28-03.11.53:326][851]LogModuleManager: Shutting down and abandoning module MeshPaint (104)
[2016.09.28-03.11.53:326][851]LogModuleManager: Shutting down and abandoning module FbxAutomationBuilderModule (103)
[2016.09.28-03.11.53:326][851]LogModuleManager: Shutting down and abandoning module PixelInspectorModule (102)
[2016.09.28-03.11.53:326][851]LogModuleManager: Shutting down and abandoning module HotReload (101)
[2016.09.28-03.11.53:327][851]LogModuleManager: Shutting down and abandoning module MainFrame (100)
[2016.09.28-03.11.53:327][851]LogModuleManager: Shutting down and abandoning module LevelEditor (99)
[2016.09.28-03.11.53:327][851]LogModuleManager: Shutting down and abandoning module ContentBrowser (98)
[2016.09.28-03.11.53:328][851]LogModuleManager: Shutting down and abandoning module Paper2DEditor (97)
[2016.09.28-03.11.53:328][851]LogModuleManager: Shutting down and abandoning module UdpMessaging (96)
[2016.09.28-03.11.53:429][851]LogModuleManager: Shutting down and abandoning module TcpMessaging (95)
[2016.09.28-03.11.53:429][851]LogModuleManager: Shutting down and abandoning module LightPropagationVolumeRuntime (94)
[2016.09.28-03.11.53:429][851]LogModuleManager: Shutting down and abandoning module Paper2D (93)
[2016.09.28-03.11.53:429][851]LogModuleManager: Shutting down and abandoning module WindowsMoviePlayer (92)
[2016.09.28-03.11.53:429][851]LogModuleManager: Shutting down and abandoning module WmfMedia (91)
[2016.09.28-03.11.53:429][851]LogModuleManager: Shutting down and abandoning module MediaAssets (90)
[2016.09.28-03.11.53:429][851]LogModuleManager: Shutting down and abandoning module GameLiveStreaming (89)
[2016.09.28-03.11.53:429][851]LogModuleManager: Shutting down and abandoning module GameplayTagsEditor (88)
[2016.09.28-03.11.53:429][851]LogModuleManager: Shutting down and abandoning module VREditor (87)
[2016.09.28-03.11.53:429][851]LogModuleManager: Shutting down and abandoning module GameplayTasksEditor (86)
[2016.09.28-03.11.53:429][851]LogModuleManager: Shutting down and abandoning module PropertyEditor (85)
[2016.09.28-03.11.53:429][851]LogModuleManager: Shutting down and abandoning module BehaviorTreeEditor (84)
[2016.09.28-03.11.53:429][851]LogModuleManager: Shutting down and abandoning module FunctionalTesting (83)
[2016.09.28-03.11.53:429][851]LogModuleManager: Shutting down and abandoning module CollisionAnalyzer (82)
[2016.09.28-03.11.53:429][851]LogModuleManager: Shutting down and abandoning module Sequencer (81)
[2016.09.28-03.11.53:429][851]LogModuleManager: Shutting down and abandoning module WorkspaceMenuStructure (80)
[2016.09.28-03.11.53:429][851]LogModuleManager: Shutting down and abandoning module MessageLog (79)
[2016.09.28-03.11.53:429][851]LogModuleManager: Shutting down and abandoning module AssetTools (78)
[2016.09.28-03.11.53:429][851]LogModuleManager: Shutting down and abandoning module UMGEditor (77)
[2016.09.28-03.11.53:429][851]LogModuleManager: Shutting down and abandoning module UMG (76)
[2016.09.28-03.11.53:429][851]LogModuleManager: Shutting down and abandoning module SlateReflector (75)
[2016.09.28-03.11.53:429][851]LogModuleManager: Shutting down and abandoning module Slate (74)
[2016.09.28-03.11.53:429][851]LogModuleManager: Shutting down and abandoning module EditorStyle (73)
[2016.09.28-03.11.53:433][851]LogModuleManager: Shutting down and abandoning module SourceCodeAccess (72)
[2016.09.28-03.11.53:433][851]LogModuleManager: Shutting down and abandoning module HeadMountedDisplay (71)
[2016.09.28-03.11.53:433][851]LogModuleManager: Shutting down and abandoning module XAudio2 (70)
[2016.09.28-03.11.53:433][851]LogModuleManager: Shutting down and abandoning module Networking (68)
[2016.09.28-03.11.53:433][851]LogModuleManager: Shutting down and abandoning module Core (67)
[2016.09.28-03.11.53:433][851]LogModuleManager: Shutting down and abandoning module DirectoryWatcher (66)
[2016.09.28-03.11.53:433][851]LogDirectoryWatcher: A directory notification for '../../../Engine/Content/' was aborted.
[2016.09.28-03.11.53:433][851]LogDirectoryWatcher: A directory notification for '../../../../../../Users/Frey/Documents/Unreal Projects/Attic1/Content/' was aborted.
[2016.09.28-03.11.53:434][851]LogDirectoryWatcher: A directory notification for '../../../Engine/Plugins/2D/Paper2D/Content/' was aborted.
[2016.09.28-03.11.53:436][851]LogModuleManager: Shutting down and abandoning module AssetRegistry (65)
[2016.09.28-03.11.53:566][851]LogModuleManager: Shutting down and abandoning module KismetCompiler (64)
[2016.09.28-03.11.53:566][851]LogModuleManager: Shutting down and abandoning module PhysXFormats (63)
[2016.09.28-03.11.53:566][851]LogModuleManager: Shutting down and abandoning module MeshUtilities (62)
[2016.09.28-03.11.53:566][851]LogModuleManager: Shutting down and abandoning module DerivedDataCache (61)
[2016.09.28-03.11.53:640][851]LogDerivedDataCache: Shutdown
[2016.09.28-03.11.53:640][851]LogModuleManager: Shutting down and abandoning module VulkanShaderFormat (60)
[2016.09.28-03.11.53:640][851]LogModuleManager: Shutting down and abandoning module ShaderFormatOpenGL (59)
[2016.09.28-03.11.53:640][851]LogModuleManager: Shutting down and abandoning module ShaderFormatD3D (58)
[2016.09.28-03.11.53:640][851]LogModuleManager: Shutting down and abandoning module MetalShaderFormat (57)
[2016.09.28-03.11.53:641][851]LogModuleManager: Shutting down and abandoning module TextureFormatUncompressed (56)
[2016.09.28-03.11.53:641][851]LogModuleManager: Shutting down and abandoning module TextureFormatPVR (55)
[2016.09.28-03.11.53:641][851]LogModuleManager: Shutting down and abandoning module TextureFormatDXT (54)
[2016.09.28-03.11.53:641][851]LogModuleManager: Shutting down and abandoning module TextureFormatIntelISPCTexComp (53)
[2016.09.28-03.11.53:641][851]LogModuleManager: Shutting down and abandoning module ImageWrapper (52)
[2016.09.28-03.11.53:641][851]LogModuleManager: Shutting down and abandoning module TextureFormatASTC (51)
[2016.09.28-03.11.53:641][851]LogModuleManager: Shutting down and abandoning module TextureFormatAndroid (50)
[2016.09.28-03.11.53:641][851]LogModuleManager: Shutting down and abandoning module AudioFormatOpus (49)
[2016.09.28-03.11.53:641][851]LogModuleManager: Shutting down and abandoning module AudioFormatOgg (48)
[2016.09.28-03.11.53:641][851]LogModuleManager: Shutting down and abandoning module AudioFormatADPCM (47)
[2016.09.28-03.11.53:641][851]LogModuleManager: Shutting down and abandoning module LinuxTargetPlatform (46)
[2016.09.28-03.11.53:641][851]LogModuleManager: Shutting down and abandoning module LinuxServerTargetPlatform (45)
[2016.09.28-03.11.53:641][851]LogModuleManager: Shutting down and abandoning module LinuxNoEditorTargetPlatform (44)
[2016.09.28-03.11.53:641][851]LogModuleManager: Shutting down and abandoning module LinuxClientTargetPlatform (43)
[2016.09.28-03.11.53:641][851]LogModuleManager: Shutting down and abandoning module TVOSTargetPlatform (42)
[2016.09.28-03.11.53:641][851]LogModuleManager: Shutting down and abandoning module Messaging (41)
[2016.09.28-03.11.53:641][851]LogModuleManager: Shutting down and abandoning module IOSTargetPlatform (40)
[2016.09.28-03.11.53:641][851]LogModuleManager: Shutting down and abandoning module HTML5TargetPlatform (39)
[2016.09.28-03.11.53:641][851]LogModuleManager: Shutting down and abandoning module Android_PVRTCTargetPlatform (38)
[2016.09.28-03.11.53:641][851]LogModuleManager: Shutting down and abandoning module Android_MultiTargetPlatform (37)
[2016.09.28-03.11.53:641][851]LogModuleManager: Shutting down and abandoning module Android_ETC2TargetPlatform (36)
[2016.09.28-03.11.53:641][851]LogModuleManager: Shutting down and abandoning module Android_ETC1TargetPlatform (35)
[2016.09.28-03.11.53:641][851]LogModuleManager: Shutting down and abandoning module Android_DXTTargetPlatform (34)
[2016.09.28-03.11.53:641][851]LogModuleManager: Shutting down and abandoning module Android_ATCTargetPlatform (33)
[2016.09.28-03.11.53:641][851]LogModuleManager: Shutting down and abandoning module Android_ASTCTargetPlatform (32)
[2016.09.28-03.11.53:641][851]LogModuleManager: Shutting down and abandoning module AndroidTargetPlatform (31)
[2016.09.28-03.11.53:641][851]LogModuleManager: Shutting down and abandoning module WindowsTargetPlatform (30)
[2016.09.28-03.11.53:641][851]LogModuleManager: Shutting down and abandoning module WindowsServerTargetPlatform (29)
[2016.09.28-03.11.53:641][851]LogModuleManager: Shutting down and abandoning module WindowsNoEditorTargetPlatform (28)
[2016.09.28-03.11.53:641][851]LogModuleManager: Shutting down and abandoning module WindowsClientTargetPlatform (27)
[2016.09.28-03.11.53:641][851]LogModuleManager: Shutting down and abandoning module AllDesktopTargetPlatform (26)
[2016.09.28-03.11.53:641][851]LogModuleManager: Shutting down and abandoning module TargetPlatform (25)
[2016.09.28-03.11.53:641][851]LogModuleManager: Shutting down and abandoning module InputCore (24)
[2016.09.28-03.11.53:641][851]LogModuleManager: Shutting down and abandoning module Settings (23)
[2016.09.28-03.11.53:641][851]LogModuleManager: Shutting down and abandoning module OculusRift (22)
[2016.09.28-03.11.53:641][851]LogModuleManager: Shutting down and abandoning module GearVR (21)
[2016.09.28-03.11.53:641][851]LogModuleManager: Shutting down and abandoning module ExampleDeviceProfileSelector (20)
[2016.09.28-03.11.53:641][851]LogModuleManager: Shutting down and abandoning module OnlineBlueprintSupport (19)
[2016.09.28-03.11.53:641][851]LogModuleManager: Shutting down and abandoning module OnlineSubsystem (17)
[2016.09.28-03.11.53:641][851]LogOnline:Display: Unloading online subsystem: NULL
[2016.09.28-03.11.53:641][851]LogModuleManager: Shutting down and abandoning module HTTP (16)
[2016.09.28-03.11.53:641][851]LogHttp:Display: Http module shutting down, but needs to wait on 1 outstanding Http requests:
[2016.09.28-03.11.53:641][851]LogHttp:Display: 	verb=[POST] url=[https://datarouter.ol.epicgames.com/datarouter/api/v1/public/data?SessionID=%7B67325B1B-43BA-7FA5-C956-F9927330BC3D%7D&AppID=UEEditor.Rocket.Release&AppVersion=%2B%2BUE4%2BRelease-4.13-CL-3106830&UserID=f6a089a04a9c7e1b1dbb63be7e9b2e73%7C4ec9a29cf6fe42f6ba1fff5ad92f1f36%7C3920415d-b6b3-4fe0-9464-2fd2f99f713b&AppEnvironment=datacollector-binary&UploadType=eteventstream] status=Processing
[2016.09.28-03.11.53:647][851]LogModuleManager: Shutting down and abandoning module XMPP (15)
[2016.09.28-03.11.53:647][851]LogModuleManager: Shutting down and abandoning module TextureCompressor (14)
[2016.09.28-03.11.53:648][851]LogModuleManager: Shutting down and abandoning module ShaderCore (13)
[2016.09.28-03.11.53:648][851]LogModuleManager: Shutting down and abandoning module Landscape (12)
[2016.09.28-03.11.53:648][851]LogModuleManager: Shutting down and abandoning module SlateRHIRenderer (11)
[2016.09.28-03.11.53:649][851]LogModuleManager: Shutting down and abandoning module OpenGLDrv (10)
[2016.09.28-03.11.53:649][851]LogModuleManager: Shutting down and abandoning module D3D11RHI (9)
[2016.09.28-03.11.53:649][851]LogModuleManager: Shutting down and abandoning module AnimGraphRuntime (8)
[2016.09.28-03.11.53:649][851]LogModuleManager: Shutting down and abandoning module Renderer (7)
[2016.09.28-03.11.53:650][851]LogModuleManager: Shutting down and abandoning module Engine (6)
[2016.09.28-03.11.53:650][851]LogModuleManager: Shutting down and abandoning module CoreUObject (5)
[2016.09.28-03.11.53:650][851]LogModuleManager: Shutting down and abandoning module NetworkFile (4)
[2016.09.28-03.11.53:650][851]LogModuleManager: Shutting down and abandoning module StreamingFile (3)
[2016.09.28-03.11.53:650][851]LogModuleManager: Shutting down and abandoning module SandboxFile (2)
[2016.09.28-03.11.53:650][851]LogModuleManager: Shutting down and abandoning module PakFile (1)
[2016.09.28-03.11.53:651][851]LogExit: Exiting.
[2016.09.28-03.11.53:653][851]Log file closed, 09/27/16 21:11:53
