Log file open, 11/08/16 13:00:23
LogInit:Display: Running engine for game: Attic1
LogPlatformFile: Not using cached read wrapper
LogInit:Display: RandInit(-1253393526) SRandInit(-1253393526).
LogTaskGraph: Started task graph with 5 named threads and 8 total threads with 1 sets of task threads.
LogStats: Stats thread started at 0.081176
LogPluginManager: Loaded Plugin Paper2D, From C:/Program Files (x86)/Epic Games/4.13/Engine/Plugins/2D/Paper2D/Paper2D.uplugin
LogPluginManager: Loaded Plugin LightPropagationVolume, From C:/Program Files (x86)/Epic Games/4.13/Engine/Plugins/Blendables/LightPropagationVolume/LightPropagationVolume.uplugin
LogPluginManager: Loaded Plugin BlankPlugin, From C:/Program Files (x86)/Epic Games/4.13/Engine/Plugins/Developer/BlankPlugin/BlankPlugin.uplugin
LogPluginManager: Loaded Plugin CodeLiteSourceCodeAccess, From C:/Program Files (x86)/Epic Games/4.13/Engine/Plugins/Developer/CodeLiteSourceCodeAccess/CodeLiteSourceCodeAccess.uplugin
LogPluginManager: Loaded Plugin GitSourceControl, From C:/Program Files (x86)/Epic Games/4.13/Engine/Plugins/Developer/GitSourceControl/GitSourceControl.uplugin
LogPluginManager: Loaded Plugin KDevelopSourceCodeAccess, From C:/Program Files (x86)/Epic Games/4.13/Engine/Plugins/Developer/KDevelopSourceCodeAccess/KDevelopSourceCodeAccess.uplugin
LogPluginManager: Loaded Plugin NullSourceCodeAccess, From C:/Program Files (x86)/Epic Games/4.13/Engine/Plugins/Developer/NullSourceCodeAccess/NullSourceCodeAccess.uplugin
LogPluginManager: Loaded Plugin OneSkyLocalizationService, From C:/Program Files (x86)/Epic Games/4.13/Engine/Plugins/Developer/OneSkyLocalizationService/OneSkyLocalizationService.uplugin
LogPluginManager: Loaded Plugin PerforceSourceControl, From C:/Program Files (x86)/Epic Games/4.13/Engine/Plugins/Developer/PerforceSourceControl/PerforceSourceControl.uplugin
LogPluginManager: Loaded Plugin SubversionSourceControl, From C:/Program Files (x86)/Epic Games/4.13/Engine/Plugins/Developer/SubversionSourceControl/SubversionSourceControl.uplugin
LogPluginManager: Loaded Plugin UObjectPlugin, From C:/Program Files (x86)/Epic Games/4.13/Engine/Plugins/Developer/UObjectPlugin/UObjectPlugin.uplugin
LogPluginManager: Loaded Plugin VisualStudioSourceCodeAccess, From C:/Program Files (x86)/Epic Games/4.13/Engine/Plugins/Developer/VisualStudioSourceCodeAccess/VisualStudioSourceCodeAccess.uplugin
LogPluginManager: Loaded Plugin XCodeSourceCodeAccess, From C:/Program Files (x86)/Epic Games/4.13/Engine/Plugins/Developer/XCodeSourceCodeAccess/XCodeSourceCodeAccess.uplugin
LogPluginManager: Loaded Plugin EpicSurvey, From C:/Program Files (x86)/Epic Games/4.13/Engine/Plugins/Editor/EpicSurvey/EpicSurvey.uplugin
LogPluginManager: Loaded Plugin MacGraphicsSwitching, From C:/Program Files (x86)/Epic Games/4.13/Engine/Plugins/Editor/MacGraphicsSwitching/MacGraphicsSwitching.uplugin
LogPluginManager: Loaded Plugin MobileLauncherProfileWizard, From C:/Program Files (x86)/Epic Games/4.13/Engine/Plugins/Editor/MobileLauncherProfileWizard/MobileLauncherProfileWizard.uplugin
LogPluginManager: Loaded Plugin PluginBrowser, From C:/Program Files (x86)/Epic Games/4.13/Engine/Plugins/Editor/PluginBrowser/PluginBrowser.uplugin
LogPluginManager: Loaded Plugin SpeedTreeImporter, From C:/Program Files (x86)/Epic Games/4.13/Engine/Plugins/Editor/SpeedTreeImporter/SpeedTreeImporter.uplugin
LogPluginManager: Loaded Plugin SuperSearchEditor, From C:/Program Files (x86)/Epic Games/4.13/Engine/Plugins/Editor/SuperSearchEditor/SuperSearchEditor.uplugin
LogPluginManager: Loaded Plugin AlembicImporter, From C:/Program Files (x86)/Epic Games/4.13/Engine/Plugins/Experimental/AlembicImporter/AlembicImporter.uplugin
LogPluginManager: Loaded Plugin BlueprintStats, From C:/Program Files (x86)/Epic Games/4.13/Engine/Plugins/Experimental/BlueprintStats/BlueprintStats.uplugin
LogPluginManager: Loaded Plugin CharacterAI, From C:/Program Files (x86)/Epic Games/4.13/Engine/Plugins/Experimental/CharacterAI/CharacterAI.uplugin
LogPluginManager: Loaded Plugin CodeEditor, From C:/Program Files (x86)/Epic Games/4.13/Engine/Plugins/Experimental/CodeEditor/CodeEditor.uplugin
LogPluginManager: Loaded Plugin CodeView, From C:/Program Files (x86)/Epic Games/4.13/Engine/Plugins/Experimental/CodeView/CodeView.uplugin
LogPluginManager: Loaded Plugin HTML5Networking, From C:/Program Files (x86)/Epic Games/4.13/Engine/Plugins/Experimental/HTML5Networking/HTML5Networking.uplugin
LogPluginManager: Loaded Plugin LiveEditor, From C:/Program Files (x86)/Epic Games/4.13/Engine/Plugins/Experimental/LiveEditor/LiveEditor.uplugin
LogPluginManager: Loaded Plugin OSVR, From C:/Program Files (x86)/Epic Games/4.13/Engine/Plugins/Experimental/OSVR/OSVR.uplugin
LogPluginManager: Loaded Plugin Phya, From C:/Program Files (x86)/Epic Games/4.13/Engine/Plugins/Experimental/Phya/Phya.uplugin
LogPluginManager: Loaded Plugin SignificanceManager, From C:/Program Files (x86)/Epic Games/4.13/Engine/Plugins/Experimental/SignificanceManager/SignificanceManager.uplugin
LogPluginManager: Loaded Plugin SimpleHMD, From C:/Program Files (x86)/Epic Games/4.13/Engine/Plugins/Experimental/SimpleHMD/SimpleHMD.uplugin
LogPluginManager: Loaded Plugin StereoPanorama, From C:/Program Files (x86)/Epic Games/4.13/Engine/Plugins/Experimental/StereoPanorama/StereoPanorama.uplugin
LogPluginManager: Loaded Plugin StructBox, From C:/Program Files (x86)/Epic Games/4.13/Engine/Plugins/Experimental/StructBox/StructBox.uplugin
LogPluginManager: Loaded Plugin Substance, From C:/Program Files (x86)/Epic Games/4.13/Engine/Plugins/Marketplace/Substance/Substance.uplugin
LogPluginManager: Loaded Plugin AndroidMedia, From C:/Program Files (x86)/Epic Games/4.13/Engine/Plugins/Media/AndroidMedia/AndroidMedia.uplugin
LogPluginManager: Loaded Plugin AvfMedia, From C:/Program Files (x86)/Epic Games/4.13/Engine/Plugins/Media/AvfMedia/AvfMedia.uplugin
LogPluginManager: Loaded Plugin MediaPlayerEditor, From C:/Program Files (x86)/Epic Games/4.13/Engine/Plugins/Media/MediaPlayerEditor/MediaPlayerEditor.uplugin
LogPluginManager: Loaded Plugin WmfMedia, From C:/Program Files (x86)/Epic Games/4.13/Engine/Plugins/Media/WmfMedia/WmfMedia.uplugin
LogPluginManager: Loaded Plugin MessagingDebugger, From C:/Program Files (x86)/Epic Games/4.13/Engine/Plugins/Messaging/MessagingDebugger/MessagingDebugger.uplugin
LogPluginManager: Loaded Plugin TcpMessaging, From C:/Program Files (x86)/Epic Games/4.13/Engine/Plugins/Messaging/TcpMessaging/TcpMessaging.uplugin
LogPluginManager: Loaded Plugin UdpMessaging, From C:/Program Files (x86)/Epic Games/4.13/Engine/Plugins/Messaging/UdpMessaging/UdpMessaging.uplugin
LogPluginManager: Loaded Plugin LevelSequenceEditor, From C:/Program Files (x86)/Epic Games/4.13/Engine/Plugins/MovieScene/LevelSequenceEditor/LevelSequenceEditor.uplugin
LogPluginManager: Loaded Plugin MatineeToLevelSequence, From C:/Program Files (x86)/Epic Games/4.13/Engine/Plugins/MovieScene/MatineeToLevelSequence/MatineeToLevelSequence.uplugin
LogPluginManager: Loaded Plugin NetcodeUnitTest, From C:/Program Files (x86)/Epic Games/4.13/Engine/Plugins/NetcodeUnitTest/NetcodeUnitTest/NetcodeUnitTest.uplugin
LogPluginManager: Loaded Plugin NUTUnrealEngine4, From C:/Program Files (x86)/Epic Games/4.13/Engine/Plugins/NetcodeUnitTest/NUTUnrealEngine4/NUTUnrealEngine4.uplugin
LogPluginManager: Loaded Plugin OnlineSubsystemGooglePlay, From C:/Program Files (x86)/Epic Games/4.13/Engine/Plugins/Online/Android/OnlineSubsystemGooglePlay/OnlineSubsystemGooglePlay.uplugin
LogPluginManager: Loaded Plugin OnlineSubsystemIOS, From C:/Program Files (x86)/Epic Games/4.13/Engine/Plugins/Online/IOS/OnlineSubsystemIOS/OnlineSubsystemIOS.uplugin
LogPluginManager: Loaded Plugin OnlineFramework, From C:/Program Files (x86)/Epic Games/4.13/Engine/Plugins/Online/OnlineFramework/OnlineFramework.uplugin
LogPluginManager: Loaded Plugin OnlineSubsystem, From C:/Program Files (x86)/Epic Games/4.13/Engine/Plugins/Online/OnlineSubsystem/OnlineSubsystem.uplugin
LogPluginManager: Loaded Plugin OnlineSubsystemAmazon, From C:/Program Files (x86)/Epic Games/4.13/Engine/Plugins/Online/OnlineSubsystemAmazon/OnlineSubsystemAmazon.uplugin
LogPluginManager: Loaded Plugin OnlineSubsystemFacebook, From C:/Program Files (x86)/Epic Games/4.13/Engine/Plugins/Online/OnlineSubsystemFacebook/OnlineSubsystemFacebook.uplugin
LogPluginManager: Loaded Plugin OnlineSubsystemNull, From C:/Program Files (x86)/Epic Games/4.13/Engine/Plugins/Online/OnlineSubsystemNull/OnlineSubsystemNull.uplugin
LogPluginManager: Loaded Plugin OnlineSubsystemOculus, From C:/Program Files (x86)/Epic Games/4.13/Engine/Plugins/Online/OnlineSubsystemOculus/OnlineSubsystemOculus.uplugin
LogPluginManager: Loaded Plugin OnlineSubsystemSteam, From C:/Program Files (x86)/Epic Games/4.13/Engine/Plugins/Online/OnlineSubsystemSteam/OnlineSubsystemSteam.uplugin
LogPluginManager: Loaded Plugin OnlineSubsystemUtils, From C:/Program Files (x86)/Epic Games/4.13/Engine/Plugins/Online/OnlineSubsystemUtils/OnlineSubsystemUtils.uplugin
LogPluginManager: Loaded Plugin IOSTapJoy, From C:/Program Files (x86)/Epic Games/4.13/Engine/Plugins/Runtime/Advertising/IOSTapJoy/IOSTapJoy.uplugin
LogPluginManager: Loaded Plugin AnalyticsBlueprintLibrary, From C:/Program Files (x86)/Epic Games/4.13/Engine/Plugins/Runtime/Analytics/AnalyticsBlueprintLibrary/AnalyticsBlueprintLibrary.uplugin
LogPluginManager: Loaded Plugin AnalyticsMulticast, From C:/Program Files (x86)/Epic Games/4.13/Engine/Plugins/Runtime/Analytics/AnalyticsMulticast/AnalyticsMulticast.uplugin
LogPluginManager: Loaded Plugin Apsalar, From C:/Program Files (x86)/Epic Games/4.13/Engine/Plugins/Runtime/Analytics/Apsalar/Apsalar.uplugin
LogPluginManager: Loaded Plugin FileLogging, From C:/Program Files (x86)/Epic Games/4.13/Engine/Plugins/Runtime/Analytics/FileLogging/FileLogging.uplugin
LogPluginManager: Loaded Plugin Flurry, From C:/Program Files (x86)/Epic Games/4.13/Engine/Plugins/Runtime/Analytics/Flurry/Flurry.uplugin
LogPluginManager: Loaded Plugin AndroidDeviceProfileSelector, From C:/Program Files (x86)/Epic Games/4.13/Engine/Plugins/Runtime/AndroidDeviceProfileSelector/AndroidDeviceProfileSelector.uplugin
LogPluginManager: Loaded Plugin AndroidMoviePlayer, From C:/Program Files (x86)/Epic Games/4.13/Engine/Plugins/Runtime/AndroidMoviePlayer/AndroidMoviePlayer.uplugin
LogPluginManager: Loaded Plugin AppleMoviePlayer, From C:/Program Files (x86)/Epic Games/4.13/Engine/Plugins/Runtime/AppleMoviePlayer/AppleMoviePlayer.uplugin
LogPluginManager: Loaded Plugin ArchVisCharacter, From C:/Program Files (x86)/Epic Games/4.13/Engine/Plugins/Runtime/ArchVisCharacter/ArchVisCharacter.uplugin
LogPluginManager: Loaded Plugin CableComponent, From C:/Program Files (x86)/Epic Games/4.13/Engine/Plugins/Runtime/CableComponent/CableComponent.uplugin
LogPluginManager: Loaded Plugin CustomMeshComponent, From C:/Program Files (x86)/Epic Games/4.13/Engine/Plugins/Runtime/CustomMeshComponent/CustomMeshComponent.uplugin
LogPluginManager: Loaded Plugin ExampleDeviceProfileSelector, From C:/Program Files (x86)/Epic Games/4.13/Engine/Plugins/Runtime/ExampleDeviceProfileSelector/ExampleDeviceProfileSelector.uplugin
LogPluginManager: Loaded Plugin GearVR, From C:/Program Files (x86)/Epic Games/4.13/Engine/Plugins/Runtime/GearVR/GearVR.uplugin
LogPluginManager: Loaded Plugin GoogleVRController, From C:/Program Files (x86)/Epic Games/4.13/Engine/Plugins/Runtime/GoogleVR/GoogleVRController/GoogleVRController.uplugin
LogPluginManager: Loaded Plugin GoogleVRHMD, From C:/Program Files (x86)/Epic Games/4.13/Engine/Plugins/Runtime/GoogleVR/GoogleVRHMD/GoogleVRHMD.uplugin
LogPluginManager: Loaded Plugin IOSDeviceProfileSelector, From C:/Program Files (x86)/Epic Games/4.13/Engine/Plugins/Runtime/IOSDeviceProfileSelector/IOSDeviceProfileSelector.uplugin
LogPluginManager: Loaded Plugin LeapMotion, From C:/Program Files (x86)/Epic Games/4.13/Engine/Plugins/Runtime/LeapMotion/LeapMotion.uplugin
LogPluginManager: Loaded Plugin LinuxDeviceProfileSelector, From C:/Program Files (x86)/Epic Games/4.13/Engine/Plugins/Runtime/LinuxDeviceProfileSelector/LinuxDeviceProfileSelector.uplugin
LogPluginManager: Loaded Plugin LiveEditorListenServer, From C:/Program Files (x86)/Epic Games/4.13/Engine/Plugins/Runtime/LiveEditorListenServer/LiveEditorListenServer.uplugin
LogPluginManager: Loaded Plugin OculusAudio, From C:/Program Files (x86)/Epic Games/4.13/Engine/Plugins/Runtime/OculusAudio/OculusAudio.uplugin
LogPluginManager: Loaded Plugin OculusInput, From C:/Program Files (x86)/Epic Games/4.13/Engine/Plugins/Runtime/OculusInput/OculusInput.uplugin
LogPluginManager: Loaded Plugin OculusLibrary, From C:/Program Files (x86)/Epic Games/4.13/Engine/Plugins/Runtime/OculusLibrary/OculusLibrary.uplugin
LogPluginManager: Loaded Plugin OculusRift, From C:/Program Files (x86)/Epic Games/4.13/Engine/Plugins/Runtime/OculusRift/OculusRift.uplugin
LogPluginManager: Loaded Plugin Oodle, From C:/Program Files (x86)/Epic Games/4.13/Engine/Plugins/Runtime/PacketHandlers/CompressionComponents/Oodle/Oodle.uplugin
LogPluginManager: Loaded Plugin ProceduralMeshComponent, From C:/Program Files (x86)/Epic Games/4.13/Engine/Plugins/Runtime/ProceduralMeshComponent/ProceduralMeshComponent.uplugin
LogPluginManager: Loaded Plugin SoundMod, From C:/Program Files (x86)/Epic Games/4.13/Engine/Plugins/Runtime/SoundMod/SoundMod.uplugin
LogPluginManager: Loaded Plugin SoundVisualizations, From C:/Program Files (x86)/Epic Games/4.13/Engine/Plugins/Runtime/SoundVisualizations/SoundVisualizations.uplugin
LogPluginManager: Loaded Plugin SteamController, From C:/Program Files (x86)/Epic Games/4.13/Engine/Plugins/Runtime/Steam/SteamController/SteamController.uplugin
LogPluginManager: Loaded Plugin SteamVR, From C:/Program Files (x86)/Epic Games/4.13/Engine/Plugins/Runtime/Steam/SteamVR/SteamVR.uplugin
LogPluginManager: Loaded Plugin WebBrowserWidget, From C:/Program Files (x86)/Epic Games/4.13/Engine/Plugins/Runtime/WebBrowserWidget/WebBrowserWidget.uplugin
LogPluginManager: Loaded Plugin WindowsDeviceProfileSelector, From C:/Program Files (x86)/Epic Games/4.13/Engine/Plugins/Runtime/WindowsDeviceProfileSelector/WindowsDeviceProfileSelector.uplugin
LogPluginManager: Loaded Plugin WindowsMoviePlayer, From C:/Program Files (x86)/Epic Games/4.13/Engine/Plugins/Runtime/WindowsMoviePlayer/WindowsMoviePlayer.uplugin
LogPluginManager: Loaded Plugin ScriptPlugin, From C:/Program Files (x86)/Epic Games/4.13/Engine/Plugins/ScriptPlugin/ScriptPlugin.uplugin
LogPluginManager: Loaded Plugin SlateRemote, From C:/Program Files (x86)/Epic Games/4.13/Engine/Plugins/Slate/SlateRemote/SlateRemote.uplugin
LogInit: Using libcurl 7.47.1
LogInit:  - built for x86_64-pc-win32
LogInit:  - supports SSL with WinSSL
LogInit:  - other features:
LogInit:      CURL_VERSION_SSL
LogInit:      CURL_VERSION_IPV6
LogInit:      CURL_VERSION_ASYNCHDNS
LogInit:      CURL_VERSION_LARGEFILE
LogInit:      CURL_VERSION_IDN
LogInit:  CurlRequestOptions (configurable via config and command line):
LogInit:  - bVerifyPeer = false  - Libcurl will NOT verify peer certificate
LogInit:  - bUseHttpProxy = false  - Libcurl will NOT use HTTP proxy
LogInit:  - bDontReuseConnections = false  - Libcurl will reuse connections
LogInit:  - CertBundlePath = nullptr  - Libcurl will use whatever was configured at build time.
LogInit: Build: ++UE4+Release-4.13-CL-3106830
LogInit: Engine Version: 4.13.0-3106830+++UE4+Release-4.13
LogInit: Compatible Engine Version: 4.13.0-3106830+++UE4+Release-4.13
LogInit: Net CL: 3106830
LogDevObjectVersion: Number of dev versions registered: 13
LogDevObjectVersion:   Dev-Blueprints (B0D832E4-1F89-4F0D-ACCF-7EB736FD4AA2): 5
LogDevObjectVersion:   Dev-Build (E1C64328-A22C-4D53-A36C-8E866417BD8C): 0
LogDevObjectVersion:   Dev-Core (375EC13C-06E4-48FB-B500-84F0262A717E): 1
LogDevObjectVersion:   Dev-Editor (E4B068ED-F494-42E9-A231-DA0B2E46BB41): 6
LogDevObjectVersion:   Dev-Framework (CFFC743F-43B0-4480-9391-14DF171D2073): 12
LogDevObjectVersion:   Dev-Mobile (B02B49B5-BB20-44E9-A304-32B752E40360): 0
LogDevObjectVersion:   Dev-Networking (A4E4105C-59A1-49B5-A7C5-40C4547EDFEE): 0
LogDevObjectVersion:   Dev-Online (39C831C9-5AE6-47DC-9A44-9C173E1C8E7C): 0
LogDevObjectVersion:   Dev-Physics (78F01B33-EBEA-4F98-B9B4-84EACCB95AA2): 0
LogDevObjectVersion:   Dev-Platform (6631380F-2D4D-43E0-8009-CF276956A95A): 0
LogDevObjectVersion:   Dev-Rendering (12F88B9F-8875-4AFC-A67C-D90C383ABD29): 4
LogDevObjectVersion:   Dev-Sequencer (7B5AE74C-D270-4C10-A958-57980B212A5A): 0
LogDevObjectVersion:   Dev-VR (D7296918-1DD6-4BDD-9DE2-64A83CC13884): 0
LogInit: Compiled (64-bit): Aug 30 2016 18:11:39
LogInit: Compiled with Visual C++: 19.00.23026.00
LogInit: Build Configuration: Development
LogInit: Branch Name: ++UE4+Release-4.13
LogInit: Command line:  
LogInit: Base directory: C:/Program Files (x86)/Epic Games/4.13/Engine/Binaries/Win64/
LogInit: Installed Engine Build: 1
LogInit: Presizing for max 8388607 objects, including 0 objects not considered by GC, pre-allocating 0 bytes for permanent pool.
LogInit: Object subsystem initialized
[2016.11.08-20.00.23:410][  0]LogInit: Selected Device Profile: [Windows]
[2016.11.08-20.00.23:410][  0]LogInit: Applying CVar settings loaded from the selected device profile: [Windows]
[2016.11.08-20.00.23:421][  0]LogInit: Computer: IDEA-PC
[2016.11.08-20.00.23:421][  0]LogInit: User: Luke
[2016.11.08-20.00.23:421][  0]LogInit: CPU Page size=65536, Cores=4
[2016.11.08-20.00.23:421][  0]LogInit: High frequency timer resolution =2.338438 MHz
[2016.11.08-20.00.23:421][  0]LogMemory: Memory total: Physical=7.9GB (8GB approx)
[2016.11.08-20.00.23:421][  0]LogMemory: Platform Memory Stats for Windows
[2016.11.08-20.00.23:421][  0]LogMemory: Process Physical Memory: 254.96 MB used, 254.96 MB peak
[2016.11.08-20.00.23:421][  0]LogMemory: Process Virtual Memory: 259.79 MB used, 259.79 MB peak
[2016.11.08-20.00.23:421][  0]LogMemory: Physical Memory: 4127.32 MB used, 8139.28 MB total
[2016.11.08-20.00.23:421][  0]LogMemory: Virtual Memory: 602.43 MB used, 134217728.00 MB total
[2016.11.08-20.00.23:513][  0]LogTextLocalizationManager: No specific translations for ('en-US') exist, so ('en') translations will be used.
[2016.11.08-20.00.24:293][  0]LogD3D11RHI: D3D11 adapters:
[2016.11.08-20.00.24:318][  0]LogD3D11RHI:    0. 'NVIDIA GeForce GT 750M' (Feature Level 11_0)
[2016.11.08-20.00.24:318][  0]LogD3D11RHI:       1985/0/2048 MB DedicatedVideo/DedicatedSystem/SharedSystem, Outputs:1, VendorId:0x10de
[2016.11.08-20.00.24:319][  0]LogD3D11RHI:    1. 'Microsoft Basic Render Driver' (Feature Level 11_0)
[2016.11.08-20.00.24:319][  0]LogD3D11RHI:       0/0/256 MB DedicatedVideo/DedicatedSystem/SharedSystem, Outputs:0, VendorId:0x1414
[2016.11.08-20.00.24:319][  0]LogD3D11RHI: Chosen D3D11 Adapter: 0
[2016.11.08-20.00.24:325][  0]LogD3D11RHI: Creating new Direct3DDevice
[2016.11.08-20.00.24:325][  0]LogD3D11RHI:     GPU DeviceId: 0xfe4 (for the marketing name, search the web for "GPU Device Id")
[2016.11.08-20.00.24:325][  0]LogWindows: EnumDisplayDevices:
[2016.11.08-20.00.24:325][  0]LogWindows:    0. 'NVIDIA GeForce GT 750M' (P:1 D:1)
[2016.11.08-20.00.24:325][  0]LogWindows:    1. 'NVIDIA GeForce GT 750M' (P:0 D:0)
[2016.11.08-20.00.24:325][  0]LogWindows:    2. 'NVIDIA GeForce GT 750M' (P:0 D:0)
[2016.11.08-20.00.24:326][  0]LogWindows: DebugString: FoundDriverCount:3 
[2016.11.08-20.00.24:326][  0]LogD3D11RHI:     Adapter Name: NVIDIA GeForce GT 750M
[2016.11.08-20.00.24:326][  0]LogD3D11RHI:   Driver Version: 368.22 (internal:10.18.13.6822, unified:368.22)
[2016.11.08-20.00.24:326][  0]LogD3D11RHI:      Driver Date: 5-19-2016
[2016.11.08-20.00.24:326][  0]LogRHI: Texture pool is 1361 MB (70% of 1945 MB)
[2016.11.08-20.00.24:340][  0]LogD3D11RHI: Async texture creation enabled
[2016.11.08-20.00.24:384][  0]LogD3D11RHI: GPU Timing Frequency: 1000.000000 (Debug: 2 2)
[2016.11.08-20.00.24:385][  0]LogShaderCompilers: Guid format shader working directory is -19 characters bigger than the processId version (../../../../../../Users/Luke/Documents/GitHub/Spooksters/Attic1/Intermediate/Shaders/WorkingDirectory/14308/).
[2016.11.08-20.00.24:385][  0]LogShaderCompilers: Cleaned the shader compiler working directory 'C:/Users/Luke/AppData/Local/Temp/UnrealShaderWorkingDir/7E6ECC8E4937B27856BB0CA1AD441661/'.
[2016.11.08-20.00.24:385][  0]LogShaderCompilers:Display: Using Local Shader Compiler.
[2016.11.08-20.00.26:996][  0]LogTemp:Display: Loaded TP AllDesktopTargetPlatform
[2016.11.08-20.00.27:007][  0]LogTemp:Display: Loaded TP WindowsClientTargetPlatform
[2016.11.08-20.00.27:018][  0]LogTemp:Display: Loaded TP WindowsNoEditorTargetPlatform
[2016.11.08-20.00.27:030][  0]LogTemp:Display: Loaded TP WindowsServerTargetPlatform
[2016.11.08-20.00.27:041][  0]LogTemp:Display: Loaded TP WindowsTargetPlatform
[2016.11.08-20.00.27:051][  0]LogTemp:Display: Loaded TP AndroidTargetPlatform
[2016.11.08-20.00.27:061][  0]LogTemp:Display: Loaded TP Android_ASTCTargetPlatform
[2016.11.08-20.00.27:070][  0]LogTemp:Display: Loaded TP Android_ATCTargetPlatform
[2016.11.08-20.00.27:081][  0]LogTemp:Display: Loaded TP Android_DXTTargetPlatform
[2016.11.08-20.00.27:091][  0]LogTemp:Display: Loaded TP Android_ETC1TargetPlatform
[2016.11.08-20.00.27:101][  0]LogTemp:Display: Loaded TP Android_ETC2TargetPlatform
[2016.11.08-20.00.27:122][  0]LogTemp:Display: Loaded TP Android_MultiTargetPlatform
[2016.11.08-20.00.27:122][  0]LogTemp:Display: Loaded TP Android_PVRTCTargetPlatform
[2016.11.08-20.00.27:123][  0]LogTemp:Display: Loaded TP HTML5TargetPlatform
[2016.11.08-20.00.27:147][  0]LogTemp:Display: Loaded TP IOSTargetPlatform
[2016.11.08-20.00.27:157][  0]LogTemp:Display: Loaded TP TVOSTargetPlatform
[2016.11.08-20.00.27:167][  0]LogTemp:Display: Loaded TP LinuxClientTargetPlatform
[2016.11.08-20.00.27:177][  0]LogTemp:Display: Loaded TP LinuxNoEditorTargetPlatform
[2016.11.08-20.00.27:187][  0]LogTemp:Display: Loaded TP LinuxServerTargetPlatform
[2016.11.08-20.00.27:197][  0]LogTemp:Display: Loaded TP LinuxTargetPlatform
[2016.11.08-20.00.27:197][  0]LogTargetPlatformManager:Display: Building Assets For Windows
[2016.11.08-20.00.27:283][  0]LogDerivedDataCache:Display: Max Cache Size: 512 MB
[2016.11.08-20.00.28:068][  0]LogDerivedDataCache: Loaded boot cache 0.77s 62MB C:/Users/Luke/AppData/Local/UnrealEngine/4.13/DerivedDataCache/Boot.ddc.
[2016.11.08-20.00.28:068][  0]LogDerivedDataCache:Display: Loaded Boot cache: C:/Users/Luke/AppData/Local/UnrealEngine/4.13/DerivedDataCache/Boot.ddc
[2016.11.08-20.00.28:078][  0]LogDerivedDataCache: FDerivedDataBackendGraph:  Pak pak cache file ../../../../../../Users/Luke/Documents/GitHub/Spooksters/Attic1/DerivedDataCache/DDC.ddp not found, will not use a pak cache.
[2016.11.08-20.00.28:078][  0]LogDerivedDataCache: Unable to find inner node Pak for hierarchical cache Hierarchy.
[2016.11.08-20.00.28:078][  0]LogDerivedDataCache: FDerivedDataBackendGraph:  CompressedPak pak cache file ../../../../../../Users/Luke/Documents/GitHub/Spooksters/Attic1/DerivedDataCache/Compressed.ddp not found, will not use a pak cache.
[2016.11.08-20.00.28:078][  0]LogDerivedDataCache: Unable to find inner node CompressedPak for hierarchical cache Hierarchy.
[2016.11.08-20.00.28:233][  0]LogDerivedDataCache:Display: Pak cache opened for reading ../../../Engine/DerivedDataCache/Compressed.ddp.
[2016.11.08-20.00.28:326][  0]LogDerivedDataCache: Using Local data cache path C:/Users/Luke/AppData/Local/UnrealEngine/Common/DerivedDataCache: Writable
[2016.11.08-20.00.42:567][  0]LogInit: Selected Device Profile: [Windows]
[2016.11.08-20.00.43:076][  0]LogContentStreaming: Texture pool size is 0.00 MB
[2016.11.08-20.00.43:802][  0]LogMeshUtilities: No automatic mesh reduction module available
[2016.11.08-20.00.43:802][  0]LogMeshUtilities: No automatic mesh merging module available
[2016.11.08-20.00.43:802][  0]LogMeshUtilities: No distributed automatic mesh merging module available
[2016.11.08-20.00.46:325][  0]LogMaterial: Uniform references updated for custom material expression Custom.
[2016.11.08-20.00.46:988][  0]LogLinker:Warning: Can't find file '/Engine/EditorMaterials/AssetViewer/EpicQuadPanorama_CC+EV1'
[2016.11.08-20.00.47:005][  0]LogLinker: Can't find file '/Engine/EditorMaterials/AssetViewer/EpicQuadPanorama_CC+EV1'
[2016.11.08-20.00.47:150][  0]LogTexture:Display: Building textures: RGBTable16x1_AssetViewer (BGRA8)
[2016.11.08-20.00.53:092][  0]LogNetVersion: GetLocalNetworkVersion: CL: 3106830, ProjectName: attic1, ProjectVersion: , EngineNetworkVersion: 1, GameNetworkVersion: 0, NetworkChecksum: 306430604
[2016.11.08-20.00.53:422][  0]LogAssetRegistry: FAssetRegistry took 0.0257 seconds to start up
[2016.11.08-20.00.53:578][  0]LogPackageLocalizationCache: Processed 3 localized package path(s) for 2 prioritized culture(s) in 0.034561 seconds
[2016.11.08-20.00.53:639][  0]LogUObjectArray: 29781 objects as part of root set at end of initial load.
[2016.11.08-20.00.53:639][  0]LogUObjectAllocator: 6126232 out of 0 bytes used by permanent object pool.
[2016.11.08-20.00.53:639][  0]LogUObjectArray: CloseDisregardForGC: 0/0 objects in disregard for GC pool
[2016.11.08-20.00.53:714][  0]LogInit: WinSock: version 1.1 (2.2), MaxSocks=32767, MaxUdp=65467
[2016.11.08-20.01.12:074][  0]LogSlate: SlateFontCache - WITH_FREETYPE: 1, WITH_HARFBUZZ: 1
[2016.11.08-20.01.12:074][  0]LogSlate: SlateFontCache - WITH_FREETYPE: 1, WITH_HARFBUZZ: 1
[2016.11.08-20.02.12:547][  0]LogSubstanceCoreModule: Substance CPU Engine Loaded, Max Texture Size 2048
[2016.11.08-20.02.12:767][  0]LogUdpMessaging: Initializing bridge on interface 0.0.0.0:0 to multicast group 230.0.0.1:6666.
[2016.11.08-20.02.18:580][  0]SourceControl: Info Source control is disabled
[2016.11.08-20.02.18:811][  0]SourceControl: Info Source control is disabled
[2016.11.08-20.02.18:968][  0]SourceControl: Info Source control is disabled
[2016.11.08-20.02.19:052][  0]SourceControl: Info Source control is disabled
[2016.11.08-20.02.21:818][  0]LogEngine: Initializing Engine...
[2016.11.08-20.02.21:854][  0]LogHMD: Failed to initialize OpenVR with code 110
[2016.11.08-20.02.23:007][  0]LogAIModule: Creating AISystem for world Untitled
[2016.11.08-20.02.23:368][  0]LogInit: XAudio2 using 'Speakers (Realtek High Definition Audio)' : 2 channels at 48 kHz using 32 bits per sample (channel mask 0x3)
[2016.11.08-20.02.23:406][  0]LogInit: FAudioDevice initialized.
[2016.11.08-20.02.23:462][  0]LogDerivedDataCache: Saved boot cache 0.04s 62MB C:/Users/Luke/AppData/Local/UnrealEngine/4.13/DerivedDataCache/Boot.ddc.
[2016.11.08-20.02.23:467][  0]LogInit: Texture streaming: Enabled
[2016.11.08-20.02.24:066][  0]LogInit: Transaction tracking system initialized
[2016.11.08-20.02.24:575][  0]BlueprintLog: New page: Editor Load
[2016.11.08-20.02.27:168][  0]LocalizationService: Info Localization service is disabled
[2016.11.08-20.02.28:306][  0]LogConsoleResponse:Display: 
[2016.11.08-20.02.30:147][  0]LogFileCache: Scanning file cache for directory 'C:/Users/Luke/Documents/GitHub/Spooksters/Attic1/Content/' took 0.02s
[2016.11.08-20.02.30:147][  0]LogCook:Display: Max memory allowance for cook 16384mb min free memory 0mb
[2016.11.08-20.02.30:157][  0]LogCook:Display: Mobile HDR setting 1
[2016.11.08-20.02.32:482][  0]SourceControl: Info Source control is disabled
[2016.11.08-20.02.32:519][  0]Cmd: MAP LOAD FILE="../../../../../../Users/Luke/Documents/GitHub/Spooksters/Attic1/Content/StarterContent/Maps/Minimal_Default.umap" TEMPLATE=0 SHOWPROGRESS=1 FEATURELEVEL=3
[2016.11.08-20.02.32:541][  0]LightingResults: New page: Lighting Build
[2016.11.08-20.02.32:813][  0]MapCheck: New page: Map Check
[2016.11.08-20.02.32:813][  0]LightingResults: New page: Lighting Build
[2016.11.08-20.02.41:813][  0]LogTexture:Display: Building textures: HQ_Lightmap0_1 (AutoDXT)
[2016.11.08-20.02.42:028][  0]LogTexture:Display: Building textures: HQ_Lightmap0_2 (AutoDXT)
[2016.11.08-20.02.42:048][  0]LogTexture:Display: Building textures: HQ_Lightmap1_3 (AutoDXT)
[2016.11.08-20.02.42:110][  0]LogTexture:Display: Building textures: LQ_Lightmap_0_1 (DXT1)
[2016.11.08-20.02.42:244][  0]LogTexture:Display: Building textures: LQ_Lightmap_0_2 (DXT1)
[2016.11.08-20.02.42:255][  0]LogTexture:Display: Building textures: LQ_Lightmap_1_3 (DXT1)
[2016.11.08-20.02.42:360][  0]LogTexture:Display: Building textures: SkyOcclusion0_1 (AutoDXT)
[2016.11.08-20.02.42:457][  0]LogTexture:Display: Building textures: SkyOcclusion0_2 (AutoDXT)
[2016.11.08-20.02.42:468][  0]LogTexture:Display: Building textures: SkyOcclusion0_3 (AutoDXT)
[2016.11.08-20.02.42:471][  0]LogStaticMesh: Building static mesh SM_GodRay_Plane...
[2016.11.08-20.02.42:542][  0]LogStaticMesh: Built static mesh [0.07s] /Game/Environment/Blueprints/Lightshaft/SM_GodRay_Plane.SM_GodRay_Plane
[2016.11.08-20.02.42:578][  0]LogTexture:Display: Building textures: T_GodRay_Mask01 (BGRA8)
[2016.11.08-20.02.42:949][  0]LogTexture:Display: Building textures: TilingNoise02 (AutoDXT)
[2016.11.08-20.02.43:939][  0]LogMaterial: Missing cached shader map for material M_GodRay, compiling. 
[2016.11.08-20.02.44:216][  0]LogMaterial: Missing cached shader map for material M_GodRay, compiling. 
[2016.11.08-20.02.44:765][  0]LogTexture:Display: Building textures: T_SmokeBall_03_Perlin (AutoDXT)
[2016.11.08-20.02.45:253][  0]LogMaterial: Missing cached shader map for material M_Dust_Mote, compiling. 
[2016.11.08-20.02.45:415][  0]LogTexture:Display: Building textures: ShadowMapTexture2D_6 (BGRA8)
[2016.11.08-20.02.45:441][  0]LogTexture:Display: Building textures: ShadowMapTexture2D_7 (BGRA8)
[2016.11.08-20.02.45:446][  0]LogTexture:Display: Building textures: ShadowMapTexture2D_8 (G8)
[2016.11.08-20.02.45:543][  0]LogStaticMesh: Building static mesh BookLP...
[2016.11.08-20.02.45:550][  0]LogStaticMesh: Built static mesh [0.10s] /Game/ArchVis/Mesh/BookLP.BookLP
[2016.11.08-20.02.45:641][  0]LogStaticMesh: Building static mesh Chest_Base...
[2016.11.08-20.02.45:667][  0]LogStaticMesh: Built static mesh [0.07s] /Game/AtticAssets/AnimChest/Chest_Base.Chest_Base
[2016.11.08-20.02.45:683][  0]LogStaticMesh: Building static mesh Chest_Top...
[2016.11.08-20.02.45:715][  0]LogStaticMesh: Built static mesh [0.05s] /Game/AtticAssets/AnimChest/Chest_Top.Chest_Top
[2016.11.08-20.02.45:745][  0]LogStaticMesh: Building static mesh Metal_Desk...
[2016.11.08-20.02.45:803][  0]LogStaticMesh: Built static mesh [0.09s] /Game/KiteDemo/Metal_Desk.Metal_Desk
[2016.11.08-20.02.45:835][  0]LogStaticMesh: Building static mesh Mug...
[2016.11.08-20.02.45:837][  0]LogMeshUtilities: Invalid vertex normals found for mesh. Forcing recomputation of vertex normals for MikkTSpace. Fix mesh or disable "Use MikkTSpace Tangent Space" to avoid forced recomputation of normals.
[2016.11.08-20.02.45:862][  0]LogStaticMesh: Built static mesh [0.04s] /Game/ArchVis/Mesh/Mug.Mug
[2016.11.08-20.02.47:560][  0]LogStaticMesh: Building static mesh ScotsPineTall_01...
[2016.11.08-20.04.22:008][  0]LogStaticMesh: Built static mesh [94.49s] /Game/KiteDemo/Environments/Trees/ScotsPineTall_01/ScotsPineTall_01.ScotsPineTall_01
[2016.11.08-20.04.22:049][  0]LogStaticMesh: Building static mesh shoes...
[2016.11.08-20.04.24:033][  0]LogStaticMesh: Built static mesh [2.02s] /Game/Boy/Boyandtexture/shoes.shoes
[2016.11.08-20.04.24:171][  0]LogStaticMesh: Building static mesh SM_Frame_1...
[2016.11.08-20.04.24:191][  0]LogStaticMesh: Built static mesh [0.02s] /Game/ArchVis/Mesh/SM_Frame_1.SM_Frame_1
[2016.11.08-20.04.24:495][  0]LogStaticMesh: Building static mesh trash...
[2016.11.08-20.04.24:523][  0]LogStaticMesh: Built static mesh [0.03s] /Game/KiteDemo/trash.trash
[2016.11.08-20.04.24:870][  0]LogTexture:Display: Building textures: 55d3d18e294c78e4e2cc260410531cb1 (AutoDXT)
[2016.11.08-20.04.26:597][  0]LogMaterial: Missing cached shader map for material 55d3d18e294c78e4e2cc260410531cb1_Mat, compiling. 
[2016.11.08-20.04.26:679][  0]LogTexture:Display: Building textures: 1ca8beaefdea425b597a8abf63232607 (BGRA8)
[2016.11.08-20.04.26:691][  0]LogMaterial: Missing cached shader map for material 1ca8beaefdea425b597a8abf63232607_Mat, compiling. 
[2016.11.08-20.04.26:779][  0]LogTexture:Display: Building textures: chest_dif (AutoDXT)
[2016.11.08-20.04.27:745][  0]LogMaterial: Missing cached shader map for material chest_MAT_NONE, compiling. 
[2016.11.08-20.04.27:905][  0]LogTexture:Display: Building textures: BB_EyeSpec_NM (BC5)
[2016.11.08-20.04.29:048][  0]LogTexture:Display: Building textures: woodbody-1 (BGRA8)
[2016.11.08-20.04.31:808][  0]LogMaterial: Missing cached shader map for material woodbody-1_Mat, compiling. 
[2016.11.08-20.04.31:941][  0]LogMaterial: Missing cached shader map for material 03_-_Default, compiling. 
[2016.11.08-20.04.32:451][  0]LogMaterial: Missing cached shader map for material 02_-_Default, compiling. 
[2016.11.08-20.04.32:699][  0]LogMaterial: Missing cached shader map for material scharniere, compiling. 
[2016.11.08-20.04.32:884][  0]LogMaterial: Missing cached shader map for material scharniere__chest_dif_tga, compiling. 
[2016.11.08-20.04.32:971][  0]LogMaterial: Missing cached shader map for material chest_MAT__chest_dif_tga2, compiling. 
[2016.11.08-20.04.33:099][  0]LogMaterial: Missing cached shader map for material chest_MAT__chest_dif_tga, compiling. 
[2016.11.08-20.04.33:193][  0]LogMaterial: Missing cached shader map for material chest_MAT, compiling. 
[2016.11.08-20.04.33:800][  0]LogTexture:Display: Building textures: T_Painting_N (BC5)
[2016.11.08-20.04.34:588][  0]LogTexture:Display: Building textures: T_Painting_D (AutoDXT)
[2016.11.08-20.04.37:094][  0]LogTexture:Display: Building textures: T_Paint_N (BC5)
[2016.11.08-20.04.37:373][  0]LogTexture:Display: Building textures: T_Frame_N (BC5)
[2016.11.08-20.04.38:119][  0]LogTexture:Display: Building textures: T_Frame_M (AutoDXT)
[2016.11.08-20.04.40:309][  0]LogMaterial: Missing cached shader map for material M_Painting_1, compiling. 
[2016.11.08-20.04.40:539][  0]LogTexture:Display: Building textures: T_MugLogo_D (AutoDXT)
[2016.11.08-20.04.40:827][  0]LogTexture:Display: Building textures: T_Mug_N (BC5)
[2016.11.08-20.04.41:448][  0]LogTexture:Display: Building textures: T_Mug_M (AutoDXT)
[2016.11.08-20.04.42:699][  0]LogMaterial: Missing cached shader map for material M_Mug, compiling. 
[2016.11.08-20.04.42:740][  0]LogTexture:Display: Building textures: T_DustParticles_M (DXT1)
[2016.11.08-20.04.42:842][  0]LogTexture:Display: Building textures: book_occlusion (DXT1)
[2016.11.08-20.04.43:711][  0]LogTexture:Display: Building textures: book_normals (BC5)
[2016.11.08-20.04.44:198][  0]LogMaterial: Missing cached shader map for material M_Book_Mat, compiling. 
[2016.11.08-20.04.44:761][  0]LogTexture:Display: Building textures: T_Wood_Floor_Walnut_M (AutoDXT)
[2016.11.08-20.04.48:715][  0]LogMaterial: Missing cached shader map for material Modified_Walls, compiling. 
[2016.11.08-20.04.48:941][  0]LogMaterial: Missing cached shader map for material M_Wood_Walnut, compiling. 
[2016.11.08-20.04.49:073][  0]LogMaterial: Missing cached shader map for material M_Wood_Floor_Walnut_Worn, compiling. 
[2016.11.08-20.04.49:432][  0]LogTexture:Display: Building textures: MetalDesk_n (BC5)
[2016.11.08-20.04.50:611][  0]LogTexture:Display: Building textures: MetalDesk_d (AutoDXT)
[2016.11.08-20.04.54:330][  0]LogMaterial: Missing cached shader map for material MetalDesk_Mat, compiling. 
[2016.11.08-20.04.55:172][  0]LogTexture:Display: Building textures: woodmaybe (AutoDXT)
[2016.11.08-20.05.00:087][  0]LogMaterial: Missing cached shader map for material woodmaybe_Mat, compiling. 
[2016.11.08-20.05.00:247][  0]LogTexture:Display: Building textures: ThumbnailTexture (DXT1)
[2016.11.08-20.05.00:655][  0]LogTexture:Display: Building textures: T_Robo_N (BC5)
[2016.11.08-20.05.01:213][  0]LogMaterial: Missing cached shader map for material M_Robo_02, compiling. 
[2016.11.08-20.05.01:651][  0]LogTexture:Display: Building textures: T_Robo_D (AutoDXT)
[2016.11.08-20.05.04:337][  0]LogMaterial: Missing cached shader map for material M_Robo_01, compiling. 
[2016.11.08-20.05.04:537][  0]LogTexture:Display: Building textures: Sculpt (AutoDXT)
[2016.11.08-20.05.05:245][  0]LogMaterial: Missing cached shader map for material SculptMaterial1, compiling. 
[2016.11.08-20.05.05:850][  0]LogMaterial: Missing cached shader map for material blinn3, compiling. 
[2016.11.08-20.05.05:939][  0]LogMaterial: Missing cached shader map for material blinn2, compiling. 
[2016.11.08-20.05.06:019][  0]LogMaterial: Missing cached shader map for material blinn1, compiling. 
[2016.11.08-20.05.06:470][  0]LogTexture:Display: Building textures: T_Door_N (BC5)
[2016.11.08-20.05.07:254][  0]LogTexture:Display: Building textures: T_Door_M (DXT1)
[2016.11.08-20.05.08:104][  0]LogMaterial: Missing cached shader map for material Beta_Joints_MAT, compiling. 
[2016.11.08-20.05.08:192][  0]LogMaterial: Missing cached shader map for material Beta_HighLimbsGeoSG2, compiling. 
[2016.11.08-20.05.08:843][  0]LogTexture:Display: Building textures: ScotsPineTall_01_Atlas_Billboards_Tex (AutoDXT)
[2016.11.08-20.05.11:387][  0]LogTexture:Display: Building textures: ScotsPineTall_01_Atlas_Billboards_Normal_Tex (BC5)
[2016.11.08-20.05.11:984][  0]LogMaterial: Missing cached shader map for material ScotsPineTall_01_Billboard_Mat, compiling. 
[2016.11.08-20.05.12:888][  0]LogTexture:Display: Building textures: ScotsPine_01_Atlas_Tex (AutoDXT)
[2016.11.08-20.05.22:492][  0]LogTexture:Display: Building textures: ScotsPine_01_Atlas_Specular_Tex (AutoDXT)
[2016.11.08-20.05.26:558][  0]LogTexture:Display: Building textures: ScotsPine_01_Atlas_Normal_Tex (BC5)
[2016.11.08-20.05.29:006][  0]LogMaterial: Missing cached shader map for material ScotsPine_01_Leaves_Mat, compiling. 
[2016.11.08-20.05.29:387][  0]LogTexture:Display: Building textures: T_ScotsPine_Bark_03_D_Tex (AutoDXT)
[2016.11.08-20.05.31:713][  0]LogTexture:Display: Building textures: T_ScotsPine_Bark_03_N (BC5)
[2016.11.08-20.05.32:065][  0]LogMaterial: Missing cached shader map for material ScotsPine_01_Fronds_Mat, compiling. 
[2016.11.08-20.05.33:611][  0]LogTexture:Display: Building textures: T_ScotsPine_Bark_01_Tex (AutoDXT)
[2016.11.08-20.05.43:193][  0]LogTexture:Display: Building textures: T_ScotsPine_Bark_01_N_Tex (BC5)
[2016.11.08-20.05.44:571][  0]LogMaterial: Missing cached shader map for material ScotsPine_01_Branches_Mat, compiling. 
[2016.11.08-20.05.44:702][  0]LogMaterial: Missing cached shader map for material ScotsPine_01_Branches_2_Mat, compiling. 
[2016.11.08-20.05.45:688][  0]LogTexture:Display: Building textures: xnormalbake_id4_occlusion (G8)
[2016.11.08-20.05.49:288][  0]LogTexture:Display: Building textures: xnormalbake_id4_normals (BC5)
[2016.11.08-20.05.53:429][  0]LogTexture:Display: Building textures: iceman4_D (AutoDXT)
[2016.11.08-20.06.09:391][  0]LogTexture:Display: Building textures: xnormalbakeid1_occlusion (G8)
[2016.11.08-20.06.12:051][  0]LogTexture:Display: Building textures: T_Ice_Noise (AutoDXT)
[2016.11.08-20.06.13:317][  0]LogTexture:Display: Building textures: T_PillarCracks_N (BC5)
[2016.11.08-20.06.15:647][  0]LogTexture:Display: Building textures: xnormalbakeid1_normals (BC5)
[2016.11.08-20.06.18:675][  0]LogTexture:Display: Building textures: T_CastleRockTile_01_D (AutoDXT)
[2016.11.08-20.06.22:776][  0]LogTexture:Display: Building textures: T_IceVeins (AutoDXT)
[2016.11.08-20.06.25:448][  0]LogMaterial: Missing cached shader map for material M_IceGiant_Master, compiling. 
[2016.11.08-20.06.26:152][  0]LogTexture:Display: Building textures: T_IceTiling01_D (AutoDXT)
[2016.11.08-20.06.29:813][  0]LogMaterial: Missing cached shader map for material M_IceGiant_Master, compiling. 
[2016.11.08-20.06.31:638][  0]LogTexture:Display: Building textures: iceman1_D (AutoDXT)
[2016.11.08-20.06.46:314][  0]LogMaterial: Missing cached shader map for material M_IceGiant_Master, compiling. 
[2016.11.08-20.06.47:472][  0]LogTexture:Display: Building textures: xnormalbakeid2_normals (BC5)
[2016.11.08-20.06.50:720][  0]LogTexture:Display: Building textures: xbnormalbakeid2_occlusion (G8)
[2016.11.08-20.06.54:194][  0]LogTexture:Display: Building textures: iceman2_D (AutoDXT)
[2016.11.08-20.07.07:030][  0]LogMaterial: Missing cached shader map for material M_IceGiant_Master, compiling. 
[2016.11.08-20.07.08:071][  0]LogTexture:Display: Building textures: xnormalbake_id3_occlusion (AutoDXT)
[2016.11.08-20.07.11:984][  0]LogTexture:Display: Building textures: xnormalbake_id3_normals (BC5)
[2016.11.08-20.07.15:287][  0]LogTexture:Display: Building textures: iceman3_D (AutoDXT)
[2016.11.08-20.07.28:580][  0]LogTexture:Display: Building textures: T_TilingAsh_N (BC5)
[2016.11.08-20.07.29:295][  0]LogTexture:Display: Building textures: T_TilingAsh_D (AutoDXT)
[2016.11.08-20.07.32:862][  0]LogTexture:Display: Building textures: T_Metal_Oil (AutoDXT)
[2016.11.08-20.07.34:136][  0]LogTexture:Display: Building textures: T_Lavalord_04_R (AutoDXT)
[2016.11.08-20.07.37:815][  0]LogTexture:Display: Building textures: T_Lavalord_04_N (BC5)
[2016.11.08-20.07.38:537][  0]LogTexture:Display: Building textures: T_Char_lava_4_RM (AutoDXT)
[2016.11.08-20.07.40:306][  0]LogMaterial: Missing cached shader map for material M_lavahelm_MASTER, compiling. 
[2016.11.08-20.07.40:375][  0]LogTexture:Display: Building textures: T_GodRay_Mask02 (BGRA8)
[2016.11.08-20.07.40:627][  0]LogMaterial: Missing cached shader map for material EYE, compiling. 
[2016.11.08-20.07.40:921][  0]LogAIModule: Creating AISystem for world Minimal_Default
[2016.11.08-20.07.43:496][  0]LogEditorServer: Finished looking for orphan Actors (0.000 secs)
[2016.11.08-20.07.43:576][  0]Cmd: MAP CHECKDEP NOCLEARLOG
[2016.11.08-20.07.43:817][  0]MapCheck: Info Map check complete: 0 Error(s), 0 Warning(s), took 213.784ms to complete.
[2016.11.08-20.07.43:817][  0]LogFileHelpers: Loading map 'Minimal_Default' took 311.304
[2016.11.08-20.07.46:013][  0]LogCollectionManager: Loaded 0 collections in 0.003176 seconds
[2016.11.08-20.07.46:260][  0]LogFileCache: Scanning file cache for directory 'C:/Users/Luke/Documents/GitHub/Spooksters/Attic1/Saved/Collections/' took 0.01s
[2016.11.08-20.07.46:260][  0]LogFileCache: Scanning file cache for directory 'C:/Users/Luke/Documents/GitHub/Spooksters/Attic1/Content/Developers/Luke/Collections/' took 0.01s
[2016.11.08-20.07.46:260][  0]LogFileCache: Scanning file cache for directory 'C:/Users/Luke/Documents/GitHub/Spooksters/Attic1/Content/Collections/' took 0.01s
[2016.11.08-20.07.46:260][  0]LogCollectionManager: Rebuilt the GUID cache for 0 collections in 0.000006 seconds
[2016.11.08-20.07.46:317][  0]LogContentBrowser: Native class hierarchy populated in 0.0452 seconds. Added 2156 classes and 421 folders.
[2016.11.08-20.07.46:420][  0]LogStats: UGameplayTagsManager::ConstructGameplayTagTree: Construct from data asset -  0.000 s
[2016.11.08-20.07.46:420][  0]LogStats: UGameplayTagsManager::ConstructGameplayTagTree: GameplayTagTreeChangedEvent.Broadcast -  0.000 s
[2016.11.08-20.07.46:432][  0]LogContentBrowser: Native class hierarchy updated for 'GameplayTags' in 0.0012 seconds. Added 12 classes and 0 folders.
[2016.11.08-20.07.46:496][  0]LogContentBrowser: Native class hierarchy updated for 'WidgetCarousel' in 0.0010 seconds. Added 0 classes and 0 folders.
[2016.11.08-20.07.47:934][  0]LogContentBrowser: Native class hierarchy updated for 'AddContentDialog' in 0.0009 seconds. Added 0 classes and 0 folders.
[2016.11.08-20.07.48:035][  0]LogContentBrowser: Native class hierarchy updated for 'SceneOutliner' in 0.0011 seconds. Added 1 classes and 2 folders.
[2016.11.08-20.07.48:882][  0]LogCrashTracker: Crashtracker disabled due to settings.
[2016.11.08-20.07.49:108][  0]LogUObjectGlobals:Warning: Failed to find object 'Class None.'
[2016.11.08-20.07.49:239][  0]LogContentBrowser: Native class hierarchy updated for 'HierarchicalLODOutliner' in 0.0010 seconds. Added 1 classes and 2 folders.
[2016.11.08-20.07.49:239][  0]LogLoad: (Engine Initialization) Total time: 447.88 seconds
[2016.11.08-20.07.49:239][  0]LogLoad: (Engine Initialization) Total Blueprint compile time: 1.25 seconds
[2016.11.08-20.07.49:257][  0]LogExternalProfiler: Found external profiler: VSPerf
[2016.11.08-20.07.49:257][  0]LogExternalProfiler: Using external profiler: VSPerf
[2016.11.08-20.07.49:411][  0]LogWindowsTextInputMethodSystem:Display: IME system now deactivated.
[2016.11.08-20.07.49:446][  0]LogOcInput: OculusInput pre-init called
[2016.11.08-20.07.50:874][  0]LogContentStreaming: Texture pool size now 1000 MB
[2016.11.08-20.07.53:075][  0]LogRenderer: Reallocating scene render targets to support 908x440 (Frame:2).
[2016.11.08-20.07.54:653][  1]LogFileCache: Retrieving MD5 hashes for directory 'C:/Users/Luke/Documents/GitHub/Spooksters/Attic1/Content/' took 4.83s
[2016.11.08-20.07.55:560][  5]LogAssetRegistry: Asset discovery search completed in 422.1603 seconds
[2016.11.08-20.07.55:560][  5]LogCollectionManager: Rebuilt the object cache for 0 collections in 0.000001 seconds (found 0 objects)
[2016.11.08-20.07.55:560][  5]LogCollectionManager: Fixed up redirectors for 0 collections in 0.000038 seconds (updated 0 objects)
[2016.11.08-20.21.35:916][ 41]Cmd: MAP LOAD FILE="../../../../../../Users/Luke/Documents/GitHub/Spooksters/Attic1/Content/Maps/Untitled.umap" TEMPLATE=0 SHOWPROGRESS=1 FEATURELEVEL=3
[2016.11.08-20.21.36:005][ 41]LightingResults: New page: Lighting Build
[2016.11.08-20.21.36:006][ 41]LoadErrors: New page: Loading map: Untitled.umap
[2016.11.08-20.21.36:085][ 41]MapCheck: New page: Map Check
[2016.11.08-20.21.36:085][ 41]LightingResults: New page: Lighting Build
[2016.11.08-20.21.37:655][ 41]LogTexture:Display: Building textures: Bodytexture (BGRA8)
[2016.11.08-20.21.40:394][ 41]LogTexture:Display: Building textures: BB_Body_SPEC (AutoDXT)
[2016.11.08-20.21.42:312][ 41]LogTexture:Display: Building textures: woodbody (BGRA8)
[2016.11.08-20.21.44:583][ 41]LogMaterial: Missing cached shader map for material BODY, compiling. 
[2016.11.08-20.21.46:191][ 41]LogTexture:Display: Building textures: BB_Head_DIFF (AutoDXT)
[2016.11.08-20.21.51:199][ 41]LogMaterial: Missing cached shader map for material HEAD, compiling. 
[2016.11.08-20.21.51:281][ 41]LogAIModule: Creating AISystem for world Untitled
[2016.11.08-20.21.51:470][ 41]LogEditorServer: Finished looking for orphan Actors (0.000 secs)
[2016.11.08-20.21.51:637][ 41]Cmd: MAP CHECKDEP NOCLEARLOG
[2016.11.08-20.21.51:780][ 41]MapCheck: Info Map check complete: 0 Error(s), 0 Warning(s), took 142.799ms to complete.
[2016.11.08-20.21.51:780][ 41]LogFileHelpers: Loading map 'Untitled' took 15.906
[2016.11.08-20.22.12:833][192]Cmd: QUIT_EDITOR
[2016.11.08-20.22.13:409][192]LogWindowsTextInputMethodSystem:Display: IME system now deactivated.
[2016.11.08-20.22.13:540][192]LogExit: Preparing to exit.
[2016.11.08-20.22.15:209][192]LogDirectoryWatcher: A directory notification for 'C:/Users/Luke/Documents/GitHub/Spooksters/Attic1/Content/' was aborted.
[2016.11.08-20.22.15:480][192]LogExit: Editor shut down
[2016.11.08-20.22.15:480][192]LogExit: Transaction tracking system shut down
[2016.11.08-20.22.24:079][192]LogObj: Freed 0b from 0 cluster array pools.
[2016.11.08-20.22.24:080][192]LogExit: Object subsystem successfully closed.
[2016.11.08-20.22.25:393][192]LogD3D11RHI: Shutdown
[2016.11.08-20.22.25:393][192]LogD3D11RHI: CleanupD3DDevice
[2016.11.08-20.22.25:755][192]LogD3D11RHI: ~FD3D11DynamicRHI
[2016.11.08-20.22.32:730][192]LogModuleManager: Shutting down and abandoning module HierarchicalLODOutliner (235)
[2016.11.08-20.22.32:857][192]LogModuleManager: Shutting down and abandoning module CrashTracker (234)
[2016.11.08-20.22.32:879][192]LogModuleManager: Shutting down and abandoning module SceneOutliner (233)
[2016.11.08-20.22.32:879][192]LogModuleManager: Shutting down and abandoning module WidgetCarousel (232)
[2016.11.08-20.22.32:879][192]LogModuleManager: Shutting down and abandoning module AddContentDialog (231)
[2016.11.08-20.22.33:179][192]LogDirectoryWatcher: A directory notification for 'C:/Program Files (x86)/Epic Games/4.13/FeaturePacks/' was aborted.
[2016.11.08-20.22.33:226][192]LogModuleManager: Shutting down and abandoning module GameplayTags (230)
[2016.11.08-20.22.33:226][192]LogModuleManager: Shutting down and abandoning module EditorWidgets (229)
[2016.11.08-20.22.33:226][192]LogModuleManager: Shutting down and abandoning module CollectionManager (228)
[2016.11.08-20.22.33:337][192]LogDirectoryWatcher: A directory notification for 'C:/Users/Luke/Documents/GitHub/Spooksters/Attic1/Content/Collections/' was aborted.
[2016.11.08-20.22.33:337][192]LogDirectoryWatcher: A directory notification for 'C:/Users/Luke/Documents/GitHub/Spooksters/Attic1/Content/Developers/Luke/Collections/' was aborted.
[2016.11.08-20.22.33:337][192]LogDirectoryWatcher: A directory notification for 'C:/Users/Luke/Documents/GitHub/Spooksters/Attic1/Saved/Collections/' was aborted.
[2016.11.08-20.22.33:337][192]LogModuleManager: Shutting down and abandoning module StatsViewer (227)
[2016.11.08-20.22.33:409][192]LogModuleManager: Shutting down and abandoning module FoliageEdit (226)
[2016.11.08-20.22.33:559][192]LogModuleManager: Shutting down and abandoning module LandscapeEditor (225)
[2016.11.08-20.22.33:675][192]LogModuleManager: Shutting down and abandoning module SceneDepthPickerMode (224)
[2016.11.08-20.22.33:675][192]LogModuleManager: Shutting down and abandoning module ActorPickerMode (223)
[2016.11.08-20.22.33:675][192]LogModuleManager: Shutting down and abandoning module GeometryMode (222)
[2016.11.08-20.22.33:675][192]LogModuleManager: Shutting down and abandoning module TextureAlignMode (221)
[2016.11.08-20.22.33:675][192]LogModuleManager: Shutting down and abandoning module BspMode (220)
[2016.11.08-20.22.33:879][192]LogModuleManager: Shutting down and abandoning module HardwareSurvey (219)
[2016.11.08-20.22.33:950][192]LogModuleManager: Shutting down and abandoning module SequenceRecorderSections (218)
[2016.11.08-20.22.33:950][192]LogModuleManager: Shutting down and abandoning module SequenceRecorder (217)
[2016.11.08-20.22.34:034][192]LogModuleManager: Shutting down and abandoning module AutomationWorker (216)
[2016.11.08-20.22.34:057][192]LogModuleManager: Shutting down and abandoning module MatineeToLevelSequence (215)
[2016.11.08-20.22.34:095][192]LogModuleManager: Shutting down and abandoning module PlacementMode (214)
[2016.11.08-20.22.34:145][192]LogModuleManager: Shutting down and abandoning module LevelSequenceEditor (213)
[2016.11.08-20.22.34:413][192]LogModuleManager: Shutting down and abandoning module WmfMediaFactory (212)
[2016.11.08-20.22.34:413][192]LogModuleManager: Shutting down and abandoning module WmfMediaEditor (211)
[2016.11.08-20.22.34:413][192]LogModuleManager: Shutting down and abandoning module AvfMediaFactory (210)
[2016.11.08-20.22.34:413][192]LogModuleManager: Shutting down and abandoning module AvfMediaEditor (209)
[2016.11.08-20.22.34:413][192]LogModuleManager: Shutting down and abandoning module Media (208)
[2016.11.08-20.22.34:413][192]LogModuleManager: Shutting down and abandoning module AndroidMediaFactory (207)
[2016.11.08-20.22.34:413][192]LogModuleManager: Shutting down and abandoning module AndroidMediaEditor (206)
[2016.11.08-20.22.34:413][192]LogModuleManager: Shutting down and abandoning module CharacterAI (205)
[2016.11.08-20.22.34:413][192]LogModuleManager: Shutting down and abandoning module SmartSnapping (204)
[2016.11.08-20.22.34:413][192]LogModuleManager: Shutting down and abandoning module SessionServices (203)
[2016.11.08-20.22.34:413][192]LogModuleManager: Shutting down and abandoning module ViewportSnapping (202)
[2016.11.08-20.22.34:413][192]LogModuleManager: Shutting down and abandoning module ViewportInteraction (201)
[2016.11.08-20.22.34:413][192]LogModuleManager: Shutting down and abandoning module LogVisualizer (200)
[2016.11.08-20.22.34:560][192]LogModuleManager: Shutting down and abandoning module GameProjectGeneration (199)
[2016.11.08-20.22.34:664][192]LogModuleManager: Shutting down and abandoning module IntroTutorials (198)
[2016.11.08-20.22.34:733][192]LogModuleManager: Shutting down and abandoning module EditorLiveStreaming (197)
[2016.11.08-20.22.34:733][192]LogModuleManager: Shutting down and abandoning module IOSPlatformEditor (196)
[2016.11.08-20.22.34:751][192]LogModuleManager: Shutting down and abandoning module HTML5PlatformEditor (195)
[2016.11.08-20.22.34:751][192]LogModuleManager: Shutting down and abandoning module AndroidDeviceDetection (194)
[2016.11.08-20.22.35:578][192]LogModuleManager: Shutting down and abandoning module AndroidPlatformEditor (193)
[2016.11.08-20.22.35:593][192]LogModuleManager: Shutting down and abandoning module IOSRuntimeSettings (192)
[2016.11.08-20.22.35:594][192]LogModuleManager: Shutting down and abandoning module AndroidRuntimeSettings (191)
[2016.11.08-20.22.35:594][192]LogModuleManager: Shutting down and abandoning module NiagaraEditor (190)
[2016.11.08-20.22.35:704][192]LogModuleManager: Shutting down and abandoning module MergeActors (189)
[2016.11.08-20.22.35:739][192]LogModuleManager: Shutting down and abandoning module SizeMap (188)
[2016.11.08-20.22.35:766][192]LogModuleManager: Shutting down and abandoning module TreeMap (187)
[2016.11.08-20.22.35:874][192]LogModuleManager: Shutting down and abandoning module ReferenceViewer (186)
[2016.11.08-20.22.35:874][192]LogModuleManager: Shutting down and abandoning module LocalizationService (185)
[2016.11.08-20.22.35:890][192]LogModuleManager: Shutting down and abandoning module LocalizationDashboard (184)
[2016.11.08-20.22.35:949][192]LogModuleManager: Shutting down and abandoning module HardwareTargeting (183)
[2016.11.08-20.22.35:994][192]LogModuleManager: Shutting down and abandoning module DeviceProfileEditor (182)
[2016.11.08-20.22.36:092][192]LogModuleManager: Shutting down and abandoning module UndoHistory (181)
[2016.11.08-20.22.36:121][192]LogModuleManager: Shutting down and abandoning module UserFeedback (180)
[2016.11.08-20.22.36:121][192]LogModuleManager: Shutting down and abandoning module XmlParser (179)
[2016.11.08-20.22.36:302][192]LogModuleManager: Shutting down and abandoning module Blutility (178)
[2016.11.08-20.22.36:342][192]LogModuleManager: Shutting down and abandoning module ProjectTargetPlatformEditor (177)
[2016.11.08-20.22.36:382][192]LogModuleManager: Shutting down and abandoning module ProjectSettingsViewer (176)
[2016.11.08-20.22.36:382][192]LogModuleManager: Shutting down and abandoning module InputBindingEditor (175)
[2016.11.08-20.22.36:492][192]LogModuleManager: Shutting down and abandoning module EditorSettingsViewer (174)
[2016.11.08-20.22.36:492][192]LogModuleManager: Shutting down and abandoning module SettingsEditor (173)
[2016.11.08-20.22.36:541][192]LogModuleManager: Shutting down and abandoning module ProjectLauncher (172)
[2016.11.08-20.22.36:621][192]LogModuleManager: Shutting down and abandoning module SessionFrontend (171)
[2016.11.08-20.22.36:650][192]LogModuleManager: Shutting down and abandoning module ProfilerClient (170)
[2016.11.08-20.22.36:719][192]LogModuleManager: Shutting down and abandoning module TargetDeviceServices (169)
[2016.11.08-20.22.36:719][192]LogModuleManager: Shutting down and abandoning module DeviceManager (168)
[2016.11.08-20.22.36:792][192]LogModuleManager: Shutting down and abandoning module AutomationController (167)
[2016.11.08-20.22.36:841][192]LogModuleManager: Shutting down and abandoning module AutomationWindow (166)
[2016.11.08-20.22.36:923][192]LogModuleManager: Shutting down and abandoning module Layers (165)
[2016.11.08-20.22.37:059][192]LogModuleManager: Shutting down and abandoning module ComponentVisualizers (164)
[2016.11.08-20.22.37:059][192]LogModuleManager: Shutting down and abandoning module DetailCustomizations (163)
[2016.11.08-20.22.37:277][192]LogModuleManager: Shutting down and abandoning module PackagesDialog (162)
[2016.11.08-20.22.37:352][192]LogModuleManager: Shutting down and abandoning module AnimGraph (161)
[2016.11.08-20.22.37:364][192]LogModuleManager: Shutting down and abandoning module Persona (160)
[2016.11.08-20.22.37:618][192]LogModuleManager: Shutting down and abandoning module Kismet (159)
[2016.11.08-20.22.37:687][192]LogModuleManager: Shutting down and abandoning module GraphEditor (158)
[2016.11.08-20.22.37:947][192]LogModuleManager: Shutting down and abandoning module ClassViewer (157)
[2016.11.08-20.22.37:995][192]LogModuleManager: Shutting down and abandoning module Toolbox (156)
[2016.11.08-20.22.38:023][192]LogModuleManager: Shutting down and abandoning module ModuleUI (155)
[2016.11.08-20.22.38:063][192]LogModuleManager: Shutting down and abandoning module MovieSceneTools (154)
[2016.11.08-20.22.38:132][192]LogModuleManager: Shutting down and abandoning module OutputLog (153)
[2016.11.08-20.22.38:167][192]LogModuleManager: Shutting down and abandoning module GammaUI (152)
[2016.11.08-20.22.38:209][192]LogModuleManager: Shutting down and abandoning module Documentation (151)
[2016.11.08-20.22.38:209][192]LogModuleManager: Shutting down and abandoning module Niagara (150)
[2016.11.08-20.22.38:235][192]LogModuleManager: Shutting down and abandoning module StreamingPauseRendering (149)
[2016.11.08-20.22.38:235][192]LogModuleManager: Shutting down and abandoning module AnalyticsET (148)
[2016.11.08-20.22.38:235][192]LogModuleManager: Shutting down and abandoning module PortalServices (147)
[2016.11.08-20.22.38:235][192]LogModuleManager: Shutting down and abandoning module PortalRpc (146)
[2016.11.08-20.22.38:235][192]LogModuleManager: Shutting down and abandoning module MessagingRpc (145)
[2016.11.08-20.22.38:235][192]LogModuleManager: Shutting down and abandoning module GameplayDebugger (144)
[2016.11.08-20.22.38:295][192]LogModuleManager: Shutting down and abandoning module AITestSuite (143)
[2016.11.08-20.22.38:305][192]LogModuleManager: Shutting down and abandoning module AIModule (142)
[2016.11.08-20.22.38:305][192]LogModuleManager: Shutting down and abandoning module ProfilerService (141)
[2016.11.08-20.22.38:549][192]LogModuleManager: Shutting down and abandoning module TaskGraph (140)
[2016.11.08-20.22.38:690][192]LogModuleManager: Shutting down and abandoning module SubstanceEditor (139)
[2016.11.08-20.22.38:825][192]LogModuleManager: Shutting down and abandoning module SlateRemote (138)
[2016.11.08-20.22.38:825][192]LogModuleManager: Shutting down and abandoning module SteamVRController (137)
[2016.11.08-20.22.38:825][192]LogModuleManager: Shutting down and abandoning module SteamVR (136)
[2016.11.08-20.22.38:825][192]LogModuleManager: Shutting down and abandoning module ProceduralMeshComponentEditor (135)
[2016.11.08-20.22.38:844][192]LogModuleManager: Shutting down and abandoning module ProceduralMeshComponent (134)
[2016.11.08-20.22.38:844][192]LogModuleManager: Shutting down and abandoning module OculusLibrary (133)
[2016.11.08-20.22.38:844][192]LogModuleManager: Shutting down and abandoning module OculusInput (132)
[2016.11.08-20.22.38:844][192]LogModuleManager: Shutting down and abandoning module CustomMeshComponent (131)
[2016.11.08-20.22.38:844][192]LogModuleManager: Shutting down and abandoning module CableComponent (130)
[2016.11.08-20.22.38:845][192]LogModuleManager: Shutting down and abandoning module ArchVisCharacter (129)
[2016.11.08-20.22.38:845][192]LogModuleManager: Shutting down and abandoning module MediaPlayerEditor (127)
[2016.11.08-20.22.38:961][192]LogModuleManager: Shutting down and abandoning module HTML5Networking (126)
[2016.11.08-20.22.38:962][192]LogModuleManager: Shutting down and abandoning module GeometryCacheEd (125)
[2016.11.08-20.22.38:962][192]LogModuleManager: Shutting down and abandoning module GeometryCache (124)
[2016.11.08-20.22.38:962][192]LogModuleManager: Shutting down and abandoning module AlembicLibrary (123)
[2016.11.08-20.22.38:962][192]LogModuleManager: Shutting down and abandoning module AlembicImporter (122)
[2016.11.08-20.22.38:976][192]LogModuleManager: Shutting down and abandoning module SuperSearch (121)
[2016.11.08-20.22.38:976][192]LogModuleManager: Shutting down and abandoning module SuperSearchEditor (120)
[2016.11.08-20.22.38:976][192]LogModuleManager: Shutting down and abandoning module SpeedTreeImporter (119)
[2016.11.08-20.22.38:976][192]LogModuleManager: Shutting down and abandoning module PluginBrowser (118)
[2016.11.08-20.22.39:027][192]LogModuleManager: Shutting down and abandoning module MobileLauncherProfileWizard (117)
[2016.11.08-20.22.39:048][192]LogModuleManager: Shutting down and abandoning module EpicSurvey (116)
[2016.11.08-20.22.39:062][192]LogModuleManager: Shutting down and abandoning module DesktopPlatform (115)
[2016.11.08-20.22.39:096][192]LogModuleManager: Shutting down and abandoning module VisualStudioSourceCodeAccess (114)
[2016.11.08-20.22.39:109][192]LogModuleManager: Shutting down and abandoning module UObjectPlugin (113)
[2016.11.08-20.22.39:109][192]LogModuleManager: Shutting down and abandoning module SubversionSourceControl (112)
[2016.11.08-20.22.39:134][192]LogModuleManager: Shutting down and abandoning module PerforceSourceControl (111)
[2016.11.09-04.49.38:774][192]LogModuleManager: Shutting down and abandoning module SourceControl (110)
[2016.11.09-04.49.38:836][192]LogModuleManager: Shutting down and abandoning module GitSourceControl (109)
[2016.11.09-04.49.38:898][192]LogModuleManager: Shutting down and abandoning module LightPropagationVolumeEditor (108)
[2016.11.09-04.49.38:898][192]LogModuleManager: Shutting down and abandoning module PaperTiledImporter (107)
[2016.11.09-04.49.38:964][192]LogModuleManager: Shutting down and abandoning module PaperSpriteSheetImporter (106)
[2016.11.09-04.49.38:964][192]LogModuleManager: Shutting down and abandoning module MeshPaint (105)
[2016.11.09-04.49.38:964][192]LogModuleManager: Shutting down and abandoning module FbxAutomationBuilderModule (104)
[2016.11.09-04.49.39:018][192]LogModuleManager: Shutting down and abandoning module PixelInspectorModule (103)
[2016.11.09-04.49.39:185][192]LogModuleManager: Shutting down and abandoning module HotReload (102)
[2016.11.09-04.49.39:422][192]LogModuleManager: Shutting down and abandoning module MainFrame (101)
[2016.11.09-04.49.39:422][192]LogModuleManager: Shutting down and abandoning module LevelEditor (100)
[2016.11.09-04.49.39:423][192]LogModuleManager: Shutting down and abandoning module ContentBrowser (99)
[2016.11.09-04.49.39:424][192]LogModuleManager: Shutting down and abandoning module Paper2DEditor (98)
[2016.11.09-04.49.40:395][192]LogModuleManager: Shutting down and abandoning module UdpMessaging (97)
[2016.11.09-04.49.40:497][192]LogModuleManager: Shutting down and abandoning module TcpMessaging (96)
[2016.11.09-04.49.40:770][192]LogModuleManager: Shutting down and abandoning module SubstanceCore (95)
[2016.11.09-04.49.41:480][192]LogModuleManager: Shutting down and abandoning module LightPropagationVolumeRuntime (94)
[2016.11.09-04.49.41:480][192]LogModuleManager: Shutting down and abandoning module Paper2D (93)
[2016.11.09-04.49.41:581][192]LogModuleManager: Shutting down and abandoning module WindowsMoviePlayer (92)
[2016.11.09-04.49.42:051][192]LogModuleManager: Shutting down and abandoning module WmfMedia (91)
[2016.11.09-04.49.42:291][192]LogModuleManager: Shutting down and abandoning module MediaAssets (90)
[2016.11.09-04.49.42:291][192]LogModuleManager: Shutting down and abandoning module GameLiveStreaming (89)
[2016.11.09-04.49.42:337][192]LogModuleManager: Shutting down and abandoning module GameplayTagsEditor (88)
[2016.11.09-04.49.42:563][192]LogModuleManager: Shutting down and abandoning module VREditor (87)
[2016.11.09-04.49.42:563][192]LogModuleManager: Shutting down and abandoning module GameplayTasksEditor (86)
[2016.11.09-04.49.42:563][192]LogModuleManager: Shutting down and abandoning module PropertyEditor (85)
[2016.11.09-04.49.42:927][192]LogModuleManager: Shutting down and abandoning module BehaviorTreeEditor (84)
[2016.11.09-04.49.43:754][192]LogModuleManager: Shutting down and abandoning module FunctionalTesting (83)
[2016.11.09-04.49.43:754][192]LogModuleManager: Shutting down and abandoning module CollisionAnalyzer (82)
[2016.11.09-04.49.44:069][192]LogModuleManager: Shutting down and abandoning module Sequencer (81)
[2016.11.09-04.49.44:926][192]LogModuleManager: Shutting down and abandoning module WorkspaceMenuStructure (80)
[2016.11.09-04.49.44:926][192]LogModuleManager: Shutting down and abandoning module MessageLog (79)
[2016.11.09-04.49.44:926][192]LogModuleManager: Shutting down and abandoning module AssetTools (78)
[2016.11.09-04.49.45:856][192]LogModuleManager: Shutting down and abandoning module UMGEditor (77)
[2016.11.09-04.49.46:670][192]LogModuleManager: Shutting down and abandoning module UMG (76)
[2016.11.09-04.49.46:907][192]LogModuleManager: Shutting down and abandoning module SlateReflector (75)
[2016.11.09-04.49.48:047][192]LogModuleManager: Shutting down and abandoning module Slate (74)
[2016.11.09-04.49.48:047][192]LogModuleManager: Shutting down and abandoning module EditorStyle (73)
[2016.11.09-04.49.48:074][192]LogModuleManager: Shutting down and abandoning module SourceCodeAccess (72)
[2016.11.09-04.49.48:074][192]LogModuleManager: Shutting down and abandoning module HeadMountedDisplay (71)
[2016.11.09-04.49.48:074][192]LogModuleManager: Shutting down and abandoning module XAudio2 (70)
[2016.11.09-04.49.48:074][192]LogModuleManager: Shutting down and abandoning module Networking (68)
[2016.11.09-04.49.48:074][192]LogModuleManager: Shutting down and abandoning module Core (67)
[2016.11.09-04.49.48:074][192]LogModuleManager: Shutting down and abandoning module DirectoryWatcher (66)
[2016.11.09-04.49.48:074][192]LogDirectoryWatcher: A directory notification for '../../../Engine/Content/' was aborted.
[2016.11.09-04.49.48:074][192]LogDirectoryWatcher: A directory notification for '../../../../../../Users/Luke/Documents/GitHub/Spooksters/Attic1/Content/' was aborted.
[2016.11.09-04.49.48:074][192]LogDirectoryWatcher: A directory notification for '../../../Engine/Plugins/2D/Paper2D/Content/' was aborted.
[2016.11.09-04.49.48:074][192]LogModuleManager: Shutting down and abandoning module AssetRegistry (65)
[2016.11.09-04.49.48:543][192]LogModuleManager: Shutting down and abandoning module KismetCompiler (64)
[2016.11.09-04.49.48:543][192]LogModuleManager: Shutting down and abandoning module PhysXFormats (63)
[2016.11.09-04.49.48:543][192]LogModuleManager: Shutting down and abandoning module MeshUtilities (62)
[2016.11.09-04.49.48:911][192]LogModuleManager: Shutting down and abandoning module DerivedDataCache (61)
[2016.11.09-04.49.49:135][192]LogDerivedDataCache: Shutdown
[2016.11.09-04.49.49:135][192]LogModuleManager: Shutting down and abandoning module VulkanShaderFormat (60)
[2016.11.09-04.49.49:369][192]LogModuleManager: Shutting down and abandoning module ShaderFormatOpenGL (59)
[2016.11.09-04.49.49:585][192]LogModuleManager: Shutting down and abandoning module ShaderFormatD3D (58)
[2016.11.09-04.49.49:907][192]LogModuleManager: Shutting down and abandoning module MetalShaderFormat (57)
[2016.11.09-04.49.49:995][192]LogModuleManager: Shutting down and abandoning module TextureFormatUncompressed (56)
[2016.11.09-04.49.49:995][192]LogModuleManager: Shutting down and abandoning module TextureFormatPVR (55)
[2016.11.09-04.49.50:017][192]LogModuleManager: Shutting down and abandoning module TextureFormatDXT (54)
[2016.11.09-04.49.50:017][192]LogModuleManager: Shutting down and abandoning module TextureFormatIntelISPCTexComp (53)
[2016.11.09-04.49.50:233][192]LogModuleManager: Shutting down and abandoning module ImageWrapper (52)
[2016.11.09-04.49.50:233][192]LogModuleManager: Shutting down and abandoning module TextureFormatASTC (51)
[2016.11.09-04.49.50:233][192]LogModuleManager: Shutting down and abandoning module TextureFormatAndroid (50)
[2016.11.09-04.49.50:233][192]LogModuleManager: Shutting down and abandoning module AudioFormatOpus (49)
[2016.11.09-04.49.50:347][192]LogModuleManager: Shutting down and abandoning module AudioFormatOgg (48)
[2016.11.09-04.49.50:374][192]LogModuleManager: Shutting down and abandoning module AudioFormatADPCM (47)
[2016.11.09-04.49.50:404][192]LogModuleManager: Shutting down and abandoning module LinuxTargetPlatform (46)
[2016.11.09-04.49.50:404][192]LogModuleManager: Shutting down and abandoning module LinuxServerTargetPlatform (45)
[2016.11.09-04.49.50:549][192]LogModuleManager: Shutting down and abandoning module LinuxNoEditorTargetPlatform (44)
[2016.11.09-04.49.50:599][192]LogModuleManager: Shutting down and abandoning module LinuxClientTargetPlatform (43)
[2016.11.09-04.49.50:789][192]LogModuleManager: Shutting down and abandoning module TVOSTargetPlatform (42)
[2016.11.09-04.49.50:789][192]LogModuleManager: Shutting down and abandoning module Messaging (41)
[2016.11.09-04.49.50:789][192]LogModuleManager: Shutting down and abandoning module IOSTargetPlatform (40)
[2016.11.09-04.49.50:789][192]LogModuleManager: Shutting down and abandoning module HTML5TargetPlatform (39)
[2016.11.09-04.49.50:789][192]LogModuleManager: Shutting down and abandoning module Android_PVRTCTargetPlatform (38)
[2016.11.09-04.49.50:789][192]LogModuleManager: Shutting down and abandoning module Android_MultiTargetPlatform (37)
[2016.11.09-04.49.50:789][192]LogModuleManager: Shutting down and abandoning module Android_ETC2TargetPlatform (36)
[2016.11.09-04.49.50:790][192]LogModuleManager: Shutting down and abandoning module Android_ETC1TargetPlatform (35)
[2016.11.09-04.49.50:790][192]LogModuleManager: Shutting down and abandoning module Android_DXTTargetPlatform (34)
[2016.11.09-04.49.50:790][192]LogModuleManager: Shutting down and abandoning module Android_ATCTargetPlatform (33)
[2016.11.09-04.49.50:790][192]LogModuleManager: Shutting down and abandoning module Android_ASTCTargetPlatform (32)
[2016.11.09-04.49.50:790][192]LogModuleManager: Shutting down and abandoning module AndroidTargetPlatform (31)
[2016.11.09-04.49.50:790][192]LogModuleManager: Shutting down and abandoning module WindowsTargetPlatform (30)
[2016.11.09-04.49.50:790][192]LogModuleManager: Shutting down and abandoning module WindowsServerTargetPlatform (29)
[2016.11.09-04.49.50:843][192]LogModuleManager: Shutting down and abandoning module WindowsNoEditorTargetPlatform (28)
[2016.11.09-04.49.50:887][192]LogModuleManager: Shutting down and abandoning module WindowsClientTargetPlatform (27)
[2016.11.09-04.49.51:021][192]LogModuleManager: Shutting down and abandoning module AllDesktopTargetPlatform (26)
[2016.11.09-04.49.51:021][192]LogModuleManager: Shutting down and abandoning module TargetPlatform (25)
[2016.11.09-04.49.51:021][192]LogModuleManager: Shutting down and abandoning module InputCore (24)
[2016.11.09-04.49.51:021][192]LogModuleManager: Shutting down and abandoning module Settings (23)
[2016.11.09-04.49.51:021][192]LogModuleManager: Shutting down and abandoning module OculusRift (22)
[2016.11.09-04.49.51:057][192]LogModuleManager: Shutting down and abandoning module GearVR (21)
[2016.11.09-04.49.51:057][192]LogModuleManager: Shutting down and abandoning module ExampleDeviceProfileSelector (20)
[2016.11.09-04.49.51:058][192]LogModuleManager: Shutting down and abandoning module OnlineBlueprintSupport (19)
[2016.11.09-04.49.51:058][192]LogModuleManager: Shutting down and abandoning module OnlineSubsystem (17)
[2016.11.09-04.49.51:160][192]LogOnline:Display: Unloading online subsystem: NULL
[2016.11.09-04.49.51:623][192]LogModuleManager: Shutting down and abandoning module HTTP (16)
[2016.11.09-04.49.51:623][192]LogHttp:Display: Http module shutting down, but needs to wait on 1 outstanding Http requests:
[2016.11.09-04.49.51:623][192]LogHttp:Display: 	verb=[POST] url=[https://datarouter.ol.epicgames.com/datarouter/api/v1/public/data?SessionID=%7BBB7199E0-4290-0EBE-4EA1-24802DDCD7F7%7D&AppID=UEEditor.Rocket.Release&AppVersion=%2B%2BUE4%2BRelease-4.13-CL-3106830&UserID=2064dcee45e7e57871d72e9ee36aba71%7C5d1f21cd2a324dd9bd08f1722fa66855%7Cc6c49847-6121-42b1-8ba9-54a0517a7314&AppEnvironment=datacollector-binary&UploadType=eteventstream] status=Processing
[2016.11.09-04.49.51:795][192]LogModuleManager: Shutting down and abandoning module XMPP (15)
[2016.11.09-04.49.51:924][192]LogModuleManager: Shutting down and abandoning module TextureCompressor (14)
[2016.11.09-04.49.51:924][192]LogModuleManager: Shutting down and abandoning module ShaderCore (13)
[2016.11.09-04.49.51:924][192]LogModuleManager: Shutting down and abandoning module Landscape (12)
[2016.11.09-04.49.51:924][192]LogModuleManager: Shutting down and abandoning module SlateRHIRenderer (11)
[2016.11.09-04.49.51:994][192]LogModuleManager: Shutting down and abandoning module OpenGLDrv (10)
[2016.11.09-04.49.52:063][192]LogModuleManager: Shutting down and abandoning module D3D11RHI (9)
[2016.11.09-04.49.52:063][192]LogModuleManager: Shutting down and abandoning module AnimGraphRuntime (8)
[2016.11.09-04.49.52:135][192]LogModuleManager: Shutting down and abandoning module Renderer (7)
[2016.11.09-04.49.52:135][192]LogModuleManager: Shutting down and abandoning module Engine (6)
[2016.11.09-04.49.52:135][192]LogModuleManager: Shutting down and abandoning module CoreUObject (5)
[2016.11.09-04.49.52:135][192]LogModuleManager: Shutting down and abandoning module NetworkFile (4)
[2016.11.09-04.49.52:425][192]LogModuleManager: Shutting down and abandoning module StreamingFile (3)
[2016.11.09-04.49.52:551][192]LogModuleManager: Shutting down and abandoning module SandboxFile (2)
[2016.11.09-04.49.52:645][192]LogModuleManager: Shutting down and abandoning module PakFile (1)
[2016.11.09-04.49.53:623][192]LogExit: Exiting.
[2016.11.09-04.49.53:738][192]Log file closed, 11/08/16 21:49:53
