Log file open, 10/02/16 10:51:21
LogInit:Display: Running engine for game: Attic1
LogPlatformFile: Not using cached read wrapper
LogInit:Display: RandInit(479433552) SRandInit(479433552).
LogTaskGraph: Started task graph with 5 named threads and 8 total threads with 1 sets of task threads.
LogStats: Stats thread started at 0.071012
LogPluginManager: Loaded Plugin Paper2D, From C:/Program Files (x86)/Epic Games/4.13/Engine/Plugins/2D/Paper2D/Paper2D.uplugin
LogPluginManager: Loaded Plugin LightPropagationVolume, From C:/Program Files (x86)/Epic Games/4.13/Engine/Plugins/Blendables/LightPropagationVolume/LightPropagationVolume.uplugin
LogPluginManager: Loaded Plugin BlankPlugin, From C:/Program Files (x86)/Epic Games/4.13/Engine/Plugins/Developer/BlankPlugin/BlankPlugin.uplugin
LogPluginManager: Loaded Plugin CodeLiteSourceCodeAccess, From C:/Program Files (x86)/Epic Games/4.13/Engine/Plugins/Developer/CodeLiteSourceCodeAccess/CodeLiteSourceCodeAccess.uplugin
LogPluginManager: Loaded Plugin GitSourceControl, From C:/Program Files (x86)/Epic Games/4.13/Engine/Plugins/Developer/GitSourceControl/GitSourceControl.uplugin
LogPluginManager: Loaded Plugin KDevelopSourceCodeAccess, From C:/Program Files (x86)/Epic Games/4.13/Engine/Plugins/Developer/KDevelopSourceCodeAccess/KDevelopSourceCodeAccess.uplugin
LogPluginManager: Loaded Plugin NullSourceCodeAccess, From C:/Program Files (x86)/Epic Games/4.13/Engine/Plugins/Developer/NullSourceCodeAccess/NullSourceCodeAccess.uplugin
LogPluginManager: Loaded Plugin OneSkyLocalizationService, From C:/Program Files (x86)/Epic Games/4.13/Engine/Plugins/Developer/OneSkyLocalizationService/OneSkyLocalizationService.uplugin
LogPluginManager: Loaded Plugin PerforceSourceControl, From C:/Program Files (x86)/Epic Games/4.13/Engine/Plugins/Developer/PerforceSourceControl/PerforceSourceControl.uplugin
LogPluginManager: Loaded Plugin SubversionSourceControl, From C:/Program Files (x86)/Epic Games/4.13/Engine/Plugins/Developer/SubversionSourceControl/SubversionSourceControl.uplugin
LogPluginManager: Loaded Plugin UObjectPlugin, From C:/Program Files (x86)/Epic Games/4.13/Engine/Plugins/Developer/UObjectPlugin/UObjectPlugin.uplugin
LogPluginManager: Loaded Plugin VisualStudioSourceCodeAccess, From C:/Program Files (x86)/Epic Games/4.13/Engine/Plugins/Developer/VisualStudioSourceCodeAccess/VisualStudioSourceCodeAccess.uplugin
LogPluginManager: Loaded Plugin XCodeSourceCodeAccess, From C:/Program Files (x86)/Epic Games/4.13/Engine/Plugins/Developer/XCodeSourceCodeAccess/XCodeSourceCodeAccess.uplugin
LogPluginManager: Loaded Plugin EpicSurvey, From C:/Program Files (x86)/Epic Games/4.13/Engine/Plugins/Editor/EpicSurvey/EpicSurvey.uplugin
LogPluginManager: Loaded Plugin MacGraphicsSwitching, From C:/Program Files (x86)/Epic Games/4.13/Engine/Plugins/Editor/MacGraphicsSwitching/MacGraphicsSwitching.uplugin
LogPluginManager: Loaded Plugin MobileLauncherProfileWizard, From C:/Program Files (x86)/Epic Games/4.13/Engine/Plugins/Editor/MobileLauncherProfileWizard/MobileLauncherProfileWizard.uplugin
LogPluginManager: Loaded Plugin PluginBrowser, From C:/Program Files (x86)/Epic Games/4.13/Engine/Plugins/Editor/PluginBrowser/PluginBrowser.uplugin
LogPluginManager: Loaded Plugin SpeedTreeImporter, From C:/Program Files (x86)/Epic Games/4.13/Engine/Plugins/Editor/SpeedTreeImporter/SpeedTreeImporter.uplugin
LogPluginManager: Loaded Plugin SuperSearchEditor, From C:/Program Files (x86)/Epic Games/4.13/Engine/Plugins/Editor/SuperSearchEditor/SuperSearchEditor.uplugin
LogPluginManager: Loaded Plugin AlembicImporter, From C:/Program Files (x86)/Epic Games/4.13/Engine/Plugins/Experimental/AlembicImporter/AlembicImporter.uplugin
LogPluginManager: Loaded Plugin BlueprintStats, From C:/Program Files (x86)/Epic Games/4.13/Engine/Plugins/Experimental/BlueprintStats/BlueprintStats.uplugin
LogPluginManager: Loaded Plugin CharacterAI, From C:/Program Files (x86)/Epic Games/4.13/Engine/Plugins/Experimental/CharacterAI/CharacterAI.uplugin
LogPluginManager: Loaded Plugin CodeEditor, From C:/Program Files (x86)/Epic Games/4.13/Engine/Plugins/Experimental/CodeEditor/CodeEditor.uplugin
LogPluginManager: Loaded Plugin CodeView, From C:/Program Files (x86)/Epic Games/4.13/Engine/Plugins/Experimental/CodeView/CodeView.uplugin
LogPluginManager: Loaded Plugin HTML5Networking, From C:/Program Files (x86)/Epic Games/4.13/Engine/Plugins/Experimental/HTML5Networking/HTML5Networking.uplugin
LogPluginManager: Loaded Plugin LiveEditor, From C:/Program Files (x86)/Epic Games/4.13/Engine/Plugins/Experimental/LiveEditor/LiveEditor.uplugin
LogPluginManager: Loaded Plugin OSVR, From C:/Program Files (x86)/Epic Games/4.13/Engine/Plugins/Experimental/OSVR/OSVR.uplugin
LogPluginManager: Loaded Plugin Phya, From C:/Program Files (x86)/Epic Games/4.13/Engine/Plugins/Experimental/Phya/Phya.uplugin
LogPluginManager: Loaded Plugin SignificanceManager, From C:/Program Files (x86)/Epic Games/4.13/Engine/Plugins/Experimental/SignificanceManager/SignificanceManager.uplugin
LogPluginManager: Loaded Plugin SimpleHMD, From C:/Program Files (x86)/Epic Games/4.13/Engine/Plugins/Experimental/SimpleHMD/SimpleHMD.uplugin
LogPluginManager: Loaded Plugin StereoPanorama, From C:/Program Files (x86)/Epic Games/4.13/Engine/Plugins/Experimental/StereoPanorama/StereoPanorama.uplugin
LogPluginManager: Loaded Plugin StructBox, From C:/Program Files (x86)/Epic Games/4.13/Engine/Plugins/Experimental/StructBox/StructBox.uplugin
LogPluginManager: Loaded Plugin Substance, From C:/Program Files (x86)/Epic Games/4.13/Engine/Plugins/Marketplace/Substance/Substance.uplugin
LogPluginManager: Loaded Plugin AndroidMedia, From C:/Program Files (x86)/Epic Games/4.13/Engine/Plugins/Media/AndroidMedia/AndroidMedia.uplugin
LogPluginManager: Loaded Plugin AvfMedia, From C:/Program Files (x86)/Epic Games/4.13/Engine/Plugins/Media/AvfMedia/AvfMedia.uplugin
LogPluginManager: Loaded Plugin MediaPlayerEditor, From C:/Program Files (x86)/Epic Games/4.13/Engine/Plugins/Media/MediaPlayerEditor/MediaPlayerEditor.uplugin
LogPluginManager: Loaded Plugin WmfMedia, From C:/Program Files (x86)/Epic Games/4.13/Engine/Plugins/Media/WmfMedia/WmfMedia.uplugin
LogPluginManager: Loaded Plugin MessagingDebugger, From C:/Program Files (x86)/Epic Games/4.13/Engine/Plugins/Messaging/MessagingDebugger/MessagingDebugger.uplugin
LogPluginManager: Loaded Plugin TcpMessaging, From C:/Program Files (x86)/Epic Games/4.13/Engine/Plugins/Messaging/TcpMessaging/TcpMessaging.uplugin
LogPluginManager: Loaded Plugin UdpMessaging, From C:/Program Files (x86)/Epic Games/4.13/Engine/Plugins/Messaging/UdpMessaging/UdpMessaging.uplugin
LogPluginManager: Loaded Plugin LevelSequenceEditor, From C:/Program Files (x86)/Epic Games/4.13/Engine/Plugins/MovieScene/LevelSequenceEditor/LevelSequenceEditor.uplugin
LogPluginManager: Loaded Plugin MatineeToLevelSequence, From C:/Program Files (x86)/Epic Games/4.13/Engine/Plugins/MovieScene/MatineeToLevelSequence/MatineeToLevelSequence.uplugin
LogPluginManager: Loaded Plugin NetcodeUnitTest, From C:/Program Files (x86)/Epic Games/4.13/Engine/Plugins/NetcodeUnitTest/NetcodeUnitTest/NetcodeUnitTest.uplugin
LogPluginManager: Loaded Plugin NUTUnrealEngine4, From C:/Program Files (x86)/Epic Games/4.13/Engine/Plugins/NetcodeUnitTest/NUTUnrealEngine4/NUTUnrealEngine4.uplugin
LogPluginManager: Loaded Plugin OnlineSubsystemGooglePlay, From C:/Program Files (x86)/Epic Games/4.13/Engine/Plugins/Online/Android/OnlineSubsystemGooglePlay/OnlineSubsystemGooglePlay.uplugin
LogPluginManager: Loaded Plugin OnlineSubsystemIOS, From C:/Program Files (x86)/Epic Games/4.13/Engine/Plugins/Online/IOS/OnlineSubsystemIOS/OnlineSubsystemIOS.uplugin
LogPluginManager: Loaded Plugin OnlineFramework, From C:/Program Files (x86)/Epic Games/4.13/Engine/Plugins/Online/OnlineFramework/OnlineFramework.uplugin
LogPluginManager: Loaded Plugin OnlineSubsystem, From C:/Program Files (x86)/Epic Games/4.13/Engine/Plugins/Online/OnlineSubsystem/OnlineSubsystem.uplugin
LogPluginManager: Loaded Plugin OnlineSubsystemAmazon, From C:/Program Files (x86)/Epic Games/4.13/Engine/Plugins/Online/OnlineSubsystemAmazon/OnlineSubsystemAmazon.uplugin
LogPluginManager: Loaded Plugin OnlineSubsystemFacebook, From C:/Program Files (x86)/Epic Games/4.13/Engine/Plugins/Online/OnlineSubsystemFacebook/OnlineSubsystemFacebook.uplugin
LogPluginManager: Loaded Plugin OnlineSubsystemNull, From C:/Program Files (x86)/Epic Games/4.13/Engine/Plugins/Online/OnlineSubsystemNull/OnlineSubsystemNull.uplugin
LogPluginManager: Loaded Plugin OnlineSubsystemOculus, From C:/Program Files (x86)/Epic Games/4.13/Engine/Plugins/Online/OnlineSubsystemOculus/OnlineSubsystemOculus.uplugin
LogPluginManager: Loaded Plugin OnlineSubsystemSteam, From C:/Program Files (x86)/Epic Games/4.13/Engine/Plugins/Online/OnlineSubsystemSteam/OnlineSubsystemSteam.uplugin
LogPluginManager: Loaded Plugin OnlineSubsystemUtils, From C:/Program Files (x86)/Epic Games/4.13/Engine/Plugins/Online/OnlineSubsystemUtils/OnlineSubsystemUtils.uplugin
LogPluginManager: Loaded Plugin IOSTapJoy, From C:/Program Files (x86)/Epic Games/4.13/Engine/Plugins/Runtime/Advertising/IOSTapJoy/IOSTapJoy.uplugin
LogPluginManager: Loaded Plugin AnalyticsBlueprintLibrary, From C:/Program Files (x86)/Epic Games/4.13/Engine/Plugins/Runtime/Analytics/AnalyticsBlueprintLibrary/AnalyticsBlueprintLibrary.uplugin
LogPluginManager: Loaded Plugin AnalyticsMulticast, From C:/Program Files (x86)/Epic Games/4.13/Engine/Plugins/Runtime/Analytics/AnalyticsMulticast/AnalyticsMulticast.uplugin
LogPluginManager: Loaded Plugin Apsalar, From C:/Program Files (x86)/Epic Games/4.13/Engine/Plugins/Runtime/Analytics/Apsalar/Apsalar.uplugin
LogPluginManager: Loaded Plugin FileLogging, From C:/Program Files (x86)/Epic Games/4.13/Engine/Plugins/Runtime/Analytics/FileLogging/FileLogging.uplugin
LogPluginManager: Loaded Plugin Flurry, From C:/Program Files (x86)/Epic Games/4.13/Engine/Plugins/Runtime/Analytics/Flurry/Flurry.uplugin
LogPluginManager: Loaded Plugin AndroidDeviceProfileSelector, From C:/Program Files (x86)/Epic Games/4.13/Engine/Plugins/Runtime/AndroidDeviceProfileSelector/AndroidDeviceProfileSelector.uplugin
LogPluginManager: Loaded Plugin AndroidMoviePlayer, From C:/Program Files (x86)/Epic Games/4.13/Engine/Plugins/Runtime/AndroidMoviePlayer/AndroidMoviePlayer.uplugin
LogPluginManager: Loaded Plugin AppleMoviePlayer, From C:/Program Files (x86)/Epic Games/4.13/Engine/Plugins/Runtime/AppleMoviePlayer/AppleMoviePlayer.uplugin
LogPluginManager: Loaded Plugin ArchVisCharacter, From C:/Program Files (x86)/Epic Games/4.13/Engine/Plugins/Runtime/ArchVisCharacter/ArchVisCharacter.uplugin
LogPluginManager: Loaded Plugin CableComponent, From C:/Program Files (x86)/Epic Games/4.13/Engine/Plugins/Runtime/CableComponent/CableComponent.uplugin
LogPluginManager: Loaded Plugin CustomMeshComponent, From C:/Program Files (x86)/Epic Games/4.13/Engine/Plugins/Runtime/CustomMeshComponent/CustomMeshComponent.uplugin
LogPluginManager: Loaded Plugin ExampleDeviceProfileSelector, From C:/Program Files (x86)/Epic Games/4.13/Engine/Plugins/Runtime/ExampleDeviceProfileSelector/ExampleDeviceProfileSelector.uplugin
LogPluginManager: Loaded Plugin GearVR, From C:/Program Files (x86)/Epic Games/4.13/Engine/Plugins/Runtime/GearVR/GearVR.uplugin
LogPluginManager: Loaded Plugin GoogleVRController, From C:/Program Files (x86)/Epic Games/4.13/Engine/Plugins/Runtime/GoogleVR/GoogleVRController/GoogleVRController.uplugin
LogPluginManager: Loaded Plugin GoogleVRHMD, From C:/Program Files (x86)/Epic Games/4.13/Engine/Plugins/Runtime/GoogleVR/GoogleVRHMD/GoogleVRHMD.uplugin
LogPluginManager: Loaded Plugin IOSDeviceProfileSelector, From C:/Program Files (x86)/Epic Games/4.13/Engine/Plugins/Runtime/IOSDeviceProfileSelector/IOSDeviceProfileSelector.uplugin
LogPluginManager: Loaded Plugin LeapMotion, From C:/Program Files (x86)/Epic Games/4.13/Engine/Plugins/Runtime/LeapMotion/LeapMotion.uplugin
LogPluginManager: Loaded Plugin LinuxDeviceProfileSelector, From C:/Program Files (x86)/Epic Games/4.13/Engine/Plugins/Runtime/LinuxDeviceProfileSelector/LinuxDeviceProfileSelector.uplugin
LogPluginManager: Loaded Plugin LiveEditorListenServer, From C:/Program Files (x86)/Epic Games/4.13/Engine/Plugins/Runtime/LiveEditorListenServer/LiveEditorListenServer.uplugin
LogPluginManager: Loaded Plugin OculusAudio, From C:/Program Files (x86)/Epic Games/4.13/Engine/Plugins/Runtime/OculusAudio/OculusAudio.uplugin
LogPluginManager: Loaded Plugin OculusInput, From C:/Program Files (x86)/Epic Games/4.13/Engine/Plugins/Runtime/OculusInput/OculusInput.uplugin
LogPluginManager: Loaded Plugin OculusLibrary, From C:/Program Files (x86)/Epic Games/4.13/Engine/Plugins/Runtime/OculusLibrary/OculusLibrary.uplugin
LogPluginManager: Loaded Plugin OculusRift, From C:/Program Files (x86)/Epic Games/4.13/Engine/Plugins/Runtime/OculusRift/OculusRift.uplugin
LogPluginManager: Loaded Plugin Oodle, From C:/Program Files (x86)/Epic Games/4.13/Engine/Plugins/Runtime/PacketHandlers/CompressionComponents/Oodle/Oodle.uplugin
LogPluginManager: Loaded Plugin ProceduralMeshComponent, From C:/Program Files (x86)/Epic Games/4.13/Engine/Plugins/Runtime/ProceduralMeshComponent/ProceduralMeshComponent.uplugin
LogPluginManager: Loaded Plugin SoundMod, From C:/Program Files (x86)/Epic Games/4.13/Engine/Plugins/Runtime/SoundMod/SoundMod.uplugin
LogPluginManager: Loaded Plugin SoundVisualizations, From C:/Program Files (x86)/Epic Games/4.13/Engine/Plugins/Runtime/SoundVisualizations/SoundVisualizations.uplugin
LogPluginManager: Loaded Plugin SteamController, From C:/Program Files (x86)/Epic Games/4.13/Engine/Plugins/Runtime/Steam/SteamController/SteamController.uplugin
LogPluginManager: Loaded Plugin SteamVR, From C:/Program Files (x86)/Epic Games/4.13/Engine/Plugins/Runtime/Steam/SteamVR/SteamVR.uplugin
LogPluginManager: Loaded Plugin WebBrowserWidget, From C:/Program Files (x86)/Epic Games/4.13/Engine/Plugins/Runtime/WebBrowserWidget/WebBrowserWidget.uplugin
LogPluginManager: Loaded Plugin WindowsDeviceProfileSelector, From C:/Program Files (x86)/Epic Games/4.13/Engine/Plugins/Runtime/WindowsDeviceProfileSelector/WindowsDeviceProfileSelector.uplugin
LogPluginManager: Loaded Plugin WindowsMoviePlayer, From C:/Program Files (x86)/Epic Games/4.13/Engine/Plugins/Runtime/WindowsMoviePlayer/WindowsMoviePlayer.uplugin
LogPluginManager: Loaded Plugin ScriptPlugin, From C:/Program Files (x86)/Epic Games/4.13/Engine/Plugins/ScriptPlugin/ScriptPlugin.uplugin
LogPluginManager: Loaded Plugin SlateRemote, From C:/Program Files (x86)/Epic Games/4.13/Engine/Plugins/Slate/SlateRemote/SlateRemote.uplugin
LogInit: Using libcurl 7.47.1
LogInit:  - built for x86_64-pc-win32
LogInit:  - supports SSL with WinSSL
LogInit:  - other features:
LogInit:      CURL_VERSION_SSL
LogInit:      CURL_VERSION_IPV6
LogInit:      CURL_VERSION_ASYNCHDNS
LogInit:      CURL_VERSION_LARGEFILE
LogInit:      CURL_VERSION_IDN
LogInit:  CurlRequestOptions (configurable via config and command line):
LogInit:  - bVerifyPeer = false  - Libcurl will NOT verify peer certificate
LogInit:  - bUseHttpProxy = false  - Libcurl will NOT use HTTP proxy
LogInit:  - bDontReuseConnections = false  - Libcurl will reuse connections
LogInit:  - CertBundlePath = nullptr  - Libcurl will use whatever was configured at build time.
LogInit: Build: ++UE4+Release-4.13-CL-3106830
LogInit: Engine Version: 4.13.0-3106830+++UE4+Release-4.13
LogInit: Compatible Engine Version: 4.13.0-3106830+++UE4+Release-4.13
LogInit: Net CL: 3106830
LogDevObjectVersion: Number of dev versions registered: 13
LogDevObjectVersion:   Dev-Blueprints (B0D832E4-1F89-4F0D-ACCF-7EB736FD4AA2): 5
LogDevObjectVersion:   Dev-Build (E1C64328-A22C-4D53-A36C-8E866417BD8C): 0
LogDevObjectVersion:   Dev-Core (375EC13C-06E4-48FB-B500-84F0262A717E): 1
LogDevObjectVersion:   Dev-Editor (E4B068ED-F494-42E9-A231-DA0B2E46BB41): 6
LogDevObjectVersion:   Dev-Framework (CFFC743F-43B0-4480-9391-14DF171D2073): 12
LogDevObjectVersion:   Dev-Mobile (B02B49B5-BB20-44E9-A304-32B752E40360): 0
LogDevObjectVersion:   Dev-Networking (A4E4105C-59A1-49B5-A7C5-40C4547EDFEE): 0
LogDevObjectVersion:   Dev-Online (39C831C9-5AE6-47DC-9A44-9C173E1C8E7C): 0
LogDevObjectVersion:   Dev-Physics (78F01B33-EBEA-4F98-B9B4-84EACCB95AA2): 0
LogDevObjectVersion:   Dev-Platform (6631380F-2D4D-43E0-8009-CF276956A95A): 0
LogDevObjectVersion:   Dev-Rendering (12F88B9F-8875-4AFC-A67C-D90C383ABD29): 4
LogDevObjectVersion:   Dev-Sequencer (7B5AE74C-D270-4C10-A958-57980B212A5A): 0
LogDevObjectVersion:   Dev-VR (D7296918-1DD6-4BDD-9DE2-64A83CC13884): 0
LogInit: Compiled (64-bit): Aug 30 2016 18:11:39
LogInit: Compiled with Visual C++: 19.00.23026.00
LogInit: Build Configuration: Development
LogInit: Branch Name: ++UE4+Release-4.13
LogInit: Command line: -EpicPortal 
LogInit: Base directory: C:/Program Files (x86)/Epic Games/4.13/Engine/Binaries/Win64/
LogInit: Installed Engine Build: 1
LogInit: Presizing for max 8388607 objects, including 0 objects not considered by GC, pre-allocating 0 bytes for permanent pool.
LogInit: Object subsystem initialized
[2016.10.02-16.51.21:982][  0]LogInit: Selected Device Profile: [Windows]
[2016.10.02-16.51.21:982][  0]LogInit: Applying CVar settings loaded from the selected device profile: [Windows]
[2016.10.02-16.51.21:997][  0]LogInit: Computer: MRWIGGLES
[2016.10.02-16.51.21:997][  0]LogInit: User: Cam
[2016.10.02-16.51.21:997][  0]LogInit: CPU Page size=65536, Cores=4
[2016.10.02-16.51.21:997][  0]LogInit: High frequency timer resolution =3.417972 MHz
[2016.10.02-16.51.21:998][  0]LogMemory: Memory total: Physical=7.8GB (8GB approx)
[2016.10.02-16.51.21:998][  0]LogMemory: Platform Memory Stats for Windows
[2016.10.02-16.51.21:998][  0]LogMemory: Process Physical Memory: 255.75 MB used, 255.75 MB peak
[2016.10.02-16.51.21:998][  0]LogMemory: Process Virtual Memory: 259.89 MB used, 259.89 MB peak
[2016.10.02-16.51.21:998][  0]LogMemory: Physical Memory: 4690.48 MB used, 8028.98 MB total
[2016.10.02-16.51.21:998][  0]LogMemory: Virtual Memory: 622.32 MB used, 134217728.00 MB total
[2016.10.02-16.51.22:022][  0]LogTextLocalizationManager: No specific translations for ('en-US') exist, so ('en') translations will be used.
[2016.10.02-16.51.22:523][  0]LogD3D11RHI: D3D11 adapters:
[2016.10.02-16.51.22:547][  0]LogD3D11RHI:    0. 'NVIDIA GeForce GTX 970' (Feature Level 11_0)
[2016.10.02-16.51.22:547][  0]LogD3D11RHI:       4058/0/4014 MB DedicatedVideo/DedicatedSystem/SharedSystem, Outputs:2, VendorId:0x10de
[2016.10.02-16.51.22:552][  0]LogD3D11RHI:    1. 'Intel(R) HD Graphics 4600' (Feature Level 11_0)
[2016.10.02-16.51.22:552][  0]LogD3D11RHI:       112/0/2048 MB DedicatedVideo/DedicatedSystem/SharedSystem, Outputs:0, VendorId:0x8086
[2016.10.02-16.51.22:553][  0]LogD3D11RHI:    2. 'Microsoft Basic Render Driver' (Feature Level 11_0)
[2016.10.02-16.51.22:553][  0]LogD3D11RHI:       0/0/4014 MB DedicatedVideo/DedicatedSystem/SharedSystem, Outputs:0, VendorId:0x1414
[2016.10.02-16.51.22:553][  0]LogD3D11RHI: Chosen D3D11 Adapter: 0
[2016.10.02-16.51.22:557][  0]LogD3D11RHI: Creating new Direct3DDevice
[2016.10.02-16.51.22:557][  0]LogD3D11RHI:     GPU DeviceId: 0x13c2 (for the marketing name, search the web for "GPU Device Id")
[2016.10.02-16.51.22:557][  0]LogWindows: EnumDisplayDevices:
[2016.10.02-16.51.22:557][  0]LogWindows:    0. 'NVIDIA GeForce GTX 970' (P:1 D:1)
[2016.10.02-16.51.22:557][  0]LogWindows:    1. 'NVIDIA GeForce GTX 970' (P:0 D:1)
[2016.10.02-16.51.22:557][  0]LogWindows:    2. 'NVIDIA GeForce GTX 970' (P:0 D:0)
[2016.10.02-16.51.22:558][  0]LogWindows:    3. 'NVIDIA GeForce GTX 970' (P:0 D:0)
[2016.10.02-16.51.22:558][  0]LogWindows:    4. 'Intel(R) HD Graphics 4600' (P:0 D:0)
[2016.10.02-16.51.22:558][  0]LogWindows:    5. 'Intel(R) HD Graphics 4600' (P:0 D:0)
[2016.10.02-16.51.22:558][  0]LogWindows:    6. 'Intel(R) HD Graphics 4600' (P:0 D:0)
[2016.10.02-16.51.22:558][  0]LogWindows: DebugString: PrimaryIsNotTheChoosenAdapter PrimaryIsNotTheChoosenAdapter PrimaryIsNotTheChoosenAdapter FoundDriverCount:4 
[2016.10.02-16.51.22:558][  0]LogD3D11RHI:     Adapter Name: NVIDIA GeForce GTX 970
[2016.10.02-16.51.22:558][  0]LogD3D11RHI:   Driver Version: 369.09 (internal:21.21.13.6909, unified:369.09)
[2016.10.02-16.51.22:558][  0]LogD3D11RHI:      Driver Date: 8-1-2016
[2016.10.02-16.51.22:558][  0]LogRHI: Texture pool is 1361 MB (70% of 1945 MB)
[2016.10.02-16.51.22:567][  0]LogD3D11RHI: Async texture creation enabled
[2016.10.02-16.51.22:576][  0]LogD3D11RHI: GPU Timing Frequency: 1000.000000 (Debug: 2 1)
[2016.10.02-16.51.22:576][  0]LogShaderCompilers: Guid format shader working directory is 2 characters bigger than the processId version (D:/Machinima/Teaser/Repo/Spooksters/Attic1/Intermediate/Shaders/WorkingDirectory/5440/).
[2016.10.02-16.51.22:576][  0]LogShaderCompilers: Cleaned the shader compiler working directory 'C:/Users/Cam/AppData/Local/Temp/UnrealShaderWorkingDir/F531F3A54208316F9C1746B0511A3001/'.
[2016.10.02-16.51.22:576][  0]LogShaderCompilers:Display: Using Local Shader Compiler.
[2016.10.02-16.51.23:397][  0]LogTemp:Display: Loaded TP AllDesktopTargetPlatform
[2016.10.02-16.51.23:404][  0]LogTemp:Display: Loaded TP WindowsClientTargetPlatform
[2016.10.02-16.51.23:411][  0]LogTemp:Display: Loaded TP WindowsNoEditorTargetPlatform
[2016.10.02-16.51.23:418][  0]LogTemp:Display: Loaded TP WindowsServerTargetPlatform
[2016.10.02-16.51.23:425][  0]LogTemp:Display: Loaded TP WindowsTargetPlatform
[2016.10.02-16.51.23:431][  0]LogTemp:Display: Loaded TP AndroidTargetPlatform
[2016.10.02-16.51.23:437][  0]LogTemp:Display: Loaded TP Android_ASTCTargetPlatform
[2016.10.02-16.51.23:443][  0]LogTemp:Display: Loaded TP Android_ATCTargetPlatform
[2016.10.02-16.51.23:448][  0]LogTemp:Display: Loaded TP Android_DXTTargetPlatform
[2016.10.02-16.51.23:454][  0]LogTemp:Display: Loaded TP Android_ETC1TargetPlatform
[2016.10.02-16.51.23:461][  0]LogTemp:Display: Loaded TP Android_ETC2TargetPlatform
[2016.10.02-16.51.23:473][  0]LogTemp:Display: Loaded TP Android_MultiTargetPlatform
[2016.10.02-16.51.23:473][  0]LogTemp:Display: Loaded TP Android_PVRTCTargetPlatform
[2016.10.02-16.51.23:474][  0]LogTemp:Display: Loaded TP HTML5TargetPlatform
[2016.10.02-16.51.23:493][  0]LogTemp:Display: Loaded TP IOSTargetPlatform
[2016.10.02-16.51.23:498][  0]LogTemp:Display: Loaded TP TVOSTargetPlatform
[2016.10.02-16.51.23:504][  0]LogTemp:Display: Loaded TP LinuxClientTargetPlatform
[2016.10.02-16.51.23:510][  0]LogTemp:Display: Loaded TP LinuxNoEditorTargetPlatform
[2016.10.02-16.51.23:516][  0]LogTemp:Display: Loaded TP LinuxServerTargetPlatform
[2016.10.02-16.51.23:522][  0]LogTemp:Display: Loaded TP LinuxTargetPlatform
[2016.10.02-16.51.23:522][  0]LogTargetPlatformManager:Display: Building Assets For Windows
[2016.10.02-16.51.23:583][  0]LogDerivedDataCache:Display: Max Cache Size: 512 MB
[2016.10.02-16.51.23:642][  0]LogDerivedDataCache: Loaded boot cache 0.06s 62MB C:/Users/Cam/AppData/Local/UnrealEngine/4.13/DerivedDataCache/Boot.ddc.
[2016.10.02-16.51.23:642][  0]LogDerivedDataCache:Display: Loaded Boot cache: C:/Users/Cam/AppData/Local/UnrealEngine/4.13/DerivedDataCache/Boot.ddc
[2016.10.02-16.51.23:642][  0]LogDerivedDataCache: FDerivedDataBackendGraph:  Pak pak cache file D:/Machinima/Teaser/Repo/Spooksters/Attic1/DerivedDataCache/DDC.ddp not found, will not use a pak cache.
[2016.10.02-16.51.23:642][  0]LogDerivedDataCache: Unable to find inner node Pak for hierarchical cache Hierarchy.
[2016.10.02-16.51.23:642][  0]LogDerivedDataCache: FDerivedDataBackendGraph:  CompressedPak pak cache file D:/Machinima/Teaser/Repo/Spooksters/Attic1/DerivedDataCache/Compressed.ddp not found, will not use a pak cache.
[2016.10.02-16.51.23:642][  0]LogDerivedDataCache: Unable to find inner node CompressedPak for hierarchical cache Hierarchy.
[2016.10.02-16.51.23:658][  0]LogDerivedDataCache:Display: Pak cache opened for reading ../../../Engine/DerivedDataCache/Compressed.ddp.
[2016.10.02-16.51.23:670][  0]LogDerivedDataCache: Using Local data cache path C:/Users/Cam/AppData/Local/UnrealEngine/Common/DerivedDataCache: Writable
[2016.10.02-16.51.23:841][  0]LogInit: Selected Device Profile: [Windows]
[2016.10.02-16.51.23:843][  0]LogContentStreaming: Texture pool size is 0.00 MB
[2016.10.02-16.51.23:922][  0]LogMeshUtilities: No automatic mesh reduction module available
[2016.10.02-16.51.23:922][  0]LogMeshUtilities: No automatic mesh merging module available
[2016.10.02-16.51.23:922][  0]LogMeshUtilities: No distributed automatic mesh merging module available
[2016.10.02-16.51.24:123][  0]LogMaterial: Uniform references updated for custom material expression Custom.
[2016.10.02-16.51.24:619][  0]LogNetVersion: GetLocalNetworkVersion: CL: 3106830, ProjectName: attic1, ProjectVersion: , EngineNetworkVersion: 1, GameNetworkVersion: 0, NetworkChecksum: 306430604
[2016.10.02-16.51.24:654][  0]LogAssetRegistry: FAssetRegistry took 0.0214 seconds to start up
[2016.10.02-16.51.24:850][  0]LogPackageLocalizationCache: Processed 3 localized package path(s) for 2 prioritized culture(s) in 0.193792 seconds
[2016.10.02-16.51.24:860][  0]LogUObjectArray: 29777 objects as part of root set at end of initial load.
[2016.10.02-16.51.24:860][  0]LogUObjectAllocator: 6124704 out of 0 bytes used by permanent object pool.
[2016.10.02-16.51.24:860][  0]LogUObjectArray: CloseDisregardForGC: 0/0 objects in disregard for GC pool
[2016.10.02-16.51.24:869][  0]LogInit: WinSock: version 1.1 (2.2), MaxSocks=32767, MaxUdp=65467
[2016.10.02-16.51.25:041][  0]LogSlate: SlateFontCache - WITH_FREETYPE: 1, WITH_HARFBUZZ: 1
[2016.10.02-16.51.25:041][  0]LogSlate: SlateFontCache - WITH_FREETYPE: 1, WITH_HARFBUZZ: 1
[2016.10.02-16.51.25:566][  0]LogSubstanceCoreModule: Substance CPU Engine Loaded, Max Texture Size 2048
[2016.10.02-16.51.25:582][  0]LogUdpMessaging: Initializing bridge on interface 0.0.0.0:0 to multicast group 230.0.0.1:6666.
[2016.10.02-16.51.25:828][  0]SourceControl: Info Source control is disabled
[2016.10.02-16.51.25:829][  0]SourceControl: Info Source control is disabled
[2016.10.02-16.51.25:836][  0]SourceControl: Info Source control is disabled
[2016.10.02-16.51.25:843][  0]SourceControl: Info Source control is disabled
[2016.10.02-16.51.26:092][  0]LogEngine: Initializing Engine...
[2016.10.02-16.51.26:092][  0]LogHMD: Failed to initialize OpenVR with code 110
[2016.10.02-16.51.26:210][  0]LogAIModule: Creating AISystem for world Untitled
[2016.10.02-16.51.26:224][  0]LogInit: XAudio2 using 'Speakers (Realtek High Definition Audio)' : 2 channels at 48 kHz using 32 bits per sample (channel mask 0x3)
[2016.10.02-16.51.26:234][  0]LogInit: FAudioDevice initialized.
[2016.10.02-16.51.26:284][  0]LogDerivedDataCache: Saved boot cache 0.05s 62MB C:/Users/Cam/AppData/Local/UnrealEngine/4.13/DerivedDataCache/Boot.ddc.
[2016.10.02-16.51.26:293][  0]LogInit: Texture streaming: Enabled
[2016.10.02-16.51.26:332][  0]LogInit: Transaction tracking system initialized
[2016.10.02-16.51.26:349][  0]BlueprintLog: New page: Editor Load
[2016.10.02-16.51.26:457][  0]LocalizationService: Info Localization service is disabled
[2016.10.02-16.51.26:549][  0]LogConsoleResponse:Display: 
[2016.10.02-16.51.26:708][  0]LogCook:Display: Max memory allowance for cook 16384mb min free memory 0mb
[2016.10.02-16.51.26:708][  0]LogCook:Display: Mobile HDR setting 1
[2016.10.02-16.51.26:834][  0]LogFileCache: Scanning file cache for directory 'D:/Machinima/Teaser/Repo/Spooksters/Attic1/Content/' took 0.02s
[2016.10.02-16.51.26:834][  0]SourceControl: Info Source control is disabled
[2016.10.02-16.51.26:834][  0]Cmd: MAP LOAD FILE="D:/Machinima/Teaser/Repo/Spooksters/Attic1/Content/StarterContent/Maps/Minimal_Default.umap" TEMPLATE=0 SHOWPROGRESS=1 FEATURELEVEL=3
[2016.10.02-16.51.26:834][  0]LightingResults: New page: Lighting Build
[2016.10.02-16.51.26:839][  0]MapCheck: New page: Map Check
[2016.10.02-16.51.26:839][  0]LightingResults: New page: Lighting Build
[2016.10.02-16.51.28:283][  0]LogTexture:Display: Building textures: T_Wood_Floor_Walnut_N (BC5)
[2016.10.02-16.51.29:275][  0]LogTexture:Display: Building textures: T_Wood_Floor_Walnut_M (AutoDXT)
[2016.10.02-16.51.33:645][  0]LogTexture:Display: Building textures: T_Wood_Floor_Walnut_D (AutoDXT)
[2016.10.02-16.51.39:202][  0]LogMaterial: Missing cached shader map for material Modified_Walls, compiling. 
[2016.10.02-16.51.39:323][  0]LogTexture:Display: Building textures: T_Dust_Particle_D (AutoDXT)
[2016.10.02-16.51.39:337][  0]LogMaterial: Missing cached shader map for material Modified_Test, compiling. 
[2016.10.02-16.51.39:583][  0]LogTexture:Display: Building textures: T_Wood_Oak_N (BC5)
[2016.10.02-16.51.40:440][  0]LogTexture:Display: Building textures: T_Wood_Oak_D (AutoDXT)
[2016.10.02-16.51.45:667][  0]LogMaterial: Missing cached shader map for material Modified_Floor, compiling. 
[2016.10.02-16.51.45:886][  0]LogTexture:Display: Building textures: T_Wood_Walnut_N (BC5)
[2016.10.02-16.51.46:714][  0]LogTexture:Display: Building textures: T_Wood_Walnut_D (AutoDXT)
[2016.10.02-16.51.51:860][  0]LogMaterial: Missing cached shader map for material M_Wood_Walnut, compiling. 
[2016.10.02-16.51.52:072][  0]LogTexture:Display: Building textures: T_Lavalord_04 (AutoDXT)
[2016.10.02-16.51.57:330][  0]LogTexture:Display: Building textures: T_Knight_Emis_LUT (AutoDXT)
[2016.10.02-16.51.57:331][  0]LogTexture:Display: Building textures: T_Helm_Specmask_Shot (AutoDXT)
[2016.10.02-16.51.57:461][  0]LogTexture:Display: Building textures: T_Char_lava_4_RM (AutoDXT)
[2016.10.02-16.52.00:328][  0]LogTexture:Display: Building textures: T_TilingAsh_N (BC5)
[2016.10.02-16.52.01:146][  0]LogTexture:Display: Building textures: T_Lavalord_04_N (BC5)
[2016.10.02-16.52.01:725][  0]LogTexture:Display: Building textures: T_Lavalord_04_MetalMask (AutoDXT)
[2016.10.02-16.52.02:488][  0]LogTexture:Display: Building textures: T_Lavalord_04_R (AutoDXT)
[2016.10.02-16.52.07:615][  0]LogTexture:Display: Building textures: T_Metal_Oil (AutoDXT)
[2016.10.02-16.52.09:046][  0]LogTexture:Display: Building textures: T_TilingAsh_D (AutoDXT)
[2016.10.02-16.52.14:309][  0]LogTexture:Display: Building textures: T_StoneWall_Ash (AutoDXT)
[2016.10.02-16.52.19:463][  0]LogMaterial: Missing cached shader map for material M_lavahelm_MASTER, compiling. 
[2016.10.02-16.52.19:538][  0]LogStaticMesh: Building static mesh SM_Lava_Knight...
[2016.10.02-16.52.19:665][  0]LogMeshUtilities: Invalid vertex normals found for mesh. Forcing recomputation of vertex normals for MikkTSpace. Fix mesh or disable "Use MikkTSpace Tangent Space" to avoid forced recomputation of normals.
[2016.10.02-16.52.20:500][  0]LogStaticMesh: Built static mesh [0.99s] /Game/Elemental/Characters/Character_LavaKnight/Mesh/SM_Lava_Knight.SM_Lava_Knight
[2016.10.02-16.52.20:675][  0]LogTexture:Display: Building textures: T_Robo_N (BC5)
[2016.10.02-16.52.21:243][  0]LogMaterial: Missing cached shader map for material M_Robo_02, compiling. 
[2016.10.02-16.52.21:392][  0]LogTexture:Display: Building textures: T_Robo_D (AutoDXT)
[2016.10.02-16.52.24:962][  0]LogMaterial: Missing cached shader map for material M_Robo_01, compiling. 
[2016.10.02-16.52.25:064][  0]LogMaterial: Missing cached shader map for material 03_-_Default, compiling. 
[2016.10.02-16.52.25:092][  0]LogMaterial: Missing cached shader map for material 02_-_Default, compiling. 
[2016.10.02-16.52.25:185][  0]LogTexture:Display: Building textures: T_Shelving_M (AutoDXT)
[2016.10.02-16.52.25:710][  0]LogMaterial: Missing cached shader map for material M_Shelving, compiling. 
[2016.10.02-16.52.25:734][  0]LogStaticMesh: Building static mesh SM_Shelving...
[2016.10.02-16.52.25:740][  0]LogStaticMesh: Built static mesh [0.01s] /Game/ArchVis/Mesh/SM_Shelving.SM_Shelving
[2016.10.02-16.52.26:019][  0]LogTexture:Display: Building textures: MetalDesk_n (BC5)
[2016.10.02-16.52.26:681][  0]LogTexture:Display: Building textures: MetalDesk_d (AutoDXT)
[2016.10.02-16.52.31:351][  0]LogMaterial: Missing cached shader map for material MetalDesk_Mat, compiling. 
[2016.10.02-16.52.31:426][  0]LogMaterial: Missing cached shader map for material M_Wood_Floor_Walnut_Worn, compiling. 
[2016.10.02-16.52.31:524][  0]LogTexture:Display: Building textures: 55d3d18e294c78e4e2cc260410531cb1 (AutoDXT)
[2016.10.02-16.52.32:912][  0]LogMaterial: Missing cached shader map for material 55d3d18e294c78e4e2cc260410531cb1_Mat, compiling. 
[2016.10.02-16.52.32:932][  0]LogTexture:Display: Building textures: 1ca8beaefdea425b597a8abf63232607 (BGRA8)
[2016.10.02-16.52.32:939][  0]LogMaterial: Missing cached shader map for material 1ca8beaefdea425b597a8abf63232607_Mat, compiling. 
[2016.10.02-16.52.33:118][  0]LogTexture:Display: Building textures: HQ_Lightmap0_2 (AutoDXT)
[2016.10.02-16.52.33:132][  0]LogTexture:Display: Building textures: HQ_Lightmap0_3 (AutoDXT)
[2016.10.02-16.52.33:150][  0]LogTexture:Display: Building textures: HQ_Lightmap1_1 (AutoDXT)
[2016.10.02-16.52.33:476][  0]LogTexture:Display: Building textures: LQ_Lightmap_0_2 (DXT1)
[2016.10.02-16.52.33:482][  0]LogTexture:Display: Building textures: LQ_Lightmap_0_3 (DXT1)
[2016.10.02-16.52.33:498][  0]LogTexture:Display: Building textures: LQ_Lightmap_1_1 (DXT1)
[2016.10.02-16.52.33:753][  0]LogTexture:Display: Building textures: ShadowMapTexture2D_5 (BGRA8)
[2016.10.02-16.52.33:775][  0]LogTexture:Display: Building textures: ShadowMapTexture2D_6 (BGRA8)
[2016.10.02-16.52.33:776][  0]LogTexture:Display: Building textures: ShadowMapTexture2D_7 (G8)
[2016.10.02-16.52.33:822][  0]LogStaticMesh: Building static mesh BookLP...
[2016.10.02-16.52.33:827][  0]LogStaticMesh: Built static mesh [0.05s] /Game/ArchVis/Mesh/BookLP.BookLP
[2016.10.02-16.52.33:862][  0]LogStaticMesh: Building static mesh Metal_Desk...
[2016.10.02-16.52.33:907][  0]LogStaticMesh: Built static mesh [0.05s] /Game/KiteDemo/Metal_Desk.Metal_Desk
[2016.10.02-16.52.33:925][  0]LogStaticMesh: Building static mesh Mug...
[2016.10.02-16.52.33:927][  0]LogMeshUtilities: Invalid vertex normals found for mesh. Forcing recomputation of vertex normals for MikkTSpace. Fix mesh or disable "Use MikkTSpace Tangent Space" to avoid forced recomputation of normals.
[2016.10.02-16.52.33:947][  0]LogStaticMesh: Built static mesh [0.04s] /Game/ArchVis/Mesh/Mug.Mug
[2016.10.02-16.52.34:014][  0]LogStaticMesh: Building static mesh ScotsPineTall_01...
[2016.10.02-16.53.46:029][  0]LogStaticMesh: Built static mesh [72.03s] /Game/KiteDemo/Environments/Trees/ScotsPineTall_01/ScotsPineTall_01.ScotsPineTall_01
[2016.10.02-16.53.46:032][  0]LogStaticMesh: Building static mesh SM_DeskLamp...
[2016.10.02-16.53.46:047][  0]LogStaticMesh: Built static mesh [0.02s] /Game/ArchVis/Mesh/SM_DeskLamp.SM_DeskLamp
[2016.10.02-16.53.46:438][  0]LogStaticMesh: Building static mesh SM_Frame_1...
[2016.10.02-16.53.46:468][  0]LogStaticMesh: Built static mesh [0.03s] /Game/ArchVis/Mesh/SM_Frame_1.SM_Frame_1
[2016.10.02-16.53.46:493][  0]LogStaticMesh: Building static mesh trash...
[2016.10.02-16.53.46:512][  0]LogStaticMesh: Built static mesh [0.02s] /Game/KiteDemo/trash.trash
[2016.10.02-16.53.46:548][  0]LogMaterial: Missing cached shader map for material M_Painting_1, compiling. 
[2016.10.02-16.53.46:578][  0]LogMaterial: Missing cached shader map for material M_FloorLamp_Mat, compiling. 
[2016.10.02-16.53.46:595][  0]LogMaterial: Missing cached shader map for material M_DeskLamp_Mat, compiling. 
[2016.10.02-16.53.46:613][  0]LogMaterial: Missing cached shader map for material M_Mug, compiling. 
[2016.10.02-16.53.46:824][  0]LogMaterial: Missing cached shader map for material M_Book_Mat, compiling. 
[2016.10.02-16.53.46:848][  0]LogTexture:Display: Building textures: orange_cloth (BGRA8)
[2016.10.02-16.53.46:862][  0]LogMaterial: Missing cached shader map for material orange_cloth_Mat, compiling. 
[2016.10.02-16.53.47:482][  0]LogTexture:Display: Building textures: iceman1_D (AutoDXT)
[2016.10.02-16.54.07:862][  0]LogTexture:Display: Building textures: xnormalbakeid1_occlusion (G8)
[2016.10.02-16.54.08:987][  0]LogTexture:Display: Building textures: T_Ice_Noise (AutoDXT)
[2016.10.02-16.54.10:234][  0]LogTexture:Display: Building textures: T_PillarCracks_N (BC5)
[2016.10.02-16.54.11:206][  0]LogTexture:Display: Building textures: xnormalbakeid1_normals (BC5)
[2016.10.02-16.54.13:393][  0]LogTexture:Display: Building textures: T_CastleRockTile_01_D (AutoDXT)
[2016.10.02-16.54.18:763][  0]LogTexture:Display: Building textures: T_IceVeins (AutoDXT)
[2016.10.02-16.54.22:507][  0]LogTexture:Display: Building textures: T_CubeMaps_City01_Envmap (AutoDXT)
[2016.10.02-16.54.24:295][  0]LogMaterial: Missing cached shader map for material M_IceGiant_Master, compiling. 
[2016.10.02-16.54.24:479][  0]LogTexture:Display: Building textures: T_IceTiling01_D (AutoDXT)
[2016.10.02-16.54.29:550][  0]LogMaterial: Missing cached shader map for material M_IceGiant_Master, compiling. 
[2016.10.02-16.54.29:590][  0]LogMaterial: Missing cached shader map for material M_IceGiant_Master, compiling. 
[2016.10.02-16.54.30:066][  0]LogTexture:Display: Building textures: xnormalbakeid2_normals (BC5)
[2016.10.02-16.54.32:584][  0]LogTexture:Display: Building textures: xbnormalbakeid2_occlusion (G8)
[2016.10.02-16.54.34:386][  0]LogTexture:Display: Building textures: iceman2_D (AutoDXT)
[2016.10.02-16.54.54:742][  0]LogMaterial: Missing cached shader map for material M_IceGiant_Master, compiling. 
[2016.10.02-16.54.55:067][  0]LogTexture:Display: Building textures: xnormalbake_id3_occlusion (AutoDXT)
[2016.10.02-16.54.57:637][  0]LogTexture:Display: Building textures: xnormalbake_id3_normals (BC5)
[2016.10.02-16.55.00:445][  0]LogTexture:Display: Building textures: iceman3_D (AutoDXT)
[2016.10.02-16.55.21:181][  0]LogTexture:Display: Building textures: T_Door_N (BC5)
[2016.10.02-16.55.21:711][  0]LogTexture:Display: Building textures: T_Door_M (DXT1)
[2016.10.02-16.55.22:404][  0]LogTexture:Display: Building textures: ScotsPineTall_01_Atlas_Billboards_Tex (AutoDXT)
[2016.10.02-16.55.24:953][  0]LogTexture:Display: Building textures: ScotsPineTall_01_Atlas_Billboards_Normal_Tex (BC5)
[2016.10.02-16.55.25:411][  0]LogMaterial: Missing cached shader map for material ScotsPineTall_01_Billboard_Mat, compiling. 
[2016.10.02-16.55.25:790][  0]LogTexture:Display: Building textures: ScotsPine_01_Atlas_Tex (AutoDXT)
[2016.10.02-16.55.33:650][  0]LogTexture:Display: Building textures: ScotsPine_01_Atlas_Specular_Tex (AutoDXT)
[2016.10.02-16.55.36:166][  0]LogTexture:Display: Building textures: ScotsPine_01_Atlas_Normal_Tex (BC5)
[2016.10.02-16.55.38:057][  0]LogMaterial: Missing cached shader map for material ScotsPine_01_Leaves_Mat, compiling. 
[2016.10.02-16.55.38:181][  0]LogTexture:Display: Building textures: T_ScotsPine_Bark_03_D_Tex (AutoDXT)
[2016.10.02-16.55.40:880][  0]LogTexture:Display: Building textures: T_ScotsPine_Bark_03_N (BC5)
[2016.10.02-16.55.41:226][  0]LogMaterial: Missing cached shader map for material ScotsPine_01_Fronds_Mat, compiling. 
[2016.10.02-16.55.41:621][  0]LogTexture:Display: Building textures: T_ScotsPine_Bark_01_Tex (AutoDXT)
[2016.10.02-16.55.53:392][  0]LogTexture:Display: Building textures: T_ScotsPine_Bark_01_N_Tex (BC5)
[2016.10.02-16.55.54:749][  0]LogMaterial: Missing cached shader map for material ScotsPine_01_Branches_Mat, compiling. 
[2016.10.02-16.55.54:778][  0]LogMaterial: Missing cached shader map for material ScotsPine_01_Branches_2_Mat, compiling. 
[2016.10.02-16.55.55:198][  0]LogTexture:Display: Building textures: xnormalbake_id4_occlusion (G8)
[2016.10.02-16.55.56:839][  0]LogTexture:Display: Building textures: xnormalbake_id4_normals (BC5)
[2016.10.02-16.55.59:725][  0]LogTexture:Display: Building textures: iceman4_D (AutoDXT)
[2016.10.02-16.56.20:151][  0]LogAIModule: Creating AISystem for world Minimal_Default
[2016.10.02-16.56.20:688][  0]LogEditorServer: Finished looking for orphan Actors (0.000 secs)
[2016.10.02-16.56.20:699][  0]Cmd: MAP CHECKDEP NOCLEARLOG
[2016.10.02-16.56.20:750][  0]MapCheck: Info Map check complete: 0 Error(s), 0 Warning(s), took 50.971ms to complete.
[2016.10.02-16.56.20:750][  0]LogFileHelpers: Loading map 'Minimal_Default' took 293.916
[2016.10.02-16.56.21:711][  0]LogCollectionManager: Loaded 0 collections in 0.004639 seconds
[2016.10.02-16.56.21:999][  0]LogFileCache: Scanning file cache for directory 'D:/Machinima/Teaser/Repo/Spooksters/Attic1/Saved/Collections/' took 0.01s
[2016.10.02-16.56.21:999][  0]LogFileCache: Scanning file cache for directory 'D:/Machinima/Teaser/Repo/Spooksters/Attic1/Content/Developers/Cam/Collections/' took 0.01s
[2016.10.02-16.56.21:999][  0]LogFileCache: Scanning file cache for directory 'D:/Machinima/Teaser/Repo/Spooksters/Attic1/Content/Collections/' took 0.01s
[2016.10.02-16.56.21:999][  0]LogCollectionManager: Rebuilt the GUID cache for 0 collections in 0.000004 seconds
[2016.10.02-16.56.22:018][  0]LogContentBrowser: Native class hierarchy populated in 0.0170 seconds. Added 2156 classes and 421 folders.
[2016.10.02-16.56.22:131][  0]LogStats: UGameplayTagsManager::ConstructGameplayTagTree: Construct from data asset -  0.000 s
[2016.10.02-16.56.22:132][  0]LogStats: UGameplayTagsManager::ConstructGameplayTagTree: GameplayTagTreeChangedEvent.Broadcast -  0.000 s
[2016.10.02-16.56.22:134][  0]LogContentBrowser: Native class hierarchy updated for 'GameplayTags' in 0.0021 seconds. Added 12 classes and 0 folders.
[2016.10.02-16.56.22:169][  0]LogContentBrowser: Native class hierarchy updated for 'WidgetCarousel' in 0.0011 seconds. Added 0 classes and 0 folders.
[2016.10.02-16.56.24:007][  0]LogContentBrowser: Native class hierarchy updated for 'AddContentDialog' in 0.0008 seconds. Added 0 classes and 0 folders.
[2016.10.02-16.56.24:129][  0]LogContentBrowser: Native class hierarchy updated for 'SceneOutliner' in 0.0020 seconds. Added 1 classes and 2 folders.
[2016.10.02-16.56.24:527][  0]LogCrashTracker: Crashtracker disabled due to settings.
[2016.10.02-16.56.24:686][  0]LogUObjectGlobals:Warning: Failed to find object 'Class None.'
[2016.10.02-16.56.24:741][  0]LogContentBrowser: Native class hierarchy updated for 'HierarchicalLODOutliner' in 0.0020 seconds. Added 1 classes and 2 folders.
[2016.10.02-16.56.24:742][  0]LogLoad: (Engine Initialization) Total time: 303.97 seconds
[2016.10.02-16.56.24:742][  0]LogLoad: (Engine Initialization) Total Blueprint compile time: 0.04 seconds
[2016.10.02-16.56.24:742][  0]LogExternalProfiler: Found external profiler: VSPerf
[2016.10.02-16.56.24:742][  0]LogExternalProfiler: Using external profiler: VSPerf
[2016.10.02-16.56.24:752][  0]LogWindowsTextInputMethodSystem:Display: IME system now deactivated.
[2016.10.02-16.56.24:753][  0]LogOcInput: OculusInput pre-init called
[2016.10.02-16.56.24:878][  0]LogContentStreaming: Texture pool size now 1000 MB
[2016.10.02-16.56.25:598][  0]LogRenderer: Reallocating scene render targets to support 1208x576 (Frame:2).
[2016.10.02-16.56.25:851][  1]LogFileCache: Retrieving MD5 hashes for directory 'D:/Machinima/Teaser/Repo/Spooksters/Attic1/Content/' took 1.04s
[2016.10.02-16.56.25:910][  2]LogAssetRegistry: Asset discovery search completed in 301.2769 seconds
[2016.10.02-16.56.25:910][  2]LogCollectionManager: Rebuilt the object cache for 0 collections in 0.000009 seconds (found 0 objects)
[2016.10.02-16.56.25:910][  2]LogCollectionManager: Fixed up redirectors for 0 collections in 0.000039 seconds (updated 0 objects)
[2016.10.02-17.00.29:492][972]LogEditorViewport: Clicking on Actor (LMB): StaticMeshActor (SM_Door)
[2016.10.02-17.00.30:572][997]LogEditorViewport: Clicking on Actor (LMB): StaticMeshActor (SM_Door)
[2016.10.02-17.00.34:707][469]LogEditorViewport: Clicking on Actor (LMB): StaticMeshActor (SM_Door)
[2016.10.02-17.00.52:247][547]Cmd: TRANSACTION UNDO
[2016.10.02-17.00.52:247][547]LogEditorTransaction: Undo Apply Material to Selected Surfaces
[2016.10.02-17.01.10:763][620]LogEditorViewport: Clicking on Actor (CTRL LMB): StaticMeshActor (SM_Frame_1)
[2016.10.02-17.01.36:132][537]LogEditorViewport: Clicking on Actor (CTRL LMB): StaticMeshActor (SM_Door)
[2016.10.02-17.01.42:068][238]Cmd: TRANSACTION UNDO
[2016.10.02-17.01.42:068][238]LogEditorTransaction: Undo Move Actors
[2016.10.02-17.01.42:073][238]LogActorComponent: ~FComponentReregisterContext: (/Game/StarterContent/Maps/Minimal_Default.Minimal_Default:PersistentLevel.BoxBrush11.BrushComponent0) Component already registered.
[2016.10.02-17.01.42:075][238]LogActorComponent: ~FComponentReregisterContext: (/Game/StarterContent/Maps/Minimal_Default.Minimal_Default:PersistentLevel.BoxBrush20.BrushComponent0) Component already registered.
[2016.10.02-17.02.00:934][441]LogEditorViewport: Clicking on Actor (CTRL LMB): StaticMeshActor (SM_GlassWindow)
[2016.10.02-17.02.14:079][985]LogEditorViewport: Clicking on Actor (CTRL LMB): StaticMeshActor (SM_GlassWindow)
[2016.10.02-17.02.19:170][564]LogEditorViewport: Clicking on Actor (CTRL LMB): StaticMeshActor (SM_GlassWindow)
[2016.10.02-17.02.30:045][847]LogEditorViewport: Clicking on Actor (CTRL LMB): StaticMeshActor (SM_GlassWindow)
[2016.10.02-17.02.54:351][726]LogEditorViewport: Clicking on Actor (CTRL LMB): BP_Sky_Sphere_C (BP_Sky_Sphere)
[2016.10.02-17.02.56:380][966]Cmd: TRANSACTION UNDO
[2016.10.02-17.02.56:380][966]LogEditorTransaction: Undo Clicking on Actors
[2016.10.02-17.03.13:946][ 31]LogEditorViewport: Clicking on Actor (context menu): BP_Sky_Sphere_C (BP_Sky_Sphere)
[2016.10.02-17.03.25:588][291]Cmd: DUPLICATE
[2016.10.02-17.03.25:588][291]Cmd: ACTOR DUPLICATE
[2016.10.02-17.03.25:717][291]LogStaticMesh:Warning: Cached component instance data transform did not match!  Discarding cached lighting data which will cause lighting to be unbuilt.
/Game/StarterContent/Maps/Minimal_Default.Minimal_Default:PersistentLevel.BP_Sky_Sphere_C_3.Sky Sphere mesh
Current: -180.000000,0.000000,115.000000|0.000000,0.000000,0.000000|400.000000,400.000000,400.000000 Cached: 0.000000,0.000000,0.000000|0.000000,0.000000,0.000000|400.000000,400.000000,400.000000
[2016.10.02-17.03.30:238][823]Cmd: TRANSACTION UNDO
[2016.10.02-17.03.30:238][823]LogEditorTransaction: Undo Move Actors
[2016.10.02-17.03.31:124][922]Cmd: TRANSACTION UNDO
[2016.10.02-17.03.31:124][922]LogEditorTransaction: Undo Move Actors
[2016.10.02-17.03.31:925][ 17]Cmd: TRANSACTION UNDO
[2016.10.02-17.03.31:925][ 17]LogEditorTransaction: Undo Duplicate Actors
[2016.10.02-17.03.32:610][ 90]Cmd: TRANSACTION UNDO
[2016.10.02-17.03.32:610][ 90]LogEditorTransaction: Undo Clicking on Actors (context menu)
[2016.10.02-17.03.36:090][491]Cmd: DUPLICATE
[2016.10.02-17.03.36:090][491]Cmd: ACTOR DUPLICATE
[2016.10.02-17.03.45:305][561]Cmd: TRANSACTION UNDO
[2016.10.02-17.03.45:305][561]LogEditorTransaction: Undo Move Actors
[2016.10.02-17.03.45:311][561]LogActorComponent: ~FComponentReregisterContext: (/Game/StarterContent/Maps/Minimal_Default.Minimal_Default:PersistentLevel.BoxBrush11.BrushComponent0) Component already registered.
[2016.10.02-17.03.45:315][561]LogActorComponent: ~FComponentReregisterContext: (/Game/StarterContent/Maps/Minimal_Default.Minimal_Default:PersistentLevel.BoxBrush22.BrushComponent0) Component already registered.
[2016.10.02-17.03.46:338][641]Cmd: TRANSACTION UNDO
[2016.10.02-17.03.46:338][641]LogEditorTransaction: Undo Duplicate Actors
[2016.10.02-17.04.00:229][244]Cmd: DUPLICATE
[2016.10.02-17.04.00:229][244]Cmd: ACTOR DUPLICATE
[2016.10.02-17.04.58:556][955]Cmd: TRANSACTION UNDO
[2016.10.02-17.04.58:556][955]LogEditorTransaction: Undo Move Actors
[2016.10.02-17.04.59:208][  8]Cmd: TRANSACTION UNDO
[2016.10.02-17.04.59:208][  8]LogEditorTransaction: Undo Move Actors
[2016.10.02-17.05.02:036][333]Cmd: TRANSACTION UNDO
[2016.10.02-17.05.02:036][333]LogEditorTransaction: Undo Duplicate Actors
[2016.10.02-17.05.19:504][343]Cmd: DUPLICATE
[2016.10.02-17.05.19:504][343]Cmd: ACTOR DUPLICATE
[2016.10.02-17.05.30:814][680]Cmd: TRANSACTION UNDO
[2016.10.02-17.05.30:814][680]LogEditorTransaction: Undo Move Actors
[2016.10.02-17.05.30:821][680]LogActorComponent: ~FComponentReregisterContext: (/Game/StarterContent/Maps/Minimal_Default.Minimal_Default:PersistentLevel.BoxBrush11.BrushComponent0) Component already registered.
[2016.10.02-17.05.33:394][972]Cmd: TRANSACTION UNDO
[2016.10.02-17.05.33:394][972]LogEditorTransaction: Undo Duplicate Actors
[2016.10.02-17.05.55:865][607]Cmd: DUPLICATE
[2016.10.02-17.05.55:865][607]Cmd: ACTOR DUPLICATE
[2016.10.02-17.06.00:478][109]Cmd: TRANSACTION UNDO
[2016.10.02-17.06.00:478][109]LogEditorTransaction: Undo Select Brush Surface
[2016.10.02-17.06.06:447][794]Cmd: DELETE
[2016.10.02-17.06.06:447][794]Cmd: ACTOR DELETE
[2016.10.02-17.06.06:462][794]LogEditorActor: Deleted Actor: Brush
[2016.10.02-17.06.06:620][794]LogEditorActor: Deleted 1 Actors (0.173 secs)
[2016.10.02-17.06.10:425][245]Cmd: TRANSACTION UNDO
[2016.10.02-17.06.10:426][245]LogEditorTransaction: Undo Delete Actors
[2016.10.02-17.06.10:433][245]LogActorComponent: ~FComponentReregisterContext: (/Game/StarterContent/Maps/Minimal_Default.Minimal_Default:PersistentLevel.BoxBrush2.BrushComponent0) Component already registered.
[2016.10.02-17.06.10:436][245]LogActorComponent: ~FComponentReregisterContext: (/Game/StarterContent/Maps/Minimal_Default.Minimal_Default:PersistentLevel.BoxBrush17.BrushComponent0) Component already registered.
[2016.10.02-17.06.10:436][245]LogActorComponent: ~FComponentReregisterContext: (/Game/StarterContent/Maps/Minimal_Default.Minimal_Default:PersistentLevel.BoxBrush28.BrushComponent0) Component already registered.
[2016.10.02-17.06.12:046][426]Cmd: TRANSACTION UNDO
[2016.10.02-17.06.12:046][426]LogEditorTransaction: Undo Select Brush Surface
[2016.10.02-17.06.13:246][562]Cmd: TRANSACTION UNDO
[2016.10.02-17.06.13:246][562]LogEditorTransaction: Undo Move Actors
[2016.10.02-17.06.13:254][562]LogActorComponent: ~FComponentReregisterContext: (/Game/StarterContent/Maps/Minimal_Default.Minimal_Default:PersistentLevel.BoxBrush11.BrushComponent0) Component already registered.
[2016.10.02-17.06.15:003][763]Cmd: TRANSACTION UNDO
[2016.10.02-17.06.15:003][763]LogEditorTransaction: Undo Duplicate Actors
[2016.10.02-17.07.05:988][754]Cmd: TRANSACTION UNDO
[2016.10.02-17.07.05:988][754]LogEditorTransaction: Undo Select Brush Surface
[2016.10.02-17.07.06:235][778]Cmd: TRANSACTION UNDO
[2016.10.02-17.07.06:236][778]LogEditorTransaction: Undo Select Brush Surface
[2016.10.02-17.07.06:573][808]Cmd: TRANSACTION UNDO
[2016.10.02-17.07.06:573][808]LogEditorTransaction: Undo Move Actors
[2016.10.02-17.07.06:580][808]LogActorComponent: ~FComponentReregisterContext: (/Game/StarterContent/Maps/Minimal_Default.Minimal_Default:PersistentLevel.BoxBrush4.BrushComponent0) Component already registered.
[2016.10.02-17.07.06:581][808]LogActorComponent: ~FComponentReregisterContext: (/Game/StarterContent/Maps/Minimal_Default.Minimal_Default:PersistentLevel.BoxBrush20.BrushComponent0) Component already registered.
[2016.10.02-17.07.06:582][808]LogActorComponent: ~FComponentReregisterContext: (/Game/StarterContent/Maps/Minimal_Default.Minimal_Default:PersistentLevel.BoxBrush15.BrushComponent0) Component already registered.
[2016.10.02-17.07.32:864][890]Cmd: DUPLICATE
[2016.10.02-17.07.32:864][890]Cmd: ACTOR DUPLICATE
[2016.10.02-17.08.07:413][950]Cmd: TRANSACTION UNDO
[2016.10.02-17.08.07:413][950]LogEditorTransaction: Undo Apply Material to Selected Surfaces
[2016.10.02-17.08.42:147][924]Cmd: TRANSACTION UNDO
[2016.10.02-17.08.42:147][924]LogEditorTransaction: Undo Move Actors
[2016.10.02-17.08.50:327][861]LogEditorViewport: Clicking on Actor (CTRL LMB): BP_Sky_Sphere_C (BP_Sky_Sphere)
[2016.10.02-17.08.53:787][270]Cmd: TRANSACTION UNDO
[2016.10.02-17.08.53:787][270]LogEditorTransaction: Undo Clicking on Actors
[2016.10.02-17.08.54:909][394]Cmd: TRANSACTION UNDO
[2016.10.02-17.08.54:909][394]LogEditorTransaction: Undo Clicking on Actors
[2016.10.02-17.10.21:640][742]LogSavePackage: Save=1393.25ms
[2016.10.02-17.10.21:640][742]LogSavePackage: Moving 'D:/Machinima/Teaser/Repo/Spooksters/Attic1/Saved/Minimal_Default_Auto1393AB3A046C9A07313F8C4BA4E5230A8.tmp' to 'D:/Machinima/Teaser/Repo/Spooksters/Attic1/Saved/Autosaves/Game/StarterContent/Maps/Minimal_Default_Auto1.umap'
[2016.10.02-17.10.21:642][742]LogSavePackage:Display: Finished SavePackage D:/Machinima/Teaser/Repo/Spooksters/Attic1/Saved/Autosaves/Game/StarterContent/Maps/Minimal_Default_Auto1.umap
[2016.10.02-17.10.21:645][742]LogFileHelpers: Editor autosave (incl. sublevels) for '/Game/StarterContent/Maps/Minimal_Default' took 1.557
[2016.10.02-17.10.21:645][742]LogFileHelpers: Editor autosave (incl. sublevels) for all levels took 1.557
[2016.10.02-17.11.55:494][496]LogEditorViewport: Clicking on Actor (LMB): BP_Sky_Sphere_C (BP_Sky_Sphere)
[2016.10.02-17.11.56:979][649]Cmd: TRANSACTION UNDO
[2016.10.02-17.11.56:979][649]LogEditorTransaction: Undo Clicking on Actors
[2016.10.02-17.14.04:749][885]Cmd: CLEANBSPMATERIALS
[2016.10.02-17.14.04:750][885]LogEditorServer: Cleared /Game/StarterContent/Maps/Minimal_Default.Minimal_Default:PersistentLevel.BoxBrush10:/Game/StarterContent/Materials/M_Wood_Floor_Walnut_Worn.M_Wood_Floor_Walnut_Worn
[2016.10.02-17.14.04:750][885]LogEditorServer: Cleared /Game/StarterContent/Maps/Minimal_Default.Minimal_Default:PersistentLevel.BoxBrush28:/Game/StarterContent/Materials/M_Wood_Floor_Walnut_Worn.M_Wood_Floor_Walnut_Worn
[2016.10.02-17.16.43:794][384]LogStaticMesh: Building static mesh Box_Brush32_StaticMesh...
[2016.10.02-17.16.43:794][384]LogMeshUtilities: Invalid vertex normals found for mesh. Forcing recomputation of vertex normals for MikkTSpace. Fix mesh or disable "Use MikkTSpace Tangent Space" to avoid forced recomputation of normals.
[2016.10.02-17.16.43:812][384]LogStaticMesh: Built static mesh [0.02s] /Game/Box_Brush32_StaticMesh.Box_Brush32_StaticMesh
[2016.10.02-17.16.44:444][384]LogActorFactory: Actor Factory created Box_Brush32_StaticMesh
[2016.10.02-17.16.44:574][384]EditorErrors: New page: Actor Reattachment
[2016.10.02-17.16.58:385][999]Cmd: TRANSACTION UNDO
[2016.10.02-17.16.58:385][999]LogEditorTransaction: Undo Convert Actors
[2016.10.02-17.16.59:060][ 66]LogEditorViewport: Clicking on Actor (LMB): StaticMeshActor (SM_GlassWindow2)
[2016.10.02-17.16.59:782][148]LogEditorViewport: Clicking on Actor (LMB): StaticMeshActor (SM_GlassWindow2)
[2016.10.02-17.17.00:287][207]LogEditorViewport: Clicking on Actor (LMB): StaticMeshActor (SM_GlassWindow2)
[2016.10.02-17.17.12:118][590]Cmd: TRANSACTION UNDO
[2016.10.02-17.17.12:118][590]LogEditorTransaction: Undo Move Actors
[2016.10.02-17.17.13:193][712]Cmd: TRANSACTION UNDO
[2016.10.02-17.17.13:193][712]LogEditorTransaction: Undo Move Actors
[2016.10.02-17.17.39:137][795]Cmd: TRANSACTION UNDO
[2016.10.02-17.17.39:137][795]LogEditorTransaction: Undo Clicking on Actors
[2016.10.02-17.17.39:617][831]Cmd: TRANSACTION UNDO
[2016.10.02-17.17.39:617][831]LogEditorTransaction: Undo Clicking on Actors
[2016.10.02-17.17.40:318][913]Cmd: TRANSACTION UNDO
[2016.10.02-17.17.40:318][913]LogEditorTransaction: Undo Clicking on Actors
[2016.10.02-17.17.44:491][387]LogStaticMesh: Building static mesh Box_Brush32_StaticMesh2...
[2016.10.02-17.17.44:491][387]LogMeshUtilities: Invalid vertex normals found for mesh. Forcing recomputation of vertex normals for MikkTSpace. Fix mesh or disable "Use MikkTSpace Tangent Space" to avoid forced recomputation of normals.
[2016.10.02-17.17.44:509][387]LogStaticMesh: Built static mesh [0.02s] /Game/Box_Brush32_StaticMesh2.Box_Brush32_StaticMesh2
[2016.10.02-17.17.44:815][387]LogActorFactory: Actor Factory created Box_Brush32_StaticMesh2
[2016.10.02-17.17.44:929][387]EditorErrors: New page: Actor Reattachment
[2016.10.02-17.17.50:138][989]LogEditorViewport: Clicking on Actor (LMB): StaticMeshActor (Box_Brush32_StaticMesh2)
[2016.10.02-17.17.52:034][212]LogEditorViewport: Clicking on Actor (context menu): StaticMeshActor (Box_Brush32_StaticMesh2)
[2016.10.02-17.17.54:167][465]LogEditorViewport: Clicking on Actor (LMB): StaticMeshActor (Box_Brush32_StaticMesh2)
[2016.10.02-17.17.55:038][568]LogEditorViewport: Clicking on Actor (LMB): StaticMeshActor (Box_Brush32_StaticMesh2)
[2016.10.02-17.17.55:472][618]LogEditorViewport: Clicking on Actor (LMB): BP_Sky_Sphere_C (BP_Sky_Sphere)
[2016.10.02-17.17.56:304][714]LogEditorViewport: Clicking on Actor (LMB): StaticMeshActor (Box_Brush32_StaticMesh2)
[2016.10.02-17.18.23:095][619]LogFbx:Warning: FBX version number for this version of the FBX SDK is 7.5.0


[2016.10.02-17.20.24:228][716]LogSavePackage: Save=1127.28ms
[2016.10.02-17.20.24:229][716]LogSavePackage: Moving 'D:/Machinima/Teaser/Repo/Spooksters/Attic1/Saved/Minimal_Default_Auto2FBC5AD604DB2B1DD53CAEC8EE03850E7.tmp' to 'D:/Machinima/Teaser/Repo/Spooksters/Attic1/Saved/Autosaves/Game/StarterContent/Maps/Minimal_Default_Auto2.umap'
[2016.10.02-17.20.24:232][716]LogSavePackage:Display: Finished SavePackage D:/Machinima/Teaser/Repo/Spooksters/Attic1/Saved/Autosaves/Game/StarterContent/Maps/Minimal_Default_Auto2.umap
[2016.10.02-17.20.24:238][716]LogFileHelpers: Editor autosave (incl. sublevels) for '/Game/StarterContent/Maps/Minimal_Default' took 1.175
[2016.10.02-17.20.24:238][716]LogFileHelpers: Editor autosave (incl. sublevels) for all levels took 1.175
[2016.10.02-17.20.24:241][716]OBJ SavePackage: Generating thumbnails for [1] asset(s) in package [/Game/Box_Brush32_StaticMesh2] ([1] browsable assets)...
[2016.10.02-17.20.24:277][716]OBJ SavePackage:     Rendered thumbnail for [StaticMesh /Game/Box_Brush32_StaticMesh2.Box_Brush32_StaticMesh2]
[2016.10.02-17.20.24:277][716]OBJ SavePackage: Finished generating thumbnails for package [/Game/Box_Brush32_StaticMesh2]
[2016.10.02-17.20.24:277][716]Cmd: OBJ SAVEPACKAGE PACKAGE="/Game/Box_Brush32_StaticMesh2" FILE="D:/Machinima/Teaser/Repo/Spooksters/Attic1/Saved/Autosaves/Game/Box_Brush32_StaticMesh2_Auto2.uasset" SILENT=false AUTOSAVING=true
[2016.10.02-17.20.24:323][716]LogSavePackage: Save=42.43ms
[2016.10.02-17.20.24:323][716]LogSavePackage: Moving 'D:/Machinima/Teaser/Repo/Spooksters/Attic1/Saved/Box_Brush32_StaticMesh2_Auto2B3C95DFF4AD47DBAFAB15B847F73EE3B.tmp' to 'D:/Machinima/Teaser/Repo/Spooksters/Attic1/Saved/Autosaves/Game/Box_Brush32_StaticMesh2_Auto2.uasset'
[2016.10.02-17.20.24:325][716]LogSavePackage:Display: Finished SavePackage D:/Machinima/Teaser/Repo/Spooksters/Attic1/Saved/Autosaves/Game/Box_Brush32_StaticMesh2_Auto2.uasset
[2016.10.02-17.20.24:325][716]LogFileHelpers: Auto-saving content packages took 0.085
[2016.10.02-20.45.02:633][718]Cmd: QUIT_EDITOR
[2016.10.02-20.45.02:684][718]LogWindowsTextInputMethodSystem:Display: IME system now deactivated.
[2016.10.02-20.45.02:725][718]LogExit: Preparing to exit.
[2016.10.02-20.45.03:857][718]LogExit: Editor shut down
[2016.10.02-20.45.03:858][718]LogExit: Transaction tracking system shut down
[2016.10.02-20.45.04:371][718]LogObj: Freed 0b from 0 cluster array pools.
[2016.10.02-20.45.04:371][718]LogExit: Object subsystem successfully closed.
[2016.10.02-20.45.04:400][718]LogD3D11RHI: Shutdown
[2016.10.02-20.45.04:400][718]LogD3D11RHI: CleanupD3DDevice
[2016.10.02-20.45.04:485][718]LogD3D11RHI: ~FD3D11DynamicRHI
[2016.10.02-20.45.04:507][718]LogModuleManager: Shutting down and abandoning module HierarchicalLODOutliner (235)
[2016.10.02-20.45.04:507][718]LogModuleManager: Shutting down and abandoning module CrashTracker (234)
[2016.10.02-20.45.04:507][718]LogModuleManager: Shutting down and abandoning module SceneOutliner (233)
[2016.10.02-20.45.04:507][718]LogModuleManager: Shutting down and abandoning module WidgetCarousel (232)
[2016.10.02-20.45.04:507][718]LogModuleManager: Shutting down and abandoning module AddContentDialog (231)
[2016.10.02-20.45.04:508][718]LogDirectoryWatcher: A directory notification for 'C:/Program Files (x86)/Epic Games/4.13/FeaturePacks/' was aborted.
[2016.10.02-20.45.04:512][718]LogModuleManager: Shutting down and abandoning module GameplayTags (230)
[2016.10.02-20.45.04:512][718]LogModuleManager: Shutting down and abandoning module EditorWidgets (229)
[2016.10.02-20.45.04:512][718]LogModuleManager: Shutting down and abandoning module CollectionManager (228)
[2016.10.02-20.45.04:513][718]LogDirectoryWatcher: A directory notification for 'D:/Machinima/Teaser/Repo/Spooksters/Attic1/Content/Collections/' was aborted.
[2016.10.02-20.45.04:513][718]LogDirectoryWatcher: A directory notification for 'D:/Machinima/Teaser/Repo/Spooksters/Attic1/Content/Developers/Cam/Collections/' was aborted.
[2016.10.02-20.45.04:513][718]LogDirectoryWatcher: A directory notification for 'D:/Machinima/Teaser/Repo/Spooksters/Attic1/Saved/Collections/' was aborted.
[2016.10.02-20.45.04:513][718]LogModuleManager: Shutting down and abandoning module StatsViewer (227)
[2016.10.02-20.45.04:513][718]LogModuleManager: Shutting down and abandoning module FoliageEdit (226)
[2016.10.02-20.45.04:513][718]LogModuleManager: Shutting down and abandoning module LandscapeEditor (225)
[2016.10.02-20.45.04:513][718]LogModuleManager: Shutting down and abandoning module SceneDepthPickerMode (224)
[2016.10.02-20.45.04:513][718]LogModuleManager: Shutting down and abandoning module ActorPickerMode (223)
[2016.10.02-20.45.04:513][718]LogModuleManager: Shutting down and abandoning module GeometryMode (222)
[2016.10.02-20.45.04:513][718]LogModuleManager: Shutting down and abandoning module TextureAlignMode (221)
[2016.10.02-20.45.04:513][718]LogModuleManager: Shutting down and abandoning module BspMode (220)
[2016.10.02-20.45.04:513][718]LogModuleManager: Shutting down and abandoning module HardwareSurvey (219)
[2016.10.02-20.45.04:513][718]LogModuleManager: Shutting down and abandoning module SequenceRecorderSections (218)
[2016.10.02-20.45.04:513][718]LogModuleManager: Shutting down and abandoning module SequenceRecorder (217)
[2016.10.02-20.45.04:513][718]LogModuleManager: Shutting down and abandoning module AutomationWorker (216)
[2016.10.02-20.45.04:513][718]LogModuleManager: Shutting down and abandoning module MatineeToLevelSequence (215)
[2016.10.02-20.45.04:513][718]LogModuleManager: Shutting down and abandoning module PlacementMode (214)
[2016.10.02-20.45.04:513][718]LogModuleManager: Shutting down and abandoning module LevelSequenceEditor (213)
[2016.10.02-20.45.04:513][718]LogModuleManager: Shutting down and abandoning module WmfMediaFactory (212)
[2016.10.02-20.45.04:513][718]LogModuleManager: Shutting down and abandoning module WmfMediaEditor (211)
[2016.10.02-20.45.04:513][718]LogModuleManager: Shutting down and abandoning module AvfMediaFactory (210)
[2016.10.02-20.45.04:513][718]LogModuleManager: Shutting down and abandoning module AvfMediaEditor (209)
[2016.10.02-20.45.04:514][718]LogModuleManager: Shutting down and abandoning module Media (208)
[2016.10.02-20.45.04:514][718]LogModuleManager: Shutting down and abandoning module AndroidMediaFactory (207)
[2016.10.02-20.45.04:514][718]LogModuleManager: Shutting down and abandoning module AndroidMediaEditor (206)
[2016.10.02-20.45.04:514][718]LogModuleManager: Shutting down and abandoning module CharacterAI (205)
[2016.10.02-20.45.04:514][718]LogModuleManager: Shutting down and abandoning module SmartSnapping (204)
[2016.10.02-20.45.04:514][718]LogModuleManager: Shutting down and abandoning module SessionServices (203)
[2016.10.02-20.45.04:514][718]LogModuleManager: Shutting down and abandoning module ViewportSnapping (202)
[2016.10.02-20.45.04:514][718]LogModuleManager: Shutting down and abandoning module ViewportInteraction (201)
[2016.10.02-20.45.04:514][718]LogModuleManager: Shutting down and abandoning module LogVisualizer (200)
[2016.10.02-20.45.04:514][718]LogModuleManager: Shutting down and abandoning module GameProjectGeneration (199)
[2016.10.02-20.45.04:514][718]LogModuleManager: Shutting down and abandoning module IntroTutorials (198)
[2016.10.02-20.45.04:514][718]LogModuleManager: Shutting down and abandoning module EditorLiveStreaming (197)
[2016.10.02-20.45.04:514][718]LogModuleManager: Shutting down and abandoning module IOSPlatformEditor (196)
[2016.10.02-20.45.04:514][718]LogModuleManager: Shutting down and abandoning module HTML5PlatformEditor (195)
[2016.10.02-20.45.04:514][718]LogModuleManager: Shutting down and abandoning module AndroidDeviceDetection (194)
[2016.10.02-20.45.04:737][718]LogModuleManager: Shutting down and abandoning module AndroidPlatformEditor (193)
[2016.10.02-20.45.04:737][718]LogModuleManager: Shutting down and abandoning module IOSRuntimeSettings (192)
[2016.10.02-20.45.04:737][718]LogModuleManager: Shutting down and abandoning module AndroidRuntimeSettings (191)
[2016.10.02-20.45.04:737][718]LogModuleManager: Shutting down and abandoning module NiagaraEditor (190)
[2016.10.02-20.45.04:737][718]LogModuleManager: Shutting down and abandoning module MergeActors (189)
[2016.10.02-20.45.04:737][718]LogModuleManager: Shutting down and abandoning module SizeMap (188)
[2016.10.02-20.45.04:737][718]LogModuleManager: Shutting down and abandoning module TreeMap (187)
[2016.10.02-20.45.04:737][718]LogModuleManager: Shutting down and abandoning module ReferenceViewer (186)
[2016.10.02-20.45.04:737][718]LogModuleManager: Shutting down and abandoning module LocalizationService (185)
[2016.10.02-20.45.04:737][718]LogModuleManager: Shutting down and abandoning module LocalizationDashboard (184)
[2016.10.02-20.45.04:737][718]LogModuleManager: Shutting down and abandoning module HardwareTargeting (183)
[2016.10.02-20.45.04:737][718]LogModuleManager: Shutting down and abandoning module DeviceProfileEditor (182)
[2016.10.02-20.45.04:737][718]LogModuleManager: Shutting down and abandoning module UndoHistory (181)
[2016.10.02-20.45.04:737][718]LogModuleManager: Shutting down and abandoning module UserFeedback (180)
[2016.10.02-20.45.04:737][718]LogModuleManager: Shutting down and abandoning module XmlParser (179)
[2016.10.02-20.45.04:737][718]LogModuleManager: Shutting down and abandoning module Blutility (178)
[2016.10.02-20.45.04:737][718]LogModuleManager: Shutting down and abandoning module ProjectTargetPlatformEditor (177)
[2016.10.02-20.45.04:738][718]LogModuleManager: Shutting down and abandoning module ProjectSettingsViewer (176)
[2016.10.02-20.45.04:738][718]LogModuleManager: Shutting down and abandoning module InputBindingEditor (175)
[2016.10.02-20.45.04:738][718]LogModuleManager: Shutting down and abandoning module EditorSettingsViewer (174)
[2016.10.02-20.45.04:738][718]LogModuleManager: Shutting down and abandoning module SettingsEditor (173)
[2016.10.02-20.45.04:738][718]LogModuleManager: Shutting down and abandoning module ProjectLauncher (172)
[2016.10.02-20.45.04:739][718]LogModuleManager: Shutting down and abandoning module SessionFrontend (171)
[2016.10.02-20.45.04:739][718]LogModuleManager: Shutting down and abandoning module ProfilerClient (170)
[2016.10.02-20.45.04:739][718]LogModuleManager: Shutting down and abandoning module TargetDeviceServices (169)
[2016.10.02-20.45.04:739][718]LogModuleManager: Shutting down and abandoning module DeviceManager (168)
[2016.10.02-20.45.04:793][718]LogModuleManager: Shutting down and abandoning module AutomationController (167)
[2016.10.02-20.45.04:793][718]LogModuleManager: Shutting down and abandoning module AutomationWindow (166)
[2016.10.02-20.45.04:793][718]LogModuleManager: Shutting down and abandoning module Layers (165)
[2016.10.02-20.45.04:793][718]LogModuleManager: Shutting down and abandoning module ComponentVisualizers (164)
[2016.10.02-20.45.04:793][718]LogModuleManager: Shutting down and abandoning module DetailCustomizations (163)
[2016.10.02-20.45.04:793][718]LogModuleManager: Shutting down and abandoning module PackagesDialog (162)
[2016.10.02-20.45.04:793][718]LogModuleManager: Shutting down and abandoning module AnimGraph (161)
[2016.10.02-20.45.04:793][718]LogModuleManager: Shutting down and abandoning module Persona (160)
[2016.10.02-20.45.04:793][718]LogModuleManager: Shutting down and abandoning module Kismet (159)
[2016.10.02-20.45.04:794][718]LogModuleManager: Shutting down and abandoning module GraphEditor (158)
[2016.10.02-20.45.04:794][718]LogModuleManager: Shutting down and abandoning module ClassViewer (157)
[2016.10.02-20.45.04:808][718]LogModuleManager: Shutting down and abandoning module Toolbox (156)
[2016.10.02-20.45.04:808][718]LogModuleManager: Shutting down and abandoning module ModuleUI (155)
[2016.10.02-20.45.04:808][718]LogModuleManager: Shutting down and abandoning module MovieSceneTools (154)
[2016.10.02-20.45.04:808][718]LogModuleManager: Shutting down and abandoning module OutputLog (153)
[2016.10.02-20.45.04:808][718]LogModuleManager: Shutting down and abandoning module GammaUI (152)
[2016.10.02-20.45.04:809][718]LogModuleManager: Shutting down and abandoning module Documentation (151)
[2016.10.02-20.45.04:809][718]LogModuleManager: Shutting down and abandoning module Niagara (150)
[2016.10.02-20.45.04:809][718]LogModuleManager: Shutting down and abandoning module StreamingPauseRendering (149)
[2016.10.02-20.45.04:809][718]LogModuleManager: Shutting down and abandoning module AnalyticsET (148)
[2016.10.02-20.45.04:809][718]LogModuleManager: Shutting down and abandoning module PortalServices (147)
[2016.10.02-20.45.04:809][718]LogModuleManager: Shutting down and abandoning module PortalRpc (146)
[2016.10.02-20.45.04:809][718]LogModuleManager: Shutting down and abandoning module MessagingRpc (145)
[2016.10.02-20.45.04:809][718]LogModuleManager: Shutting down and abandoning module GameplayDebugger (144)
[2016.10.02-20.45.04:809][718]LogModuleManager: Shutting down and abandoning module AITestSuite (143)
[2016.10.02-20.45.04:809][718]LogModuleManager: Shutting down and abandoning module AIModule (142)
[2016.10.02-20.45.04:809][718]LogModuleManager: Shutting down and abandoning module ProfilerService (141)
[2016.10.02-20.45.05:002][718]LogModuleManager: Shutting down and abandoning module TaskGraph (140)
[2016.10.02-20.45.05:002][718]LogModuleManager: Shutting down and abandoning module SubstanceEditor (139)
[2016.10.02-20.45.05:002][718]LogModuleManager: Shutting down and abandoning module SlateRemote (138)
[2016.10.02-20.45.05:003][718]LogModuleManager: Shutting down and abandoning module SteamVRController (137)
[2016.10.02-20.45.05:003][718]LogModuleManager: Shutting down and abandoning module SteamVR (136)
[2016.10.02-20.45.05:003][718]LogModuleManager: Shutting down and abandoning module ProceduralMeshComponentEditor (135)
[2016.10.02-20.45.05:003][718]LogModuleManager: Shutting down and abandoning module ProceduralMeshComponent (134)
[2016.10.02-20.45.05:003][718]LogModuleManager: Shutting down and abandoning module OculusLibrary (133)
[2016.10.02-20.45.05:003][718]LogModuleManager: Shutting down and abandoning module OculusInput (132)
[2016.10.02-20.45.05:003][718]LogModuleManager: Shutting down and abandoning module CustomMeshComponent (131)
[2016.10.02-20.45.05:003][718]LogModuleManager: Shutting down and abandoning module CableComponent (130)
[2016.10.02-20.45.05:003][718]LogModuleManager: Shutting down and abandoning module ArchVisCharacter (129)
[2016.10.02-20.45.05:003][718]LogModuleManager: Shutting down and abandoning module MediaPlayerEditor (127)
[2016.10.02-20.45.05:003][718]LogModuleManager: Shutting down and abandoning module HTML5Networking (126)
[2016.10.02-20.45.05:003][718]LogModuleManager: Shutting down and abandoning module GeometryCacheEd (125)
[2016.10.02-20.45.05:003][718]LogModuleManager: Shutting down and abandoning module GeometryCache (124)
[2016.10.02-20.45.05:003][718]LogModuleManager: Shutting down and abandoning module AlembicLibrary (123)
[2016.10.02-20.45.05:003][718]LogModuleManager: Shutting down and abandoning module AlembicImporter (122)
[2016.10.02-20.45.05:003][718]LogModuleManager: Shutting down and abandoning module SuperSearch (121)
[2016.10.02-20.45.05:003][718]LogModuleManager: Shutting down and abandoning module SuperSearchEditor (120)
[2016.10.02-20.45.05:004][718]LogModuleManager: Shutting down and abandoning module SpeedTreeImporter (119)
[2016.10.02-20.45.05:004][718]LogModuleManager: Shutting down and abandoning module PluginBrowser (118)
[2016.10.02-20.45.05:004][718]LogModuleManager: Shutting down and abandoning module MobileLauncherProfileWizard (117)
[2016.10.02-20.45.05:004][718]LogModuleManager: Shutting down and abandoning module EpicSurvey (116)
[2016.10.02-20.45.05:004][718]LogModuleManager: Shutting down and abandoning module DesktopPlatform (115)
[2016.10.02-20.45.05:004][718]LogModuleManager: Shutting down and abandoning module VisualStudioSourceCodeAccess (114)
[2016.10.02-20.45.05:004][718]LogModuleManager: Shutting down and abandoning module UObjectPlugin (113)
[2016.10.02-20.45.05:004][718]LogModuleManager: Shutting down and abandoning module SubversionSourceControl (112)
[2016.10.02-20.45.05:004][718]LogModuleManager: Shutting down and abandoning module PerforceSourceControl (111)
[2016.10.02-20.45.05:004][718]LogModuleManager: Shutting down and abandoning module SourceControl (110)
[2016.10.02-20.45.05:004][718]LogModuleManager: Shutting down and abandoning module GitSourceControl (109)
[2016.10.02-20.45.05:004][718]LogModuleManager: Shutting down and abandoning module LightPropagationVolumeEditor (108)
[2016.10.02-20.45.05:004][718]LogModuleManager: Shutting down and abandoning module PaperTiledImporter (107)
[2016.10.02-20.45.05:005][718]LogModuleManager: Shutting down and abandoning module PaperSpriteSheetImporter (106)
[2016.10.02-20.45.05:005][718]LogModuleManager: Shutting down and abandoning module MeshPaint (105)
[2016.10.02-20.45.05:005][718]LogModuleManager: Shutting down and abandoning module FbxAutomationBuilderModule (104)
[2016.10.02-20.45.05:005][718]LogModuleManager: Shutting down and abandoning module PixelInspectorModule (103)
[2016.10.02-20.45.05:005][718]LogModuleManager: Shutting down and abandoning module HotReload (102)
[2016.10.02-20.45.05:006][718]LogModuleManager: Shutting down and abandoning module MainFrame (101)
[2016.10.02-20.45.05:006][718]LogModuleManager: Shutting down and abandoning module LevelEditor (100)
[2016.10.02-20.45.05:010][718]LogModuleManager: Shutting down and abandoning module ContentBrowser (99)
[2016.10.02-20.45.05:016][718]LogModuleManager: Shutting down and abandoning module Paper2DEditor (98)
[2016.10.02-20.45.05:016][718]LogModuleManager: Shutting down and abandoning module UdpMessaging (97)
[2016.10.02-20.45.05:118][718]LogModuleManager: Shutting down and abandoning module TcpMessaging (96)
[2016.10.02-20.45.05:118][718]LogModuleManager: Shutting down and abandoning module SubstanceCore (95)
[2016.10.02-20.45.05:118][718]LogModuleManager: Shutting down and abandoning module LightPropagationVolumeRuntime (94)
[2016.10.02-20.45.05:118][718]LogModuleManager: Shutting down and abandoning module Paper2D (93)
[2016.10.02-20.45.05:118][718]LogModuleManager: Shutting down and abandoning module WindowsMoviePlayer (92)
[2016.10.02-20.45.05:118][718]LogModuleManager: Shutting down and abandoning module WmfMedia (91)
[2016.10.02-20.45.05:119][718]LogModuleManager: Shutting down and abandoning module MediaAssets (90)
[2016.10.02-20.45.05:119][718]LogModuleManager: Shutting down and abandoning module GameLiveStreaming (89)
[2016.10.02-20.45.05:119][718]LogModuleManager: Shutting down and abandoning module GameplayTagsEditor (88)
[2016.10.02-20.45.05:119][718]LogModuleManager: Shutting down and abandoning module VREditor (87)
[2016.10.02-20.45.05:119][718]LogModuleManager: Shutting down and abandoning module GameplayTasksEditor (86)
[2016.10.02-20.45.05:119][718]LogModuleManager: Shutting down and abandoning module PropertyEditor (85)
[2016.10.02-20.45.05:119][718]LogModuleManager: Shutting down and abandoning module BehaviorTreeEditor (84)
[2016.10.02-20.45.05:119][718]LogModuleManager: Shutting down and abandoning module FunctionalTesting (83)
[2016.10.02-20.45.05:119][718]LogModuleManager: Shutting down and abandoning module CollisionAnalyzer (82)
[2016.10.02-20.45.05:120][718]LogModuleManager: Shutting down and abandoning module Sequencer (81)
[2016.10.02-20.45.05:120][718]LogModuleManager: Shutting down and abandoning module WorkspaceMenuStructure (80)
[2016.10.02-20.45.05:120][718]LogModuleManager: Shutting down and abandoning module MessageLog (79)
[2016.10.02-20.45.05:120][718]LogModuleManager: Shutting down and abandoning module AssetTools (78)
[2016.10.02-20.45.05:120][718]LogModuleManager: Shutting down and abandoning module UMGEditor (77)
[2016.10.02-20.45.05:121][718]LogModuleManager: Shutting down and abandoning module UMG (76)
[2016.10.02-20.45.05:121][718]LogModuleManager: Shutting down and abandoning module SlateReflector (75)
[2016.10.02-20.45.05:121][718]LogModuleManager: Shutting down and abandoning module Slate (74)
[2016.10.02-20.45.05:121][718]LogModuleManager: Shutting down and abandoning module EditorStyle (73)
[2016.10.02-20.45.05:132][718]LogModuleManager: Shutting down and abandoning module SourceCodeAccess (72)
[2016.10.02-20.45.05:132][718]LogModuleManager: Shutting down and abandoning module HeadMountedDisplay (71)
[2016.10.02-20.45.05:132][718]LogModuleManager: Shutting down and abandoning module XAudio2 (70)
[2016.10.02-20.45.05:132][718]LogModuleManager: Shutting down and abandoning module Networking (68)
[2016.10.02-20.45.05:132][718]LogModuleManager: Shutting down and abandoning module Core (67)
[2016.10.02-20.45.05:132][718]LogModuleManager: Shutting down and abandoning module DirectoryWatcher (66)
[2016.10.02-20.45.05:132][718]LogDirectoryWatcher: A directory notification for '../../../Engine/Content/' was aborted.
[2016.10.02-20.45.05:135][718]LogDirectoryWatcher: A directory notification for 'D:/Machinima/Teaser/Repo/Spooksters/Attic1/Content/' was aborted.
[2016.10.02-20.45.05:137][718]LogDirectoryWatcher: A directory notification for '../../../Engine/Plugins/2D/Paper2D/Content/' was aborted.
[2016.10.02-20.45.05:149][718]LogModuleManager: Shutting down and abandoning module AssetRegistry (65)
[2016.10.02-20.45.05:843][718]LogModuleManager: Shutting down and abandoning module KismetCompiler (64)
[2016.10.02-20.45.05:843][718]LogModuleManager: Shutting down and abandoning module PhysXFormats (63)
[2016.10.02-20.45.05:843][718]LogModuleManager: Shutting down and abandoning module MeshUtilities (62)
[2016.10.02-20.45.05:843][718]LogModuleManager: Shutting down and abandoning module DerivedDataCache (61)
[2016.10.02-20.45.05:857][718]LogDerivedDataCache: Shutdown
[2016.10.02-20.45.05:858][718]LogModuleManager: Shutting down and abandoning module VulkanShaderFormat (60)
[2016.10.02-20.45.05:858][718]LogModuleManager: Shutting down and abandoning module ShaderFormatOpenGL (59)
[2016.10.02-20.45.05:858][718]LogModuleManager: Shutting down and abandoning module ShaderFormatD3D (58)
[2016.10.02-20.45.05:858][718]LogModuleManager: Shutting down and abandoning module MetalShaderFormat (57)
[2016.10.02-20.45.05:858][718]LogModuleManager: Shutting down and abandoning module TextureFormatUncompressed (56)
[2016.10.02-20.45.05:858][718]LogModuleManager: Shutting down and abandoning module TextureFormatPVR (55)
[2016.10.02-20.45.05:858][718]LogModuleManager: Shutting down and abandoning module TextureFormatDXT (54)
[2016.10.02-20.45.05:858][718]LogModuleManager: Shutting down and abandoning module TextureFormatIntelISPCTexComp (53)
[2016.10.02-20.45.05:858][718]LogModuleManager: Shutting down and abandoning module ImageWrapper (52)
[2016.10.02-20.45.05:858][718]LogModuleManager: Shutting down and abandoning module TextureFormatASTC (51)
[2016.10.02-20.45.05:858][718]LogModuleManager: Shutting down and abandoning module TextureFormatAndroid (50)
[2016.10.02-20.45.05:858][718]LogModuleManager: Shutting down and abandoning module AudioFormatOpus (49)
[2016.10.02-20.45.05:858][718]LogModuleManager: Shutting down and abandoning module AudioFormatOgg (48)
[2016.10.02-20.45.05:858][718]LogModuleManager: Shutting down and abandoning module AudioFormatADPCM (47)
[2016.10.02-20.45.05:858][718]LogModuleManager: Shutting down and abandoning module LinuxTargetPlatform (46)
[2016.10.02-20.45.05:858][718]LogModuleManager: Shutting down and abandoning module LinuxServerTargetPlatform (45)
[2016.10.02-20.45.05:858][718]LogModuleManager: Shutting down and abandoning module LinuxNoEditorTargetPlatform (44)
[2016.10.02-20.45.05:858][718]LogModuleManager: Shutting down and abandoning module LinuxClientTargetPlatform (43)
[2016.10.02-20.45.05:858][718]LogModuleManager: Shutting down and abandoning module TVOSTargetPlatform (42)
[2016.10.02-20.45.05:858][718]LogModuleManager: Shutting down and abandoning module Messaging (41)
[2016.10.02-20.45.05:858][718]LogModuleManager: Shutting down and abandoning module IOSTargetPlatform (40)
[2016.10.02-20.45.05:858][718]LogModuleManager: Shutting down and abandoning module HTML5TargetPlatform (39)
[2016.10.02-20.45.05:858][718]LogModuleManager: Shutting down and abandoning module Android_PVRTCTargetPlatform (38)
[2016.10.02-20.45.05:858][718]LogModuleManager: Shutting down and abandoning module Android_MultiTargetPlatform (37)
[2016.10.02-20.45.05:858][718]LogModuleManager: Shutting down and abandoning module Android_ETC2TargetPlatform (36)
[2016.10.02-20.45.05:858][718]LogModuleManager: Shutting down and abandoning module Android_ETC1TargetPlatform (35)
[2016.10.02-20.45.05:858][718]LogModuleManager: Shutting down and abandoning module Android_DXTTargetPlatform (34)
[2016.10.02-20.45.05:858][718]LogModuleManager: Shutting down and abandoning module Android_ATCTargetPlatform (33)
[2016.10.02-20.45.05:858][718]LogModuleManager: Shutting down and abandoning module Android_ASTCTargetPlatform (32)
[2016.10.02-20.45.05:858][718]LogModuleManager: Shutting down and abandoning module AndroidTargetPlatform (31)
[2016.10.02-20.45.05:858][718]LogModuleManager: Shutting down and abandoning module WindowsTargetPlatform (30)
[2016.10.02-20.45.05:858][718]LogModuleManager: Shutting down and abandoning module WindowsServerTargetPlatform (29)
[2016.10.02-20.45.05:858][718]LogModuleManager: Shutting down and abandoning module WindowsNoEditorTargetPlatform (28)
[2016.10.02-20.45.05:858][718]LogModuleManager: Shutting down and abandoning module WindowsClientTargetPlatform (27)
[2016.10.02-20.45.05:858][718]LogModuleManager: Shutting down and abandoning module AllDesktopTargetPlatform (26)
[2016.10.02-20.45.05:858][718]LogModuleManager: Shutting down and abandoning module TargetPlatform (25)
[2016.10.02-20.45.05:859][718]LogModuleManager: Shutting down and abandoning module InputCore (24)
[2016.10.02-20.45.05:859][718]LogModuleManager: Shutting down and abandoning module Settings (23)
[2016.10.02-20.45.05:859][718]LogModuleManager: Shutting down and abandoning module OculusRift (22)
[2016.10.02-20.45.05:859][718]LogModuleManager: Shutting down and abandoning module GearVR (21)
[2016.10.02-20.45.05:859][718]LogModuleManager: Shutting down and abandoning module ExampleDeviceProfileSelector (20)
[2016.10.02-20.45.05:859][718]LogModuleManager: Shutting down and abandoning module OnlineBlueprintSupport (19)
[2016.10.02-20.45.05:859][718]LogModuleManager: Shutting down and abandoning module OnlineSubsystem (17)
[2016.10.02-20.45.05:859][718]LogOnline:Display: Unloading online subsystem: NULL
[2016.10.02-20.45.05:859][718]LogModuleManager: Shutting down and abandoning module HTTP (16)
[2016.10.02-20.45.05:859][718]LogHttp:Display: Http module shutting down, but needs to wait on 1 outstanding Http requests:
[2016.10.02-20.45.05:859][718]LogHttp:Display: 	verb=[POST] url=[https://datarouter.ol.epicgames.com/datarouter/api/v1/public/data?SessionID=%7BD75A2C6B-47AB-D204-0E86-00ABE5C2F969%7D&AppID=UEEditor.Rocket.Release&AppVersion=%2B%2BUE4%2BRelease-4.13-CL-3106830&UserID=ae26dded43225c97793055885ff78a39%7Cd50bdd38f8cc4500a1a63a6a6ad24359%7C73cd8af0-5bac-46cb-9f18-228e21f54e00&AppEnvironment=datacollector-binary&UploadType=eteventstream] status=Processing
[2016.10.02-20.45.05:882][718]LogModuleManager: Shutting down and abandoning module XMPP (15)
[2016.10.02-20.45.05:882][718]LogModuleManager: Shutting down and abandoning module TextureCompressor (14)
[2016.10.02-20.45.05:882][718]LogModuleManager: Shutting down and abandoning module ShaderCore (13)
[2016.10.02-20.45.05:882][718]LogModuleManager: Shutting down and abandoning module Landscape (12)
[2016.10.02-20.45.05:882][718]LogModuleManager: Shutting down and abandoning module SlateRHIRenderer (11)
[2016.10.02-20.45.05:887][718]LogModuleManager: Shutting down and abandoning module OpenGLDrv (10)
[2016.10.02-20.45.05:887][718]LogModuleManager: Shutting down and abandoning module D3D11RHI (9)
[2016.10.02-20.45.05:887][718]LogModuleManager: Shutting down and abandoning module AnimGraphRuntime (8)
[2016.10.02-20.45.05:887][718]LogModuleManager: Shutting down and abandoning module Renderer (7)
[2016.10.02-20.45.05:887][718]LogModuleManager: Shutting down and abandoning module Engine (6)
[2016.10.02-20.45.05:887][718]LogModuleManager: Shutting down and abandoning module CoreUObject (5)
[2016.10.02-20.45.05:887][718]LogModuleManager: Shutting down and abandoning module NetworkFile (4)
[2016.10.02-20.45.05:887][718]LogModuleManager: Shutting down and abandoning module StreamingFile (3)
[2016.10.02-20.45.05:887][718]LogModuleManager: Shutting down and abandoning module SandboxFile (2)
[2016.10.02-20.45.05:887][718]LogModuleManager: Shutting down and abandoning module PakFile (1)
[2016.10.02-20.45.05:889][718]LogExit: Exiting.
[2016.10.02-20.45.05:903][718]Log file closed, 10/02/16 14:45:05
