Log file open, 11/15/16 15:49:42
LogInit:Display: Running engine for game: Library
LogPlatformFile: Not using cached read wrapper
LogInit:Display: RandInit(-1433744731) SRandInit(-1433744730).
LogTaskGraph: Started task graph with 5 named threads and 8 total threads with 1 sets of task threads.
LogStats: Stats thread started at 0.078658
LogPluginManager: Loaded Plugin Paper2D, From C:/Program Files/Epic Games/4.13/Engine/Plugins/2D/Paper2D/Paper2D.uplugin
LogPluginManager: Loaded Plugin LightPropagationVolume, From C:/Program Files/Epic Games/4.13/Engine/Plugins/Blendables/LightPropagationVolume/LightPropagationVolume.uplugin
LogPluginManager: Loaded Plugin BlankPlugin, From C:/Program Files/Epic Games/4.13/Engine/Plugins/Developer/BlankPlugin/BlankPlugin.uplugin
LogPluginManager: Loaded Plugin CodeLiteSourceCodeAccess, From C:/Program Files/Epic Games/4.13/Engine/Plugins/Developer/CodeLiteSourceCodeAccess/CodeLiteSourceCodeAccess.uplugin
LogPluginManager: Loaded Plugin GitSourceControl, From C:/Program Files/Epic Games/4.13/Engine/Plugins/Developer/GitSourceControl/GitSourceControl.uplugin
LogPluginManager: Loaded Plugin KDevelopSourceCodeAccess, From C:/Program Files/Epic Games/4.13/Engine/Plugins/Developer/KDevelopSourceCodeAccess/KDevelopSourceCodeAccess.uplugin
LogPluginManager: Loaded Plugin NullSourceCodeAccess, From C:/Program Files/Epic Games/4.13/Engine/Plugins/Developer/NullSourceCodeAccess/NullSourceCodeAccess.uplugin
LogPluginManager: Loaded Plugin OneSkyLocalizationService, From C:/Program Files/Epic Games/4.13/Engine/Plugins/Developer/OneSkyLocalizationService/OneSkyLocalizationService.uplugin
LogPluginManager: Loaded Plugin PerforceSourceControl, From C:/Program Files/Epic Games/4.13/Engine/Plugins/Developer/PerforceSourceControl/PerforceSourceControl.uplugin
LogPluginManager: Loaded Plugin SubversionSourceControl, From C:/Program Files/Epic Games/4.13/Engine/Plugins/Developer/SubversionSourceControl/SubversionSourceControl.uplugin
LogPluginManager: Loaded Plugin UObjectPlugin, From C:/Program Files/Epic Games/4.13/Engine/Plugins/Developer/UObjectPlugin/UObjectPlugin.uplugin
LogPluginManager: Loaded Plugin VisualStudioSourceCodeAccess, From C:/Program Files/Epic Games/4.13/Engine/Plugins/Developer/VisualStudioSourceCodeAccess/VisualStudioSourceCodeAccess.uplugin
LogPluginManager: Loaded Plugin XCodeSourceCodeAccess, From C:/Program Files/Epic Games/4.13/Engine/Plugins/Developer/XCodeSourceCodeAccess/XCodeSourceCodeAccess.uplugin
LogPluginManager: Loaded Plugin EpicSurvey, From C:/Program Files/Epic Games/4.13/Engine/Plugins/Editor/EpicSurvey/EpicSurvey.uplugin
LogPluginManager: Loaded Plugin MacGraphicsSwitching, From C:/Program Files/Epic Games/4.13/Engine/Plugins/Editor/MacGraphicsSwitching/MacGraphicsSwitching.uplugin
LogPluginManager: Loaded Plugin MobileLauncherProfileWizard, From C:/Program Files/Epic Games/4.13/Engine/Plugins/Editor/MobileLauncherProfileWizard/MobileLauncherProfileWizard.uplugin
LogPluginManager: Loaded Plugin PluginBrowser, From C:/Program Files/Epic Games/4.13/Engine/Plugins/Editor/PluginBrowser/PluginBrowser.uplugin
LogPluginManager: Loaded Plugin SpeedTreeImporter, From C:/Program Files/Epic Games/4.13/Engine/Plugins/Editor/SpeedTreeImporter/SpeedTreeImporter.uplugin
LogPluginManager: Loaded Plugin SuperSearchEditor, From C:/Program Files/Epic Games/4.13/Engine/Plugins/Editor/SuperSearchEditor/SuperSearchEditor.uplugin
LogPluginManager: Loaded Plugin AlembicImporter, From C:/Program Files/Epic Games/4.13/Engine/Plugins/Experimental/AlembicImporter/AlembicImporter.uplugin
LogPluginManager: Loaded Plugin BlueprintStats, From C:/Program Files/Epic Games/4.13/Engine/Plugins/Experimental/BlueprintStats/BlueprintStats.uplugin
LogPluginManager: Loaded Plugin CharacterAI, From C:/Program Files/Epic Games/4.13/Engine/Plugins/Experimental/CharacterAI/CharacterAI.uplugin
LogPluginManager: Loaded Plugin CodeEditor, From C:/Program Files/Epic Games/4.13/Engine/Plugins/Experimental/CodeEditor/CodeEditor.uplugin
LogPluginManager: Loaded Plugin CodeView, From C:/Program Files/Epic Games/4.13/Engine/Plugins/Experimental/CodeView/CodeView.uplugin
LogPluginManager: Loaded Plugin HTML5Networking, From C:/Program Files/Epic Games/4.13/Engine/Plugins/Experimental/HTML5Networking/HTML5Networking.uplugin
LogPluginManager: Loaded Plugin LiveEditor, From C:/Program Files/Epic Games/4.13/Engine/Plugins/Experimental/LiveEditor/LiveEditor.uplugin
LogPluginManager: Loaded Plugin OSVR, From C:/Program Files/Epic Games/4.13/Engine/Plugins/Experimental/OSVR/OSVR.uplugin
LogPluginManager: Loaded Plugin Phya, From C:/Program Files/Epic Games/4.13/Engine/Plugins/Experimental/Phya/Phya.uplugin
LogPluginManager: Loaded Plugin SignificanceManager, From C:/Program Files/Epic Games/4.13/Engine/Plugins/Experimental/SignificanceManager/SignificanceManager.uplugin
LogPluginManager: Loaded Plugin SimpleHMD, From C:/Program Files/Epic Games/4.13/Engine/Plugins/Experimental/SimpleHMD/SimpleHMD.uplugin
LogPluginManager: Loaded Plugin StereoPanorama, From C:/Program Files/Epic Games/4.13/Engine/Plugins/Experimental/StereoPanorama/StereoPanorama.uplugin
LogPluginManager: Loaded Plugin StructBox, From C:/Program Files/Epic Games/4.13/Engine/Plugins/Experimental/StructBox/StructBox.uplugin
LogPluginManager: Loaded Plugin Substance, From C:/Program Files/Epic Games/4.13/Engine/Plugins/Marketplace/Substance/Substance.uplugin
LogPluginManager: Loaded Plugin AndroidMedia, From C:/Program Files/Epic Games/4.13/Engine/Plugins/Media/AndroidMedia/AndroidMedia.uplugin
LogPluginManager: Loaded Plugin AvfMedia, From C:/Program Files/Epic Games/4.13/Engine/Plugins/Media/AvfMedia/AvfMedia.uplugin
LogPluginManager: Loaded Plugin MediaPlayerEditor, From C:/Program Files/Epic Games/4.13/Engine/Plugins/Media/MediaPlayerEditor/MediaPlayerEditor.uplugin
LogPluginManager: Loaded Plugin WmfMedia, From C:/Program Files/Epic Games/4.13/Engine/Plugins/Media/WmfMedia/WmfMedia.uplugin
LogPluginManager: Loaded Plugin MessagingDebugger, From C:/Program Files/Epic Games/4.13/Engine/Plugins/Messaging/MessagingDebugger/MessagingDebugger.uplugin
LogPluginManager: Loaded Plugin TcpMessaging, From C:/Program Files/Epic Games/4.13/Engine/Plugins/Messaging/TcpMessaging/TcpMessaging.uplugin
LogPluginManager: Loaded Plugin UdpMessaging, From C:/Program Files/Epic Games/4.13/Engine/Plugins/Messaging/UdpMessaging/UdpMessaging.uplugin
LogPluginManager: Loaded Plugin LevelSequenceEditor, From C:/Program Files/Epic Games/4.13/Engine/Plugins/MovieScene/LevelSequenceEditor/LevelSequenceEditor.uplugin
LogPluginManager: Loaded Plugin MatineeToLevelSequence, From C:/Program Files/Epic Games/4.13/Engine/Plugins/MovieScene/MatineeToLevelSequence/MatineeToLevelSequence.uplugin
LogPluginManager: Loaded Plugin NetcodeUnitTest, From C:/Program Files/Epic Games/4.13/Engine/Plugins/NetcodeUnitTest/NetcodeUnitTest/NetcodeUnitTest.uplugin
LogPluginManager: Loaded Plugin NUTUnrealEngine4, From C:/Program Files/Epic Games/4.13/Engine/Plugins/NetcodeUnitTest/NUTUnrealEngine4/NUTUnrealEngine4.uplugin
LogPluginManager: Loaded Plugin OnlineSubsystemGooglePlay, From C:/Program Files/Epic Games/4.13/Engine/Plugins/Online/Android/OnlineSubsystemGooglePlay/OnlineSubsystemGooglePlay.uplugin
LogPluginManager: Loaded Plugin OnlineSubsystemIOS, From C:/Program Files/Epic Games/4.13/Engine/Plugins/Online/IOS/OnlineSubsystemIOS/OnlineSubsystemIOS.uplugin
LogPluginManager: Loaded Plugin OnlineFramework, From C:/Program Files/Epic Games/4.13/Engine/Plugins/Online/OnlineFramework/OnlineFramework.uplugin
LogPluginManager: Loaded Plugin OnlineSubsystem, From C:/Program Files/Epic Games/4.13/Engine/Plugins/Online/OnlineSubsystem/OnlineSubsystem.uplugin
LogPluginManager: Loaded Plugin OnlineSubsystemAmazon, From C:/Program Files/Epic Games/4.13/Engine/Plugins/Online/OnlineSubsystemAmazon/OnlineSubsystemAmazon.uplugin
LogPluginManager: Loaded Plugin OnlineSubsystemFacebook, From C:/Program Files/Epic Games/4.13/Engine/Plugins/Online/OnlineSubsystemFacebook/OnlineSubsystemFacebook.uplugin
LogPluginManager: Loaded Plugin OnlineSubsystemNull, From C:/Program Files/Epic Games/4.13/Engine/Plugins/Online/OnlineSubsystemNull/OnlineSubsystemNull.uplugin
LogPluginManager: Loaded Plugin OnlineSubsystemOculus, From C:/Program Files/Epic Games/4.13/Engine/Plugins/Online/OnlineSubsystemOculus/OnlineSubsystemOculus.uplugin
LogPluginManager: Loaded Plugin OnlineSubsystemSteam, From C:/Program Files/Epic Games/4.13/Engine/Plugins/Online/OnlineSubsystemSteam/OnlineSubsystemSteam.uplugin
LogPluginManager: Loaded Plugin OnlineSubsystemUtils, From C:/Program Files/Epic Games/4.13/Engine/Plugins/Online/OnlineSubsystemUtils/OnlineSubsystemUtils.uplugin
LogPluginManager: Loaded Plugin IOSTapJoy, From C:/Program Files/Epic Games/4.13/Engine/Plugins/Runtime/Advertising/IOSTapJoy/IOSTapJoy.uplugin
LogPluginManager: Loaded Plugin AnalyticsBlueprintLibrary, From C:/Program Files/Epic Games/4.13/Engine/Plugins/Runtime/Analytics/AnalyticsBlueprintLibrary/AnalyticsBlueprintLibrary.uplugin
LogPluginManager: Loaded Plugin AnalyticsMulticast, From C:/Program Files/Epic Games/4.13/Engine/Plugins/Runtime/Analytics/AnalyticsMulticast/AnalyticsMulticast.uplugin
LogPluginManager: Loaded Plugin Apsalar, From C:/Program Files/Epic Games/4.13/Engine/Plugins/Runtime/Analytics/Apsalar/Apsalar.uplugin
LogPluginManager: Loaded Plugin FileLogging, From C:/Program Files/Epic Games/4.13/Engine/Plugins/Runtime/Analytics/FileLogging/FileLogging.uplugin
LogPluginManager: Loaded Plugin Flurry, From C:/Program Files/Epic Games/4.13/Engine/Plugins/Runtime/Analytics/Flurry/Flurry.uplugin
LogPluginManager: Loaded Plugin AndroidDeviceProfileSelector, From C:/Program Files/Epic Games/4.13/Engine/Plugins/Runtime/AndroidDeviceProfileSelector/AndroidDeviceProfileSelector.uplugin
LogPluginManager: Loaded Plugin AndroidMoviePlayer, From C:/Program Files/Epic Games/4.13/Engine/Plugins/Runtime/AndroidMoviePlayer/AndroidMoviePlayer.uplugin
LogPluginManager: Loaded Plugin AppleMoviePlayer, From C:/Program Files/Epic Games/4.13/Engine/Plugins/Runtime/AppleMoviePlayer/AppleMoviePlayer.uplugin
LogPluginManager: Loaded Plugin ArchVisCharacter, From C:/Program Files/Epic Games/4.13/Engine/Plugins/Runtime/ArchVisCharacter/ArchVisCharacter.uplugin
LogPluginManager: Loaded Plugin CableComponent, From C:/Program Files/Epic Games/4.13/Engine/Plugins/Runtime/CableComponent/CableComponent.uplugin
LogPluginManager: Loaded Plugin CustomMeshComponent, From C:/Program Files/Epic Games/4.13/Engine/Plugins/Runtime/CustomMeshComponent/CustomMeshComponent.uplugin
LogPluginManager: Loaded Plugin ExampleDeviceProfileSelector, From C:/Program Files/Epic Games/4.13/Engine/Plugins/Runtime/ExampleDeviceProfileSelector/ExampleDeviceProfileSelector.uplugin
LogPluginManager: Loaded Plugin GearVR, From C:/Program Files/Epic Games/4.13/Engine/Plugins/Runtime/GearVR/GearVR.uplugin
LogPluginManager: Loaded Plugin GoogleVRController, From C:/Program Files/Epic Games/4.13/Engine/Plugins/Runtime/GoogleVR/GoogleVRController/GoogleVRController.uplugin
LogPluginManager: Loaded Plugin GoogleVRHMD, From C:/Program Files/Epic Games/4.13/Engine/Plugins/Runtime/GoogleVR/GoogleVRHMD/GoogleVRHMD.uplugin
LogPluginManager: Loaded Plugin IOSDeviceProfileSelector, From C:/Program Files/Epic Games/4.13/Engine/Plugins/Runtime/IOSDeviceProfileSelector/IOSDeviceProfileSelector.uplugin
LogPluginManager: Loaded Plugin LeapMotion, From C:/Program Files/Epic Games/4.13/Engine/Plugins/Runtime/LeapMotion/LeapMotion.uplugin
LogPluginManager: Loaded Plugin LinuxDeviceProfileSelector, From C:/Program Files/Epic Games/4.13/Engine/Plugins/Runtime/LinuxDeviceProfileSelector/LinuxDeviceProfileSelector.uplugin
LogPluginManager: Loaded Plugin LiveEditorListenServer, From C:/Program Files/Epic Games/4.13/Engine/Plugins/Runtime/LiveEditorListenServer/LiveEditorListenServer.uplugin
LogPluginManager: Loaded Plugin OculusAudio, From C:/Program Files/Epic Games/4.13/Engine/Plugins/Runtime/OculusAudio/OculusAudio.uplugin
LogPluginManager: Loaded Plugin OculusInput, From C:/Program Files/Epic Games/4.13/Engine/Plugins/Runtime/OculusInput/OculusInput.uplugin
LogPluginManager: Loaded Plugin OculusLibrary, From C:/Program Files/Epic Games/4.13/Engine/Plugins/Runtime/OculusLibrary/OculusLibrary.uplugin
LogPluginManager: Loaded Plugin OculusRift, From C:/Program Files/Epic Games/4.13/Engine/Plugins/Runtime/OculusRift/OculusRift.uplugin
LogPluginManager: Loaded Plugin Oodle, From C:/Program Files/Epic Games/4.13/Engine/Plugins/Runtime/PacketHandlers/CompressionComponents/Oodle/Oodle.uplugin
LogPluginManager: Loaded Plugin ProceduralMeshComponent, From C:/Program Files/Epic Games/4.13/Engine/Plugins/Runtime/ProceduralMeshComponent/ProceduralMeshComponent.uplugin
LogPluginManager: Loaded Plugin SoundMod, From C:/Program Files/Epic Games/4.13/Engine/Plugins/Runtime/SoundMod/SoundMod.uplugin
LogPluginManager: Loaded Plugin SoundVisualizations, From C:/Program Files/Epic Games/4.13/Engine/Plugins/Runtime/SoundVisualizations/SoundVisualizations.uplugin
LogPluginManager: Loaded Plugin SteamController, From C:/Program Files/Epic Games/4.13/Engine/Plugins/Runtime/Steam/SteamController/SteamController.uplugin
LogPluginManager: Loaded Plugin SteamVR, From C:/Program Files/Epic Games/4.13/Engine/Plugins/Runtime/Steam/SteamVR/SteamVR.uplugin
LogPluginManager: Loaded Plugin WebBrowserWidget, From C:/Program Files/Epic Games/4.13/Engine/Plugins/Runtime/WebBrowserWidget/WebBrowserWidget.uplugin
LogPluginManager: Loaded Plugin WindowsDeviceProfileSelector, From C:/Program Files/Epic Games/4.13/Engine/Plugins/Runtime/WindowsDeviceProfileSelector/WindowsDeviceProfileSelector.uplugin
LogPluginManager: Loaded Plugin WindowsMoviePlayer, From C:/Program Files/Epic Games/4.13/Engine/Plugins/Runtime/WindowsMoviePlayer/WindowsMoviePlayer.uplugin
LogPluginManager: Loaded Plugin ScriptPlugin, From C:/Program Files/Epic Games/4.13/Engine/Plugins/ScriptPlugin/ScriptPlugin.uplugin
LogPluginManager: Loaded Plugin SlateRemote, From C:/Program Files/Epic Games/4.13/Engine/Plugins/Slate/SlateRemote/SlateRemote.uplugin
LogInit: Using libcurl 7.47.1
LogInit:  - built for x86_64-pc-win32
LogInit:  - supports SSL with WinSSL
LogInit:  - other features:
LogInit:      CURL_VERSION_SSL
LogInit:      CURL_VERSION_IPV6
LogInit:      CURL_VERSION_ASYNCHDNS
LogInit:      CURL_VERSION_LARGEFILE
LogInit:      CURL_VERSION_IDN
LogInit:  CurlRequestOptions (configurable via config and command line):
LogInit:  - bVerifyPeer = false  - Libcurl will NOT verify peer certificate
LogInit:  - bUseHttpProxy = false  - Libcurl will NOT use HTTP proxy
LogInit:  - bDontReuseConnections = false  - Libcurl will reuse connections
LogInit:  - CertBundlePath = nullptr  - Libcurl will use whatever was configured at build time.
LogInit: Build: ++UE4+Release-4.13-CL-3142249
LogInit: Engine Version: 4.13.1-3142249+++UE4+Release-4.13
LogInit: Compatible Engine Version: 4.13.0-3106830+++UE4+Release-4.13
LogInit: Net CL: 3142249
LogDevObjectVersion: Number of dev versions registered: 13
LogDevObjectVersion:   Dev-Blueprints (B0D832E4-1F89-4F0D-ACCF-7EB736FD4AA2): 5
LogDevObjectVersion:   Dev-Build (E1C64328-A22C-4D53-A36C-8E866417BD8C): 0
LogDevObjectVersion:   Dev-Core (375EC13C-06E4-48FB-B500-84F0262A717E): 1
LogDevObjectVersion:   Dev-Editor (E4B068ED-F494-42E9-A231-DA0B2E46BB41): 6
LogDevObjectVersion:   Dev-Framework (CFFC743F-43B0-4480-9391-14DF171D2073): 12
LogDevObjectVersion:   Dev-Mobile (B02B49B5-BB20-44E9-A304-32B752E40360): 0
LogDevObjectVersion:   Dev-Networking (A4E4105C-59A1-49B5-A7C5-40C4547EDFEE): 0
LogDevObjectVersion:   Dev-Online (39C831C9-5AE6-47DC-9A44-9C173E1C8E7C): 0
LogDevObjectVersion:   Dev-Physics (78F01B33-EBEA-4F98-B9B4-84EACCB95AA2): 0
LogDevObjectVersion:   Dev-Platform (6631380F-2D4D-43E0-8009-CF276956A95A): 0
LogDevObjectVersion:   Dev-Rendering (12F88B9F-8875-4AFC-A67C-D90C383ABD29): 4
LogDevObjectVersion:   Dev-Sequencer (7B5AE74C-D270-4C10-A958-57980B212A5A): 0
LogDevObjectVersion:   Dev-VR (D7296918-1DD6-4BDD-9DE2-64A83CC13884): 0
LogInit: Compiled (64-bit): Sep 28 2016 02:12:12
LogInit: Compiled with Visual C++: 19.00.23026.00
LogInit: Build Configuration: Development
LogInit: Branch Name: ++UE4+Release-4.13
LogInit: Command line: -EpicPortal 
LogInit: Base directory: C:/Program Files/Epic Games/4.13/Engine/Binaries/Win64/
LogInit: Installed Engine Build: 1
LogInit: Presizing for max 8388607 objects, including 0 objects not considered by GC, pre-allocating 0 bytes for permanent pool.
LogInit: Object subsystem initialized
[2016.11.15-22.49.42:669][  0]LogInit: Selected Device Profile: [Windows]
[2016.11.15-22.49.42:669][  0]LogInit: Applying CVar settings loaded from the selected device profile: [Windows]
[2016.11.15-22.49.42:694][  0]LogInit: Computer: eae-d-009
[2016.11.15-22.49.42:694][  0]LogInit: User: u0927597
[2016.11.15-22.49.42:694][  0]LogInit: CPU Page size=65536, Cores=4
[2016.11.15-22.49.42:694][  0]LogInit: High frequency timer resolution =3.513591 MHz
[2016.11.15-22.49.42:694][  0]LogMemory: Memory total: Physical=31.9GB (32GB approx)
[2016.11.15-22.49.42:694][  0]LogMemory: Platform Memory Stats for Windows
[2016.11.15-22.49.42:694][  0]LogMemory: Process Physical Memory: 256.53 MB used, 256.53 MB peak
[2016.11.15-22.49.42:694][  0]LogMemory: Process Virtual Memory: 259.98 MB used, 259.98 MB peak
[2016.11.15-22.49.42:694][  0]LogMemory: Physical Memory: 6409.93 MB used, 32644.64 MB total
[2016.11.15-22.49.42:694][  0]LogMemory: Virtual Memory: 623.23 MB used, 134217728.00 MB total
[2016.11.15-22.49.42:720][  0]LogTextLocalizationManager: No specific translations for ('en-US') exist, so ('en') translations will be used.
[2016.11.15-22.49.43:219][  0]LogD3D11RHI: D3D11 adapters:
[2016.11.15-22.49.43:246][  0]LogD3D11RHI:    0. 'NVIDIA GeForce GTX 1070' (Feature Level 11_0)
[2016.11.15-22.49.43:246][  0]LogD3D11RHI:       8145/0/16322 MB DedicatedVideo/DedicatedSystem/SharedSystem, Outputs:1, VendorId:0x10de
[2016.11.15-22.49.43:252][  0]LogD3D11RHI:    1. 'Intel(R) HD Graphics 4600' (Feature Level 11_0)
[2016.11.15-22.49.43:252][  0]LogD3D11RHI:       112/0/2048 MB DedicatedVideo/DedicatedSystem/SharedSystem, Outputs:0, VendorId:0x8086
[2016.11.15-22.49.43:253][  0]LogD3D11RHI:    2. 'Microsoft Basic Render Driver' (Feature Level 11_0)
[2016.11.15-22.49.43:253][  0]LogD3D11RHI:       0/0/16322 MB DedicatedVideo/DedicatedSystem/SharedSystem, Outputs:0, VendorId:0x1414
[2016.11.15-22.49.43:253][  0]LogD3D11RHI: Chosen D3D11 Adapter: 0
[2016.11.15-22.49.43:258][  0]LogD3D11RHI: Creating new Direct3DDevice
[2016.11.15-22.49.43:258][  0]LogD3D11RHI:     GPU DeviceId: 0x1b81 (for the marketing name, search the web for "GPU Device Id")
[2016.11.15-22.49.43:258][  0]LogWindows: EnumDisplayDevices:
[2016.11.15-22.49.43:258][  0]LogWindows:    0. 'NVIDIA GeForce GTX 1070' (P:1 D:1)
[2016.11.15-22.49.43:259][  0]LogWindows:    1. 'NVIDIA GeForce GTX 1070' (P:0 D:0)
[2016.11.15-22.49.43:259][  0]LogWindows:    2. 'NVIDIA GeForce GTX 1070' (P:0 D:0)
[2016.11.15-22.49.43:259][  0]LogWindows:    3. 'NVIDIA GeForce GTX 1070' (P:0 D:0)
[2016.11.15-22.49.43:259][  0]LogWindows:    4. 'Intel(R) HD Graphics 4600' (P:0 D:0)
[2016.11.15-22.49.43:259][  0]LogWindows:    5. 'Intel(R) HD Graphics 4600' (P:0 D:0)
[2016.11.15-22.49.43:259][  0]LogWindows:    6. 'Intel(R) HD Graphics 4600' (P:0 D:0)
[2016.11.15-22.49.43:260][  0]LogWindows: DebugString: PrimaryIsNotTheChoosenAdapter PrimaryIsNotTheChoosenAdapter PrimaryIsNotTheChoosenAdapter FoundDriverCount:4 
[2016.11.15-22.49.43:260][  0]LogD3D11RHI:     Adapter Name: NVIDIA GeForce GTX 1070
[2016.11.15-22.49.43:260][  0]LogD3D11RHI:   Driver Version: 368.81 (internal:10.18.13.6881, unified:368.81)
[2016.11.15-22.49.43:260][  0]LogD3D11RHI:      Driver Date: 7-10-2016
[2016.11.15-22.49.43:260][  0]LogRHI: Texture pool is 1361 MB (70% of 1945 MB)
[2016.11.15-22.49.43:271][  0]LogD3D11RHI: Async texture creation enabled
[2016.11.15-22.49.43:281][  0]LogD3D11RHI: GPU Timing Frequency: 1000.000000 (Debug: 2 1)
[2016.11.15-22.49.43:281][  0]LogShaderCompilers: Guid format shader working directory is 5 characters bigger than the processId version (E:/Machinima/Teaser/Repo/Spooksters/Library/Intermediate/Shaders/WorkingDirectory/30412/).
[2016.11.15-22.49.43:281][  0]LogShaderCompilers: Cleaned the shader compiler working directory 'C:/Users/u0927597/AppData/Local/Temp/UnrealShaderWorkingDir/A322785D4E3B418618F4DEA29F5BF3B4/'.
[2016.11.15-22.49.43:281][  0]LogShaderCompilers:Display: Using Local Shader Compiler.
[2016.11.15-22.49.44:131][  0]LogTemp:Display: Loaded TP AllDesktopTargetPlatform
[2016.11.15-22.49.44:139][  0]LogTemp:Display: Loaded TP WindowsClientTargetPlatform
[2016.11.15-22.49.44:149][  0]LogTemp:Display: Loaded TP WindowsNoEditorTargetPlatform
[2016.11.15-22.49.44:156][  0]LogTemp:Display: Loaded TP WindowsServerTargetPlatform
[2016.11.15-22.49.44:163][  0]LogTemp:Display: Loaded TP WindowsTargetPlatform
[2016.11.15-22.49.44:169][  0]LogTemp:Display: Loaded TP AndroidTargetPlatform
[2016.11.15-22.49.44:175][  0]LogTemp:Display: Loaded TP Android_ASTCTargetPlatform
[2016.11.15-22.49.44:181][  0]LogTemp:Display: Loaded TP Android_ATCTargetPlatform
[2016.11.15-22.49.44:187][  0]LogTemp:Display: Loaded TP Android_DXTTargetPlatform
[2016.11.15-22.49.44:193][  0]LogTemp:Display: Loaded TP Android_ETC1TargetPlatform
[2016.11.15-22.49.44:198][  0]LogTemp:Display: Loaded TP Android_ETC2TargetPlatform
[2016.11.15-22.49.44:211][  0]LogTemp:Display: Loaded TP Android_MultiTargetPlatform
[2016.11.15-22.49.44:211][  0]LogTemp:Display: Loaded TP Android_PVRTCTargetPlatform
[2016.11.15-22.49.44:212][  0]LogTemp:Display: Loaded TP HTML5TargetPlatform
[2016.11.15-22.49.44:232][  0]LogTemp:Display: Loaded TP IOSTargetPlatform
[2016.11.15-22.49.44:239][  0]LogTemp:Display: Loaded TP TVOSTargetPlatform
[2016.11.15-22.49.44:245][  0]LogTemp:Display: Loaded TP LinuxClientTargetPlatform
[2016.11.15-22.49.44:250][  0]LogTemp:Display: Loaded TP LinuxNoEditorTargetPlatform
[2016.11.15-22.49.44:256][  0]LogTemp:Display: Loaded TP LinuxServerTargetPlatform
[2016.11.15-22.49.44:262][  0]LogTemp:Display: Loaded TP LinuxTargetPlatform
[2016.11.15-22.49.44:262][  0]LogTargetPlatformManager:Display: Building Assets For Windows
[2016.11.15-22.49.44:345][  0]LogDerivedDataCache:Display: Max Cache Size: 512 MB
[2016.11.15-22.49.44:428][  0]LogDerivedDataCache: Loaded boot cache 0.08s 76MB C:/Users/u0927597/AppData/Local/UnrealEngine/4.13/DerivedDataCache/Boot.ddc.
[2016.11.15-22.49.44:428][  0]LogDerivedDataCache:Display: Loaded Boot cache: C:/Users/u0927597/AppData/Local/UnrealEngine/4.13/DerivedDataCache/Boot.ddc
[2016.11.15-22.49.44:428][  0]LogDerivedDataCache: FDerivedDataBackendGraph:  Pak pak cache file E:/Machinima/Teaser/Repo/Spooksters/Library/DerivedDataCache/DDC.ddp not found, will not use a pak cache.
[2016.11.15-22.49.44:428][  0]LogDerivedDataCache: Unable to find inner node Pak for hierarchical cache Hierarchy.
[2016.11.15-22.49.44:428][  0]LogDerivedDataCache: FDerivedDataBackendGraph:  CompressedPak pak cache file E:/Machinima/Teaser/Repo/Spooksters/Library/DerivedDataCache/Compressed.ddp not found, will not use a pak cache.
[2016.11.15-22.49.44:428][  0]LogDerivedDataCache: Unable to find inner node CompressedPak for hierarchical cache Hierarchy.
[2016.11.15-22.49.44:448][  0]LogDerivedDataCache:Display: Pak cache opened for reading ../../../Engine/DerivedDataCache/Compressed.ddp.
[2016.11.15-22.49.44:460][  0]LogDerivedDataCache: Using Local data cache path C:/Users/u0927597/AppData/Local/UnrealEngine/Common/DerivedDataCache: Writable
[2016.11.15-22.49.44:629][  0]LogInit: Selected Device Profile: [Windows]
[2016.11.15-22.49.44:631][  0]LogContentStreaming: Texture pool size is 0.00 MB
[2016.11.15-22.49.44:715][  0]LogMeshUtilities: No automatic mesh reduction module available
[2016.11.15-22.49.44:715][  0]LogMeshUtilities: No automatic mesh merging module available
[2016.11.15-22.49.44:715][  0]LogMeshUtilities: No distributed automatic mesh merging module available
[2016.11.15-22.49.44:849][  0]LogMaterial: Uniform references updated for custom material expression Custom.
[2016.11.15-22.49.45:092][  0]LogNetVersion: GetLocalNetworkVersion: CL: 3106830, ProjectName: library, ProjectVersion: , EngineNetworkVersion: 1, GameNetworkVersion: 0, NetworkChecksum: 4069062509
[2016.11.15-22.49.45:127][  0]LogAssetRegistry: FAssetRegistry took 0.0217 seconds to start up
[2016.11.15-22.49.45:393][  0]LogPackageLocalizationCache: Processed 3 localized package path(s) for 2 prioritized culture(s) in 0.264019 seconds
[2016.11.15-22.49.45:398][  0]LogUObjectArray: 29778 objects as part of root set at end of initial load.
[2016.11.15-22.49.45:398][  0]LogUObjectAllocator: 6125448 out of 0 bytes used by permanent object pool.
[2016.11.15-22.49.45:398][  0]LogUObjectArray: CloseDisregardForGC: 0/0 objects in disregard for GC pool
[2016.11.15-22.49.45:405][  0]LogInit: WinSock: version 1.1 (2.2), MaxSocks=32767, MaxUdp=65467
[2016.11.15-22.49.45:601][  0]LogSlate: SlateFontCache - WITH_FREETYPE: 1, WITH_HARFBUZZ: 1
[2016.11.15-22.49.45:601][  0]LogSlate: SlateFontCache - WITH_FREETYPE: 1, WITH_HARFBUZZ: 1
[2016.11.15-22.49.46:155][  0]LogSubstanceCoreModule: Substance CPU Engine Loaded, Max Texture Size 2048
[2016.11.15-22.49.46:166][  0]LogTcpMessaging: Initializing TcpMessaging bridge
[2016.11.15-22.49.46:188][  0]LogUdpMessaging: Initializing bridge on interface 0.0.0.0:0 to multicast group 230.0.0.1:6666.
[2016.11.15-22.49.46:828][  0]SourceControl: Info Source control is disabled
[2016.11.15-22.49.46:860][  0]SourceControl: Info Source control is disabled
[2016.11.15-22.49.46:870][  0]SourceControl: Info Source control is disabled
[2016.11.15-22.49.46:880][  0]SourceControl: Info Source control is disabled
[2016.11.15-22.49.47:166][  0]LogEngine: Initializing Engine...
[2016.11.15-22.49.47:166][  0]LogHMD: Failed to initialize OpenVR with code 110
[2016.11.15-22.49.47:278][  0]LogAIModule: Creating AISystem for world Untitled
[2016.11.15-22.49.47:291][  0]LogInit: XAudio2 using 'DELL UZ2315H-4 (3- NVIDIA High Definition Audio)' : 2 channels at 48 kHz using 16 bits per sample (channel mask 0x3)
[2016.11.15-22.49.47:304][  0]LogInit: FAudioDevice initialized.
[2016.11.15-22.49.47:341][  0]LogDerivedDataCache: Saved boot cache 0.04s 76MB C:/Users/u0927597/AppData/Local/UnrealEngine/4.13/DerivedDataCache/Boot.ddc.
[2016.11.15-22.49.47:352][  0]LogInit: Texture streaming: Enabled
[2016.11.15-22.49.47:374][  0]LogInit: Transaction tracking system initialized
[2016.11.15-22.49.47:392][  0]BlueprintLog: New page: Editor Load
[2016.11.15-22.49.47:454][  0]LocalizationService: Info Localization service is disabled
[2016.11.15-22.49.47:712][  0]LogConsoleResponse:Display: 
[2016.11.15-22.49.47:821][  0]LogCook:Display: Max memory allowance for cook 16384mb min free memory 0mb
[2016.11.15-22.49.47:821][  0]LogCook:Display: Mobile HDR setting 1
[2016.11.15-22.49.47:961][  0]LogFileCache: Scanning file cache for directory 'E:/Machinima/Teaser/Repo/Spooksters/Library/Content/' took 0.04s
[2016.11.15-22.49.47:961][  0]SourceControl: Info Source control is disabled
[2016.11.15-22.49.47:961][  0]Cmd: MAP LOAD FILE="E:/Machinima/Teaser/Repo/Spooksters/Library/Content/StarterContent/Maps/Minimal_Default.umap" TEMPLATE=0 SHOWPROGRESS=1 FEATURELEVEL=3
[2016.11.15-22.49.48:023][  0]LightingResults: New page: Lighting Build
[2016.11.15-22.49.48:026][  0]MapCheck: New page: Map Check
[2016.11.15-22.49.48:026][  0]LightingResults: New page: Lighting Build
[2016.11.15-22.49.51:885][  0]LogTexture:Display: Building textures: Book_texture_RYOKAN (BGRA8)
[2016.11.15-22.49.51:975][  0]LogMaterial: Missing cached shader map for material Plane01Mat, compiling. 
[2016.11.15-22.49.52:110][  0]LogTexture:Display: Building textures: old-books-on-shelf-library-books-shelfs-942b6e43e402644c (BGRA8)
[2016.11.15-22.49.52:231][  0]LogMaterial: Missing cached shader map for material old-books-on-shelf-library-books-shelfs-942b6e43e402644c_Mat, compiling. 
[2016.11.15-22.49.52:430][  0]LogTexture:Display: Building textures: T_Wood_S (AutoDXT)
[2016.11.15-22.49.54:055][  0]LogTexture:Display: Building textures: T_Wood (DXT1)
[2016.11.15-22.49.55:977][  0]LogTexture:Display: Building textures: T_Shelving_N (BC5)
[2016.11.15-22.49.56:415][  0]LogTexture:Display: Building textures: T_Shelving_M (AutoDXT)
[2016.11.15-22.49.56:969][  0]LogMaterial: Missing cached shader map for material M_Shelving, compiling. 
[2016.11.15-22.49.57:148][  0]LogTexture:Display: Building textures: T_Railing_N (BC5)
[2016.11.15-22.49.57:664][  0]LogTexture:Display: Building textures: T_Railing_AOMASK (DXT1)
[2016.11.15-22.49.58:737][  0]LogTexture:Display: Building textures: T_Galvanized_N (BC5)
[2016.11.15-22.49.59:346][  0]LogTexture:Display: Building textures: T_Galvanized_M (DXT1)
[2016.11.15-22.50.00:764][  0]LogTexture:Display: Building textures: T_Galvanized_D (DXT1)
[2016.11.15-22.50.02:391][  0]LogMaterial: Missing cached shader map for material M_Railing_MAT, compiling. 
[2016.11.15-22.50.02:441][  0]LogTexture:Display: Building textures: T_DustParticles_M (DXT1)
[2016.11.15-22.50.02:528][  0]LogTexture:Display: Building textures: book_occlusion (DXT1)
[2016.11.15-22.50.03:229][  0]LogTexture:Display: Building textures: book_normals (BC5)
[2016.11.15-22.50.04:151][  0]LogTexture:Display: Building textures: xnormalbakeid1_occlusion (G8)
[2016.11.15-22.50.05:666][  0]LogTexture:Display: Building textures: T_Ice_Noise (AutoDXT)
[2016.11.15-22.50.06:509][  0]LogTexture:Display: Building textures: T_PillarCracks_N (BC5)
[2016.11.15-22.50.07:575][  0]LogTexture:Display: Building textures: xnormalbakeid1_normals (BC5)
[2016.11.15-22.50.09:318][  0]LogTexture:Display: Building textures: T_CastleRockTile_01_D (AutoDXT)
[2016.11.15-22.50.11:616][  0]LogTexture:Display: Building textures: T_IceVeins (AutoDXT)
[2016.11.15-22.50.13:201][  0]LogTexture:Display: Building textures: T_CubeMaps_City01_Envmap (AutoDXT)
[2016.11.15-22.50.14:829][  0]LogMaterial: Missing cached shader map for material M_IceGiant_Master, compiling. 
[2016.11.15-22.50.15:298][  0]LogTexture:Display: Building textures: T_IceTiling01_D (AutoDXT)
[2016.11.15-22.50.17:593][  0]LogMaterial: Missing cached shader map for material M_IceGiant_Master, compiling. 
[2016.11.15-22.50.18:211][  0]LogTexture:Display: Building textures: xnormalbake_id3_occlusion (AutoDXT)
[2016.11.15-22.50.21:012][  0]LogTexture:Display: Building textures: xnormalbake_id3_normals (BC5)
[2016.11.15-22.50.24:002][  0]LogTexture:Display: Building textures: iceman3_D (AutoDXT)
[2016.11.15-22.50.31:384][  0]LogStaticMesh: Building static mesh Book...
[2016.11.15-22.50.31:511][  0]LogStaticMesh: Built static mesh [0.13s] /Game/Library/Book.Book
[2016.11.15-22.50.31:516][  0]LogMaterial: Missing cached shader map for material blinn3, compiling. 
[2016.11.15-22.50.31:543][  0]LogMaterial: Missing cached shader map for material blinn2, compiling. 
[2016.11.15-22.50.31:576][  0]LogMaterial: Missing cached shader map for material M_Book_Mat, compiling. 
[2016.11.15-22.50.31:869][  0]LogTexture:Display: Building textures: wood_JFfantasyWoodPlanksNailedClean_2k_n (BC5)
[2016.11.15-22.50.32:499][  0]LogTexture:Display: Building textures: wood_JFfantasyWoodPlanksNailedClean_2k_h (AutoDXT)
[2016.11.15-22.50.33:756][  0]LogTexture:Display: Building textures: wood_JFfantasyWoodPlanksNailedClean_2k_alb (AutoDXT)
[2016.11.15-22.50.35:192][  0]LogTexture:Display: Building textures: wood_JFfantasyWoodPlanksNailedClean_2k_mask (AutoDXT)
[2016.11.15-22.50.35:839][  0]LogTexture:Display: Building textures: Concrete_Square_2k_h (AutoDXT)
[2016.11.15-22.50.36:748][  0]LogTexture:Display: Building textures: Concrete_Square_2k_ao (AutoDXT)
[2016.11.15-22.50.37:725][  0]LogTexture:Display: Building textures: HQ_Lightmap0_3 (AutoDXT)
[2016.11.15-22.50.38:154][  0]LogTexture:Display: Building textures: HQ_Lightmap0_6 (AutoDXT)
[2016.11.15-22.50.38:398][  0]LogTexture:Display: Building textures: HQ_Lightmap1_4 (AutoDXT)
[2016.11.15-22.50.38:826][  0]LogTexture:Display: Building textures: HQ_Lightmap1_5 (AutoDXT)
[2016.11.15-22.50.39:208][  0]LogTexture:Display: Building textures: LQ_Lightmap_0_3 (DXT1)
[2016.11.15-22.50.39:392][  0]LogTexture:Display: Building textures: LQ_Lightmap_0_6 (DXT1)
[2016.11.15-22.50.39:558][  0]LogTexture:Display: Building textures: LQ_Lightmap_1_4 (DXT1)
[2016.11.15-22.50.39:802][  0]LogTexture:Display: Building textures: LQ_Lightmap_1_5 (DXT1)
[2016.11.15-22.50.40:036][  0]LogTexture:Display: Building textures: SkyOcclusion0_3 (AutoDXT)
[2016.11.15-22.50.40:162][  0]LogTexture:Display: Building textures: SkyOcclusion0_6 (AutoDXT)
[2016.11.15-22.50.40:244][  0]LogTexture:Display: Building textures: SkyOcclusion1_4 (AutoDXT)
[2016.11.15-22.50.40:406][  0]LogTexture:Display: Building textures: SkyOcclusion1_5 (AutoDXT)
[2016.11.15-22.50.40:596][  0]LogTexture:Display: Building textures: ShadowMapTexture2D_2 (BGRA8)
[2016.11.15-22.50.40:699][  0]LogTexture:Display: Building textures: ShadowMapTexture2D_3 (BGRA8)
[2016.11.15-22.50.40:716][  0]LogTexture:Display: Building textures: ShadowMapTexture2D_4 (G8)
[2016.11.15-22.50.40:720][  0]LogStaticMesh: Building static mesh BookLP...
[2016.11.15-22.50.40:724][  0]LogStaticMesh: Built static mesh [0.01s] /Game/Library/Mesh/BookLP.BookLP
[2016.11.15-22.50.40:726][  0]LogStaticMesh: Building static mesh FireTorchFBX...
[2016.11.15-22.50.40:736][  0]LogStaticMesh: Built static mesh [0.01s] /Game/Library/FireTorchFBX.FireTorchFBX
[2016.11.15-22.50.40:737][  0]LogStaticMesh: Building static mesh Metal_Desk...
[2016.11.15-22.50.40:782][  0]LogStaticMesh: Built static mesh [0.05s] /Game/Library/Metal_Desk.Metal_Desk
[2016.11.15-22.50.40:782][  0]LogStaticMesh: Building static mesh Russian_book_1992...
[2016.11.15-22.50.40:787][  0]LogStaticMesh: Built static mesh [0.01s] /Game/Library/Russian_book_1992.Russian_book_1992
[2016.11.15-22.50.40:788][  0]LogStaticMesh: Building static mesh ScotsPineTall_01...
[2016.11.15-22.51.51:280][  0]LogStaticMesh: Built static mesh [70.49s] /Game/Library/KiteDemo/Environments/Trees/ScotsPineTall_01/ScotsPineTall_01.ScotsPineTall_01
[2016.11.15-22.51.51:286][  0]LogStaticMesh: Building static mesh SM_Railing...
[2016.11.15-22.51.51:289][  0]LogStaticMesh: Built static mesh [0.00s] /Game/Library/Mesh/SM_Railing.SM_Railing
[2016.11.15-22.51.51:784][  0]LogTexture:Display: Building textures: Metal_RustedSolid_2k_g (AutoDXT)
[2016.11.15-22.51.52:882][  0]LogTexture:Display: Building textures: Metal_RustedSolid_2k_s (AutoDXT)
[2016.11.15-22.51.55:054][  0]LogTexture:Display: Building textures: Metal_RustedSolid_2k_n (BC5)
[2016.11.15-22.51.55:808][  0]LogTexture:Display: Building textures: T_MacroVariation2 (AutoDXT)
[2016.11.15-22.51.57:772][  0]LogMaterial: Missing cached shader map for material Metal_RustedSolid, compiling. 
[2016.11.15-22.51.57:847][  0]LogTexture:Display: Building textures: Metal_CyberCube_2k_t (AutoDXT)
[2016.11.15-22.51.58:625][  0]LogTexture:Display: Building textures: Metal_CyberCube_2k_s (AutoDXT)
[2016.11.15-22.51.59:836][  0]LogTexture:Display: Building textures: 4ChannelGrunge (AutoDXT)
[2016.11.15-22.52.02:183][  0]LogTexture:Display: Building textures: Wood_GeofwoodenPlankClean_2k_n (BC5)
[2016.11.15-22.52.02:683][  0]LogTexture:Display: Building textures: Wood_GeofwoodenPlankClean_2k_ao (AutoDXT)
[2016.11.15-22.52.04:029][  0]LogTexture:Display: Building textures: Wood_GeofwoodenPlankClean_2k_d (AutoDXT)
[2016.11.15-22.52.05:659][  0]LogMaterial: Missing cached shader map for material Wood_GeofwoodenPlankClean, compiling. 
[2016.11.15-22.52.05:678][  0]LogTexture:Display: Building textures: 7-Free-Seamless-wood-patterns-For-3D-Mapping (BGRA8)
[2016.11.15-22.52.05:690][  0]LogMaterial: Missing cached shader map for material Plank_Dark, compiling. 
[2016.11.15-22.52.06:014][  0]LogTexture:Display: Building textures: Metal_CyberCube_2k_n (BC5)
[2016.11.15-22.52.06:715][  0]LogTexture:Display: Building textures: Metal_CyberCube_2k_g (AutoDXT)
[2016.11.15-22.52.08:009][  0]LogTexture:Display: Building textures: Metal_CyberCube_2k_ao (AutoDXT)
[2016.11.15-22.52.08:917][  0]LogMaterial: Missing cached shader map for material Metal_CyberCube, compiling. 
[2016.11.15-22.52.08:965][  0]LogMaterial: Missing cached shader map for material 7-Free-Seamless-wood-patterns-For-3D-Mapping_Mat, compiling. 
[2016.11.15-22.52.08:990][  0]LogMaterial: Missing cached shader map for material blinn1, compiling. 
[2016.11.15-22.52.09:576][  0]LogTexture:Display: Building textures: Concrete_FlatSurface_2k_n (BC5)
[2016.11.15-22.52.10:423][  0]LogTexture:Display: Building textures: Concrete_FlatSurface_2k_alb (AutoDXT)
[2016.11.15-22.52.12:796][  0]LogMaterial: Missing cached shader map for material MasterMaterial, compiling. 
[2016.11.15-22.52.12:825][  0]LogMaterial: Missing cached shader map for material MasterMaterial, compiling. 
[2016.11.15-22.52.12:906][  0]LogTexture:Display: Building textures: black_meta (AutoDXT)
[2016.11.15-22.52.13:020][  0]LogMaterial: Missing cached shader map for material black_meta_Mat, compiling. 
[2016.11.15-22.52.13:332][  0]LogTexture:Display: Building textures: Black_WOOD (AutoDXT)
[2016.11.15-22.52.16:166][  0]LogTexture:Display: Building textures: T_Wood_Walnut_N (BC5)
[2016.11.15-22.52.17:057][  0]LogTexture:Display: Building textures: T_MacroVariation (AutoDXT)
[2016.11.15-22.52.19:447][  0]LogMaterial: Missing cached shader map for material SHELVES, compiling. 
[2016.11.15-22.52.20:030][  0]LogTexture:Display: Building textures: T_macrocopy (AutoDXT)
[2016.11.15-22.52.22:505][  0]LogMaterial: Missing cached shader map for material shelf_metal, compiling. 
[2016.11.15-22.52.22:853][  0]LogTexture:Display: Building textures: T_Wood_Walnut_D (AutoDXT)
[2016.11.15-22.52.25:236][  0]LogTexture:Display: Building textures: T_Wood_Floor_Walnut_N (BC5)
[2016.11.15-22.52.25:754][  0]LogTexture:Display: Building textures: T_Wood_Floor_Walnut_M (AutoDXT)
[2016.11.15-22.52.27:807][  0]LogTexture:Display: Building textures: T_Wood_Floor_Walnut_D (AutoDXT)
[2016.11.15-22.52.29:950][  0]LogTexture:Display: Building textures: T_Perlin_Noise_M (AutoDXT)
[2016.11.15-22.52.32:069][  0]LogTexture:Display: Building textures: T_Brick_Clay_Old_N (BC5)
[2016.11.15-22.52.32:786][  0]LogTexture:Display: Building textures: T_Brick_Clay_Old_D (AutoDXT)
[2016.11.15-22.52.35:040][  0]LogTexture:Display: Building textures: LIB_Wall (AutoDXT)
[2016.11.15-22.52.37:022][  0]LogMaterial: Missing cached shader map for material LIB_WALL, compiling. 
[2016.11.15-22.52.37:378][  0]LogTexture:Display: Building textures: T_Rock_Marble_Polished_D (AutoDXT)
[2016.11.15-22.52.39:035][  0]LogTexture:Display: Building textures: T_Metal_Gold_N (BC5)
[2016.11.15-22.52.39:288][  0]LogMaterial: Missing cached shader map for material lib_Marble, compiling. 
[2016.11.15-22.52.39:512][  0]LogTexture:Display: Building textures: Metal_BrushedCopper_2k_n (BC5)
[2016.11.15-22.52.40:189][  0]LogTexture:Display: Building textures: Metal_BrushedCopper_2k_g (AutoDXT)
[2016.11.15-22.52.42:156][  0]LogTexture:Display: Building textures: custom_brushed (AutoDXT)
[2016.11.15-22.52.43:930][  0]LogMaterial: Missing cached shader map for material Custom_copper, compiling. 
[2016.11.15-22.52.44:064][  0]LogTexture:Display: Building textures: carpet_gray (AutoDXT)
[2016.11.15-22.52.44:993][  0]LogMaterial: Missing cached shader map for material carpet_gray_Mat, compiling. 
[2016.11.15-22.52.45:494][  0]LogTexture:Display: Building textures: xnormalbake_id4_occlusion (G8)
[2016.11.15-22.52.47:440][  0]LogTexture:Display: Building textures: xnormalbake_id4_normals (BC5)
[2016.11.15-22.52.50:020][  0]LogTexture:Display: Building textures: iceman4_D (AutoDXT)
[2016.11.15-22.52.58:724][  0]LogTexture:Display: Building textures: iceman1_D (AutoDXT)
[2016.11.15-22.53.06:155][  0]LogMaterial: Missing cached shader map for material M_IceGiant_Master, compiling. 
[2016.11.15-22.53.07:068][  0]LogTexture:Display: Building textures: xnormalbakeid2_normals (BC5)
[2016.11.15-22.53.09:232][  0]LogTexture:Display: Building textures: xbnormalbakeid2_occlusion (G8)
[2016.11.15-22.53.11:672][  0]LogTexture:Display: Building textures: iceman2_D (AutoDXT)
[2016.11.15-22.53.19:091][  0]LogMaterial: Missing cached shader map for material M_IceGiant_Master, compiling. 
[2016.11.15-22.53.19:250][  0]LogTexture:Display: Building textures: T_Frame_N (BC5)
[2016.11.15-22.53.19:728][  0]LogTexture:Display: Building textures: T_Frame_M (DXT1)
[2016.11.15-22.53.20:485][  0]LogMaterial: Missing cached shader map for material Chebalin92, compiling. 
[2016.11.15-22.53.20:742][  0]LogTexture:Display: Building textures: ScotsPineTall_01_Atlas_Billboards_Tex (AutoDXT)
[2016.11.15-22.53.22:248][  0]LogTexture:Display: Building textures: ScotsPineTall_01_Atlas_Billboards_Normal_Tex (BC5)
[2016.11.15-22.53.22:598][  0]LogMaterial: Missing cached shader map for material ScotsPineTall_01_Billboard_Mat, compiling. 
[2016.11.15-22.53.23:266][  0]LogTexture:Display: Building textures: ScotsPine_01_Atlas_Tex (AutoDXT)
[2016.11.15-22.53.28:277][  0]LogTexture:Display: Building textures: ScotsPine_01_Atlas_Specular_Tex (AutoDXT)
[2016.11.15-22.53.30:258][  0]LogTexture:Display: Building textures: ScotsPine_01_Atlas_Normal_Tex (BC5)
[2016.11.15-22.53.31:446][  0]LogMaterial: Missing cached shader map for material ScotsPine_01_Leaves_Mat, compiling. 
[2016.11.15-22.53.31:749][  0]LogTexture:Display: Building textures: T_ScotsPine_Bark_03_D_Tex (AutoDXT)
[2016.11.15-22.53.33:227][  0]LogTexture:Display: Building textures: T_ScotsPine_Bark_03_N (BC5)
[2016.11.15-22.53.33:448][  0]LogMaterial: Missing cached shader map for material ScotsPine_01_Fronds_Mat, compiling. 
[2016.11.15-22.53.34:486][  0]LogTexture:Display: Building textures: T_ScotsPine_Bark_01_Tex (AutoDXT)
[2016.11.15-22.53.40:221][  0]LogTexture:Display: Building textures: T_ScotsPine_Bark_01_N_Tex (BC5)
[2016.11.15-22.53.40:898][  0]LogMaterial: Missing cached shader map for material ScotsPine_01_Branches_Mat, compiling. 
[2016.11.15-22.53.40:932][  0]LogMaterial: Missing cached shader map for material ScotsPine_01_Branches_2_Mat, compiling. 
[2016.11.15-22.53.41:074][  0]LogTexture:Display: Building textures: BlackFoam (AutoDXT)
[2016.11.15-22.53.41:139][  0]LogMaterial: Missing cached shader map for material Material__58, compiling. 
[2016.11.15-22.53.41:275][  0]LogTexture:Display: Building textures: TreeBark (AutoDXT)
[2016.11.15-22.53.41:474][  0]LogMaterial: Missing cached shader map for material Material__46, compiling. 
[2016.11.15-22.53.41:525][  0]LogAIModule: Creating AISystem for world Minimal_Default
[2016.11.15-22.53.41:821][  0]LogEditorServer: Finished looking for orphan Actors (0.000 secs)
[2016.11.15-22.53.41:822][  0]Cmd: MAP CHECKDEP NOCLEARLOG
[2016.11.15-22.53.41:913][  0]MapCheck: Info Map check complete: 0 Error(s), 0 Warning(s), took 90.888ms to complete.
[2016.11.15-22.53.41:913][  0]LogFileHelpers: Loading map 'Minimal_Default' took 233.957
[2016.11.15-22.53.42:061][  0]LogCollectionManager: Loaded 0 collections in 0.003588 seconds
[2016.11.15-22.53.42:196][  0]LogFileCache: Scanning file cache for directory 'E:/Machinima/Teaser/Repo/Spooksters/Library/Saved/Collections/' took 0.01s
[2016.11.15-22.53.42:196][  0]LogFileCache: Scanning file cache for directory 'E:/Machinima/Teaser/Repo/Spooksters/Library/Content/Developers/u0927597/Collections/' took 0.01s
[2016.11.15-22.53.42:196][  0]LogFileCache: Scanning file cache for directory 'E:/Machinima/Teaser/Repo/Spooksters/Library/Content/Collections/' took 0.01s
[2016.11.15-22.53.42:196][  0]LogCollectionManager: Rebuilt the GUID cache for 0 collections in 0.000003 seconds
[2016.11.15-22.53.42:209][  0]LogContentBrowser: Native class hierarchy populated in 0.0129 seconds. Added 2156 classes and 421 folders.
[2016.11.15-22.53.42:214][  0]LogStats: UGameplayTagsManager::ConstructGameplayTagTree: Construct from data asset -  0.000 s
[2016.11.15-22.53.42:214][  0]LogStats: UGameplayTagsManager::ConstructGameplayTagTree: GameplayTagTreeChangedEvent.Broadcast -  0.000 s
[2016.11.15-22.53.42:215][  0]LogContentBrowser: Native class hierarchy updated for 'GameplayTags' in 0.0009 seconds. Added 12 classes and 0 folders.
[2016.11.15-22.53.42:222][  0]LogContentBrowser: Native class hierarchy updated for 'WidgetCarousel' in 0.0008 seconds. Added 0 classes and 0 folders.
[2016.11.15-22.53.42:564][  0]LogContentBrowser: Native class hierarchy updated for 'AddContentDialog' in 0.0008 seconds. Added 0 classes and 0 folders.
[2016.11.15-22.53.42:572][  0]LogContentBrowser: Native class hierarchy updated for 'SceneOutliner' in 0.0009 seconds. Added 1 classes and 2 folders.
[2016.11.15-22.53.42:661][  0]LogCrashTracker: Crashtracker disabled due to settings.
[2016.11.15-22.53.42:677][  0]LogWindowsTextInputMethodSystem:Display: IME system now deactivated.
[2016.11.15-22.53.42:682][  0]LogTexture:Display: Building textures: Blueprint_64x (BGRA8)
[2016.11.15-22.53.42:684][  0]LogTexture:Display: Building textures: icon_Editor_Preferences_General_40x (BGRA8)
[2016.11.15-22.53.42:687][  0]LogTexture:Display: Building textures: Paper2DSprite_TutorialIcon (BGRA8)
[2016.11.15-22.53.42:688][  0]LogTexture:Display: Building textures: icon_ShowSkeletalMeshes_40x (BGRA8)
[2016.11.15-22.53.42:690][  0]LogTexture:Display: Building textures: Landscape (BGRA8)
[2016.11.15-22.53.42:691][  0]LogTexture:Display: Building textures: Foliage (BGRA8)
[2016.11.15-22.53.42:725][  0]LogContentBrowser: Native class hierarchy updated for 'HierarchicalLODOutliner' in 0.0009 seconds. Added 1 classes and 2 folders.
[2016.11.15-22.53.42:725][  0]LogLoad: (Engine Initialization) Total time: 241.39 seconds
[2016.11.15-22.53.42:725][  0]LogLoad: (Engine Initialization) Total Blueprint compile time: 0.04 seconds
[2016.11.15-22.53.42:725][  0]LogExternalProfiler: Found external profiler: VSPerf
[2016.11.15-22.53.42:725][  0]LogExternalProfiler: Using external profiler: VSPerf
[2016.11.15-22.53.42:734][  0]LogOcInput: OculusInput pre-init called
[2016.11.15-22.53.42:755][  0]LogContentStreaming: Texture pool size now 1000 MB
[2016.11.15-22.53.42:775][  0]LogTexture:Display: Building textures: icon_tab_Levels_40x (BGRA8)
[2016.11.15-22.53.42:902][  0]LogTexture:Display: Building textures: LevelGrid1DStripes (BGRA8)
[2016.11.15-22.53.42:991][  0]LogRenderer: Reallocating scene render targets to support 1208x576 (Frame:2).
[2016.11.15-22.53.43:328][  2]LogAssetRegistry: Asset discovery search completed in 238.2283 seconds
[2016.11.15-22.53.43:328][  2]LogCollectionManager: Rebuilt the object cache for 0 collections in 0.000002 seconds (found 0 objects)
[2016.11.15-22.53.43:328][  2]LogCollectionManager: Fixed up redirectors for 0 collections in 0.000041 seconds (updated 0 objects)
[2016.11.15-22.54.17:197][862]LogEditorViewport: Clicking on Actor (LMB): SkeletalMeshActor (BatteryBoy)
[2016.11.15-22.54.22:091][400]Cmd: CAMERA ALIGN ACTIVEVIEWPORTONLY
[2016.11.15-22.54.34:632][890]Cmd: CAMERA ALIGN ACTIVEVIEWPORTONLY
[2016.11.15-22.54.37:131][178]LogEditorViewport: Clicking on Actor (LMB): SkeletalMeshActor (BatteryBoy)
[2016.11.15-22.56.30:504][598]Cmd: CAMERA ALIGN ACTIVEVIEWPORTONLY
[2016.11.15-22.58.00:359][677]LogFactory: FactoryCreateFile: StaticMesh with FbxFactory (0 0 E:/Machinima/Teaser/Repo/Spooksters/Animation stuff/Library/Animations/FallAndGetUp.fbx)
[2016.11.15-22.58.00:404][677]LogFbx: ItemName: GlobalSettings, ItemCount : 1
[2016.11.15-22.58.00:404][677]LogFbx: ItemName: Model, ItemCount : 102
[2016.11.15-22.58.00:404][677]LogFbx: ItemName: NodeAttribute, ItemCount : 102
[2016.11.15-22.58.00:405][677]LogFbx: ItemName: AnimationStack, ItemCount : 1
[2016.11.15-22.58.00:405][677]LogFbx: ItemName: AnimationLayer, ItemCount : 1
[2016.11.15-22.58.00:405][677]LogFbx: ItemName: AnimationCurveNode, ItemCount : 306
[2016.11.15-22.58.00:405][677]LogFbx: ItemName: AnimationCurve, ItemCount : 477
[2016.11.15-22.58.00:409][677]LogFbx: Loading FBX Scene from E:/Machinima/Teaser/Repo/Spooksters/Animation stuff/Library/Animations/FallAndGetUp.fbx
[2016.11.15-22.58.00:448][677]LogFbx: FBX Scene Loaded Succesfully
[2016.11.15-22.58.10:050][677]LogFbx: Loading FBX Scene from E:/Machinima/Teaser/Repo/Spooksters/Animation stuff/Library/Animations/FallAndGetUp.fbx
[2016.11.15-22.58.10:091][677]LogFbx: FBX Scene Loaded Succesfully
[2016.11.15-22.58.10:096][677]LogFbx: SortedLinks :(0) Hips
[2016.11.15-22.58.10:096][677]LogFbx: SortedLinks :(1) LeftUpLeg
[2016.11.15-22.58.10:096][677]LogFbx: SortedLinks :(2) LeftLeg
[2016.11.15-22.58.10:096][677]LogFbx: SortedLinks :(3) LeftFoot
[2016.11.15-22.58.10:096][677]LogFbx: SortedLinks :(4) LeftToeBase
[2016.11.15-22.58.10:096][677]LogFbx: SortedLinks :(5) RightUpLeg
[2016.11.15-22.58.10:096][677]LogFbx: SortedLinks :(6) RightLeg
[2016.11.15-22.58.10:096][677]LogFbx: SortedLinks :(7) RightFoot
[2016.11.15-22.58.10:096][677]LogFbx: SortedLinks :(8) RightToeBase
[2016.11.15-22.58.10:096][677]LogFbx: SortedLinks :(9) Spine
[2016.11.15-22.58.10:096][677]LogFbx: SortedLinks :(10) Spine1
[2016.11.15-22.58.10:096][677]LogFbx: SortedLinks :(11) Spine2
[2016.11.15-22.58.10:096][677]LogFbx: SortedLinks :(12) Neck
[2016.11.15-22.58.10:096][677]LogFbx: SortedLinks :(13) Head
[2016.11.15-22.58.10:096][677]LogFbx: SortedLinks :(14) Left_Eye_Joint
[2016.11.15-22.58.10:096][677]LogFbx: SortedLinks :(15) Right_Eye_Joint
[2016.11.15-22.58.10:096][677]LogFbx: SortedLinks :(16) Head_TopEnd
[2016.11.15-22.58.10:096][677]LogFbx: SortedLinks :(17) LeftShoulder
[2016.11.15-22.58.10:096][677]LogFbx: SortedLinks :(18) LeftArm
[2016.11.15-22.58.10:096][677]LogFbx: SortedLinks :(19) LeftForeArm
[2016.11.15-22.58.10:096][677]LogFbx: SortedLinks :(20) LeftHand
[2016.11.15-22.58.10:096][677]LogFbx: SortedLinks :(21) LeftHandRing1
[2016.11.15-22.58.10:096][677]LogFbx: SortedLinks :(22) LeftHandRing2
[2016.11.15-22.58.10:096][677]LogFbx: SortedLinks :(23) LeftHandRing3
[2016.11.15-22.58.10:096][677]LogFbx: SortedLinks :(24) LeftHandPinky1
[2016.11.15-22.58.10:096][677]LogFbx: SortedLinks :(25) LeftHandPinky2
[2016.11.15-22.58.10:096][677]LogFbx: SortedLinks :(26) LeftHandPinky3
[2016.11.15-22.58.10:096][677]LogFbx: SortedLinks :(27) LeftHandMiddle1
[2016.11.15-22.58.10:096][677]LogFbx: SortedLinks :(28) LeftHandMiddle2
[2016.11.15-22.58.10:096][677]LogFbx: SortedLinks :(29) LeftHandMiddle3
[2016.11.15-22.58.10:096][677]LogFbx: SortedLinks :(30) LeftHandIndex1
[2016.11.15-22.58.10:096][677]LogFbx: SortedLinks :(31) LeftHandIndex2
[2016.11.15-22.58.10:096][677]LogFbx: SortedLinks :(32) LeftHandIndex3
[2016.11.15-22.58.10:096][677]LogFbx: SortedLinks :(33) LeftHandThumb1
[2016.11.15-22.58.10:096][677]LogFbx: SortedLinks :(34) LeftHandThumb2
[2016.11.15-22.58.10:096][677]LogFbx: SortedLinks :(35) LeftHandThumb3
[2016.11.15-22.58.10:096][677]LogFbx: SortedLinks :(36) RightShoulder
[2016.11.15-22.58.10:096][677]LogFbx: SortedLinks :(37) RightArm
[2016.11.15-22.58.10:096][677]LogFbx: SortedLinks :(38) RightForeArm
[2016.11.15-22.58.10:096][677]LogFbx: SortedLinks :(39) RightHand
[2016.11.15-22.58.10:096][677]LogFbx: SortedLinks :(40) RightHandThumb1
[2016.11.15-22.58.10:096][677]LogFbx: SortedLinks :(41) RightHandThumb2
[2016.11.15-22.58.10:096][677]LogFbx: SortedLinks :(42) RightHandThumb3
[2016.11.15-22.58.10:096][677]LogFbx: SortedLinks :(43) RightHandIndex1
[2016.11.15-22.58.10:096][677]LogFbx: SortedLinks :(44) RightHandIndex2
[2016.11.15-22.58.10:096][677]LogFbx: SortedLinks :(45) RightHandIndex3
[2016.11.15-22.58.10:096][677]LogFbx: SortedLinks :(46) RightHandMiddle1
[2016.11.15-22.58.10:096][677]LogFbx: SortedLinks :(47) RightHandMiddle2
[2016.11.15-22.58.10:096][677]LogFbx: SortedLinks :(48) RightHandMiddle3
[2016.11.15-22.58.10:096][677]LogFbx: SortedLinks :(49) RightHandRing1
[2016.11.15-22.58.10:096][677]LogFbx: SortedLinks :(50) RightHandRing2
[2016.11.15-22.58.10:096][677]LogFbx: SortedLinks :(51) RightHandRing3
[2016.11.15-22.58.10:096][677]LogFbx: SortedLinks :(52) RightHandPinky1
[2016.11.15-22.58.10:096][677]LogFbx: SortedLinks :(53) RightHandPinky2
[2016.11.15-22.58.10:096][677]LogFbx: SortedLinks :(54) RightHandPinky3
[2016.11.15-22.58.10:096][677]LogFbx: Parsing AnimStack FallAndGetUp
[2016.11.15-22.58.10:118][677]LogLinker:Warning: Can't find file '/Game/Animations/FallAndGetUp'
[2016.11.15-22.58.10:118][677]LogLinker:Warning: Can't find file '/Game/Animations/FallAndGetUp'
[2016.11.15-22.58.10:118][677]LogUObjectGlobals:Warning: Failed to find object 'Object /Game/Animations/FallAndGetUp.FallAndGetUp'
[2016.11.15-22.58.12:395][677]LogAnimationCompression: Building Anim DDC data for AnimSequence /Game/Animations/FallAndGetUp.FallAndGetUp
[2016.11.15-23.03.52:292][835]LogSavePackage: Save=7687.39ms
[2016.11.15-23.03.52:292][835]LogSavePackage: Moving 'E:/Machinima/Teaser/Repo/Spooksters/Library/Saved/Minimal_Default_Auto180113E884A0F9CFD0F0EE1B3BA5BB7C9.tmp' to 'E:/Machinima/Teaser/Repo/Spooksters/Library/Saved/Autosaves/Game/StarterContent/Maps/Minimal_Default_Auto1.umap'
[2016.11.15-23.03.52:294][835]LogSavePackage:Display: Finished SavePackage E:/Machinima/Teaser/Repo/Spooksters/Library/Saved/Autosaves/Game/StarterContent/Maps/Minimal_Default_Auto1.umap
[2016.11.15-23.03.52:298][835]LogFileHelpers: Editor autosave (incl. sublevels) for '/Game/StarterContent/Maps/Minimal_Default' took 8.570
[2016.11.15-23.03.52:298][835]LogFileHelpers: Editor autosave (incl. sublevels) for all levels took 8.570
[2016.11.15-23.03.52:348][835]OBJ SavePackage: Generating thumbnails for [1] asset(s) in package [/Game/Animations/FallAndGetUp] ([1] browsable assets)...
[2016.11.15-23.03.52:376][835]OBJ SavePackage:     Rendered thumbnail for [AnimSequence /Game/Animations/FallAndGetUp.FallAndGetUp]
[2016.11.15-23.03.52:376][835]OBJ SavePackage: Finished generating thumbnails for package [/Game/Animations/FallAndGetUp]
[2016.11.15-23.03.52:376][835]Cmd: OBJ SAVEPACKAGE PACKAGE="/Game/Animations/FallAndGetUp" FILE="E:/Machinima/Teaser/Repo/Spooksters/Library/Saved/Autosaves/Game/Animations/FallAndGetUp_Auto1.uasset" SILENT=false AUTOSAVING=true
[2016.11.15-23.03.52:421][835]LogSavePackage: Save=41.33ms
[2016.11.15-23.03.52:421][835]LogSavePackage: Moving 'E:/Machinima/Teaser/Repo/Spooksters/Library/Saved/FallAndGetUp_Auto1A87208D74412B3F5A4B23BA585414E0F.tmp' to 'E:/Machinima/Teaser/Repo/Spooksters/Library/Saved/Autosaves/Game/Animations/FallAndGetUp_Auto1.uasset'
[2016.11.15-23.03.52:422][835]LogSavePackage:Display: Finished SavePackage E:/Machinima/Teaser/Repo/Spooksters/Library/Saved/Autosaves/Game/Animations/FallAndGetUp_Auto1.uasset
[2016.11.15-23.03.52:422][835]LogFileHelpers: Auto-saving content packages took 0.122
[2016.11.15-23.06.23:450][ 75]Cmd: TRANSACTION UNDO
[2016.11.15-23.06.23:450][ 75]LogEditorTransaction: Undo Add keys at current time
[2016.11.15-23.06.31:424][971]Cmd: CAMERA ALIGN ACTIVEVIEWPORTONLY
[2016.11.15-23.06.37:497][659]Cmd: CAMERA ALIGN ACTIVEVIEWPORTONLY
[2016.11.15-23.06.45:908][601]Cmd: TRANSACTION UNDO
[2016.11.15-23.06.45:908][601]LogEditorTransaction: Undo Move Actors
[2016.11.15-23.06.47:200][737]Cmd: CAMERA ALIGN ACTIVEVIEWPORTONLY
[2016.11.15-23.07.03:109][565]Cmd: TRANSACTION UNDO
[2016.11.15-23.07.03:109][565]LogEditorTransaction: Undo Select Actors
[2016.11.15-23.07.04:737][741]Cmd: TRANSACTION UNDO
[2016.11.15-23.07.04:737][741]LogEditorTransaction: Undo Create Key
[2016.11.15-23.08.03:140][729]Cmd: TRANSACTION UNDO
[2016.11.15-23.08.03:140][729]LogEditorTransaction: Undo Set Float Key Value
[2016.11.15-23.08.20:659][822]LogEditorViewport: Clicking on Actor (LMB): SkeletalMeshActor (BatteryBoy)
[2016.11.15-23.08.21:011][859]Cmd: CAMERA ALIGN ACTIVEVIEWPORTONLY
[2016.11.15-23.09.44:400][399]Cmd: TRANSACTION UNDO
[2016.11.15-23.09.44:400][399]LogEditorTransaction: Undo Move Keys
[2016.11.15-23.10.24:124][937]Cmd: TRANSACTION UNDO
[2016.11.15-23.10.24:124][937]LogEditorTransaction: Undo Rotate Actors
[2016.11.15-23.10.29:881][569]Cmd: CAMERA ALIGN ACTIVEVIEWPORTONLY
[2016.11.15-23.10.53:637][279]Cmd: CAMERA ALIGN ACTIVEVIEWPORTONLY
[2016.11.15-23.10.55:039][435]Cmd: CAMERA ALIGN ACTIVEVIEWPORTONLY
[2016.11.15-23.12.00:772][895]Cmd: CAMERA ALIGN ACTIVEVIEWPORTONLY
[2016.11.15-23.13.16:322][295]Cmd: CAMERA ALIGN ACTIVEVIEWPORTONLY
[2016.11.15-23.13.35:330][284]Cmd: TRANSACTION UNDO
[2016.11.15-23.13.35:330][284]LogEditorTransaction: Undo Rotate Actors
[2016.11.15-23.13.35:363][284]LogActorComponent: ~FComponentReregisterContext: (/Game/StarterContent/Maps/Minimal_Default.Minimal_Default:PersistentLevel.BoxBrush15.BrushComponent0) Component already registered.
[2016.11.15-23.13.35:381][284]LogActorComponent: ~FComponentReregisterContext: (/Game/StarterContent/Maps/Minimal_Default.Minimal_Default:PersistentLevel.BoxBrush50.BrushComponent0) Component already registered.
[2016.11.15-23.13.38:492][595]LogEditorViewport: Clicking on Actor (LMB): SkeletalMeshActor (BatteryBoy)
[2016.11.15-23.13.39:518][702]Cmd: CAMERA ALIGN ACTIVEVIEWPORTONLY
[2016.11.15-23.14.45:611][ 32]LogSavePackage: Save=7663.85ms
[2016.11.15-23.14.45:611][ 32]LogSavePackage: Moving 'E:/Machinima/Teaser/Repo/Spooksters/Library/Saved/Minimal_Default_Auto20E510D1044ACD219BCAF2586518633BD.tmp' to 'E:/Machinima/Teaser/Repo/Spooksters/Library/Saved/Autosaves/Game/StarterContent/Maps/Minimal_Default_Auto2.umap'
[2016.11.15-23.14.45:614][ 32]LogSavePackage:Display: Finished SavePackage E:/Machinima/Teaser/Repo/Spooksters/Library/Saved/Autosaves/Game/StarterContent/Maps/Minimal_Default_Auto2.umap
[2016.11.15-23.14.45:617][ 32]LogFileHelpers: Editor autosave (incl. sublevels) for '/Game/StarterContent/Maps/Minimal_Default' took 8.518
[2016.11.15-23.14.45:617][ 32]LogFileHelpers: Editor autosave (incl. sublevels) for all levels took 8.518
[2016.11.15-23.14.45:661][ 32]OBJ SavePackage: Generating thumbnails for [0] asset(s) in package [/Game/Sequences/FallAndGetUp] ([1] browsable assets)...
[2016.11.15-23.14.45:661][ 32]OBJ SavePackage: Finished generating thumbnails for package [/Game/Sequences/FallAndGetUp]
[2016.11.15-23.14.45:661][ 32]Cmd: OBJ SAVEPACKAGE PACKAGE="/Game/Sequences/FallAndGetUp" FILE="E:/Machinima/Teaser/Repo/Spooksters/Library/Saved/Autosaves/Game/Sequences/FallAndGetUp_Auto2.uasset" SILENT=false AUTOSAVING=true
[2016.11.15-23.14.45:696][ 32]LogSavePackage: Save=31.46ms
[2016.11.15-23.14.45:696][ 32]LogSavePackage: Moving 'E:/Machinima/Teaser/Repo/Spooksters/Library/Saved/FallAndGetUp_Auto2D4454033410944B69CF5EE81C671C58B.tmp' to 'E:/Machinima/Teaser/Repo/Spooksters/Library/Saved/Autosaves/Game/Sequences/FallAndGetUp_Auto2.uasset'
[2016.11.15-23.14.45:697][ 32]LogSavePackage:Display: Finished SavePackage E:/Machinima/Teaser/Repo/Spooksters/Library/Saved/Autosaves/Game/Sequences/FallAndGetUp_Auto2.uasset
[2016.11.15-23.14.45:697][ 32]LogFileHelpers: Auto-saving content packages took 0.079
[2016.11.15-23.15.05:372][172]Cmd: TRANSACTION UNDO
[2016.11.15-23.15.05:372][172]LogEditorTransaction: Undo Mouse Drag
[2016.11.15-23.16.15:498][893]LogEditorTransaction: Undo Mouse Drag
[2016.11.15-23.21.21:165][298]Cmd: TRANSACTION UNDO
[2016.11.15-23.21.21:165][298]LogEditorTransaction: Undo Move Actors
[2016.11.15-23.24.55:538][596]LogSavePackage: Save=7850.43ms
[2016.11.15-23.24.55:538][596]LogSavePackage: Moving 'E:/Machinima/Teaser/Repo/Spooksters/Library/Saved/Minimal_Default_Auto31D7B4EEF4DC1D71C5F3A5D85F9138846.tmp' to 'E:/Machinima/Teaser/Repo/Spooksters/Library/Saved/Autosaves/Game/StarterContent/Maps/Minimal_Default_Auto3.umap'
[2016.11.15-23.24.55:540][596]LogSavePackage:Display: Finished SavePackage E:/Machinima/Teaser/Repo/Spooksters/Library/Saved/Autosaves/Game/StarterContent/Maps/Minimal_Default_Auto3.umap
[2016.11.15-23.24.55:543][596]LogFileHelpers: Editor autosave (incl. sublevels) for '/Game/StarterContent/Maps/Minimal_Default' took 8.642
[2016.11.15-23.24.55:543][596]LogFileHelpers: Editor autosave (incl. sublevels) for all levels took 8.642
[2016.11.15-23.24.55:544][596]OBJ SavePackage: Generating thumbnails for [0] asset(s) in package [/Game/Sequences/FallAndGetUp] ([1] browsable assets)...
[2016.11.15-23.24.55:544][596]OBJ SavePackage: Finished generating thumbnails for package [/Game/Sequences/FallAndGetUp]
[2016.11.15-23.24.55:544][596]Cmd: OBJ SAVEPACKAGE PACKAGE="/Game/Sequences/FallAndGetUp" FILE="E:/Machinima/Teaser/Repo/Spooksters/Library/Saved/Autosaves/Game/Sequences/FallAndGetUp_Auto3.uasset" SILENT=false AUTOSAVING=true
[2016.11.15-23.24.55:554][596]LogSavePackage: Save=5.73ms
[2016.11.15-23.24.55:554][596]LogSavePackage: Moving 'E:/Machinima/Teaser/Repo/Spooksters/Library/Saved/FallAndGetUp_Auto3DE16A96A4D07ACB1EAF9B8BA44CBB6E9.tmp' to 'E:/Machinima/Teaser/Repo/Spooksters/Library/Saved/Autosaves/Game/Sequences/FallAndGetUp_Auto3.uasset'
[2016.11.15-23.24.55:555][596]LogSavePackage:Display: Finished SavePackage E:/Machinima/Teaser/Repo/Spooksters/Library/Saved/Autosaves/Game/Sequences/FallAndGetUp_Auto3.uasset
[2016.11.15-23.24.55:555][596]LogFileHelpers: Auto-saving content packages took 0.012
[2016.11.15-23.36.22:111][ 80]LogEditorViewport: Clicking on Actor (LMB): SkeletalMeshActor (BatteryBoy)
[2016.11.15-23.36.36:094][712]Cmd: CAMERA ALIGN ACTIVEVIEWPORTONLY
[2016.11.15-23.36.41:088][301]Cmd: TRANSACTION UNDO
[2016.11.15-23.36.41:088][301]LogEditorTransaction: Undo Create Actors
[2016.11.15-23.36.46:759][924]Cmd: CAMERA ALIGN ACTIVEVIEWPORTONLY
[2016.11.15-23.37.52:836][684]LogSavePackage: Save=7706.98ms
[2016.11.15-23.37.52:836][684]LogSavePackage: Moving 'E:/Machinima/Teaser/Repo/Spooksters/Library/Saved/Minimal_Default_Auto4A42A77C942286A8727DF65BD89F16E2D.tmp' to 'E:/Machinima/Teaser/Repo/Spooksters/Library/Saved/Autosaves/Game/StarterContent/Maps/Minimal_Default_Auto4.umap'
[2016.11.15-23.37.52:838][684]LogSavePackage:Display: Finished SavePackage E:/Machinima/Teaser/Repo/Spooksters/Library/Saved/Autosaves/Game/StarterContent/Maps/Minimal_Default_Auto4.umap
[2016.11.15-23.37.52:842][684]LogFileHelpers: Editor autosave (incl. sublevels) for '/Game/StarterContent/Maps/Minimal_Default' took 8.539
[2016.11.15-23.37.52:842][684]LogFileHelpers: Editor autosave (incl. sublevels) for all levels took 8.539
[2016.11.15-23.38.26:782][719]LogTexture:Display: Building textures: SunsetAmbientCubemap (RGBA16F)
[2016.11.15-23.38.34:396][719]LogSkeletalMesh: InitArticulated: Bodies already created (/Engine/Transient.DebugSkelMeshComponent_0) - call TermArticulated first.
[2016.11.15-23.38.49:584][ 95]LogEditorTransaction: Undo Rotate Bone
[2016.11.15-23.39.03:706][340]LogEditorTransaction: Undo Rotate Bone
[2016.11.15-23.39.07:809][644]LogContentBrowser:Verbose: The majority of assets in the view are of type: AnimSequence
[2016.11.15-23.39.33:055][917]LogLinker:Warning: Can't find file '/Game/Animations/PoseTest'
[2016.11.15-23.39.33:055][917]LogLinker:Warning: Can't find file '/Game/Animations/PoseTest'
[2016.11.15-23.39.33:055][917]LogUObjectGlobals:Warning: Failed to find object 'Object /Game/Animations/PoseTest.PoseTest'
[2016.11.15-23.39.41:370][629]LogAnimationCompression: Building Anim DDC data for AnimSequence /Game/Animations/PoseTest.PoseTest
[2016.11.15-23.40.50:800][ 93]LogContentBrowser:Verbose: The majority of assets in the view are of type: AnimSequence
[2016.11.15-23.41.07:238][456]LogEditorViewport: Clicking 